# JRE version: 7.0_25-b17
# Java VM: Java HotSpot(TM) 64-Bit Server VM (23.25-b01 mixed mode windows-amd64 compressed oops)
Heap
 PSYoungGen      total 146048K, used 203K [0x00000007accb0000, 0x00000007b7ce0000, 0x0000000800000000)
  eden space 111936K, 0% used [0x00000007accb0000,0x00000007acce2ee0,0x00000007b3a00000)
  from space 34112K, 0% used [0x00000007b5b90000,0x00000007b5b90000,0x00000007b7ce0000)
  to   space 34240K, 0% used [0x00000007b3a00000,0x00000007b3a00000,0x00000007b5b70000)
 ParOldGen       total 193984K, used 94688K [0x0000000706600000, 0x0000000712370000, 0x00000007accb0000)
  object space 193984K, 48% used [0x0000000706600000,0x000000070c278098,0x0000000712370000)
 PSPermGen       total 66304K, used 47824K [0x0000000701400000, 0x00000007054c0000, 0x0000000706600000)
  object space 66304K, 72% used [0x0000000701400000,0x00000007042b4218,0x00000007054c0000)
GC Heap History (10 events):
Event: 705.968 GC heap before
{Heap before GC invocations=80 (full 10):
 PSYoungGen      total 144064K, used 588K [0x00000007accb0000, 0x00000007b7c40000, 0x0000000800000000)
  eden space 111040K, 0% used [0x00000007accb0000,0x00000007accb0000,0x00000007b3920000)
  from space 33024K, 1% used [0x00000007b5a40000,0x00000007b5ad3100,0x00000007b7a80000)
  to   space 33920K, 0% used [0x00000007b3920000,0x00000007b3920000,0x00000007b5a40000)
 ParOldGen       total 193984K, used 94527K [0x0000000706600000, 0x0000000712370000, 0x00000007accb0000)
  object space 193984K, 48% used [0x0000000706600000,0x000000070c24fff0,0x0000000712370000)
 PSPermGen       total 76224K, used 47592K [0x0000000701400000, 0x0000000705e70000, 0x0000000706600000)
  object space 76224K, 62% used [0x0000000701400000,0x000000070427a0f0,0x0000000705e70000)
Event: 706.149 GC heap after
Heap after GC invocations=80 (full 10):
 PSYoungGen      total 144064K, used 0K [0x00000007accb0000, 0x00000007b7c40000, 0x0000000800000000)
  eden space 111040K, 0% used [0x00000007accb0000,0x00000007accb0000,0x00000007b3920000)
  from space 33024K, 0% used [0x00000007b5a40000,0x00000007b5a40000,0x00000007b7a80000)
  to   space 33920K, 0% used [0x00000007b3920000,0x00000007b3920000,0x00000007b5a40000)
 ParOldGen       total 193984K, used 94609K [0x0000000706600000, 0x0000000712370000, 0x00000007accb0000)
  object space 193984K, 48% used [0x0000000706600000,0x000000070c2646a0,0x0000000712370000)
 PSPermGen       total 72512K, used 47592K [0x0000000701400000, 0x0000000705ad0000, 0x0000000706600000)
  object space 72512K, 65% used [0x0000000701400000,0x000000070427a090,0x0000000705ad0000)
}
Event: 765.965 GC heap before
{Heap before GC invocations=81 (full 10):
 PSYoungGen      total 144064K, used 1770K [0x00000007accb0000, 0x00000007b7c40000, 0x0000000800000000)
  eden space 111040K, 1% used [0x00000007accb0000,0x00000007ace6a908,0x00000007b3920000)
  from space 33024K, 0% used [0x00000007b5a40000,0x00000007b5a40000,0x00000007b7a80000)
  to   space 33920K, 0% used [0x00000007b3920000,0x00000007b3920000,0x00000007b5a40000)
 ParOldGen       total 193984K, used 94609K [0x0000000706600000, 0x0000000712370000, 0x00000007accb0000)
  object space 193984K, 48% used [0x0000000706600000,0x000000070c2646a0,0x0000000712370000)
 PSPermGen       total 72512K, used 47592K [0x0000000701400000, 0x0000000705ad0000, 0x0000000706600000)
  object space 72512K, 65% used [0x0000000701400000,0x000000070427a090,0x0000000705ad0000)
Event: 765.968 GC heap after
Heap after GC invocations=81 (full 10):
 PSYoungGen      total 144960K, used 160K [0x00000007accb0000, 0x00000007b7d20000, 0x0000000800000000)
  eden space 111040K, 0% used [0x00000007accb0000,0x00000007accb0000,0x00000007b3920000)
  from space 33920K, 0% used [0x00000007b3920000,0x00000007b3948000,0x00000007b5a40000)
  to   space 34368K, 0% used [0x00000007b5b90000,0x00000007b5b90000,0x00000007b7d20000)
 ParOldGen       total 193984K, used 94609K [0x0000000706600000, 0x0000000712370000, 0x00000007accb0000)
  object space 193984K, 48% used [0x0000000706600000,0x000000070c2646a0,0x0000000712370000)
 PSPermGen       total 72512K, used 47592K [0x0000000701400000, 0x0000000705ad0000, 0x0000000706600000)
  object space 72512K, 65% used [0x0000000701400000,0x000000070427a090,0x0000000705ad0000)
}
Event: 765.968 GC heap before
{Heap before GC invocations=82 (full 11):
 PSYoungGen      total 144960K, used 160K [0x00000007accb0000, 0x00000007b7d20000, 0x0000000800000000)
  eden space 111040K, 0% used [0x00000007accb0000,0x00000007accb0000,0x00000007b3920000)
  from space 33920K, 0% used [0x00000007b3920000,0x00000007b3948000,0x00000007b5a40000)
  to   space 34368K, 0% used [0x00000007b5b90000,0x00000007b5b90000,0x00000007b7d20000)
 ParOldGen       total 193984K, used 94609K [0x0000000706600000, 0x0000000712370000, 0x00000007accb0000)
  object space 193984K, 48% used [0x0000000706600000,0x000000070c2646a0,0x0000000712370000)
 PSPermGen       total 72512K, used 47592K [0x0000000701400000, 0x0000000705ad0000, 0x0000000706600000)
  object space 72512K, 65% used [0x0000000701400000,0x000000070427a090,0x0000000705ad0000)
Event: 766.130 GC heap after
Heap after GC invocations=82 (full 11):
 PSYoungGen      total 144960K, used 0K [0x00000007accb0000, 0x00000007b7d20000, 0x0000000800000000)
  eden space 111040K, 0% used [0x00000007accb0000,0x00000007accb0000,0x00000007b3920000)
  from space 33920K, 0% used [0x00000007b3920000,0x00000007b3920000,0x00000007b5a40000)
  to   space 34368K, 0% used [0x00000007b5b90000,0x00000007b5b90000,0x00000007b7d20000)
 ParOldGen       total 193984K, used 94606K [0x0000000706600000, 0x0000000712370000, 0x00000007accb0000)
  object space 193984K, 48% used [0x0000000706600000,0x000000070c263b70,0x0000000712370000)
 PSPermGen       total 68864K, used 47592K [0x0000000701400000, 0x0000000705740000, 0x0000000706600000)
  object space 68864K, 69% used [0x0000000701400000,0x000000070427a090,0x0000000705740000)
}
Event: 854.425 GC heap before
{Heap before GC invocations=83 (full 11):
 PSYoungGen      total 144960K, used 25341K [0x00000007accb0000, 0x00000007b7d20000, 0x0000000800000000)
  eden space 111040K, 22% used [0x00000007accb0000,0x00000007ae56f498,0x00000007b3920000)
  from space 33920K, 0% used [0x00000007b3920000,0x00000007b3920000,0x00000007b5a40000)
  to   space 34368K, 0% used [0x00000007b5b90000,0x00000007b5b90000,0x00000007b7d20000)
 ParOldGen       total 193984K, used 94606K [0x0000000706600000, 0x0000000712370000, 0x00000007accb0000)
  object space 193984K, 48% used [0x0000000706600000,0x000000070c263b70,0x0000000712370000)
 PSPermGen       total 68864K, used 47825K [0x0000000701400000, 0x0000000705740000, 0x0000000706600000)
  object space 68864K, 69% used [0x0000000701400000,0x00000007042b4438,0x0000000705740000)
Event: 854.428 GC heap after
Heap after GC invocations=83 (full 11):
 PSYoungGen      total 146048K, used 667K [0x00000007accb0000, 0x00000007b7ce0000, 0x0000000800000000)
  eden space 111936K, 0% used [0x00000007accb0000,0x00000007accb0000,0x00000007b3a00000)
  from space 34112K, 1% used [0x00000007b5b90000,0x00000007b5c36d00,0x00000007b7ce0000)
  to   space 34240K, 0% used [0x00000007b3a00000,0x00000007b3a00000,0x00000007b5b70000)
 ParOldGen       total 193984K, used 94606K [0x0000000706600000, 0x0000000712370000, 0x00000007accb0000)
  object space 193984K, 48% used [0x0000000706600000,0x000000070c263b70,0x0000000712370000)
 PSPermGen       total 68864K, used 47825K [0x0000000701400000, 0x0000000705740000, 0x0000000706600000)
  object space 68864K, 69% used [0x0000000701400000,0x00000007042b4438,0x0000000705740000)
}
Event: 854.428 GC heap before
{Heap before GC invocations=84 (full 12):
 PSYoungGen      total 146048K, used 667K [0x00000007accb0000, 0x00000007b7ce0000, 0x0000000800000000)
  eden space 111936K, 0% used [0x00000007accb0000,0x00000007accb0000,0x00000007b3a00000)
  from space 34112K, 1% used [0x00000007b5b90000,0x00000007b5c36d00,0x00000007b7ce0000)
  to   space 34240K, 0% used [0x00000007b3a00000,0x00000007b3a00000,0x00000007b5b70000)
 ParOldGen       total 193984K, used 94606K [0x0000000706600000, 0x0000000712370000, 0x00000007accb0000)
  object space 193984K, 48% used [0x0000000706600000,0x000000070c263b70,0x0000000712370000)
 PSPermGen       total 68864K, used 47825K [0x0000000701400000, 0x0000000705740000, 0x0000000706600000)
  object space 68864K, 69% used [0x0000000701400000,0x00000007042b4438,0x0000000705740000)
Event: 854.541 GC heap after
Heap after GC invocations=84 (full 12):
 PSYoungGen      total 146048K, used 0K [0x00000007accb0000, 0x00000007b7ce0000, 0x0000000800000000)
  eden space 111936K, 0% used [0x00000007accb0000,0x00000007accb0000,0x00000007b3a00000)
  from space 34112K, 0% used [0x00000007b5b90000,0x00000007b5b90000,0x00000007b7ce0000)
  to   space 34240K, 0% used [0x00000007b3a00000,0x00000007b3a00000,0x00000007b5b70000)
 ParOldGen       total 193984K, used 94688K [0x0000000706600000, 0x0000000712370000, 0x00000007accb0000)
  object space 193984K, 48% used [0x0000000706600000,0x000000070c278098,0x0000000712370000)
 PSPermGen       total 66304K, used 47824K [0x0000000701400000, 0x00000007054c0000, 0x0000000706600000)
  object space 66304K, 72% used [0x0000000701400000,0x00000007042b4218,0x00000007054c0000)
}

