# JRE version: 7.0_25-b17
# Java VM: Java HotSpot(TM) 64-Bit Server VM (23.25-b01 mixed mode windows-amd64 compressed oops)
Heap
 PSYoungGen      total 44736K, used 588K [0x00000007ab800000, 0x00000007ae6a0000, 0x0000000800000000)
  eden space 41856K, 1% used [0x00000007ab800000,0x00000007ab8930f8,0x00000007ae0e0000)
  from space 2880K, 0% used [0x00000007ae3d0000,0x00000007ae3d0000,0x00000007ae6a0000)
  to   space 2944K, 0% used [0x00000007ae0e0000,0x00000007ae0e0000,0x00000007ae3c0000)
 ParOldGen       total 202880K, used 85888K [0x0000000702800000, 0x000000070ee20000, 0x00000007ab800000)
  object space 202880K, 42% used [0x0000000702800000,0x0000000707be0040,0x000000070ee20000)
 PSPermGen       total 83968K, used 46887K [0x00000006fd600000, 0x0000000702800000, 0x0000000702800000)
  object space 83968K, 55% used [0x00000006fd600000,0x00000007003c9c48,0x0000000702800000)
GC Heap History (10 events):
Event: 2008.231 GC heap before
{Heap before GC invocations=68 (full 1):
 PSYoungGen      total 46656K, used 45062K [0x00000007ab800000, 0x00000007ae9e0000, 0x0000000800000000)
  eden space 44416K, 100% used [0x00000007ab800000,0x00000007ae360000,0x00000007ae360000)
  from space 2240K, 28% used [0x00000007ae7b0000,0x00000007ae851838,0x00000007ae9e0000)
  to   space 3328K, 0% used [0x00000007ae360000,0x00000007ae360000,0x00000007ae6a0000)
 ParOldGen       total 202880K, used 148060K [0x0000000702800000, 0x000000070ee20000, 0x00000007ab800000)
  object space 202880K, 72% used [0x0000000702800000,0x000000070b897030,0x000000070ee20000)
 PSPermGen       total 46976K, used 46882K [0x00000006fd600000, 0x00000007003e0000, 0x0000000702800000)
  object space 46976K, 99% used [0x00000006fd600000,0x00000007003c89b0,0x00000007003e0000)
Event: 2008.233 GC heap after
Heap after GC invocations=68 (full 1):
 PSYoungGen      total 44864K, used 1292K [0x00000007ab800000, 0x00000007ae8c0000, 0x0000000800000000)
  eden space 43520K, 0% used [0x00000007ab800000,0x00000007ab800000,0x00000007ae280000)
  from space 1344K, 96% used [0x00000007ae360000,0x00000007ae4a30e8,0x00000007ae4b0000)
  to   space 3200K, 0% used [0x00000007ae5a0000,0x00000007ae5a0000,0x00000007ae8c0000)
 ParOldGen       total 202880K, used 148148K [0x0000000702800000, 0x000000070ee20000, 0x00000007ab800000)
  object space 202880K, 73% used [0x0000000702800000,0x000000070b8ad030,0x000000070ee20000)
 PSPermGen       total 46976K, used 46882K [0x00000006fd600000, 0x00000007003e0000, 0x0000000702800000)
  object space 46976K, 99% used [0x00000006fd600000,0x00000007003c89b0,0x00000007003e0000)
}
Event: 2008.765 GC heap before
{Heap before GC invocations=69 (full 1):
 PSYoungGen      total 44864K, used 44812K [0x00000007ab800000, 0x00000007ae8c0000, 0x0000000800000000)
  eden space 43520K, 100% used [0x00000007ab800000,0x00000007ae280000,0x00000007ae280000)
  from space 1344K, 96% used [0x00000007ae360000,0x00000007ae4a30e8,0x00000007ae4b0000)
  to   space 3200K, 0% used [0x00000007ae5a0000,0x00000007ae5a0000,0x00000007ae8c0000)
 ParOldGen       total 202880K, used 148148K [0x0000000702800000, 0x000000070ee20000, 0x00000007ab800000)
  object space 202880K, 73% used [0x0000000702800000,0x000000070b8ad030,0x000000070ee20000)
 PSPermGen       total 46976K, used 46882K [0x00000006fd600000, 0x00000007003e0000, 0x0000000702800000)
  object space 46976K, 99% used [0x00000006fd600000,0x00000007003c8a58,0x00000007003e0000)
Event: 2008.766 GC heap after
Heap after GC invocations=69 (full 1):
 PSYoungGen      total 44928K, used 1446K [0x00000007ab800000, 0x00000007ae7d0000, 0x0000000800000000)
  eden space 42688K, 0% used [0x00000007ab800000,0x00000007ab800000,0x00000007ae1b0000)
  from space 2240K, 64% used [0x00000007ae5a0000,0x00000007ae709820,0x00000007ae7d0000)
  to   space 3136K, 0% used [0x00000007ae1b0000,0x00000007ae1b0000,0x00000007ae4c0000)
 ParOldGen       total 202880K, used 148261K [0x0000000702800000, 0x000000070ee20000, 0x00000007ab800000)
  object space 202880K, 73% used [0x0000000702800000,0x000000070b8c9768,0x000000070ee20000)
 PSPermGen       total 46976K, used 46882K [0x00000006fd600000, 0x00000007003e0000, 0x0000000702800000)
  object space 46976K, 99% used [0x00000006fd600000,0x00000007003c8a58,0x00000007003e0000)
}
Event: 2009.275 GC heap before
{Heap before GC invocations=70 (full 1):
 PSYoungGen      total 44928K, used 44134K [0x00000007ab800000, 0x00000007ae7d0000, 0x0000000800000000)
  eden space 42688K, 100% used [0x00000007ab800000,0x00000007ae1b0000,0x00000007ae1b0000)
  from space 2240K, 64% used [0x00000007ae5a0000,0x00000007ae709820,0x00000007ae7d0000)
  to   space 3136K, 0% used [0x00000007ae1b0000,0x00000007ae1b0000,0x00000007ae4c0000)
 ParOldGen       total 202880K, used 148261K [0x0000000702800000, 0x000000070ee20000, 0x00000007ab800000)
  object space 202880K, 73% used [0x0000000702800000,0x000000070b8c9768,0x000000070ee20000)
 PSPermGen       total 46976K, used 46882K [0x00000006fd600000, 0x00000007003e0000, 0x0000000702800000)
  object space 46976K, 99% used [0x00000006fd600000,0x00000007003c8a58,0x00000007003e0000)
Event: 2009.277 GC heap after
Heap after GC invocations=70 (full 1):
 PSYoungGen      total 43264K, used 1382K [0x00000007ab800000, 0x00000007ae6c0000, 0x0000000800000000)
  eden space 41856K, 0% used [0x00000007ab800000,0x00000007ab800000,0x00000007ae0e0000)
  from space 1408K, 98% used [0x00000007ae1b0000,0x00000007ae309820,0x00000007ae310000)
  to   space 3008K, 0% used [0x00000007ae3d0000,0x00000007ae3d0000,0x00000007ae6c0000)
 ParOldGen       total 202880K, used 148333K [0x0000000702800000, 0x000000070ee20000, 0x00000007ab800000)
  object space 202880K, 73% used [0x0000000702800000,0x000000070b8db768,0x000000070ee20000)
 PSPermGen       total 46976K, used 46882K [0x00000006fd600000, 0x00000007003e0000, 0x0000000702800000)
  object space 46976K, 99% used [0x00000006fd600000,0x00000007003c8a58,0x00000007003e0000)
}
Event: 2013.807 GC heap before
{Heap before GC invocations=71 (full 1):
 PSYoungGen      total 43264K, used 39312K [0x00000007ab800000, 0x00000007ae6c0000, 0x0000000800000000)
  eden space 41856K, 90% used [0x00000007ab800000,0x00000007add0aab0,0x00000007ae0e0000)
  from space 1408K, 98% used [0x00000007ae1b0000,0x00000007ae309820,0x00000007ae310000)
  to   space 3008K, 0% used [0x00000007ae3d0000,0x00000007ae3d0000,0x00000007ae6c0000)
 ParOldGen       total 202880K, used 148333K [0x0000000702800000, 0x000000070ee20000, 0x00000007ab800000)
  object space 202880K, 73% used [0x0000000702800000,0x000000070b8db768,0x000000070ee20000)
 PSPermGen       total 46976K, used 46884K [0x00000006fd600000, 0x00000007003e0000, 0x0000000702800000)
  object space 46976K, 99% used [0x00000006fd600000,0x00000007003c9298,0x00000007003e0000)
Event: 2013.810 GC heap after
Heap after GC invocations=71 (full 1):
 PSYoungGen      total 44736K, used 572K [0x00000007ab800000, 0x00000007ae6a0000, 0x0000000800000000)
  eden space 41856K, 0% used [0x00000007ab800000,0x00000007ab800000,0x00000007ae0e0000)
  from space 2880K, 19% used [0x00000007ae3d0000,0x00000007ae45f118,0x00000007ae6a0000)
  to   space 2944K, 0% used [0x00000007ae0e0000,0x00000007ae0e0000,0x00000007ae3c0000)
 ParOldGen       total 202880K, used 148423K [0x0000000702800000, 0x000000070ee20000, 0x00000007ab800000)
  object space 202880K, 73% used [0x0000000702800000,0x000000070b8f1ea0,0x000000070ee20000)
 PSPermGen       total 46976K, used 46884K [0x00000006fd600000, 0x00000007003e0000, 0x0000000702800000)
  object space 46976K, 99% used [0x00000006fd600000,0x00000007003c9298,0x00000007003e0000)
}
Event: 2013.810 GC heap before
{Heap before GC invocations=72 (full 2):
 PSYoungGen      total 44736K, used 572K [0x00000007ab800000, 0x00000007ae6a0000, 0x0000000800000000)
  eden space 41856K, 0% used [0x00000007ab800000,0x00000007ab800000,0x00000007ae0e0000)
  from space 2880K, 19% used [0x00000007ae3d0000,0x00000007ae45f118,0x00000007ae6a0000)
  to   space 2944K, 0% used [0x00000007ae0e0000,0x00000007ae0e0000,0x00000007ae3c0000)
 ParOldGen       total 202880K, used 148423K [0x0000000702800000, 0x000000070ee20000, 0x00000007ab800000)
  object space 202880K, 73% used [0x0000000702800000,0x000000070b8f1ea0,0x000000070ee20000)
 PSPermGen       total 46976K, used 46884K [0x00000006fd600000, 0x00000007003e0000, 0x0000000702800000)
  object space 46976K, 99% used [0x00000006fd600000,0x00000007003c9298,0x00000007003e0000)
Event: 2013.900 GC heap after
Heap after GC invocations=72 (full 2):
 PSYoungGen      total 44736K, used 0K [0x00000007ab800000, 0x00000007ae6a0000, 0x0000000800000000)
  eden space 41856K, 0% used [0x00000007ab800000,0x00000007ab800000,0x00000007ae0e0000)
  from space 2880K, 0% used [0x00000007ae3d0000,0x00000007ae3d0000,0x00000007ae6a0000)
  to   space 2944K, 0% used [0x00000007ae0e0000,0x00000007ae0e0000,0x00000007ae3c0000)
 ParOldGen       total 202880K, used 85888K [0x0000000702800000, 0x000000070ee20000, 0x00000007ab800000)
  object space 202880K, 42% used [0x0000000702800000,0x0000000707be0040,0x000000070ee20000)
 PSPermGen       total 83968K, used 46882K [0x00000006fd600000, 0x0000000702800000, 0x0000000702800000)
  object space 83968K, 55% used [0x00000006fd600000,0x00000007003c8bd8,0x0000000702800000)
}

