# JRE version: 7.0_25-b17
# Java VM: Java HotSpot(TM) 64-Bit Server VM (23.25-b01 mixed mode windows-amd64 compressed oops)
Heap
 PSYoungGen      total 46528K, used 4K [0x00000007acc00000, 0x00000007b06d0000, 0x0000000800000000)
  eden space 46400K, 0% used [0x00000007acc00000,0x00000007acc010f0,0x00000007af950000)
  from space 128K, 0% used [0x00000007af950000,0x00000007af950000,0x00000007af970000)
  to   space 6912K, 0% used [0x00000007b0010000,0x00000007b0010000,0x00000007b06d0000)
 ParOldGen       total 273856K, used 182123K [0x0000000706400000, 0x0000000716f70000, 0x00000007acc00000)
  object space 273856K, 66% used [0x0000000706400000,0x00000007115dad48,0x0000000716f70000)
 PSPermGen       total 49728K, used 49715K [0x0000000701200000, 0x0000000704290000, 0x0000000706400000)
  object space 49728K, 99% used [0x0000000701200000,0x000000070428ced8,0x0000000704290000)
GC Heap History (10 events):
Event: 53683.709 GC heap before
{Heap before GC invocations=2589 (full 842):
 PSYoungGen      total 46720K, used 288K [0x00000007acc00000, 0x00000007b0890000, 0x0000000800000000)
  eden space 46400K, 0% used [0x00000007acc00000,0x00000007acc00000,0x00000007af950000)
  from space 320K, 90% used [0x00000007af950000,0x00000007af998000,0x00000007af9a0000)
  to   space 7808K, 0% used [0x00000007b00f0000,0x00000007b00f0000,0x00000007b0890000)
 ParOldGen       total 273856K, used 181965K [0x0000000706400000, 0x0000000716f70000, 0x00000007acc00000)
  object space 273856K, 66% used [0x0000000706400000,0x00000007115b35d0,0x0000000716f70000)
 PSPermGen       total 49728K, used 49715K [0x0000000701200000, 0x0000000704290000, 0x0000000706400000)
  object space 49728K, 99% used [0x0000000701200000,0x000000070428ceb8,0x0000000704290000)
Event: 53683.817 GC heap after
Heap after GC invocations=2589 (full 842):
 PSYoungGen      total 46720K, used 0K [0x00000007acc00000, 0x00000007b0890000, 0x0000000800000000)
  eden space 46400K, 0% used [0x00000007acc00000,0x00000007acc00000,0x00000007af950000)
  from space 320K, 0% used [0x00000007af950000,0x00000007af950000,0x00000007af9a0000)
  to   space 7808K, 0% used [0x00000007b00f0000,0x00000007b00f0000,0x00000007b0890000)
 ParOldGen       total 273856K, used 182066K [0x0000000706400000, 0x0000000716f70000, 0x00000007acc00000)
  object space 273856K, 66% used [0x0000000706400000,0x00000007115cca20,0x0000000716f70000)
 PSPermGen       total 49728K, used 49715K [0x0000000701200000, 0x0000000704290000, 0x0000000706400000)
  object space 49728K, 99% used [0x0000000701200000,0x000000070428ceb8,0x0000000704290000)
}
Event: 53743.707 GC heap before
{Heap before GC invocations=2590 (full 842):
 PSYoungGen      total 46720K, used 6422K [0x00000007acc00000, 0x00000007b0890000, 0x0000000800000000)
  eden space 46400K, 13% used [0x00000007acc00000,0x00000007ad245bb0,0x00000007af950000)
  from space 320K, 0% used [0x00000007af950000,0x00000007af950000,0x00000007af9a0000)
  to   space 7808K, 0% used [0x00000007b00f0000,0x00000007b00f0000,0x00000007b0890000)
 ParOldGen       total 273856K, used 182066K [0x0000000706400000, 0x0000000716f70000, 0x00000007acc00000)
  object space 273856K, 66% used [0x0000000706400000,0x00000007115cca20,0x0000000716f70000)
 PSPermGen       total 49728K, used 49715K [0x0000000701200000, 0x0000000704290000, 0x0000000706400000)
  object space 49728K, 99% used [0x0000000701200000,0x000000070428ced8,0x0000000704290000)
Event: 53743.709 GC heap after
Heap after GC invocations=2590 (full 842):
 PSYoungGen      total 53184K, used 491K [0x00000007acc00000, 0x00000007b0790000, 0x0000000800000000)
  eden space 46400K, 0% used [0x00000007acc00000,0x00000007acc00000,0x00000007af950000)
  from space 6784K, 7% used [0x00000007b00f0000,0x00000007b016ad90,0x00000007b0790000)
  to   space 7296K, 0% used [0x00000007af950000,0x00000007af950000,0x00000007b0070000)
 ParOldGen       total 273856K, used 182066K [0x0000000706400000, 0x0000000716f70000, 0x00000007acc00000)
  object space 273856K, 66% used [0x0000000706400000,0x00000007115cca20,0x0000000716f70000)
 PSPermGen       total 49728K, used 49715K [0x0000000701200000, 0x0000000704290000, 0x0000000706400000)
  object space 49728K, 99% used [0x0000000701200000,0x000000070428ced8,0x0000000704290000)
}
Event: 53743.709 GC heap before
{Heap before GC invocations=2591 (full 843):
 PSYoungGen      total 53184K, used 491K [0x00000007acc00000, 0x00000007b0790000, 0x0000000800000000)
  eden space 46400K, 0% used [0x00000007acc00000,0x00000007acc00000,0x00000007af950000)
  from space 6784K, 7% used [0x00000007b00f0000,0x00000007b016ad90,0x00000007b0790000)
  to   space 7296K, 0% used [0x00000007af950000,0x00000007af950000,0x00000007b0070000)
 ParOldGen       total 273856K, used 182066K [0x0000000706400000, 0x0000000716f70000, 0x00000007acc00000)
  object space 273856K, 66% used [0x0000000706400000,0x00000007115cca20,0x0000000716f70000)
 PSPermGen       total 49728K, used 49715K [0x0000000701200000, 0x0000000704290000, 0x0000000706400000)
  object space 49728K, 99% used [0x0000000701200000,0x000000070428ced8,0x0000000704290000)
Event: 53743.789 GC heap after
Heap after GC invocations=2591 (full 843):
 PSYoungGen      total 53184K, used 0K [0x00000007acc00000, 0x00000007b0790000, 0x0000000800000000)
  eden space 46400K, 0% used [0x00000007acc00000,0x00000007acc00000,0x00000007af950000)
  from space 6784K, 0% used [0x00000007b00f0000,0x00000007b00f0000,0x00000007b0790000)
  to   space 7296K, 0% used [0x00000007af950000,0x00000007af950000,0x00000007b0070000)
 ParOldGen       total 273856K, used 182123K [0x0000000706400000, 0x0000000716f70000, 0x00000007acc00000)
  object space 273856K, 66% used [0x0000000706400000,0x00000007115daca0,0x0000000716f70000)
 PSPermGen       total 49728K, used 49715K [0x0000000701200000, 0x0000000704290000, 0x0000000706400000)
  object space 49728K, 99% used [0x0000000701200000,0x000000070428ced8,0x0000000704290000)
}
Event: 53803.724 GC heap before
{Heap before GC invocations=2592 (full 843):
 PSYoungGen      total 53184K, used 881K [0x00000007acc00000, 0x00000007b0790000, 0x0000000800000000)
  eden space 46400K, 1% used [0x00000007acc00000,0x00000007accdc758,0x00000007af950000)
  from space 6784K, 0% used [0x00000007b00f0000,0x00000007b00f0000,0x00000007b0790000)
  to   space 7296K, 0% used [0x00000007af950000,0x00000007af950000,0x00000007b0070000)
 ParOldGen       total 273856K, used 182123K [0x0000000706400000, 0x0000000716f70000, 0x00000007acc00000)
  object space 273856K, 66% used [0x0000000706400000,0x00000007115daca0,0x0000000716f70000)
 PSPermGen       total 49728K, used 49715K [0x0000000701200000, 0x0000000704290000, 0x0000000706400000)
  object space 49728K, 99% used [0x0000000701200000,0x000000070428ced8,0x0000000704290000)
Event: 53803.726 GC heap after
Heap after GC invocations=2592 (full 843):
 PSYoungGen      total 46528K, used 96K [0x00000007acc00000, 0x00000007b06d0000, 0x0000000800000000)
  eden space 46400K, 0% used [0x00000007acc00000,0x00000007acc00000,0x00000007af950000)
  from space 128K, 75% used [0x00000007af950000,0x00000007af968000,0x00000007af970000)
  to   space 6912K, 0% used [0x00000007b0010000,0x00000007b0010000,0x00000007b06d0000)
 ParOldGen       total 273856K, used 182123K [0x0000000706400000, 0x0000000716f70000, 0x00000007acc00000)
  object space 273856K, 66% used [0x0000000706400000,0x00000007115daca0,0x0000000716f70000)
 PSPermGen       total 49728K, used 49715K [0x0000000701200000, 0x0000000704290000, 0x0000000706400000)
  object space 49728K, 99% used [0x0000000701200000,0x000000070428ced8,0x0000000704290000)
}
Event: 53803.726 GC heap before
{Heap before GC invocations=2593 (full 844):
 PSYoungGen      total 46528K, used 96K [0x00000007acc00000, 0x00000007b06d0000, 0x0000000800000000)
  eden space 46400K, 0% used [0x00000007acc00000,0x00000007acc00000,0x00000007af950000)
  from space 128K, 75% used [0x00000007af950000,0x00000007af968000,0x00000007af970000)
  to   space 6912K, 0% used [0x00000007b0010000,0x00000007b0010000,0x00000007b06d0000)
 ParOldGen       total 273856K, used 182123K [0x0000000706400000, 0x0000000716f70000, 0x00000007acc00000)
  object space 273856K, 66% used [0x0000000706400000,0x00000007115daca0,0x0000000716f70000)
 PSPermGen       total 49728K, used 49715K [0x0000000701200000, 0x0000000704290000, 0x0000000706400000)
  object space 49728K, 99% used [0x0000000701200000,0x000000070428ced8,0x0000000704290000)
Event: 53803.802 GC heap after
Heap after GC invocations=2593 (full 844):
 PSYoungGen      total 46528K, used 0K [0x00000007acc00000, 0x00000007b06d0000, 0x0000000800000000)
  eden space 46400K, 0% used [0x00000007acc00000,0x00000007acc00000,0x00000007af950000)
  from space 128K, 0% used [0x00000007af950000,0x00000007af950000,0x00000007af970000)
  to   space 6912K, 0% used [0x00000007b0010000,0x00000007b0010000,0x00000007b06d0000)
 ParOldGen       total 273856K, used 182123K [0x0000000706400000, 0x0000000716f70000, 0x00000007acc00000)
  object space 273856K, 66% used [0x0000000706400000,0x00000007115dad48,0x0000000716f70000)
 PSPermGen       total 49728K, used 49715K [0x0000000701200000, 0x0000000704290000, 0x0000000706400000)
  object space 49728K, 99% used [0x0000000701200000,0x000000070428ced8,0x0000000704290000)
}

