# JRE version: 7.0_25-b17
# Java VM: Java HotSpot(TM) 64-Bit Server VM (23.25-b01 mixed mode windows-amd64 compressed oops)
Heap
 PSYoungGen      total 83712K, used 34280K [0x00000007ab800000, 0x00000007b2e90000, 0x0000000800000000)
  eden space 76096K, 35% used [0x00000007ab800000,0x00000007ad20ac08,0x00000007b0250000)
  from space 7616K, 99% used [0x00000007b0460000,0x00000007b0bcf668,0x00000007b0bd0000)
  to   space 22656K, 0% used [0x00000007b1870000,0x00000007b1870000,0x00000007b2e90000)
 ParOldGen       total 173056K, used 138861K [0x0000000702800000, 0x000000070d100000, 0x00000007ab800000)
  object space 173056K, 80% used [0x0000000702800000,0x000000070af9b6b0,0x000000070d100000)
 PSPermGen       total 48000K, used 47800K [0x00000006fd600000, 0x00000007004e0000, 0x0000000702800000)
  object space 48000K, 99% used [0x00000006fd600000,0x00000007004ae018,0x00000007004e0000)
GC Heap History (10 events):
Event: 3094.728 GC heap before
{Heap before GC invocations=178 (full 47):
 PSYoungGen      total 112192K, used 103887K [0x00000007ab800000, 0x00000007b40b0000, 0x0000000800000000)
  eden space 88000K, 100% used [0x00000007ab800000,0x00000007b0df0000,0x00000007b0df0000)
  from space 24192K, 65% used [0x00000007b2820000,0x00000007b37a3d60,0x00000007b3fc0000)
  to   space 25984K, 0% used [0x00000007b0df0000,0x00000007b0df0000,0x00000007b2750000)
 ParOldGen       total 173056K, used 107104K [0x0000000702800000, 0x000000070d100000, 0x00000007ab800000)
  object space 173056K, 61% used [0x0000000702800000,0x0000000709098030,0x000000070d100000)
 PSPermGen       total 48000K, used 47698K [0x00000006fd600000, 0x00000007004e0000, 0x0000000702800000)
  object space 48000K, 99% used [0x00000006fd600000,0x0000000700494b00,0x00000007004e0000)
Event: 3094.734 GC heap after
Heap after GC invocations=178 (full 47):
 PSYoungGen      total 93760K, used 8222K [0x00000007ab800000, 0x00000007b3b60000, 0x0000000800000000)
  eden space 85504K, 0% used [0x00000007ab800000,0x00000007ab800000,0x00000007b0b80000)
  from space 8256K, 99% used [0x00000007b0df0000,0x00000007b15f7bd8,0x00000007b1600000)
  to   space 24512K, 0% used [0x00000007b2370000,0x00000007b2370000,0x00000007b3b60000)
 ParOldGen       total 173056K, used 113986K [0x0000000702800000, 0x000000070d100000, 0x00000007ab800000)
  object space 173056K, 65% used [0x0000000702800000,0x0000000709750998,0x000000070d100000)
 PSPermGen       total 48000K, used 47698K [0x00000006fd600000, 0x00000007004e0000, 0x0000000702800000)
  object space 48000K, 99% used [0x00000006fd600000,0x0000000700494b00,0x00000007004e0000)
}
Event: 3105.196 GC heap before
{Heap before GC invocations=179 (full 47):
 PSYoungGen      total 93760K, used 93726K [0x00000007ab800000, 0x00000007b3b60000, 0x0000000800000000)
  eden space 85504K, 100% used [0x00000007ab800000,0x00000007b0b80000,0x00000007b0b80000)
  from space 8256K, 99% used [0x00000007b0df0000,0x00000007b15f7bd8,0x00000007b1600000)
  to   space 24512K, 0% used [0x00000007b2370000,0x00000007b2370000,0x00000007b3b60000)
 ParOldGen       total 173056K, used 113986K [0x0000000702800000, 0x000000070d100000, 0x00000007ab800000)
  object space 173056K, 65% used [0x0000000702800000,0x0000000709750a20,0x000000070d100000)
 PSPermGen       total 48000K, used 47776K [0x00000006fd600000, 0x00000007004e0000, 0x0000000702800000)
  object space 48000K, 99% used [0x00000006fd600000,0x00000007004a8048,0x00000007004e0000)
Event: 3105.206 GC heap after
Heap after GC invocations=179 (full 47):
 PSYoungGen      total 101952K, used 7492K [0x00000007ab800000, 0x00000007b35d0000, 0x0000000800000000)
  eden space 83136K, 0% used [0x00000007ab800000,0x00000007ab800000,0x00000007b0930000)
  from space 18816K, 39% used [0x00000007b2370000,0x00000007b2ac1108,0x00000007b35d0000)
  to   space 22848K, 0% used [0x00000007b0930000,0x00000007b0930000,0x00000007b1f80000)
 ParOldGen       total 173056K, used 120179K [0x0000000702800000, 0x000000070d100000, 0x00000007ab800000)
  object space 173056K, 69% used [0x0000000702800000,0x0000000709d5cda8,0x000000070d100000)
 PSPermGen       total 48000K, used 47776K [0x00000006fd600000, 0x00000007004e0000, 0x0000000702800000)
  object space 48000K, 99% used [0x00000006fd600000,0x00000007004a8048,0x00000007004e0000)
}
Event: 3107.095 GC heap before
{Heap before GC invocations=180 (full 47):
 PSYoungGen      total 101952K, used 90628K [0x00000007ab800000, 0x00000007b35d0000, 0x0000000800000000)
  eden space 83136K, 100% used [0x00000007ab800000,0x00000007b0930000,0x00000007b0930000)
  from space 18816K, 39% used [0x00000007b2370000,0x00000007b2ac1108,0x00000007b35d0000)
  to   space 22848K, 0% used [0x00000007b0930000,0x00000007b0930000,0x00000007b1f80000)
 ParOldGen       total 173056K, used 120248K [0x0000000702800000, 0x000000070d100000, 0x00000007ab800000)
  object space 173056K, 69% used [0x0000000702800000,0x0000000709d6e340,0x000000070d100000)
 PSPermGen       total 48000K, used 47797K [0x00000006fd600000, 0x00000007004e0000, 0x0000000702800000)
  object space 48000K, 99% used [0x00000006fd600000,0x00000007004ad7a8,0x00000007004e0000)
Event: 3107.107 GC heap after
Heap after GC invocations=180 (full 47):
 PSYoungGen      total 87552K, used 6685K [0x00000007ab800000, 0x00000007b30d0000, 0x0000000800000000)
  eden space 80832K, 0% used [0x00000007ab800000,0x00000007ab800000,0x00000007b06f0000)
  from space 6720K, 99% used [0x00000007b0930000,0x00000007b0fb77f8,0x00000007b0fc0000)
  to   space 21440K, 0% used [0x00000007b1be0000,0x00000007b1be0000,0x00000007b30d0000)
 ParOldGen       total 173056K, used 127500K [0x0000000702800000, 0x000000070d100000, 0x00000007ab800000)
  object space 173056K, 73% used [0x0000000702800000,0x000000070a4830f8,0x000000070d100000)
 PSPermGen       total 48000K, used 47797K [0x00000006fd600000, 0x00000007004e0000, 0x0000000702800000)
  object space 48000K, 99% used [0x00000006fd600000,0x00000007004ad7a8,0x00000007004e0000)
}
Event: 3107.670 GC heap before
{Heap before GC invocations=181 (full 47):
 PSYoungGen      total 87552K, used 87517K [0x00000007ab800000, 0x00000007b30d0000, 0x0000000800000000)
  eden space 80832K, 100% used [0x00000007ab800000,0x00000007b06f0000,0x00000007b06f0000)
  from space 6720K, 99% used [0x00000007b0930000,0x00000007b0fb77f8,0x00000007b0fc0000)
  to   space 21440K, 0% used [0x00000007b1be0000,0x00000007b1be0000,0x00000007b30d0000)
 ParOldGen       total 173056K, used 127500K [0x0000000702800000, 0x000000070d100000, 0x00000007ab800000)
  object space 173056K, 73% used [0x0000000702800000,0x000000070a4830f8,0x000000070d100000)
 PSPermGen       total 48000K, used 47797K [0x00000006fd600000, 0x00000007004e0000, 0x0000000702800000)
  object space 48000K, 99% used [0x00000006fd600000,0x00000007004ad7a8,0x00000007004e0000)
Event: 3107.684 GC heap after
Heap after GC invocations=181 (full 47):
 PSYoungGen      total 99648K, used 18285K [0x00000007ab800000, 0x00000007b45c0000, 0x0000000800000000)
  eden space 78208K, 0% used [0x00000007ab800000,0x00000007ab800000,0x00000007b0460000)
  from space 21440K, 85% used [0x00000007b1be0000,0x00000007b2dbb5e8,0x00000007b30d0000)
  to   space 24064K, 0% used [0x00000007b0460000,0x00000007b0460000,0x00000007b1be0000)
 ParOldGen       total 173056K, used 134068K [0x0000000702800000, 0x000000070d100000, 0x00000007ab800000)
  object space 173056K, 77% used [0x0000000702800000,0x000000070aaed268,0x000000070d100000)
 PSPermGen       total 48000K, used 47797K [0x00000006fd600000, 0x00000007004e0000, 0x0000000702800000)
  object space 48000K, 99% used [0x00000006fd600000,0x00000007004ad7a8,0x00000007004e0000)
}
Event: 3108.738 GC heap before
{Heap before GC invocations=182 (full 47):
 PSYoungGen      total 99648K, used 96493K [0x00000007ab800000, 0x00000007b45c0000, 0x0000000800000000)
  eden space 78208K, 100% used [0x00000007ab800000,0x00000007b0460000,0x00000007b0460000)
  from space 21440K, 85% used [0x00000007b1be0000,0x00000007b2dbb5e8,0x00000007b30d0000)
  to   space 24064K, 0% used [0x00000007b0460000,0x00000007b0460000,0x00000007b1be0000)
 ParOldGen       total 173056K, used 134068K [0x0000000702800000, 0x000000070d100000, 0x00000007ab800000)
  object space 173056K, 77% used [0x0000000702800000,0x000000070aaed268,0x000000070d100000)
 PSPermGen       total 48000K, used 47797K [0x00000006fd600000, 0x00000007004e0000, 0x0000000702800000)
  object space 48000K, 99% used [0x00000006fd600000,0x00000007004ad7c8,0x00000007004e0000)
Event: 3108.746 GC heap after
Heap after GC invocations=182 (full 47):
 PSYoungGen      total 83712K, used 7613K [0x00000007ab800000, 0x00000007b2e90000, 0x0000000800000000)
  eden space 76096K, 0% used [0x00000007ab800000,0x00000007ab800000,0x00000007b0250000)
  from space 7616K, 99% used [0x00000007b0460000,0x00000007b0bcf668,0x00000007b0bd0000)
  to   space 22656K, 0% used [0x00000007b1870000,0x00000007b1870000,0x00000007b2e90000)
 ParOldGen       total 173056K, used 138861K [0x0000000702800000, 0x000000070d100000, 0x00000007ab800000)
  object space 173056K, 80% used [0x0000000702800000,0x000000070af9b6b0,0x000000070d100000)
 PSPermGen       total 48000K, used 47797K [0x00000006fd600000, 0x00000007004e0000, 0x0000000702800000)
  object space 48000K, 99% used [0x00000006fd600000,0x00000007004ad7c8,0x00000007004e0000)
}

