# JRE version: 7.0_25-b17
# Java VM: Java HotSpot(TM) 64-Bit Server VM (23.25-b01 mixed mode windows-amd64 compressed oops)
Heap
 PSYoungGen      total 62912K, used 18584K [0x00000007ab800000, 0x00000007b1ec0000, 0x0000000800000000)
  eden space 62464K, 29% used [0x00000007ab800000,0x00000007aca261a8,0x00000007af500000)
  from space 448K, 0% used [0x00000007af500000,0x00000007af500000,0x00000007af570000)
  to   space 21376K, 0% used [0x00000007b09e0000,0x00000007b09e0000,0x00000007b1ec0000)
 ParOldGen       total 173056K, used 92191K [0x0000000702800000, 0x000000070d100000, 0x00000007ab800000)
  object space 173056K, 53% used [0x0000000702800000,0x0000000708207ff0,0x000000070d100000)
 PSPermGen       total 48384K, used 47817K [0x00000006fd600000, 0x0000000700540000, 0x0000000702800000)
  object space 48384K, 98% used [0x00000006fd600000,0x00000007004b2460,0x0000000700540000)
GC Heap History (10 events):
Event: 2380.405 GC heap before
{Heap before GC invocations=114 (full 34):
 PSYoungGen      total 75520K, used 75519K [0x00000007ab800000, 0x00000007b23b0000, 0x0000000800000000)
  eden space 67264K, 100% used [0x00000007ab800000,0x00000007af9b0000,0x00000007af9b0000)
  from space 8256K, 99% used [0x00000007afb60000,0x00000007b036ff08,0x00000007b0370000)
  to   space 21504K, 0% used [0x00000007b0eb0000,0x00000007b0eb0000,0x00000007b23b0000)
 ParOldGen       total 173056K, used 88565K [0x0000000702800000, 0x000000070d100000, 0x00000007ab800000)
  object space 173056K, 51% used [0x0000000702800000,0x0000000707e7d600,0x000000070d100000)
 PSPermGen       total 48448K, used 47807K [0x00000006fd600000, 0x0000000700550000, 0x0000000702800000)
  object space 48448K, 98% used [0x00000006fd600000,0x00000007004afc18,0x0000000700550000)
Event: 2380.416 GC heap after
Heap after GC invocations=114 (full 34):
 PSYoungGen      total 84928K, used 9169K [0x00000007ab800000, 0x00000007b2190000, 0x0000000800000000)
  eden space 65600K, 0% used [0x00000007ab800000,0x00000007ab800000,0x00000007af810000)
  from space 19328K, 47% used [0x00000007b0eb0000,0x00000007b17a4490,0x00000007b2190000)
  to   space 21248K, 0% used [0x00000007af810000,0x00000007af810000,0x00000007b0cd0000)
 ParOldGen       total 173056K, used 95462K [0x0000000702800000, 0x000000070d100000, 0x00000007ab800000)
  object space 173056K, 55% used [0x0000000702800000,0x0000000708539bd0,0x000000070d100000)
 PSPermGen       total 48448K, used 47807K [0x00000006fd600000, 0x0000000700550000, 0x0000000702800000)
  object space 48448K, 98% used [0x00000006fd600000,0x00000007004afc18,0x0000000700550000)
}
Event: 2381.237 GC heap before
{Heap before GC invocations=115 (full 34):
 PSYoungGen      total 84928K, used 74769K [0x00000007ab800000, 0x00000007b2190000, 0x0000000800000000)
  eden space 65600K, 100% used [0x00000007ab800000,0x00000007af810000,0x00000007af810000)
  from space 19328K, 47% used [0x00000007b0eb0000,0x00000007b17a4490,0x00000007b2190000)
  to   space 21248K, 0% used [0x00000007af810000,0x00000007af810000,0x00000007b0cd0000)
 ParOldGen       total 173056K, used 95462K [0x0000000702800000, 0x000000070d100000, 0x00000007ab800000)
  object space 173056K, 55% used [0x0000000702800000,0x0000000708539bd0,0x000000070d100000)
 PSPermGen       total 48448K, used 47807K [0x00000006fd600000, 0x0000000700550000, 0x0000000702800000)
  object space 48448K, 98% used [0x00000006fd600000,0x00000007004afc18,0x0000000700550000)
Event: 2381.247 GC heap after
Heap after GC invocations=115 (full 34):
 PSYoungGen      total 85248K, used 14926K [0x00000007ab800000, 0x00000007b23a0000, 0x0000000800000000)
  eden space 64000K, 0% used [0x00000007ab800000,0x00000007ab800000,0x00000007af680000)
  from space 21248K, 70% used [0x00000007af810000,0x00000007b06a39e0,0x00000007b0cd0000)
  to   space 23104K, 0% used [0x00000007b0d10000,0x00000007b0d10000,0x00000007b23a0000)
 ParOldGen       total 173056K, used 102587K [0x0000000702800000, 0x000000070d100000, 0x00000007ab800000)
  object space 173056K, 59% used [0x0000000702800000,0x0000000708c2ee28,0x000000070d100000)
 PSPermGen       total 48448K, used 47807K [0x00000006fd600000, 0x0000000700550000, 0x0000000702800000)
  object space 48448K, 98% used [0x00000006fd600000,0x00000007004afc18,0x0000000700550000)
}
Event: 2386.355 GC heap before
{Heap before GC invocations=116 (full 34):
 PSYoungGen      total 85248K, used 78926K [0x00000007ab800000, 0x00000007b23a0000, 0x0000000800000000)
  eden space 64000K, 100% used [0x00000007ab800000,0x00000007af680000,0x00000007af680000)
  from space 21248K, 70% used [0x00000007af810000,0x00000007b06a39e0,0x00000007b0cd0000)
  to   space 23104K, 0% used [0x00000007b0d10000,0x00000007b0d10000,0x00000007b23a0000)
 ParOldGen       total 173056K, used 102587K [0x0000000702800000, 0x000000070d100000, 0x00000007ab800000)
  object space 173056K, 59% used [0x0000000702800000,0x0000000708c2ee28,0x000000070d100000)
 PSPermGen       total 48448K, used 47807K [0x00000006fd600000, 0x0000000700550000, 0x0000000702800000)
  object space 48448K, 98% used [0x00000006fd600000,0x00000007004afc18,0x0000000700550000)
Event: 2386.361 GC heap after
Heap after GC invocations=116 (full 34):
 PSYoungGen      total 81600K, used 4357K [0x00000007ab800000, 0x00000007b1fc0000, 0x0000000800000000)
  eden space 62464K, 0% used [0x00000007ab800000,0x00000007ab800000,0x00000007af500000)
  from space 19136K, 22% used [0x00000007b0d10000,0x00000007b1151498,0x00000007b1fc0000)
  to   space 21888K, 0% used [0x00000007af500000,0x00000007af500000,0x00000007b0a60000)
 ParOldGen       total 173056K, used 106310K [0x0000000702800000, 0x000000070d100000, 0x00000007ab800000)
  object space 173056K, 61% used [0x0000000702800000,0x0000000708fd1be8,0x000000070d100000)
 PSPermGen       total 48448K, used 47807K [0x00000006fd600000, 0x0000000700550000, 0x0000000702800000)
  object space 48448K, 98% used [0x00000006fd600000,0x00000007004afc18,0x0000000700550000)
}
Event: 2407.033 GC heap before
{Heap before GC invocations=117 (full 34):
 PSYoungGen      total 81600K, used 35911K [0x00000007ab800000, 0x00000007b1fc0000, 0x0000000800000000)
  eden space 62464K, 50% used [0x00000007ab800000,0x00000007ad6d0910,0x00000007af500000)
  from space 19136K, 22% used [0x00000007b0d10000,0x00000007b1151498,0x00000007b1fc0000)
  to   space 21888K, 0% used [0x00000007af500000,0x00000007af500000,0x00000007b0a60000)
 ParOldGen       total 173056K, used 106310K [0x0000000702800000, 0x000000070d100000, 0x00000007ab800000)
  object space 173056K, 61% used [0x0000000702800000,0x0000000708fd1be8,0x000000070d100000)
 PSPermGen       total 48448K, used 47808K [0x00000006fd600000, 0x0000000700550000, 0x0000000702800000)
  object space 48448K, 98% used [0x00000006fd600000,0x00000007004b03c0,0x0000000700550000)
Event: 2407.039 GC heap after
Heap after GC invocations=117 (full 34):
 PSYoungGen      total 62912K, used 402K [0x00000007ab800000, 0x00000007b1ec0000, 0x0000000800000000)
  eden space 62464K, 0% used [0x00000007ab800000,0x00000007ab800000,0x00000007af500000)
  from space 448K, 89% used [0x00000007af500000,0x00000007af5649c0,0x00000007af570000)
  to   space 21376K, 0% used [0x00000007b09e0000,0x00000007b09e0000,0x00000007b1ec0000)
 ParOldGen       total 173056K, used 110452K [0x0000000702800000, 0x000000070d100000, 0x00000007ab800000)
  object space 173056K, 63% used [0x0000000702800000,0x00000007093dd2f8,0x000000070d100000)
 PSPermGen       total 48448K, used 47808K [0x00000006fd600000, 0x0000000700550000, 0x0000000702800000)
  object space 48448K, 98% used [0x00000006fd600000,0x00000007004b03c0,0x0000000700550000)
}
Event: 2407.039 GC heap before
{Heap before GC invocations=118 (full 35):
 PSYoungGen      total 62912K, used 402K [0x00000007ab800000, 0x00000007b1ec0000, 0x0000000800000000)
  eden space 62464K, 0% used [0x00000007ab800000,0x00000007ab800000,0x00000007af500000)
  from space 448K, 89% used [0x00000007af500000,0x00000007af5649c0,0x00000007af570000)
  to   space 21376K, 0% used [0x00000007b09e0000,0x00000007b09e0000,0x00000007b1ec0000)
 ParOldGen       total 173056K, used 110452K [0x0000000702800000, 0x000000070d100000, 0x00000007ab800000)
  object space 173056K, 63% used [0x0000000702800000,0x00000007093dd2f8,0x000000070d100000)
 PSPermGen       total 48448K, used 47808K [0x00000006fd600000, 0x0000000700550000, 0x0000000702800000)
  object space 48448K, 98% used [0x00000006fd600000,0x00000007004b03c0,0x0000000700550000)
Event: 2407.258 GC heap after
Heap after GC invocations=118 (full 35):
 PSYoungGen      total 62912K, used 0K [0x00000007ab800000, 0x00000007b1ec0000, 0x0000000800000000)
  eden space 62464K, 0% used [0x00000007ab800000,0x00000007ab800000,0x00000007af500000)
  from space 448K, 0% used [0x00000007af500000,0x00000007af500000,0x00000007af570000)
  to   space 21376K, 0% used [0x00000007b09e0000,0x00000007b09e0000,0x00000007b1ec0000)
 ParOldGen       total 173056K, used 92191K [0x0000000702800000, 0x000000070d100000, 0x00000007ab800000)
  object space 173056K, 53% used [0x0000000702800000,0x0000000708207ff0,0x000000070d100000)
 PSPermGen       total 48384K, used 47808K [0x00000006fd600000, 0x0000000700540000, 0x0000000702800000)
  object space 48384K, 98% used [0x00000006fd600000,0x00000007004b0180,0x0000000700540000)
}

