# JRE version: 7.0_25-b17
# Java VM: Java HotSpot(TM) 64-Bit Server VM (23.25-b01 mixed mode windows-amd64 compressed oops)
Heap
 PSYoungGen      total 406464K, used 551K [0x00000007accb0000, 0x00000007c9740000, 0x0000000800000000)
  eden space 345152K, 0% used [0x00000007accb0000,0x00000007acd39f70,0x00000007c1dc0000)
  from space 61312K, 0% used [0x00000007c5b60000,0x00000007c5b60000,0x00000007c9740000)
  to   space 62208K, 0% used [0x00000007c1dc0000,0x00000007c1dc0000,0x00000007c5a80000)
 ParOldGen       total 237056K, used 98067K [0x0000000706600000, 0x0000000714d80000, 0x00000007accb0000)
  object space 237056K, 41% used [0x0000000706600000,0x000000070c5c4f20,0x0000000714d80000)
 PSPermGen       total 80320K, used 47654K [0x0000000701400000, 0x0000000706270000, 0x0000000706600000)
  object space 80320K, 59% used [0x0000000701400000,0x0000000704289838,0x0000000706270000)
GC Heap History (10 events):
Event: 372.775 GC heap before
{Heap before GC invocations=28 (full 6):
 PSYoungGen      total 407808K, used 160K [0x00000007accb0000, 0x00000007c99a0000, 0x0000000800000000)
  eden space 344768K, 0% used [0x00000007accb0000,0x00000007accb0000,0x00000007c1d60000)
  from space 63040K, 0% used [0x00000007c5b50000,0x00000007c5b78000,0x00000007c98e0000)
  to   space 63424K, 0% used [0x00000007c1d60000,0x00000007c1d60000,0x00000007c5b50000)
 ParOldGen       total 237056K, used 98186K [0x0000000706600000, 0x0000000714d80000, 0x00000007accb0000)
  object space 237056K, 41% used [0x0000000706600000,0x000000070c5e28f8,0x0000000714d80000)
 PSPermGen       total 83968K, used 47643K [0x0000000701400000, 0x0000000706600000, 0x0000000706600000)
  object space 83968K, 56% used [0x0000000701400000,0x0000000704286e10,0x0000000706600000)
Event: 372.923 GC heap after
Heap after GC invocations=28 (full 6):
 PSYoungGen      total 407808K, used 0K [0x00000007accb0000, 0x00000007c99a0000, 0x0000000800000000)
  eden space 344768K, 0% used [0x00000007accb0000,0x00000007accb0000,0x00000007c1d60000)
  from space 63040K, 0% used [0x00000007c5b50000,0x00000007c5b50000,0x00000007c98e0000)
  to   space 63424K, 0% used [0x00000007c1d60000,0x00000007c1d60000,0x00000007c5b50000)
 ParOldGen       total 237056K, used 98063K [0x0000000706600000, 0x0000000714d80000, 0x00000007accb0000)
  object space 237056K, 41% used [0x0000000706600000,0x000000070c5c3e80,0x0000000714d80000)
 PSPermGen       total 83968K, used 47643K [0x0000000701400000, 0x0000000706600000, 0x0000000706600000)
  object space 83968K, 56% used [0x0000000701400000,0x0000000704286db0,0x0000000706600000)
}
Event: 432.794 GC heap before
{Heap before GC invocations=29 (full 6):
 PSYoungGen      total 407808K, used 13545K [0x00000007accb0000, 0x00000007c99a0000, 0x0000000800000000)
  eden space 344768K, 3% used [0x00000007accb0000,0x00000007ad9ea498,0x00000007c1d60000)
  from space 63040K, 0% used [0x00000007c5b50000,0x00000007c5b50000,0x00000007c98e0000)
  to   space 63424K, 0% used [0x00000007c1d60000,0x00000007c1d60000,0x00000007c5b50000)
 ParOldGen       total 237056K, used 98063K [0x0000000706600000, 0x0000000714d80000, 0x00000007accb0000)
  object space 237056K, 41% used [0x0000000706600000,0x000000070c5c3e80,0x0000000714d80000)
 PSPermGen       total 83968K, used 47654K [0x0000000701400000, 0x0000000706600000, 0x0000000706600000)
  object space 83968K, 56% used [0x0000000701400000,0x0000000704289918,0x0000000706600000)
Event: 432.796 GC heap after
Heap after GC invocations=29 (full 6):
 PSYoungGen      total 408192K, used 320K [0x00000007accb0000, 0x00000007c9900000, 0x0000000800000000)
  eden space 344768K, 0% used [0x00000007accb0000,0x00000007accb0000,0x00000007c1d60000)
  from space 63424K, 0% used [0x00000007c1d60000,0x00000007c1db0000,0x00000007c5b50000)
  to   space 63104K, 0% used [0x00000007c5b60000,0x00000007c5b60000,0x00000007c9900000)
 ParOldGen       total 237056K, used 98063K [0x0000000706600000, 0x0000000714d80000, 0x00000007accb0000)
  object space 237056K, 41% used [0x0000000706600000,0x000000070c5c3e80,0x0000000714d80000)
 PSPermGen       total 83968K, used 47654K [0x0000000701400000, 0x0000000706600000, 0x0000000706600000)
  object space 83968K, 56% used [0x0000000701400000,0x0000000704289918,0x0000000706600000)
}
Event: 432.796 GC heap before
{Heap before GC invocations=30 (full 7):
 PSYoungGen      total 408192K, used 320K [0x00000007accb0000, 0x00000007c9900000, 0x0000000800000000)
  eden space 344768K, 0% used [0x00000007accb0000,0x00000007accb0000,0x00000007c1d60000)
  from space 63424K, 0% used [0x00000007c1d60000,0x00000007c1db0000,0x00000007c5b50000)
  to   space 63104K, 0% used [0x00000007c5b60000,0x00000007c5b60000,0x00000007c9900000)
 ParOldGen       total 237056K, used 98063K [0x0000000706600000, 0x0000000714d80000, 0x00000007accb0000)
  object space 237056K, 41% used [0x0000000706600000,0x000000070c5c3e80,0x0000000714d80000)
 PSPermGen       total 83968K, used 47654K [0x0000000701400000, 0x0000000706600000, 0x0000000706600000)
  object space 83968K, 56% used [0x0000000701400000,0x0000000704289918,0x0000000706600000)
Event: 432.931 GC heap after
Heap after GC invocations=30 (full 7):
 PSYoungGen      total 408192K, used 0K [0x00000007accb0000, 0x00000007c9900000, 0x0000000800000000)
  eden space 344768K, 0% used [0x00000007accb0000,0x00000007accb0000,0x00000007c1d60000)
  from space 63424K, 0% used [0x00000007c1d60000,0x00000007c1d60000,0x00000007c5b50000)
  to   space 63104K, 0% used [0x00000007c5b60000,0x00000007c5b60000,0x00000007c9900000)
 ParOldGen       total 237056K, used 98078K [0x0000000706600000, 0x0000000714d80000, 0x00000007accb0000)
  object space 237056K, 41% used [0x0000000706600000,0x000000070c5c7850,0x0000000714d80000)
 PSPermGen       total 83968K, used 47654K [0x0000000701400000, 0x0000000706600000, 0x0000000706600000)
  object space 83968K, 56% used [0x0000000701400000,0x0000000704289838,0x0000000706600000)
}
Event: 492.795 GC heap before
{Heap before GC invocations=31 (full 7):
 PSYoungGen      total 408192K, used 6168K [0x00000007accb0000, 0x00000007c9900000, 0x0000000800000000)
  eden space 344768K, 1% used [0x00000007accb0000,0x00000007ad2b61d8,0x00000007c1d60000)
  from space 63424K, 0% used [0x00000007c1d60000,0x00000007c1d60000,0x00000007c5b50000)
  to   space 63104K, 0% used [0x00000007c5b60000,0x00000007c5b60000,0x00000007c9900000)
 ParOldGen       total 237056K, used 98078K [0x0000000706600000, 0x0000000714d80000, 0x00000007accb0000)
  object space 237056K, 41% used [0x0000000706600000,0x000000070c5c7850,0x0000000714d80000)
 PSPermGen       total 83968K, used 47654K [0x0000000701400000, 0x0000000706600000, 0x0000000706600000)
  object space 83968K, 56% used [0x0000000701400000,0x0000000704289838,0x0000000706600000)
Event: 492.797 GC heap after
Heap after GC invocations=31 (full 7):
 PSYoungGen      total 406464K, used 160K [0x00000007accb0000, 0x00000007c9740000, 0x0000000800000000)
  eden space 345152K, 0% used [0x00000007accb0000,0x00000007accb0000,0x00000007c1dc0000)
  from space 61312K, 0% used [0x00000007c5b60000,0x00000007c5b88000,0x00000007c9740000)
  to   space 62208K, 0% used [0x00000007c1dc0000,0x00000007c1dc0000,0x00000007c5a80000)
 ParOldGen       total 237056K, used 98078K [0x0000000706600000, 0x0000000714d80000, 0x00000007accb0000)
  object space 237056K, 41% used [0x0000000706600000,0x000000070c5c7850,0x0000000714d80000)
 PSPermGen       total 83968K, used 47654K [0x0000000701400000, 0x0000000706600000, 0x0000000706600000)
  object space 83968K, 56% used [0x0000000701400000,0x0000000704289838,0x0000000706600000)
}
Event: 492.797 GC heap before
{Heap before GC invocations=32 (full 8):
 PSYoungGen      total 406464K, used 160K [0x00000007accb0000, 0x00000007c9740000, 0x0000000800000000)
  eden space 345152K, 0% used [0x00000007accb0000,0x00000007accb0000,0x00000007c1dc0000)
  from space 61312K, 0% used [0x00000007c5b60000,0x00000007c5b88000,0x00000007c9740000)
  to   space 62208K, 0% used [0x00000007c1dc0000,0x00000007c1dc0000,0x00000007c5a80000)
 ParOldGen       total 237056K, used 98078K [0x0000000706600000, 0x0000000714d80000, 0x00000007accb0000)
  object space 237056K, 41% used [0x0000000706600000,0x000000070c5c7850,0x0000000714d80000)
 PSPermGen       total 83968K, used 47654K [0x0000000701400000, 0x0000000706600000, 0x0000000706600000)
  object space 83968K, 56% used [0x0000000701400000,0x0000000704289838,0x0000000706600000)
Event: 492.943 GC heap after
Heap after GC invocations=32 (full 8):
 PSYoungGen      total 406464K, used 0K [0x00000007accb0000, 0x00000007c9740000, 0x0000000800000000)
  eden space 345152K, 0% used [0x00000007accb0000,0x00000007accb0000,0x00000007c1dc0000)
  from space 61312K, 0% used [0x00000007c5b60000,0x00000007c5b60000,0x00000007c9740000)
  to   space 62208K, 0% used [0x00000007c1dc0000,0x00000007c1dc0000,0x00000007c5a80000)
 ParOldGen       total 237056K, used 98067K [0x0000000706600000, 0x0000000714d80000, 0x00000007accb0000)
  object space 237056K, 41% used [0x0000000706600000,0x000000070c5c4f20,0x0000000714d80000)
 PSPermGen       total 80320K, used 47654K [0x0000000701400000, 0x0000000706270000, 0x0000000706600000)
  object space 80320K, 59% used [0x0000000701400000,0x0000000704289838,0x0000000706270000)
}

