# JRE version: 7.0_25-b17
# Java VM: Java HotSpot(TM) 64-Bit Server VM (23.25-b01 mixed mode windows-amd64 compressed oops)
Heap
 PSYoungGen      total 465088K, used 111722K [0x00000007accb0000, 0x00000007cd630000, 0x0000000800000000)
  eden space 441728K, 22% used [0x00000007accb0000,0x00000007b2cf5bf8,0x00000007c7c10000)
  from space 23360K, 56% used [0x00000007cbf60000,0x00000007ccc34dd0,0x00000007cd630000)
  to   space 46144K, 0% used [0x00000007c7c10000,0x00000007c7c10000,0x00000007ca920000)
 ParOldGen       total 170368K, used 74694K [0x0000000706600000, 0x0000000710c60000, 0x00000007accb0000)
  object space 170368K, 43% used [0x0000000706600000,0x000000070aef18c8,0x0000000710c60000)
 PSPermGen       total 83968K, used 48507K [0x0000000701400000, 0x0000000706600000, 0x0000000706600000)
  object space 83968K, 57% used [0x0000000701400000,0x000000070435edf0,0x0000000706600000)
GC Heap History (10 events):
Event: 309.961 GC heap before
{Heap before GC invocations=17 (full 3):
 PSYoungGen      total 475776K, used 97711K [0x00000007accb0000, 0x00000007cf2a0000, 0x0000000800000000)
  eden space 462400K, 18% used [0x00000007accb0000,0x00000007b1f16278,0x00000007c9040000)
  from space 13376K, 99% used [0x00000007ca510000,0x00000007cb215c10,0x00000007cb220000)
  to   space 50368K, 0% used [0x00000007cc170000,0x00000007cc170000,0x00000007cf2a0000)
 ParOldGen       total 170368K, used 71695K [0x0000000706600000, 0x0000000710c60000, 0x00000007accb0000)
  object space 170368K, 42% used [0x0000000706600000,0x000000070ac03e60,0x0000000710c60000)
 PSPermGen       total 47552K, used 47471K [0x0000000701400000, 0x0000000704270000, 0x0000000706600000)
  object space 47552K, 99% used [0x0000000701400000,0x000000070425be28,0x0000000704270000)
Event: 309.964 GC heap after
Heap after GC invocations=17 (full 3):
 PSYoungGen      total 512384K, used 866K [0x00000007accb0000, 0x00000007cf360000, 0x0000000800000000)
  eden space 462016K, 0% used [0x00000007accb0000,0x00000007accb0000,0x00000007c8fe0000)
  from space 50368K, 1% used [0x00000007cc170000,0x00000007cc248bd8,0x00000007cf2a0000)
  to   space 50752K, 0% used [0x00000007c8fe0000,0x00000007c8fe0000,0x00000007cc170000)
 ParOldGen       total 170368K, used 83997K [0x0000000706600000, 0x0000000710c60000, 0x00000007accb0000)
  object space 170368K, 49% used [0x0000000706600000,0x000000070b807480,0x0000000710c60000)
 PSPermGen       total 47552K, used 47471K [0x0000000701400000, 0x0000000704270000, 0x0000000706600000)
  object space 47552K, 99% used [0x0000000701400000,0x000000070425be28,0x0000000704270000)
}
Event: 309.964 GC heap before
{Heap before GC invocations=18 (full 4):
 PSYoungGen      total 512384K, used 866K [0x00000007accb0000, 0x00000007cf360000, 0x0000000800000000)
  eden space 462016K, 0% used [0x00000007accb0000,0x00000007accb0000,0x00000007c8fe0000)
  from space 50368K, 1% used [0x00000007cc170000,0x00000007cc248bd8,0x00000007cf2a0000)
  to   space 50752K, 0% used [0x00000007c8fe0000,0x00000007c8fe0000,0x00000007cc170000)
 ParOldGen       total 170368K, used 83997K [0x0000000706600000, 0x0000000710c60000, 0x00000007accb0000)
  object space 170368K, 49% used [0x0000000706600000,0x000000070b807480,0x0000000710c60000)
 PSPermGen       total 47552K, used 47471K [0x0000000701400000, 0x0000000704270000, 0x0000000706600000)
  object space 47552K, 99% used [0x0000000701400000,0x000000070425be28,0x0000000704270000)
Event: 310.091 GC heap after
Heap after GC invocations=18 (full 4):
 PSYoungGen      total 512384K, used 0K [0x00000007accb0000, 0x00000007cf360000, 0x0000000800000000)
  eden space 462016K, 0% used [0x00000007accb0000,0x00000007accb0000,0x00000007c8fe0000)
  from space 50368K, 0% used [0x00000007cc170000,0x00000007cc170000,0x00000007cf2a0000)
  to   space 50752K, 0% used [0x00000007c8fe0000,0x00000007c8fe0000,0x00000007cc170000)
 ParOldGen       total 170368K, used 73389K [0x0000000706600000, 0x0000000710c60000, 0x00000007accb0000)
  object space 170368K, 43% used [0x0000000706600000,0x000000070adab688,0x0000000710c60000)
 PSPermGen       total 83968K, used 47469K [0x0000000701400000, 0x0000000706600000, 0x0000000706600000)
  object space 83968K, 56% used [0x0000000701400000,0x000000070425b608,0x0000000706600000)
}
Event: 370.119 GC heap before
{Heap before GC invocations=19 (full 4):
 PSYoungGen      total 512384K, used 442078K [0x00000007accb0000, 0x00000007cf360000, 0x0000000800000000)
  eden space 462016K, 95% used [0x00000007accb0000,0x00000007c7c67868,0x00000007c8fe0000)
  from space 50368K, 0% used [0x00000007cc170000,0x00000007cc170000,0x00000007cf2a0000)
  to   space 50752K, 0% used [0x00000007c8fe0000,0x00000007c8fe0000,0x00000007cc170000)
 ParOldGen       total 170368K, used 73389K [0x0000000706600000, 0x0000000710c60000, 0x00000007accb0000)
  object space 170368K, 43% used [0x0000000706600000,0x000000070adab688,0x0000000710c60000)
 PSPermGen       total 83968K, used 48480K [0x0000000701400000, 0x0000000706600000, 0x0000000706600000)
  object space 83968K, 57% used [0x0000000701400000,0x00000007043583f8,0x0000000706600000)
Event: 370.124 GC heap after
Heap after GC invocations=19 (full 4):
 PSYoungGen      total 476416K, used 14341K [0x00000007accb0000, 0x00000007cee80000, 0x0000000800000000)
  eden space 462016K, 0% used [0x00000007accb0000,0x00000007accb0000,0x00000007c8fe0000)
  from space 14400K, 99% used [0x00000007c8fe0000,0x00000007c9de1660,0x00000007c9df0000)
  to   space 48256K, 0% used [0x00000007cbf60000,0x00000007cbf60000,0x00000007cee80000)
 ParOldGen       total 170368K, used 73397K [0x0000000706600000, 0x0000000710c60000, 0x00000007accb0000)
  object space 170368K, 43% used [0x0000000706600000,0x000000070adad688,0x0000000710c60000)
 PSPermGen       total 83968K, used 48480K [0x0000000701400000, 0x0000000706600000, 0x0000000706600000)
  object space 83968K, 57% used [0x0000000701400000,0x00000007043583f8,0x0000000706600000)
}
Event: 370.124 GC heap before
{Heap before GC invocations=20 (full 5):
 PSYoungGen      total 476416K, used 14341K [0x00000007accb0000, 0x00000007cee80000, 0x0000000800000000)
  eden space 462016K, 0% used [0x00000007accb0000,0x00000007accb0000,0x00000007c8fe0000)
  from space 14400K, 99% used [0x00000007c8fe0000,0x00000007c9de1660,0x00000007c9df0000)
  to   space 48256K, 0% used [0x00000007cbf60000,0x00000007cbf60000,0x00000007cee80000)
 ParOldGen       total 170368K, used 73397K [0x0000000706600000, 0x0000000710c60000, 0x00000007accb0000)
  object space 170368K, 43% used [0x0000000706600000,0x000000070adad688,0x0000000710c60000)
 PSPermGen       total 83968K, used 48480K [0x0000000701400000, 0x0000000706600000, 0x0000000706600000)
  object space 83968K, 57% used [0x0000000701400000,0x00000007043583f8,0x0000000706600000)
Event: 370.208 GC heap after
Heap after GC invocations=20 (full 5):
 PSYoungGen      total 476416K, used 0K [0x00000007accb0000, 0x00000007cee80000, 0x0000000800000000)
  eden space 462016K, 0% used [0x00000007accb0000,0x00000007accb0000,0x00000007c8fe0000)
  from space 14400K, 0% used [0x00000007c8fe0000,0x00000007c8fe0000,0x00000007c9df0000)
  to   space 48256K, 0% used [0x00000007cbf60000,0x00000007cbf60000,0x00000007cee80000)
 ParOldGen       total 170368K, used 74694K [0x0000000706600000, 0x0000000710c60000, 0x00000007accb0000)
  object space 170368K, 43% used [0x0000000706600000,0x000000070aef18c8,0x0000000710c60000)
 PSPermGen       total 83968K, used 48479K [0x0000000701400000, 0x0000000706600000, 0x0000000706600000)
  object space 83968K, 57% used [0x0000000701400000,0x0000000704357da8,0x0000000706600000)
}
Event: 406.982 GC heap before
{Heap before GC invocations=21 (full 5):
 PSYoungGen      total 476416K, used 462016K [0x00000007accb0000, 0x00000007cee80000, 0x0000000800000000)
  eden space 462016K, 100% used [0x00000007accb0000,0x00000007c8fe0000,0x00000007c8fe0000)
  from space 14400K, 0% used [0x00000007c8fe0000,0x00000007c8fe0000,0x00000007c9df0000)
  to   space 48256K, 0% used [0x00000007cbf60000,0x00000007cbf60000,0x00000007cee80000)
 ParOldGen       total 170368K, used 74694K [0x0000000706600000, 0x0000000710c60000, 0x00000007accb0000)
  object space 170368K, 43% used [0x0000000706600000,0x000000070aef18c8,0x0000000710c60000)
 PSPermGen       total 83968K, used 48489K [0x0000000701400000, 0x0000000706600000, 0x0000000706600000)
  object space 83968K, 57% used [0x0000000701400000,0x000000070435a4a8,0x0000000706600000)
Event: 406.987 GC heap after
Heap after GC invocations=21 (full 5):
 PSYoungGen      total 465088K, used 13139K [0x00000007accb0000, 0x00000007cd630000, 0x0000000800000000)
  eden space 441728K, 0% used [0x00000007accb0000,0x00000007accb0000,0x00000007c7c10000)
  from space 23360K, 56% used [0x00000007cbf60000,0x00000007ccc34dd0,0x00000007cd630000)
  to   space 46144K, 0% used [0x00000007c7c10000,0x00000007c7c10000,0x00000007ca920000)
 ParOldGen       total 170368K, used 74694K [0x0000000706600000, 0x0000000710c60000, 0x00000007accb0000)
  object space 170368K, 43% used [0x0000000706600000,0x000000070aef18c8,0x0000000710c60000)
 PSPermGen       total 83968K, used 48489K [0x0000000701400000, 0x0000000706600000, 0x0000000706600000)
  object space 83968K, 57% used [0x0000000701400000,0x000000070435a4a8,0x0000000706600000)
}

