# JRE version: 7.0_25-b17
# Java VM: Java HotSpot(TM) 64-Bit Server VM (23.25-b01 mixed mode windows-amd64 compressed oops)
Heap
 PSYoungGen      total 223808K, used 121262K [0x00000007ab800000, 0x00000007bbfd0000, 0x0000000800000000)
  eden space 204608K, 49% used [0x00000007ab800000,0x00000007b1bb0620,0x00000007b7fd0000)
  from space 19200K, 99% used [0x00000007b87c0000,0x00000007b9a7b3a0,0x00000007b9a80000)
  to   space 32768K, 0% used [0x00000007b9fd0000,0x00000007b9fd0000,0x00000007bbfd0000)
 ParOldGen       total 173056K, used 85278K [0x0000000702800000, 0x000000070d100000, 0x00000007ab800000)
  object space 173056K, 49% used [0x0000000702800000,0x0000000707b47880,0x000000070d100000)
 PSPermGen       total 64960K, used 46798K [0x00000006fd600000, 0x0000000701570000, 0x0000000702800000)
  object space 64960K, 72% used [0x00000006fd600000,0x00000007003b38c8,0x0000000701570000)
GC Heap History (10 events):
Event: 680.327 GC heap before
{Heap before GC invocations=35 (full 10):
 PSYoungGen      total 244480K, used 6328K [0x00000007ab800000, 0x00000007bc820000, 0x0000000800000000)
  eden space 212736K, 2% used [0x00000007ab800000,0x00000007abe2e290,0x00000007b87c0000)
  from space 31744K, 0% used [0x00000007ba920000,0x00000007ba920000,0x00000007bc820000)
  to   space 32960K, 0% used [0x00000007b87c0000,0x00000007b87c0000,0x00000007ba7f0000)
 ParOldGen       total 173056K, used 85278K [0x0000000702800000, 0x000000070d100000, 0x00000007ab800000)
  object space 173056K, 49% used [0x0000000702800000,0x0000000707b47838,0x000000070d100000)
 PSPermGen       total 70784K, used 46669K [0x00000006fd600000, 0x0000000701b20000, 0x0000000702800000)
  object space 70784K, 65% used [0x00000006fd600000,0x0000000700393710,0x0000000701b20000)
Event: 680.329 GC heap after
Heap after GC invocations=35 (full 10):
 PSYoungGen      total 212864K, used 128K [0x00000007ab800000, 0x00000007bc5a0000, 0x0000000800000000)
  eden space 212736K, 0% used [0x00000007ab800000,0x00000007ab800000,0x00000007b87c0000)
  from space 128K, 100% used [0x00000007b87c0000,0x00000007b87e0000,0x00000007b87e0000)
  to   space 31680K, 0% used [0x00000007ba6b0000,0x00000007ba6b0000,0x00000007bc5a0000)
 ParOldGen       total 173056K, used 85278K [0x0000000702800000, 0x000000070d100000, 0x00000007ab800000)
  object space 173056K, 49% used [0x0000000702800000,0x0000000707b47838,0x000000070d100000)
 PSPermGen       total 70784K, used 46669K [0x00000006fd600000, 0x0000000701b20000, 0x0000000702800000)
  object space 70784K, 65% used [0x00000006fd600000,0x0000000700393710,0x0000000701b20000)
}
Event: 680.329 GC heap before
{Heap before GC invocations=36 (full 11):
 PSYoungGen      total 212864K, used 128K [0x00000007ab800000, 0x00000007bc5a0000, 0x0000000800000000)
  eden space 212736K, 0% used [0x00000007ab800000,0x00000007ab800000,0x00000007b87c0000)
  from space 128K, 100% used [0x00000007b87c0000,0x00000007b87e0000,0x00000007b87e0000)
  to   space 31680K, 0% used [0x00000007ba6b0000,0x00000007ba6b0000,0x00000007bc5a0000)
 ParOldGen       total 173056K, used 85278K [0x0000000702800000, 0x000000070d100000, 0x00000007ab800000)
  object space 173056K, 49% used [0x0000000702800000,0x0000000707b47838,0x000000070d100000)
 PSPermGen       total 70784K, used 46669K [0x00000006fd600000, 0x0000000701b20000, 0x0000000702800000)
  object space 70784K, 65% used [0x00000006fd600000,0x0000000700393710,0x0000000701b20000)
Event: 680.388 GC heap after
Heap after GC invocations=36 (full 11):
 PSYoungGen      total 212864K, used 0K [0x00000007ab800000, 0x00000007bc5a0000, 0x0000000800000000)
  eden space 212736K, 0% used [0x00000007ab800000,0x00000007ab800000,0x00000007b87c0000)
  from space 128K, 0% used [0x00000007b87c0000,0x00000007b87c0000,0x00000007b87e0000)
  to   space 31680K, 0% used [0x00000007ba6b0000,0x00000007ba6b0000,0x00000007bc5a0000)
 ParOldGen       total 173056K, used 85278K [0x0000000702800000, 0x000000070d100000, 0x00000007ab800000)
  object space 173056K, 49% used [0x0000000702800000,0x0000000707b47838,0x000000070d100000)
 PSPermGen       total 67712K, used 46669K [0x00000006fd600000, 0x0000000701820000, 0x0000000702800000)
  object space 67712K, 68% used [0x00000006fd600000,0x0000000700393710,0x0000000701820000)
}
Event: 740.340 GC heap before
{Heap before GC invocations=37 (full 11):
 PSYoungGen      total 212864K, used 6350K [0x00000007ab800000, 0x00000007bc5a0000, 0x0000000800000000)
  eden space 212736K, 2% used [0x00000007ab800000,0x00000007abe33988,0x00000007b87c0000)
  from space 128K, 0% used [0x00000007b87c0000,0x00000007b87c0000,0x00000007b87e0000)
  to   space 31680K, 0% used [0x00000007ba6b0000,0x00000007ba6b0000,0x00000007bc5a0000)
 ParOldGen       total 173056K, used 85278K [0x0000000702800000, 0x000000070d100000, 0x00000007ab800000)
  object space 173056K, 49% used [0x0000000702800000,0x0000000707b47838,0x000000070d100000)
 PSPermGen       total 67712K, used 46669K [0x00000006fd600000, 0x0000000701820000, 0x0000000702800000)
  object space 67712K, 68% used [0x00000006fd600000,0x0000000700393710,0x0000000701820000)
Event: 740.343 GC heap after
Heap after GC invocations=37 (full 11):
 PSYoungGen      total 241728K, used 64K [0x00000007ab800000, 0x00000007bc300000, 0x0000000800000000)
  eden space 212736K, 0% used [0x00000007ab800000,0x00000007ab800000,0x00000007b87c0000)
  from space 28992K, 0% used [0x00000007ba6b0000,0x00000007ba6c0000,0x00000007bc300000)
  to   space 30336K, 0% used [0x00000007b87c0000,0x00000007b87c0000,0x00000007ba560000)
 ParOldGen       total 173056K, used 85278K [0x0000000702800000, 0x000000070d100000, 0x00000007ab800000)
  object space 173056K, 49% used [0x0000000702800000,0x0000000707b47838,0x000000070d100000)
 PSPermGen       total 67712K, used 46669K [0x00000006fd600000, 0x0000000701820000, 0x0000000702800000)
  object space 67712K, 68% used [0x00000006fd600000,0x0000000700393710,0x0000000701820000)
}
Event: 740.343 GC heap before
{Heap before GC invocations=38 (full 12):
 PSYoungGen      total 241728K, used 64K [0x00000007ab800000, 0x00000007bc300000, 0x0000000800000000)
  eden space 212736K, 0% used [0x00000007ab800000,0x00000007ab800000,0x00000007b87c0000)
  from space 28992K, 0% used [0x00000007ba6b0000,0x00000007ba6c0000,0x00000007bc300000)
  to   space 30336K, 0% used [0x00000007b87c0000,0x00000007b87c0000,0x00000007ba560000)
 ParOldGen       total 173056K, used 85278K [0x0000000702800000, 0x000000070d100000, 0x00000007ab800000)
  object space 173056K, 49% used [0x0000000702800000,0x0000000707b47838,0x000000070d100000)
 PSPermGen       total 67712K, used 46669K [0x00000006fd600000, 0x0000000701820000, 0x0000000702800000)
  object space 67712K, 68% used [0x00000006fd600000,0x0000000700393710,0x0000000701820000)
Event: 740.404 GC heap after
Heap after GC invocations=38 (full 12):
 PSYoungGen      total 241728K, used 0K [0x00000007ab800000, 0x00000007bc300000, 0x0000000800000000)
  eden space 212736K, 0% used [0x00000007ab800000,0x00000007ab800000,0x00000007b87c0000)
  from space 28992K, 0% used [0x00000007ba6b0000,0x00000007ba6b0000,0x00000007bc300000)
  to   space 30336K, 0% used [0x00000007b87c0000,0x00000007b87c0000,0x00000007ba560000)
 ParOldGen       total 173056K, used 85278K [0x0000000702800000, 0x000000070d100000, 0x00000007ab800000)
  object space 173056K, 49% used [0x0000000702800000,0x0000000707b47880,0x000000070d100000)
 PSPermGen       total 64960K, used 46669K [0x00000006fd600000, 0x0000000701570000, 0x0000000702800000)
  object space 64960K, 71% used [0x00000006fd600000,0x0000000700393710,0x0000000701570000)
}
Event: 773.275 GC heap before
{Heap before GC invocations=39 (full 12):
 PSYoungGen      total 241728K, used 212736K [0x00000007ab800000, 0x00000007bc300000, 0x0000000800000000)
  eden space 212736K, 100% used [0x00000007ab800000,0x00000007b87c0000,0x00000007b87c0000)
  from space 28992K, 0% used [0x00000007ba6b0000,0x00000007ba6b0000,0x00000007bc300000)
  to   space 30336K, 0% used [0x00000007b87c0000,0x00000007b87c0000,0x00000007ba560000)
 ParOldGen       total 173056K, used 85278K [0x0000000702800000, 0x000000070d100000, 0x00000007ab800000)
  object space 173056K, 49% used [0x0000000702800000,0x0000000707b47880,0x000000070d100000)
 PSPermGen       total 64960K, used 46785K [0x00000006fd600000, 0x0000000701570000, 0x0000000702800000)
  object space 64960K, 72% used [0x00000006fd600000,0x00000007003b0470,0x0000000701570000)
Event: 773.279 GC heap after
Heap after GC invocations=39 (full 12):
 PSYoungGen      total 223808K, used 19180K [0x00000007ab800000, 0x00000007bbfd0000, 0x0000000800000000)
  eden space 204608K, 0% used [0x00000007ab800000,0x00000007ab800000,0x00000007b7fd0000)
  from space 19200K, 99% used [0x00000007b87c0000,0x00000007b9a7b3a0,0x00000007b9a80000)
  to   space 32768K, 0% used [0x00000007b9fd0000,0x00000007b9fd0000,0x00000007bbfd0000)
 ParOldGen       total 173056K, used 85278K [0x0000000702800000, 0x000000070d100000, 0x00000007ab800000)
  object space 173056K, 49% used [0x0000000702800000,0x0000000707b47880,0x000000070d100000)
 PSPermGen       total 64960K, used 46785K [0x00000006fd600000, 0x0000000701570000, 0x0000000702800000)
  object space 64960K, 72% used [0x00000006fd600000,0x00000007003b0470,0x0000000701570000)
}

