# JRE version: 7.0_25-b17
# Java VM: Java HotSpot(TM) 64-Bit Server VM (23.25-b01 mixed mode windows-amd64 compressed oops)
Heap
 PSYoungGen      total 662656K, used 69286K [0x00000007ab800000, 0x00000007d3f50000, 0x0000000800000000)
  eden space 662464K, 10% used [0x00000007ab800000,0x00000007afba98d8,0x00000007d3ef0000)
  from space 192K, 0% used [0x00000007d3f20000,0x00000007d3f20000,0x00000007d3f50000)
  to   space 192K, 0% used [0x00000007d3ef0000,0x00000007d3ef0000,0x00000007d3f20000)
 ParOldGen       total 173056K, used 78733K [0x0000000702800000, 0x000000070d100000, 0x00000007ab800000)
  object space 173056K, 45% used [0x0000000702800000,0x00000007074e3760,0x000000070d100000)
 PSPermGen       total 46848K, used 46738K [0x00000006fd600000, 0x00000007003c0000, 0x0000000702800000)
  object space 46848K, 99% used [0x00000006fd600000,0x00000007003a49a8,0x00000007003c0000)
GC Heap History (10 events):
Event: 33966.531 GC heap before
{Heap before GC invocations=1144 (full 566):
 PSYoungGen      total 662656K, used 96K [0x00000007ab800000, 0x00000007d3f50000, 0x0000000800000000)
  eden space 662464K, 0% used [0x00000007ab800000,0x00000007ab800000,0x00000007d3ef0000)
  from space 192K, 50% used [0x00000007d3f20000,0x00000007d3f38000,0x00000007d3f50000)
  to   space 192K, 0% used [0x00000007d3ef0000,0x00000007d3ef0000,0x00000007d3f20000)
 ParOldGen       total 173056K, used 78682K [0x0000000702800000, 0x000000070d100000, 0x00000007ab800000)
  object space 173056K, 45% used [0x0000000702800000,0x00000007074d6ba8,0x000000070d100000)
 PSPermGen       total 46656K, used 46610K [0x00000006fd600000, 0x0000000700390000, 0x0000000702800000)
  object space 46656K, 99% used [0x00000006fd600000,0x0000000700384bc8,0x0000000700390000)
Event: 33966.588 GC heap after
Heap after GC invocations=1144 (full 566):
 PSYoungGen      total 662656K, used 0K [0x00000007ab800000, 0x00000007d3f50000, 0x0000000800000000)
  eden space 662464K, 0% used [0x00000007ab800000,0x00000007ab800000,0x00000007d3ef0000)
  from space 192K, 0% used [0x00000007d3f20000,0x00000007d3f20000,0x00000007d3f50000)
  to   space 192K, 0% used [0x00000007d3ef0000,0x00000007d3ef0000,0x00000007d3f20000)
 ParOldGen       total 173056K, used 78682K [0x0000000702800000, 0x000000070d100000, 0x00000007ab800000)
  object space 173056K, 45% used [0x0000000702800000,0x00000007074d6ba8,0x000000070d100000)
 PSPermGen       total 46656K, used 46610K [0x00000006fd600000, 0x0000000700390000, 0x0000000702800000)
  object space 46656K, 99% used [0x00000006fd600000,0x0000000700384bc8,0x0000000700390000)
}
Event: 34026.541 GC heap before
{Heap before GC invocations=1145 (full 566):
 PSYoungGen      total 662656K, used 21989K [0x00000007ab800000, 0x00000007d3f50000, 0x0000000800000000)
  eden space 662464K, 3% used [0x00000007ab800000,0x00000007acd79558,0x00000007d3ef0000)
  from space 192K, 0% used [0x00000007d3f20000,0x00000007d3f20000,0x00000007d3f50000)
  to   space 192K, 0% used [0x00000007d3ef0000,0x00000007d3ef0000,0x00000007d3f20000)
 ParOldGen       total 173056K, used 78682K [0x0000000702800000, 0x000000070d100000, 0x00000007ab800000)
  object space 173056K, 45% used [0x0000000702800000,0x00000007074d6ba8,0x000000070d100000)
 PSPermGen       total 46656K, used 46610K [0x00000006fd600000, 0x0000000700390000, 0x0000000702800000)
  object space 46656K, 99% used [0x00000006fd600000,0x0000000700384bc8,0x0000000700390000)
Event: 34026.542 GC heap after
Heap after GC invocations=1145 (full 566):
 PSYoungGen      total 662656K, used 64K [0x00000007ab800000, 0x00000007d3f50000, 0x0000000800000000)
  eden space 662464K, 0% used [0x00000007ab800000,0x00000007ab800000,0x00000007d3ef0000)
  from space 192K, 33% used [0x00000007d3ef0000,0x00000007d3f00000,0x00000007d3f20000)
  to   space 192K, 0% used [0x00000007d3f20000,0x00000007d3f20000,0x00000007d3f50000)
 ParOldGen       total 173056K, used 78682K [0x0000000702800000, 0x000000070d100000, 0x00000007ab800000)
  object space 173056K, 45% used [0x0000000702800000,0x00000007074d6ba8,0x000000070d100000)
 PSPermGen       total 46656K, used 46610K [0x00000006fd600000, 0x0000000700390000, 0x0000000702800000)
  object space 46656K, 99% used [0x00000006fd600000,0x0000000700384bc8,0x0000000700390000)
}
Event: 34026.542 GC heap before
{Heap before GC invocations=1146 (full 567):
 PSYoungGen      total 662656K, used 64K [0x00000007ab800000, 0x00000007d3f50000, 0x0000000800000000)
  eden space 662464K, 0% used [0x00000007ab800000,0x00000007ab800000,0x00000007d3ef0000)
  from space 192K, 33% used [0x00000007d3ef0000,0x00000007d3f00000,0x00000007d3f20000)
  to   space 192K, 0% used [0x00000007d3f20000,0x00000007d3f20000,0x00000007d3f50000)
 ParOldGen       total 173056K, used 78682K [0x0000000702800000, 0x000000070d100000, 0x00000007ab800000)
  object space 173056K, 45% used [0x0000000702800000,0x00000007074d6ba8,0x000000070d100000)
 PSPermGen       total 46656K, used 46610K [0x00000006fd600000, 0x0000000700390000, 0x0000000702800000)
  object space 46656K, 99% used [0x00000006fd600000,0x0000000700384bc8,0x0000000700390000)
Event: 34026.598 GC heap after
Heap after GC invocations=1146 (full 567):
 PSYoungGen      total 662656K, used 0K [0x00000007ab800000, 0x00000007d3f50000, 0x0000000800000000)
  eden space 662464K, 0% used [0x00000007ab800000,0x00000007ab800000,0x00000007d3ef0000)
  from space 192K, 0% used [0x00000007d3ef0000,0x00000007d3ef0000,0x00000007d3f20000)
  to   space 192K, 0% used [0x00000007d3f20000,0x00000007d3f20000,0x00000007d3f50000)
 ParOldGen       total 173056K, used 78682K [0x0000000702800000, 0x000000070d100000, 0x00000007ab800000)
  object space 173056K, 45% used [0x0000000702800000,0x00000007074d6ba8,0x000000070d100000)
 PSPermGen       total 46656K, used 46610K [0x00000006fd600000, 0x0000000700390000, 0x0000000702800000)
  object space 46656K, 99% used [0x00000006fd600000,0x0000000700384bc8,0x0000000700390000)
}
Event: 34086.550 GC heap before
{Heap before GC invocations=1147 (full 567):
 PSYoungGen      total 662656K, used 21990K [0x00000007ab800000, 0x00000007d3f50000, 0x0000000800000000)
  eden space 662464K, 3% used [0x00000007ab800000,0x00000007acd79978,0x00000007d3ef0000)
  from space 192K, 0% used [0x00000007d3ef0000,0x00000007d3ef0000,0x00000007d3f20000)
  to   space 192K, 0% used [0x00000007d3f20000,0x00000007d3f20000,0x00000007d3f50000)
 ParOldGen       total 173056K, used 78682K [0x0000000702800000, 0x000000070d100000, 0x00000007ab800000)
  object space 173056K, 45% used [0x0000000702800000,0x00000007074d6ba8,0x000000070d100000)
 PSPermGen       total 46656K, used 46610K [0x00000006fd600000, 0x0000000700390000, 0x0000000702800000)
  object space 46656K, 99% used [0x00000006fd600000,0x0000000700384bc8,0x0000000700390000)
Event: 34086.552 GC heap after
Heap after GC invocations=1147 (full 567):
 PSYoungGen      total 662656K, used 160K [0x00000007ab800000, 0x00000007d3f50000, 0x0000000800000000)
  eden space 662464K, 0% used [0x00000007ab800000,0x00000007ab800000,0x00000007d3ef0000)
  from space 192K, 83% used [0x00000007d3f20000,0x00000007d3f48000,0x00000007d3f50000)
  to   space 192K, 0% used [0x00000007d3ef0000,0x00000007d3ef0000,0x00000007d3f20000)
 ParOldGen       total 173056K, used 78682K [0x0000000702800000, 0x000000070d100000, 0x00000007ab800000)
  object space 173056K, 45% used [0x0000000702800000,0x00000007074d6ba8,0x000000070d100000)
 PSPermGen       total 46656K, used 46610K [0x00000006fd600000, 0x0000000700390000, 0x0000000702800000)
  object space 46656K, 99% used [0x00000006fd600000,0x0000000700384bc8,0x0000000700390000)
}
Event: 34086.552 GC heap before
{Heap before GC invocations=1148 (full 568):
 PSYoungGen      total 662656K, used 160K [0x00000007ab800000, 0x00000007d3f50000, 0x0000000800000000)
  eden space 662464K, 0% used [0x00000007ab800000,0x00000007ab800000,0x00000007d3ef0000)
  from space 192K, 83% used [0x00000007d3f20000,0x00000007d3f48000,0x00000007d3f50000)
  to   space 192K, 0% used [0x00000007d3ef0000,0x00000007d3ef0000,0x00000007d3f20000)
 ParOldGen       total 173056K, used 78682K [0x0000000702800000, 0x000000070d100000, 0x00000007ab800000)
  object space 173056K, 45% used [0x0000000702800000,0x00000007074d6ba8,0x000000070d100000)
 PSPermGen       total 46656K, used 46610K [0x00000006fd600000, 0x0000000700390000, 0x0000000702800000)
  object space 46656K, 99% used [0x00000006fd600000,0x0000000700384bc8,0x0000000700390000)
Event: 34086.679 GC heap after
Heap after GC invocations=1148 (full 568):
 PSYoungGen      total 662656K, used 0K [0x00000007ab800000, 0x00000007d3f50000, 0x0000000800000000)
  eden space 662464K, 0% used [0x00000007ab800000,0x00000007ab800000,0x00000007d3ef0000)
  from space 192K, 0% used [0x00000007d3f20000,0x00000007d3f20000,0x00000007d3f50000)
  to   space 192K, 0% used [0x00000007d3ef0000,0x00000007d3ef0000,0x00000007d3f20000)
 ParOldGen       total 173056K, used 78733K [0x0000000702800000, 0x000000070d100000, 0x00000007ab800000)
  object space 173056K, 45% used [0x0000000702800000,0x00000007074e3760,0x000000070d100000)
 PSPermGen       total 46656K, used 46610K [0x00000006fd600000, 0x0000000700390000, 0x0000000702800000)
  object space 46656K, 99% used [0x00000006fd600000,0x0000000700384bc8,0x0000000700390000)
}

