# JRE version: 7.0_25-b17
# Java VM: Java HotSpot(TM) 64-Bit Server VM (23.25-b01 mixed mode windows-amd64 compressed oops)
Heap
 PSYoungGen      total 39232K, used 31755K [0x00000007ab800000, 0x00000007af0e0000, 0x0000000800000000)
  eden space 26368K, 74% used [0x00000007ab800000,0x00000007acb1ddc8,0x00000007ad1c0000)
  from space 12864K, 94% used [0x00000007ae050000,0x00000007aec351b8,0x00000007aece0000)
  to   space 14912K, 0% used [0x00000007ad1c0000,0x00000007ad1c0000,0x00000007ae050000)
 ParOldGen       total 193152K, used 117721K [0x0000000702800000, 0x000000070e4a0000, 0x00000007ab800000)
  object space 193152K, 60% used [0x0000000702800000,0x0000000709af65b8,0x000000070e4a0000)
 PSPermGen       total 47936K, used 47651K [0x00000006fd600000, 0x00000007004d0000, 0x0000000702800000)
  object space 47936K, 99% used [0x00000006fd600000,0x0000000700488c30,0x00000007004d0000)
GC Heap History (10 events):
Event: 3126.048 GC heap before
{Heap before GC invocations=389 (full 49):
 PSYoungGen      total 29760K, used 27071K [0x00000007ab800000, 0x00000007ae6c0000, 0x0000000800000000)
  eden space 17792K, 100% used [0x00000007ab800000,0x00000007ac960000,0x00000007ac960000)
  from space 11968K, 77% used [0x00000007ac960000,0x00000007ad26fc58,0x00000007ad510000)
  to   space 13312K, 0% used [0x00000007ad9c0000,0x00000007ad9c0000,0x00000007ae6c0000)
 ParOldGen       total 193152K, used 112167K [0x0000000702800000, 0x000000070e4a0000, 0x00000007ab800000)
  object space 193152K, 58% used [0x0000000702800000,0x0000000709589c98,0x000000070e4a0000)
 PSPermGen       total 47936K, used 47651K [0x00000006fd600000, 0x00000007004d0000, 0x0000000702800000)
  object space 47936K, 99% used [0x00000006fd600000,0x0000000700488c30,0x00000007004d0000)
Event: 3126.052 GC heap after
Heap after GC invocations=389 (full 49):
 PSYoungGen      total 34304K, used 6019K [0x00000007ab800000, 0x00000007ae690000, 0x0000000800000000)
  eden space 21184K, 0% used [0x00000007ab800000,0x00000007ab800000,0x00000007accb0000)
  from space 13120K, 45% used [0x00000007ad9c0000,0x00000007adfa0e50,0x00000007ae690000)
  to   space 13248K, 0% used [0x00000007accb0000,0x00000007accb0000,0x00000007ad9a0000)
 ParOldGen       total 193152K, used 114593K [0x0000000702800000, 0x000000070e4a0000, 0x00000007ab800000)
  object space 193152K, 59% used [0x0000000702800000,0x00000007097e8790,0x000000070e4a0000)
 PSPermGen       total 47936K, used 47651K [0x00000006fd600000, 0x00000007004d0000, 0x0000000702800000)
  object space 47936K, 99% used [0x00000006fd600000,0x0000000700488c30,0x00000007004d0000)
}
Event: 3126.123 GC heap before
{Heap before GC invocations=390 (full 49):
 PSYoungGen      total 34304K, used 26956K [0x00000007ab800000, 0x00000007ae690000, 0x0000000800000000)
  eden space 21184K, 98% used [0x00000007ab800000,0x00000007acc72398,0x00000007accb0000)
  from space 13120K, 45% used [0x00000007ad9c0000,0x00000007adfa0e50,0x00000007ae690000)
  to   space 13248K, 0% used [0x00000007accb0000,0x00000007accb0000,0x00000007ad9a0000)
 ParOldGen       total 193152K, used 114593K [0x0000000702800000, 0x000000070e4a0000, 0x00000007ab800000)
  object space 193152K, 59% used [0x0000000702800000,0x00000007097e8790,0x000000070e4a0000)
 PSPermGen       total 47936K, used 47651K [0x00000006fd600000, 0x00000007004d0000, 0x0000000702800000)
  object space 47936K, 99% used [0x00000006fd600000,0x0000000700488c30,0x00000007004d0000)
Event: 3126.125 GC heap after
Heap after GC invocations=390 (full 49):
 PSYoungGen      total 34432K, used 3083K [0x00000007ab800000, 0x00000007ae8f0000, 0x0000000800000000)
  eden space 21184K, 0% used [0x00000007ab800000,0x00000007ab800000,0x00000007accb0000)
  from space 13248K, 23% used [0x00000007accb0000,0x00000007acfb2e60,0x00000007ad9a0000)
  to   space 12480K, 0% used [0x00000007adcc0000,0x00000007adcc0000,0x00000007ae8f0000)
 ParOldGen       total 193152K, used 115851K [0x0000000702800000, 0x000000070e4a0000, 0x00000007ab800000)
  object space 193152K, 59% used [0x0000000702800000,0x0000000709922e88,0x000000070e4a0000)
 PSPermGen       total 47936K, used 47651K [0x00000006fd600000, 0x00000007004d0000, 0x0000000702800000)
  object space 47936K, 99% used [0x00000006fd600000,0x0000000700488c30,0x00000007004d0000)
}
Event: 3126.257 GC heap before
{Heap before GC invocations=391 (full 49):
 PSYoungGen      total 34432K, used 24267K [0x00000007ab800000, 0x00000007ae8f0000, 0x0000000800000000)
  eden space 21184K, 100% used [0x00000007ab800000,0x00000007accb0000,0x00000007accb0000)
  from space 13248K, 23% used [0x00000007accb0000,0x00000007acfb2e60,0x00000007ad9a0000)
  to   space 12480K, 0% used [0x00000007adcc0000,0x00000007adcc0000,0x00000007ae8f0000)
 ParOldGen       total 193152K, used 115851K [0x0000000702800000, 0x000000070e4a0000, 0x00000007ab800000)
  object space 193152K, 59% used [0x0000000702800000,0x0000000709922e88,0x000000070e4a0000)
 PSPermGen       total 47936K, used 47651K [0x00000006fd600000, 0x00000007004d0000, 0x0000000702800000)
  object space 47936K, 99% used [0x00000006fd600000,0x0000000700488c30,0x00000007004d0000)
Event: 3126.260 GC heap after
Heap after GC invocations=391 (full 49):
 PSYoungGen      total 36544K, used 9120K [0x00000007ab800000, 0x00000007aeb10000, 0x0000000800000000)
  eden space 24064K, 0% used [0x00000007ab800000,0x00000007ab800000,0x00000007acf80000)
  from space 12480K, 73% used [0x00000007adcc0000,0x00000007ae5a8228,0x00000007ae8f0000)
  to   space 13568K, 0% used [0x00000007acf80000,0x00000007acf80000,0x00000007adcc0000)
 ParOldGen       total 193152K, used 116083K [0x0000000702800000, 0x000000070e4a0000, 0x00000007ab800000)
  object space 193152K, 60% used [0x0000000702800000,0x000000070995ce88,0x000000070e4a0000)
 PSPermGen       total 47936K, used 47651K [0x00000006fd600000, 0x00000007004d0000, 0x0000000702800000)
  object space 47936K, 99% used [0x00000006fd600000,0x0000000700488c30,0x00000007004d0000)
}
Event: 3128.313 GC heap before
{Heap before GC invocations=392 (full 49):
 PSYoungGen      total 36544K, used 31808K [0x00000007ab800000, 0x00000007aeb10000, 0x0000000800000000)
  eden space 24064K, 94% used [0x00000007ab800000,0x00000007ace28058,0x00000007acf80000)
  from space 12480K, 73% used [0x00000007adcc0000,0x00000007ae5a8228,0x00000007ae8f0000)
  to   space 13568K, 0% used [0x00000007acf80000,0x00000007acf80000,0x00000007adcc0000)
 ParOldGen       total 193152K, used 116083K [0x0000000702800000, 0x000000070e4a0000, 0x00000007ab800000)
  object space 193152K, 60% used [0x0000000702800000,0x000000070995ce88,0x000000070e4a0000)
 PSPermGen       total 47936K, used 47651K [0x00000006fd600000, 0x00000007004d0000, 0x0000000702800000)
  object space 47936K, 99% used [0x00000006fd600000,0x0000000700488c30,0x00000007004d0000)
Event: 3128.315 GC heap after
Heap after GC invocations=392 (full 49):
 PSYoungGen      total 37632K, used 3083K [0x00000007ab800000, 0x00000007aece0000, 0x0000000800000000)
  eden space 24064K, 0% used [0x00000007ab800000,0x00000007ab800000,0x00000007acf80000)
  from space 13568K, 22% used [0x00000007acf80000,0x00000007ad282e60,0x00000007adcc0000)
  to   space 12864K, 0% used [0x00000007ae050000,0x00000007ae050000,0x00000007aece0000)
 ParOldGen       total 193152K, used 117481K [0x0000000702800000, 0x000000070e4a0000, 0x00000007ab800000)
  object space 193152K, 60% used [0x0000000702800000,0x0000000709aba5b8,0x000000070e4a0000)
 PSPermGen       total 47936K, used 47651K [0x00000006fd600000, 0x00000007004d0000, 0x0000000702800000)
  object space 47936K, 99% used [0x00000006fd600000,0x0000000700488c30,0x00000007004d0000)
}
Event: 3128.445 GC heap before
{Heap before GC invocations=393 (full 49):
 PSYoungGen      total 37632K, used 27147K [0x00000007ab800000, 0x00000007aece0000, 0x0000000800000000)
  eden space 24064K, 100% used [0x00000007ab800000,0x00000007acf80000,0x00000007acf80000)
  from space 13568K, 22% used [0x00000007acf80000,0x00000007ad282e60,0x00000007adcc0000)
  to   space 12864K, 0% used [0x00000007ae050000,0x00000007ae050000,0x00000007aece0000)
 ParOldGen       total 193152K, used 117481K [0x0000000702800000, 0x000000070e4a0000, 0x00000007ab800000)
  object space 193152K, 60% used [0x0000000702800000,0x0000000709aba5b8,0x000000070e4a0000)
 PSPermGen       total 47936K, used 47651K [0x00000006fd600000, 0x00000007004d0000, 0x0000000702800000)
  object space 47936K, 99% used [0x00000006fd600000,0x0000000700488c30,0x00000007004d0000)
Event: 3128.450 GC heap after
Heap after GC invocations=393 (full 49):
 PSYoungGen      total 39232K, used 12180K [0x00000007ab800000, 0x00000007af0e0000, 0x0000000800000000)
  eden space 26368K, 0% used [0x00000007ab800000,0x00000007ab800000,0x00000007ad1c0000)
  from space 12864K, 94% used [0x00000007ae050000,0x00000007aec351b8,0x00000007aece0000)
  to   space 14912K, 0% used [0x00000007ad1c0000,0x00000007ad1c0000,0x00000007ae050000)
 ParOldGen       total 193152K, used 117721K [0x0000000702800000, 0x000000070e4a0000, 0x00000007ab800000)
  object space 193152K, 60% used [0x0000000702800000,0x0000000709af65b8,0x000000070e4a0000)
 PSPermGen       total 47936K, used 47651K [0x00000006fd600000, 0x00000007004d0000, 0x0000000702800000)
  object space 47936K, 99% used [0x00000006fd600000,0x0000000700488c30,0x00000007004d0000)
}

