# JRE version: 7.0_25-b17
# Java VM: Java HotSpot(TM) 64-Bit Server VM (23.25-b01 mixed mode windows-amd64 compressed oops)
Heap
 PSYoungGen      total 50304K, used 929K [0x00000007ab800000, 0x00000007b1670000, 0x0000000800000000)
  eden space 49600K, 1% used [0x00000007ab800000,0x00000007ab8e8510,0x00000007ae870000)
  from space 704K, 0% used [0x00000007ae870000,0x00000007ae870000,0x00000007ae920000)
  to   space 23552K, 0% used [0x00000007aff70000,0x00000007aff70000,0x00000007b1670000)
 ParOldGen       total 173056K, used 80533K [0x0000000702800000, 0x000000070d100000, 0x00000007ab800000)
  object space 173056K, 46% used [0x0000000702800000,0x00000007076a5548,0x000000070d100000)
 PSPermGen       total 48256K, used 47936K [0x00000006fd600000, 0x0000000700520000, 0x0000000702800000)
  object space 48256K, 99% used [0x00000006fd600000,0x00000007004d01a0,0x0000000700520000)
GC Heap History (10 events):
Event: 4193.313 GC heap before
{Heap before GC invocations=545 (full 59):
 PSYoungGen      total 53568K, used 52928K [0x00000007ab800000, 0x00000007b21b0000, 0x0000000800000000)
  eden space 52928K, 100% used [0x00000007ab800000,0x00000007aebb0000,0x00000007aebb0000)
  from space 640K, 0% used [0x00000007aebb0000,0x00000007aebb0000,0x00000007aec50000)
  to   space 27648K, 0% used [0x00000007b06b0000,0x00000007b06b0000,0x00000007b21b0000)
 ParOldGen       total 173056K, used 81966K [0x0000000702800000, 0x000000070d100000, 0x00000007ab800000)
  object space 173056K, 47% used [0x0000000702800000,0x000000070780b880,0x000000070d100000)
 PSPermGen       total 48256K, used 47930K [0x00000006fd600000, 0x0000000700520000, 0x0000000702800000)
  object space 48256K, 99% used [0x00000006fd600000,0x00000007004ce818,0x0000000700520000)
Event: 4193.314 GC heap after
Heap after GC invocations=545 (full 59):
 PSYoungGen      total 76096K, used 4293K [0x00000007ab800000, 0x00000007b1e70000, 0x0000000800000000)
  eden space 51776K, 0% used [0x00000007ab800000,0x00000007ab800000,0x00000007aea90000)
  from space 24320K, 17% used [0x00000007b06b0000,0x00000007b0ae1500,0x00000007b1e70000)
  to   space 26560K, 0% used [0x00000007aea90000,0x00000007aea90000,0x00000007b0480000)
 ParOldGen       total 173056K, used 81966K [0x0000000702800000, 0x000000070d100000, 0x00000007ab800000)
  object space 173056K, 47% used [0x0000000702800000,0x000000070780b880,0x000000070d100000)
 PSPermGen       total 48256K, used 47930K [0x00000006fd600000, 0x0000000700520000, 0x0000000702800000)
  object space 48256K, 99% used [0x00000006fd600000,0x00000007004ce818,0x0000000700520000)
}
Event: 4205.991 GC heap before
{Heap before GC invocations=546 (full 59):
 PSYoungGen      total 76096K, used 56069K [0x00000007ab800000, 0x00000007b1e70000, 0x0000000800000000)
  eden space 51776K, 100% used [0x00000007ab800000,0x00000007aea90000,0x00000007aea90000)
  from space 24320K, 17% used [0x00000007b06b0000,0x00000007b0ae1500,0x00000007b1e70000)
  to   space 26560K, 0% used [0x00000007aea90000,0x00000007aea90000,0x00000007b0480000)
 ParOldGen       total 173056K, used 81966K [0x0000000702800000, 0x000000070d100000, 0x00000007ab800000)
  object space 173056K, 47% used [0x0000000702800000,0x000000070780b880,0x000000070d100000)
 PSPermGen       total 48256K, used 47932K [0x00000006fd600000, 0x0000000700520000, 0x0000000702800000)
  object space 48256K, 99% used [0x00000006fd600000,0x00000007004cf3d0,0x0000000700520000)
Event: 4205.993 GC heap after
Heap after GC invocations=546 (full 59):
 PSYoungGen      total 53952K, used 3224K [0x00000007ab800000, 0x00000007b1b80000, 0x0000000800000000)
  eden space 50688K, 0% used [0x00000007ab800000,0x00000007ab800000,0x00000007ae980000)
  from space 3264K, 98% used [0x00000007aea90000,0x00000007aedb6128,0x00000007aedc0000)
  to   space 25600K, 0% used [0x00000007b0280000,0x00000007b0280000,0x00000007b1b80000)
 ParOldGen       total 173056K, used 83869K [0x0000000702800000, 0x000000070d100000, 0x00000007ab800000)
  object space 173056K, 48% used [0x0000000702800000,0x00000007079e7620,0x000000070d100000)
 PSPermGen       total 48256K, used 47932K [0x00000006fd600000, 0x0000000700520000, 0x0000000702800000)
  object space 48256K, 99% used [0x00000006fd600000,0x00000007004cf3d0,0x0000000700520000)
}
Event: 4208.457 GC heap before
{Heap before GC invocations=547 (full 59):
 PSYoungGen      total 53952K, used 53912K [0x00000007ab800000, 0x00000007b1b80000, 0x0000000800000000)
  eden space 50688K, 100% used [0x00000007ab800000,0x00000007ae980000,0x00000007ae980000)
  from space 3264K, 98% used [0x00000007aea90000,0x00000007aedb6128,0x00000007aedc0000)
  to   space 25600K, 0% used [0x00000007b0280000,0x00000007b0280000,0x00000007b1b80000)
 ParOldGen       total 173056K, used 83869K [0x0000000702800000, 0x000000070d100000, 0x00000007ab800000)
  object space 173056K, 48% used [0x0000000702800000,0x00000007079e7620,0x000000070d100000)
 PSPermGen       total 48256K, used 47932K [0x00000006fd600000, 0x0000000700520000, 0x0000000702800000)
  object space 48256K, 99% used [0x00000006fd600000,0x00000007004cf3d0,0x0000000700520000)
Event: 4208.460 GC heap after
Heap after GC invocations=547 (full 59):
 PSYoungGen      total 70784K, used 7206K [0x00000007ab800000, 0x00000007b1730000, 0x0000000800000000)
  eden space 49600K, 0% used [0x00000007ab800000,0x00000007ab800000,0x00000007ae870000)
  from space 21184K, 34% used [0x00000007b0280000,0x00000007b0989810,0x00000007b1730000)
  to   space 23936K, 0% used [0x00000007ae870000,0x00000007ae870000,0x00000007affd0000)
 ParOldGen       total 173056K, used 83949K [0x0000000702800000, 0x000000070d100000, 0x00000007ab800000)
  object space 173056K, 48% used [0x0000000702800000,0x00000007079fb620,0x000000070d100000)
 PSPermGen       total 48256K, used 47932K [0x00000006fd600000, 0x0000000700520000, 0x0000000702800000)
  object space 48256K, 99% used [0x00000006fd600000,0x00000007004cf3d0,0x0000000700520000)
}
Event: 4259.218 GC heap before
{Heap before GC invocations=548 (full 59):
 PSYoungGen      total 70784K, used 50072K [0x00000007ab800000, 0x00000007b1730000, 0x0000000800000000)
  eden space 49600K, 86% used [0x00000007ab800000,0x00000007ae1dca20,0x00000007ae870000)
  from space 21184K, 34% used [0x00000007b0280000,0x00000007b0989810,0x00000007b1730000)
  to   space 23936K, 0% used [0x00000007ae870000,0x00000007ae870000,0x00000007affd0000)
 ParOldGen       total 173056K, used 83949K [0x0000000702800000, 0x000000070d100000, 0x00000007ab800000)
  object space 173056K, 48% used [0x0000000702800000,0x00000007079fb620,0x000000070d100000)
 PSPermGen       total 48256K, used 47936K [0x00000006fd600000, 0x0000000700520000, 0x0000000702800000)
  object space 48256K, 99% used [0x00000006fd600000,0x00000007004d0200,0x0000000700520000)
Event: 4259.220 GC heap after
Heap after GC invocations=548 (full 59):
 PSYoungGen      total 50304K, used 673K [0x00000007ab800000, 0x00000007b1670000, 0x0000000800000000)
  eden space 49600K, 0% used [0x00000007ab800000,0x00000007ab800000,0x00000007ae870000)
  from space 704K, 95% used [0x00000007ae870000,0x00000007ae918480,0x00000007ae920000)
  to   space 23552K, 0% used [0x00000007aff70000,0x00000007aff70000,0x00000007b1670000)
 ParOldGen       total 173056K, used 83997K [0x0000000702800000, 0x000000070d100000, 0x00000007ab800000)
  object space 173056K, 48% used [0x0000000702800000,0x0000000707a07620,0x000000070d100000)
 PSPermGen       total 48256K, used 47936K [0x00000006fd600000, 0x0000000700520000, 0x0000000702800000)
  object space 48256K, 99% used [0x00000006fd600000,0x00000007004d0200,0x0000000700520000)
}
Event: 4259.220 GC heap before
{Heap before GC invocations=549 (full 60):
 PSYoungGen      total 50304K, used 673K [0x00000007ab800000, 0x00000007b1670000, 0x0000000800000000)
  eden space 49600K, 0% used [0x00000007ab800000,0x00000007ab800000,0x00000007ae870000)
  from space 704K, 95% used [0x00000007ae870000,0x00000007ae918480,0x00000007ae920000)
  to   space 23552K, 0% used [0x00000007aff70000,0x00000007aff70000,0x00000007b1670000)
 ParOldGen       total 173056K, used 83997K [0x0000000702800000, 0x000000070d100000, 0x00000007ab800000)
  object space 173056K, 48% used [0x0000000702800000,0x0000000707a07620,0x000000070d100000)
 PSPermGen       total 48256K, used 47936K [0x00000006fd600000, 0x0000000700520000, 0x0000000702800000)
  object space 48256K, 99% used [0x00000006fd600000,0x00000007004d0200,0x0000000700520000)
Event: 4259.350 GC heap after
Heap after GC invocations=549 (full 60):
 PSYoungGen      total 50304K, used 0K [0x00000007ab800000, 0x00000007b1670000, 0x0000000800000000)
  eden space 49600K, 0% used [0x00000007ab800000,0x00000007ab800000,0x00000007ae870000)
  from space 704K, 0% used [0x00000007ae870000,0x00000007ae870000,0x00000007ae920000)
  to   space 23552K, 0% used [0x00000007aff70000,0x00000007aff70000,0x00000007b1670000)
 ParOldGen       total 173056K, used 80533K [0x0000000702800000, 0x000000070d100000, 0x00000007ab800000)
  object space 173056K, 46% used [0x0000000702800000,0x00000007076a5548,0x000000070d100000)
 PSPermGen       total 48256K, used 47936K [0x00000006fd600000, 0x0000000700520000, 0x0000000702800000)
  object space 48256K, 99% used [0x00000006fd600000,0x00000007004d01a0,0x0000000700520000)
}

