# JRE version: 7.0_25-b17
# Java VM: Java HotSpot(TM) 64-Bit Server VM (23.25-b01 mixed mode windows-amd64 compressed oops)
Heap
 PSYoungGen      total 43648K, used 1161K [0x00000007ab800000, 0x00000007ae5b0000, 0x0000000800000000)
  eden space 43456K, 2% used [0x00000007ab800000,0x00000007ab922630,0x00000007ae270000)
  from space 192K, 0% used [0x00000007ae270000,0x00000007ae270000,0x00000007ae2a0000)
  to   space 1664K, 0% used [0x00000007ae410000,0x00000007ae410000,0x00000007ae5b0000)
 ParOldGen       total 177536K, used 79190K [0x0000000702800000, 0x000000070d560000, 0x00000007ab800000)
  object space 177536K, 44% used [0x0000000702800000,0x00000007075558e0,0x000000070d560000)
 PSPermGen       total 59520K, used 46613K [0x00000006fd600000, 0x0000000701020000, 0x0000000702800000)
  object space 59520K, 78% used [0x00000006fd600000,0x00000007003857e8,0x0000000701020000)
GC Heap History (10 events):
Event: 701.390 GC heap before
{Heap before GC invocations=111 (full 12):
 PSYoungGen      total 43584K, used 96K [0x00000007ab800000, 0x00000007ae610000, 0x0000000800000000)
  eden space 43456K, 0% used [0x00000007ab800000,0x00000007ab800000,0x00000007ae270000)
  from space 128K, 75% used [0x00000007ae270000,0x00000007ae288000,0x00000007ae290000)
  to   space 1856K, 0% used [0x00000007ae440000,0x00000007ae440000,0x00000007ae610000)
 ParOldGen       total 177536K, used 86808K [0x0000000702800000, 0x000000070d560000, 0x00000007ab800000)
  object space 177536K, 48% used [0x0000000702800000,0x0000000707cc6010,0x000000070d560000)
 PSPermGen       total 67904K, used 46627K [0x00000006fd600000, 0x0000000701850000, 0x0000000702800000)
  object space 67904K, 68% used [0x00000006fd600000,0x0000000700388d98,0x0000000701850000)
Event: 701.443 GC heap after
Heap after GC invocations=111 (full 12):
 PSYoungGen      total 43584K, used 0K [0x00000007ab800000, 0x00000007ae610000, 0x0000000800000000)
  eden space 43456K, 0% used [0x00000007ab800000,0x00000007ab800000,0x00000007ae270000)
  from space 128K, 0% used [0x00000007ae270000,0x00000007ae270000,0x00000007ae290000)
  to   space 1856K, 0% used [0x00000007ae440000,0x00000007ae440000,0x00000007ae610000)
 ParOldGen       total 177536K, used 86808K [0x0000000702800000, 0x000000070d560000, 0x00000007ab800000)
  object space 177536K, 48% used [0x0000000702800000,0x0000000707cc6010,0x000000070d560000)
 PSPermGen       total 64704K, used 46627K [0x00000006fd600000, 0x0000000701530000, 0x0000000702800000)
  object space 64704K, 72% used [0x00000006fd600000,0x0000000700388d98,0x0000000701530000)
}
Event: 761.397 GC heap before
{Heap before GC invocations=112 (full 12):
 PSYoungGen      total 43584K, used 988K [0x00000007ab800000, 0x00000007ae610000, 0x0000000800000000)
  eden space 43456K, 2% used [0x00000007ab800000,0x00000007ab8f7320,0x00000007ae270000)
  from space 128K, 0% used [0x00000007ae270000,0x00000007ae270000,0x00000007ae290000)
  to   space 1856K, 0% used [0x00000007ae440000,0x00000007ae440000,0x00000007ae610000)
 ParOldGen       total 177536K, used 86808K [0x0000000702800000, 0x000000070d560000, 0x00000007ab800000)
  object space 177536K, 48% used [0x0000000702800000,0x0000000707cc6010,0x000000070d560000)
 PSPermGen       total 64704K, used 46627K [0x00000006fd600000, 0x0000000701530000, 0x0000000702800000)
  object space 64704K, 72% used [0x00000006fd600000,0x0000000700388d98,0x0000000701530000)
Event: 761.399 GC heap after
Heap after GC invocations=112 (full 12):
 PSYoungGen      total 45056K, used 96K [0x00000007ab800000, 0x00000007ae5d0000, 0x0000000800000000)
  eden space 43456K, 0% used [0x00000007ab800000,0x00000007ab800000,0x00000007ae270000)
  from space 1600K, 6% used [0x00000007ae440000,0x00000007ae458000,0x00000007ae5d0000)
  to   space 1728K, 0% used [0x00000007ae270000,0x00000007ae270000,0x00000007ae420000)
 ParOldGen       total 177536K, used 86808K [0x0000000702800000, 0x000000070d560000, 0x00000007ab800000)
  object space 177536K, 48% used [0x0000000702800000,0x0000000707cc6010,0x000000070d560000)
 PSPermGen       total 64704K, used 46627K [0x00000006fd600000, 0x0000000701530000, 0x0000000702800000)
  object space 64704K, 72% used [0x00000006fd600000,0x0000000700388d98,0x0000000701530000)
}
Event: 761.399 GC heap before
{Heap before GC invocations=113 (full 13):
 PSYoungGen      total 45056K, used 96K [0x00000007ab800000, 0x00000007ae5d0000, 0x0000000800000000)
  eden space 43456K, 0% used [0x00000007ab800000,0x00000007ab800000,0x00000007ae270000)
  from space 1600K, 6% used [0x00000007ae440000,0x00000007ae458000,0x00000007ae5d0000)
  to   space 1728K, 0% used [0x00000007ae270000,0x00000007ae270000,0x00000007ae420000)
 ParOldGen       total 177536K, used 86808K [0x0000000702800000, 0x000000070d560000, 0x00000007ab800000)
  object space 177536K, 48% used [0x0000000702800000,0x0000000707cc6010,0x000000070d560000)
 PSPermGen       total 64704K, used 46627K [0x00000006fd600000, 0x0000000701530000, 0x0000000702800000)
  object space 64704K, 72% used [0x00000006fd600000,0x0000000700388d98,0x0000000701530000)
Event: 761.451 GC heap after
Heap after GC invocations=113 (full 13):
 PSYoungGen      total 45056K, used 0K [0x00000007ab800000, 0x00000007ae5d0000, 0x0000000800000000)
  eden space 43456K, 0% used [0x00000007ab800000,0x00000007ab800000,0x00000007ae270000)
  from space 1600K, 0% used [0x00000007ae440000,0x00000007ae440000,0x00000007ae5d0000)
  to   space 1728K, 0% used [0x00000007ae270000,0x00000007ae270000,0x00000007ae420000)
 ParOldGen       total 177536K, used 86808K [0x0000000702800000, 0x000000070d560000, 0x00000007ab800000)
  object space 177536K, 48% used [0x0000000702800000,0x0000000707cc6010,0x000000070d560000)
 PSPermGen       total 62080K, used 46627K [0x00000006fd600000, 0x00000007012a0000, 0x0000000702800000)
  object space 62080K, 75% used [0x00000006fd600000,0x0000000700388d98,0x00000007012a0000)
}
Event: 4285.313 GC heap before
{Heap before GC invocations=114 (full 13):
 PSYoungGen      total 45056K, used 1356K [0x00000007ab800000, 0x00000007ae5d0000, 0x0000000800000000)
  eden space 43456K, 3% used [0x00000007ab800000,0x00000007ab953310,0x00000007ae270000)
  from space 1600K, 0% used [0x00000007ae440000,0x00000007ae440000,0x00000007ae5d0000)
  to   space 1728K, 0% used [0x00000007ae270000,0x00000007ae270000,0x00000007ae420000)
 ParOldGen       total 177536K, used 86808K [0x0000000702800000, 0x000000070d560000, 0x00000007ab800000)
  object space 177536K, 48% used [0x0000000702800000,0x0000000707cc6010,0x000000070d560000)
 PSPermGen       total 62080K, used 46628K [0x00000006fd600000, 0x00000007012a0000, 0x0000000702800000)
  object space 62080K, 75% used [0x00000006fd600000,0x00000007003893d8,0x00000007012a0000)
Event: 4285.315 GC heap after
Heap after GC invocations=114 (full 13):
 PSYoungGen      total 43648K, used 160K [0x00000007ab800000, 0x00000007ae5b0000, 0x0000000800000000)
  eden space 43456K, 0% used [0x00000007ab800000,0x00000007ab800000,0x00000007ae270000)
  from space 192K, 83% used [0x00000007ae270000,0x00000007ae298000,0x00000007ae2a0000)
  to   space 1664K, 0% used [0x00000007ae410000,0x00000007ae410000,0x00000007ae5b0000)
 ParOldGen       total 177536K, used 86808K [0x0000000702800000, 0x000000070d560000, 0x00000007ab800000)
  object space 177536K, 48% used [0x0000000702800000,0x0000000707cc6010,0x000000070d560000)
 PSPermGen       total 62080K, used 46628K [0x00000006fd600000, 0x00000007012a0000, 0x0000000702800000)
  object space 62080K, 75% used [0x00000006fd600000,0x00000007003893d8,0x00000007012a0000)
}
Event: 4285.315 GC heap before
{Heap before GC invocations=115 (full 14):
 PSYoungGen      total 43648K, used 160K [0x00000007ab800000, 0x00000007ae5b0000, 0x0000000800000000)
  eden space 43456K, 0% used [0x00000007ab800000,0x00000007ab800000,0x00000007ae270000)
  from space 192K, 83% used [0x00000007ae270000,0x00000007ae298000,0x00000007ae2a0000)
  to   space 1664K, 0% used [0x00000007ae410000,0x00000007ae410000,0x00000007ae5b0000)
 ParOldGen       total 177536K, used 86808K [0x0000000702800000, 0x000000070d560000, 0x00000007ab800000)
  object space 177536K, 48% used [0x0000000702800000,0x0000000707cc6010,0x000000070d560000)
 PSPermGen       total 62080K, used 46628K [0x00000006fd600000, 0x00000007012a0000, 0x0000000702800000)
  object space 62080K, 75% used [0x00000006fd600000,0x00000007003893d8,0x00000007012a0000)
Event: 4285.411 GC heap after
Heap after GC invocations=115 (full 14):
 PSYoungGen      total 43648K, used 0K [0x00000007ab800000, 0x00000007ae5b0000, 0x0000000800000000)
  eden space 43456K, 0% used [0x00000007ab800000,0x00000007ab800000,0x00000007ae270000)
  from space 192K, 0% used [0x00000007ae270000,0x00000007ae270000,0x00000007ae2a0000)
  to   space 1664K, 0% used [0x00000007ae410000,0x00000007ae410000,0x00000007ae5b0000)
 ParOldGen       total 177536K, used 79190K [0x0000000702800000, 0x000000070d560000, 0x00000007ab800000)
  object space 177536K, 44% used [0x0000000702800000,0x00000007075558e0,0x000000070d560000)
 PSPermGen       total 59520K, used 46613K [0x00000006fd600000, 0x0000000701020000, 0x0000000702800000)
  object space 59520K, 78% used [0x00000006fd600000,0x0000000700385408,0x0000000701020000)
}

