# JRE version: 7.0_25-b17
# Java VM: Java HotSpot(TM) 64-Bit Server VM (23.25-b01 mixed mode windows-amd64 compressed oops)
Heap
 PSYoungGen      total 193664K, used 28531K [0x00000007ab800000, 0x00000007ba130000, 0x0000000800000000)
  eden space 189504K, 15% used [0x00000007ab800000,0x00000007ad3dce78,0x00000007b7110000)
  from space 4160K, 0% used [0x00000007b7110000,0x00000007b7110000,0x00000007b7520000)
  to   space 24640K, 0% used [0x00000007b8920000,0x00000007b8920000,0x00000007ba130000)
 ParOldGen       total 173056K, used 86247K [0x0000000702800000, 0x000000070d100000, 0x00000007ab800000)
  object space 173056K, 49% used [0x0000000702800000,0x0000000707c39f40,0x000000070d100000)
 PSPermGen       total 50432K, used 47325K [0x00000006fd600000, 0x0000000700740000, 0x0000000702800000)
  object space 50432K, 93% used [0x00000006fd600000,0x00000007004375b0,0x0000000700740000)
GC Heap History (10 events):
Event: 1448.983 GC heap before
{Heap before GC invocations=58 (full 22):
 PSYoungGen      total 218880K, used 64K [0x00000007ab800000, 0x00000007b9dd0000, 0x0000000800000000)
  eden space 204608K, 0% used [0x00000007ab800000,0x00000007ab800000,0x00000007b7fd0000)
  from space 14272K, 0% used [0x00000007b8fe0000,0x00000007b8ff0000,0x00000007b9dd0000)
  to   space 15360K, 0% used [0x00000007b7fd0000,0x00000007b7fd0000,0x00000007b8ed0000)
 ParOldGen       total 173056K, used 86104K [0x0000000702800000, 0x000000070d100000, 0x00000007ab800000)
  object space 173056K, 49% used [0x0000000702800000,0x0000000707c16328,0x000000070d100000)
 PSPermGen       total 51264K, used 47161K [0x00000006fd600000, 0x0000000700810000, 0x0000000702800000)
  object space 51264K, 91% used [0x00000006fd600000,0x000000070040e7c0,0x0000000700810000)
Event: 1449.053 GC heap after
Heap after GC invocations=58 (full 22):
 PSYoungGen      total 218880K, used 0K [0x00000007ab800000, 0x00000007b9dd0000, 0x0000000800000000)
  eden space 204608K, 0% used [0x00000007ab800000,0x00000007ab800000,0x00000007b7fd0000)
  from space 14272K, 0% used [0x00000007b8fe0000,0x00000007b8fe0000,0x00000007b9dd0000)
  to   space 15360K, 0% used [0x00000007b7fd0000,0x00000007b7fd0000,0x00000007b8ed0000)
 ParOldGen       total 173056K, used 86104K [0x0000000702800000, 0x000000070d100000, 0x00000007ab800000)
  object space 173056K, 49% used [0x0000000702800000,0x0000000707c16328,0x000000070d100000)
 PSPermGen       total 50624K, used 47161K [0x00000006fd600000, 0x0000000700770000, 0x0000000702800000)
  object space 50624K, 93% used [0x00000006fd600000,0x000000070040e7c0,0x0000000700770000)
}
Event: 1455.945 GC heap before
{Heap before GC invocations=59 (full 22):
 PSYoungGen      total 218880K, used 204608K [0x00000007ab800000, 0x00000007b9dd0000, 0x0000000800000000)
  eden space 204608K, 100% used [0x00000007ab800000,0x00000007b7fd0000,0x00000007b7fd0000)
  from space 14272K, 0% used [0x00000007b8fe0000,0x00000007b8fe0000,0x00000007b9dd0000)
  to   space 15360K, 0% used [0x00000007b7fd0000,0x00000007b7fd0000,0x00000007b8ed0000)
 ParOldGen       total 173056K, used 86104K [0x0000000702800000, 0x000000070d100000, 0x00000007ab800000)
  object space 173056K, 49% used [0x0000000702800000,0x0000000707c16328,0x000000070d100000)
 PSPermGen       total 50624K, used 47219K [0x00000006fd600000, 0x0000000700770000, 0x0000000702800000)
  object space 50624K, 93% used [0x00000006fd600000,0x000000070041cc20,0x0000000700770000)
Event: 1455.949 GC heap after
Heap after GC invocations=59 (full 22):
 PSYoungGen      total 211904K, used 15018K [0x00000007ab800000, 0x00000007b9d20000, 0x0000000800000000)
  eden space 196864K, 0% used [0x00000007ab800000,0x00000007ab800000,0x00000007b7840000)
  from space 15040K, 99% used [0x00000007b7fd0000,0x00000007b8e7aba8,0x00000007b8e80000)
  to   space 14976K, 0% used [0x00000007b8e80000,0x00000007b8e80000,0x00000007b9d20000)
 ParOldGen       total 173056K, used 86104K [0x0000000702800000, 0x000000070d100000, 0x00000007ab800000)
  object space 173056K, 49% used [0x0000000702800000,0x0000000707c16328,0x000000070d100000)
 PSPermGen       total 50624K, used 47219K [0x00000006fd600000, 0x0000000700770000, 0x0000000702800000)
  object space 50624K, 93% used [0x00000006fd600000,0x000000070041cc20,0x0000000700770000)
}
Event: 1458.531 GC heap before
{Heap before GC invocations=60 (full 22):
 PSYoungGen      total 211904K, used 211882K [0x00000007ab800000, 0x00000007b9d20000, 0x0000000800000000)
  eden space 196864K, 100% used [0x00000007ab800000,0x00000007b7840000,0x00000007b7840000)
  from space 15040K, 99% used [0x00000007b7fd0000,0x00000007b8e7aba8,0x00000007b8e80000)
  to   space 14976K, 0% used [0x00000007b8e80000,0x00000007b8e80000,0x00000007b9d20000)
 ParOldGen       total 173056K, used 86104K [0x0000000702800000, 0x000000070d100000, 0x00000007ab800000)
  object space 173056K, 49% used [0x0000000702800000,0x0000000707c16328,0x000000070d100000)
 PSPermGen       total 50624K, used 47226K [0x00000006fd600000, 0x0000000700770000, 0x0000000702800000)
  object space 50624K, 93% used [0x00000006fd600000,0x000000070041e840,0x0000000700770000)
Event: 1458.538 GC heap after
Heap after GC invocations=60 (full 22):
 PSYoungGen      total 204480K, used 14961K [0x00000007ab800000, 0x00000007ba4b0000, 0x0000000800000000)
  eden space 189504K, 0% used [0x00000007ab800000,0x00000007ab800000,0x00000007b7110000)
  from space 14976K, 99% used [0x00000007b8e80000,0x00000007b9d1c660,0x00000007b9d20000)
  to   space 26432K, 0% used [0x00000007b7110000,0x00000007b7110000,0x00000007b8ae0000)
 ParOldGen       total 173056K, used 99100K [0x0000000702800000, 0x000000070d100000, 0x00000007ab800000)
  object space 173056K, 57% used [0x0000000702800000,0x00000007088c7278,0x000000070d100000)
 PSPermGen       total 50624K, used 47226K [0x00000006fd600000, 0x0000000700770000, 0x0000000702800000)
  object space 50624K, 93% used [0x00000006fd600000,0x000000070041e840,0x0000000700770000)
}
Event: 1508.989 GC heap before
{Heap before GC invocations=61 (full 22):
 PSYoungGen      total 204480K, used 89705K [0x00000007ab800000, 0x00000007ba4b0000, 0x0000000800000000)
  eden space 189504K, 39% used [0x00000007ab800000,0x00000007b00fdf00,0x00000007b7110000)
  from space 14976K, 99% used [0x00000007b8e80000,0x00000007b9d1c660,0x00000007b9d20000)
  to   space 26432K, 0% used [0x00000007b7110000,0x00000007b7110000,0x00000007b8ae0000)
 ParOldGen       total 173056K, used 99100K [0x0000000702800000, 0x000000070d100000, 0x00000007ab800000)
  object space 173056K, 57% used [0x0000000702800000,0x00000007088c7278,0x000000070d100000)
 PSPermGen       total 50624K, used 47228K [0x00000006fd600000, 0x0000000700770000, 0x0000000702800000)
  object space 50624K, 93% used [0x00000006fd600000,0x000000070041f300,0x0000000700770000)
Event: 1508.993 GC heap after
Heap after GC invocations=61 (full 22):
 PSYoungGen      total 193664K, used 4113K [0x00000007ab800000, 0x00000007ba130000, 0x0000000800000000)
  eden space 189504K, 0% used [0x00000007ab800000,0x00000007ab800000,0x00000007b7110000)
  from space 4160K, 98% used [0x00000007b7110000,0x00000007b7514488,0x00000007b7520000)
  to   space 24640K, 0% used [0x00000007b8920000,0x00000007b8920000,0x00000007ba130000)
 ParOldGen       total 173056K, used 110662K [0x0000000702800000, 0x000000070d100000, 0x00000007ab800000)
  object space 173056K, 63% used [0x0000000702800000,0x0000000709411a90,0x000000070d100000)
 PSPermGen       total 50624K, used 47228K [0x00000006fd600000, 0x0000000700770000, 0x0000000702800000)
  object space 50624K, 93% used [0x00000006fd600000,0x000000070041f300,0x0000000700770000)
}
Event: 1508.993 GC heap before
{Heap before GC invocations=62 (full 23):
 PSYoungGen      total 193664K, used 4113K [0x00000007ab800000, 0x00000007ba130000, 0x0000000800000000)
  eden space 189504K, 0% used [0x00000007ab800000,0x00000007ab800000,0x00000007b7110000)
  from space 4160K, 98% used [0x00000007b7110000,0x00000007b7514488,0x00000007b7520000)
  to   space 24640K, 0% used [0x00000007b8920000,0x00000007b8920000,0x00000007ba130000)
 ParOldGen       total 173056K, used 110662K [0x0000000702800000, 0x000000070d100000, 0x00000007ab800000)
  object space 173056K, 63% used [0x0000000702800000,0x0000000709411a90,0x000000070d100000)
 PSPermGen       total 50624K, used 47228K [0x00000006fd600000, 0x0000000700770000, 0x0000000702800000)
  object space 50624K, 93% used [0x00000006fd600000,0x000000070041f300,0x0000000700770000)
Event: 1509.077 GC heap after
Heap after GC invocations=62 (full 23):
 PSYoungGen      total 193664K, used 0K [0x00000007ab800000, 0x00000007ba130000, 0x0000000800000000)
  eden space 189504K, 0% used [0x00000007ab800000,0x00000007ab800000,0x00000007b7110000)
  from space 4160K, 0% used [0x00000007b7110000,0x00000007b7110000,0x00000007b7520000)
  to   space 24640K, 0% used [0x00000007b8920000,0x00000007b8920000,0x00000007ba130000)
 ParOldGen       total 173056K, used 86247K [0x0000000702800000, 0x000000070d100000, 0x00000007ab800000)
  object space 173056K, 49% used [0x0000000702800000,0x0000000707c39f40,0x000000070d100000)
 PSPermGen       total 50432K, used 47228K [0x00000006fd600000, 0x0000000700740000, 0x0000000702800000)
  object space 50432K, 93% used [0x00000006fd600000,0x000000070041f260,0x0000000700740000)
}

