# JRE version: 7.0_25-b17
# Java VM: Java HotSpot(TM) 64-Bit Server VM (23.25-b01 mixed mode windows-amd64 compressed oops)
Heap
 PSYoungGen      total 150336K, used 10493K [0x00000007accb0000, 0x00000007b7450000, 0x0000000800000000)
  eden space 129280K, 8% used [0x00000007accb0000,0x00000007ad6ef550,0x00000007b4af0000)
  from space 21056K, 0% used [0x00000007b5fc0000,0x00000007b5fc0000,0x00000007b7450000)
  to   space 21184K, 0% used [0x00000007b4af0000,0x00000007b4af0000,0x00000007b5fa0000)
 ParOldGen       total 170368K, used 85413K [0x0000000706600000, 0x0000000710c60000, 0x00000007accb0000)
  object space 170368K, 50% used [0x0000000706600000,0x000000070b969620,0x0000000710c60000)
 PSPermGen       total 49920K, used 47735K [0x0000000701400000, 0x00000007044c0000, 0x0000000706600000)
  object space 49920K, 95% used [0x0000000701400000,0x000000070429dd10,0x00000007044c0000)
GC Heap History (10 events):
Event: 1644.286 GC heap before
{Heap before GC invocations=71 (full 24):
 PSYoungGen      total 165184K, used 143360K [0x00000007accb0000, 0x00000007b8570000, 0x0000000800000000)
  eden space 143360K, 100% used [0x00000007accb0000,0x00000007b58b0000,0x00000007b58b0000)
  from space 21824K, 0% used [0x00000007b7020000,0x00000007b7020000,0x00000007b8570000)
  to   space 22912K, 0% used [0x00000007b58b0000,0x00000007b58b0000,0x00000007b6f10000)
 ParOldGen       total 170368K, used 86925K [0x0000000706600000, 0x0000000710c60000, 0x00000007accb0000)
  object space 170368K, 51% used [0x0000000706600000,0x000000070bae3478,0x0000000710c60000)
 PSPermGen       total 50496K, used 47722K [0x0000000701400000, 0x0000000704550000, 0x0000000706600000)
  object space 50496K, 94% used [0x0000000701400000,0x000000070429aa68,0x0000000704550000)
Event: 1644.289 GC heap after
Heap after GC invocations=71 (full 24):
 PSYoungGen      total 142528K, used 4042K [0x00000007accb0000, 0x00000007b7e80000, 0x0000000800000000)
  eden space 138432K, 0% used [0x00000007accb0000,0x00000007accb0000,0x00000007b53e0000)
  from space 4096K, 98% used [0x00000007b58b0000,0x00000007b5ca28e8,0x00000007b5cb0000)
  to   space 21824K, 0% used [0x00000007b6930000,0x00000007b6930000,0x00000007b7e80000)
 ParOldGen       total 170368K, used 86925K [0x0000000706600000, 0x0000000710c60000, 0x00000007accb0000)
  object space 170368K, 51% used [0x0000000706600000,0x000000070bae3478,0x0000000710c60000)
 PSPermGen       total 50496K, used 47722K [0x0000000701400000, 0x0000000704550000, 0x0000000706600000)
  object space 50496K, 94% used [0x0000000701400000,0x000000070429aa68,0x0000000704550000)
}
Event: 1646.509 GC heap before
{Heap before GC invocations=72 (full 24):
 PSYoungGen      total 142528K, used 142474K [0x00000007accb0000, 0x00000007b7e80000, 0x0000000800000000)
  eden space 138432K, 100% used [0x00000007accb0000,0x00000007b53e0000,0x00000007b53e0000)
  from space 4096K, 98% used [0x00000007b58b0000,0x00000007b5ca28e8,0x00000007b5cb0000)
  to   space 21824K, 0% used [0x00000007b6930000,0x00000007b6930000,0x00000007b7e80000)
 ParOldGen       total 170368K, used 86925K [0x0000000706600000, 0x0000000710c60000, 0x00000007accb0000)
  object space 170368K, 51% used [0x0000000706600000,0x000000070bae3478,0x0000000710c60000)
 PSPermGen       total 50496K, used 47728K [0x0000000701400000, 0x0000000704550000, 0x0000000706600000)
  object space 50496K, 94% used [0x0000000701400000,0x000000070429c018,0x0000000704550000)
Event: 1646.513 GC heap after
Heap after GC invocations=72 (full 24):
 PSYoungGen      total 150912K, used 10822K [0x00000007accb0000, 0x00000007b79f0000, 0x0000000800000000)
  eden space 133760K, 0% used [0x00000007accb0000,0x00000007accb0000,0x00000007b4f50000)
  from space 17152K, 63% used [0x00000007b6930000,0x00000007b73c1930,0x00000007b79f0000)
  to   space 21824K, 0% used [0x00000007b4f50000,0x00000007b4f50000,0x00000007b64a0000)
 ParOldGen       total 170368K, used 88324K [0x0000000706600000, 0x0000000710c60000, 0x00000007accb0000)
  object space 170368K, 51% used [0x0000000706600000,0x000000070bc41240,0x0000000710c60000)
 PSPermGen       total 50496K, used 47728K [0x0000000701400000, 0x0000000704550000, 0x0000000706600000)
  object space 50496K, 94% used [0x0000000701400000,0x000000070429c018,0x0000000704550000)
}
Event: 1648.069 GC heap before
{Heap before GC invocations=73 (full 24):
 PSYoungGen      total 150912K, used 144582K [0x00000007accb0000, 0x00000007b79f0000, 0x0000000800000000)
  eden space 133760K, 100% used [0x00000007accb0000,0x00000007b4f50000,0x00000007b4f50000)
  from space 17152K, 63% used [0x00000007b6930000,0x00000007b73c1930,0x00000007b79f0000)
  to   space 21824K, 0% used [0x00000007b4f50000,0x00000007b4f50000,0x00000007b64a0000)
 ParOldGen       total 170368K, used 88324K [0x0000000706600000, 0x0000000710c60000, 0x00000007accb0000)
  object space 170368K, 51% used [0x0000000706600000,0x000000070bc41240,0x0000000710c60000)
 PSPermGen       total 50496K, used 47728K [0x0000000701400000, 0x0000000704550000, 0x0000000706600000)
  object space 50496K, 94% used [0x0000000701400000,0x000000070429c018,0x0000000704550000)
Event: 1648.072 GC heap after
Heap after GC invocations=73 (full 24):
 PSYoungGen      total 138944K, used 9658K [0x00000007accb0000, 0x00000007b7490000, 0x0000000800000000)
  eden space 129280K, 0% used [0x00000007accb0000,0x00000007accb0000,0x00000007b4af0000)
  from space 9664K, 99% used [0x00000007b4f50000,0x00000007b58beae8,0x00000007b58c0000)
  to   space 21312K, 0% used [0x00000007b5fc0000,0x00000007b5fc0000,0x00000007b7490000)
 ParOldGen       total 170368K, used 90472K [0x0000000706600000, 0x0000000710c60000, 0x00000007accb0000)
  object space 170368K, 53% used [0x0000000706600000,0x000000070be5a000,0x0000000710c60000)
 PSPermGen       total 50496K, used 47728K [0x0000000701400000, 0x0000000704550000, 0x0000000706600000)
  object space 50496K, 94% used [0x0000000701400000,0x000000070429c018,0x0000000704550000)
}
Event: 1661.605 GC heap before
{Heap before GC invocations=74 (full 24):
 PSYoungGen      total 138944K, used 25661K [0x00000007accb0000, 0x00000007b7490000, 0x0000000800000000)
  eden space 129280K, 12% used [0x00000007accb0000,0x00000007adc50b20,0x00000007b4af0000)
  from space 9664K, 99% used [0x00000007b4f50000,0x00000007b58beae8,0x00000007b58c0000)
  to   space 21312K, 0% used [0x00000007b5fc0000,0x00000007b5fc0000,0x00000007b7490000)
 ParOldGen       total 170368K, used 90472K [0x0000000706600000, 0x0000000710c60000, 0x00000007accb0000)
  object space 170368K, 53% used [0x0000000706600000,0x000000070be5a000,0x0000000710c60000)
 PSPermGen       total 50496K, used 47729K [0x0000000701400000, 0x0000000704550000, 0x0000000706600000)
  object space 50496K, 94% used [0x0000000701400000,0x000000070429c508,0x0000000704550000)
Event: 1661.609 GC heap after
Heap after GC invocations=74 (full 24):
 PSYoungGen      total 150336K, used 160K [0x00000007accb0000, 0x00000007b7450000, 0x0000000800000000)
  eden space 129280K, 0% used [0x00000007accb0000,0x00000007accb0000,0x00000007b4af0000)
  from space 21056K, 0% used [0x00000007b5fc0000,0x00000007b5fe8000,0x00000007b7450000)
  to   space 21184K, 0% used [0x00000007b4af0000,0x00000007b4af0000,0x00000007b5fa0000)
 ParOldGen       total 170368K, used 99958K [0x0000000706600000, 0x0000000710c60000, 0x00000007accb0000)
  object space 170368K, 58% used [0x0000000706600000,0x000000070c79da70,0x0000000710c60000)
 PSPermGen       total 50496K, used 47729K [0x0000000701400000, 0x0000000704550000, 0x0000000706600000)
  object space 50496K, 94% used [0x0000000701400000,0x000000070429c508,0x0000000704550000)
}
Event: 1661.609 GC heap before
{Heap before GC invocations=75 (full 25):
 PSYoungGen      total 150336K, used 160K [0x00000007accb0000, 0x00000007b7450000, 0x0000000800000000)
  eden space 129280K, 0% used [0x00000007accb0000,0x00000007accb0000,0x00000007b4af0000)
  from space 21056K, 0% used [0x00000007b5fc0000,0x00000007b5fe8000,0x00000007b7450000)
  to   space 21184K, 0% used [0x00000007b4af0000,0x00000007b4af0000,0x00000007b5fa0000)
 ParOldGen       total 170368K, used 99958K [0x0000000706600000, 0x0000000710c60000, 0x00000007accb0000)
  object space 170368K, 58% used [0x0000000706600000,0x000000070c79da70,0x0000000710c60000)
 PSPermGen       total 50496K, used 47729K [0x0000000701400000, 0x0000000704550000, 0x0000000706600000)
  object space 50496K, 94% used [0x0000000701400000,0x000000070429c508,0x0000000704550000)
Event: 1661.760 GC heap after
Heap after GC invocations=75 (full 25):
 PSYoungGen      total 150336K, used 0K [0x00000007accb0000, 0x00000007b7450000, 0x0000000800000000)
  eden space 129280K, 0% used [0x00000007accb0000,0x00000007accb0000,0x00000007b4af0000)
  from space 21056K, 0% used [0x00000007b5fc0000,0x00000007b5fc0000,0x00000007b7450000)
  to   space 21184K, 0% used [0x00000007b4af0000,0x00000007b4af0000,0x00000007b5fa0000)
 ParOldGen       total 170368K, used 85413K [0x0000000706600000, 0x0000000710c60000, 0x00000007accb0000)
  object space 170368K, 50% used [0x0000000706600000,0x000000070b969620,0x0000000710c60000)
 PSPermGen       total 49920K, used 47728K [0x0000000701400000, 0x00000007044c0000, 0x0000000706600000)
  object space 49920K, 95% used [0x0000000701400000,0x000000070429c2e8,0x00000007044c0000)
}

