# JRE version: 7.0_25-b17
# Java VM: Java HotSpot(TM) 64-Bit Server VM (23.25-b01 mixed mode windows-amd64 compressed oops)
Heap
 PSYoungGen      total 113152K, used 14777K [0x00000007ab800000, 0x00000007b64d0000, 0x0000000800000000)
  eden space 112576K, 13% used [0x00000007ab800000,0x00000007ac66e4b8,0x00000007b25f0000)
  from space 576K, 0% used [0x00000007b25f0000,0x00000007b25f0000,0x00000007b2680000)
  to   space 32192K, 0% used [0x00000007b4560000,0x00000007b4560000,0x00000007b64d0000)
 ParOldGen       total 202432K, used 88022K [0x0000000702800000, 0x000000070edb0000, 0x00000007ab800000)
  object space 202432K, 43% used [0x0000000702800000,0x0000000707df5800,0x000000070edb0000)
 PSPermGen       total 48064K, used 47678K [0x00000006fd600000, 0x00000007004f0000, 0x0000000702800000)
  object space 48064K, 99% used [0x00000006fd600000,0x000000070048faa0,0x00000007004f0000)
GC Heap History (10 events):
Event: 2739.400 GC heap before
{Heap before GC invocations=159 (full 42):
 PSYoungGen      total 112960K, used 352K [0x00000007ab800000, 0x00000007b6a30000, 0x0000000800000000)
  eden space 112576K, 0% used [0x00000007ab800000,0x00000007ab800000,0x00000007b25f0000)
  from space 384K, 91% used [0x00000007b25f0000,0x00000007b2648000,0x00000007b2650000)
  to   space 34944K, 0% used [0x00000007b4810000,0x00000007b4810000,0x00000007b6a30000)
 ParOldGen       total 202432K, used 87994K [0x0000000702800000, 0x000000070edb0000, 0x00000007ab800000)
  object space 202432K, 43% used [0x0000000702800000,0x0000000707deea38,0x000000070edb0000)
 PSPermGen       total 48064K, used 47667K [0x00000006fd600000, 0x00000007004f0000, 0x0000000702800000)
  object space 48064K, 99% used [0x00000006fd600000,0x000000070048cd98,0x00000007004f0000)
Event: 2739.527 GC heap after
Heap after GC invocations=159 (full 42):
 PSYoungGen      total 112960K, used 0K [0x00000007ab800000, 0x00000007b6a30000, 0x0000000800000000)
  eden space 112576K, 0% used [0x00000007ab800000,0x00000007ab800000,0x00000007b25f0000)
  from space 384K, 0% used [0x00000007b25f0000,0x00000007b25f0000,0x00000007b2650000)
  to   space 34944K, 0% used [0x00000007b4810000,0x00000007b4810000,0x00000007b6a30000)
 ParOldGen       total 202432K, used 87959K [0x0000000702800000, 0x000000070edb0000, 0x00000007ab800000)
  object space 202432K, 43% used [0x0000000702800000,0x0000000707de5e58,0x000000070edb0000)
 PSPermGen       total 48064K, used 47667K [0x00000006fd600000, 0x00000007004f0000, 0x0000000702800000)
  object space 48064K, 99% used [0x00000006fd600000,0x000000070048cd38,0x00000007004f0000)
}
Event: 2799.402 GC heap before
{Heap before GC invocations=160 (full 42):
 PSYoungGen      total 112960K, used 49021K [0x00000007ab800000, 0x00000007b6a30000, 0x0000000800000000)
  eden space 112576K, 43% used [0x00000007ab800000,0x00000007ae7df5d0,0x00000007b25f0000)
  from space 384K, 0% used [0x00000007b25f0000,0x00000007b25f0000,0x00000007b2650000)
  to   space 34944K, 0% used [0x00000007b4810000,0x00000007b4810000,0x00000007b6a30000)
 ParOldGen       total 202432K, used 87959K [0x0000000702800000, 0x000000070edb0000, 0x00000007ab800000)
  object space 202432K, 43% used [0x0000000702800000,0x0000000707de5e58,0x000000070edb0000)
 PSPermGen       total 48064K, used 47675K [0x00000006fd600000, 0x00000007004f0000, 0x0000000702800000)
  object space 48064K, 99% used [0x00000006fd600000,0x000000070048ed08,0x00000007004f0000)
Event: 2799.405 GC heap after
Heap after GC invocations=160 (full 42):
 PSYoungGen      total 144832K, used 448K [0x00000007ab800000, 0x00000007b6790000, 0x0000000800000000)
  eden space 112576K, 0% used [0x00000007ab800000,0x00000007ab800000,0x00000007b25f0000)
  from space 32256K, 1% used [0x00000007b4810000,0x00000007b4880000,0x00000007b6790000)
  to   space 33600K, 0% used [0x00000007b25f0000,0x00000007b25f0000,0x00000007b46c0000)
 ParOldGen       total 202432K, used 87959K [0x0000000702800000, 0x000000070edb0000, 0x00000007ab800000)
  object space 202432K, 43% used [0x0000000702800000,0x0000000707de5e58,0x000000070edb0000)
 PSPermGen       total 48064K, used 47675K [0x00000006fd600000, 0x00000007004f0000, 0x0000000702800000)
  object space 48064K, 99% used [0x00000006fd600000,0x000000070048ed08,0x00000007004f0000)
}
Event: 2799.405 GC heap before
{Heap before GC invocations=161 (full 43):
 PSYoungGen      total 144832K, used 448K [0x00000007ab800000, 0x00000007b6790000, 0x0000000800000000)
  eden space 112576K, 0% used [0x00000007ab800000,0x00000007ab800000,0x00000007b25f0000)
  from space 32256K, 1% used [0x00000007b4810000,0x00000007b4880000,0x00000007b6790000)
  to   space 33600K, 0% used [0x00000007b25f0000,0x00000007b25f0000,0x00000007b46c0000)
 ParOldGen       total 202432K, used 87959K [0x0000000702800000, 0x000000070edb0000, 0x00000007ab800000)
  object space 202432K, 43% used [0x0000000702800000,0x0000000707de5e58,0x000000070edb0000)
 PSPermGen       total 48064K, used 47675K [0x00000006fd600000, 0x00000007004f0000, 0x0000000702800000)
  object space 48064K, 99% used [0x00000006fd600000,0x000000070048ed08,0x00000007004f0000)
Event: 2799.469 GC heap after
Heap after GC invocations=161 (full 43):
 PSYoungGen      total 144832K, used 0K [0x00000007ab800000, 0x00000007b6790000, 0x0000000800000000)
  eden space 112576K, 0% used [0x00000007ab800000,0x00000007ab800000,0x00000007b25f0000)
  from space 32256K, 0% used [0x00000007b4810000,0x00000007b4810000,0x00000007b6790000)
  to   space 33600K, 0% used [0x00000007b25f0000,0x00000007b25f0000,0x00000007b46c0000)
 ParOldGen       total 202432K, used 87944K [0x0000000702800000, 0x000000070edb0000, 0x00000007ab800000)
  object space 202432K, 43% used [0x0000000702800000,0x0000000707de2320,0x000000070edb0000)
 PSPermGen       total 48064K, used 47675K [0x00000006fd600000, 0x00000007004f0000, 0x0000000702800000)
  object space 48064K, 99% used [0x00000006fd600000,0x000000070048ecc8,0x00000007004f0000)
}
Event: 2861.346 GC heap before
{Heap before GC invocations=162 (full 43):
 PSYoungGen      total 144832K, used 37380K [0x00000007ab800000, 0x00000007b6790000, 0x0000000800000000)
  eden space 112576K, 33% used [0x00000007ab800000,0x00000007adc81250,0x00000007b25f0000)
  from space 32256K, 0% used [0x00000007b4810000,0x00000007b4810000,0x00000007b6790000)
  to   space 33600K, 0% used [0x00000007b25f0000,0x00000007b25f0000,0x00000007b46c0000)
 ParOldGen       total 202432K, used 87944K [0x0000000702800000, 0x000000070edb0000, 0x00000007ab800000)
  object space 202432K, 43% used [0x0000000702800000,0x0000000707de2320,0x000000070edb0000)
 PSPermGen       total 48064K, used 47675K [0x00000006fd600000, 0x00000007004f0000, 0x0000000702800000)
  object space 48064K, 99% used [0x00000006fd600000,0x000000070048edf8,0x00000007004f0000)
Event: 2861.350 GC heap after
Heap after GC invocations=162 (full 43):
 PSYoungGen      total 113152K, used 544K [0x00000007ab800000, 0x00000007b64d0000, 0x0000000800000000)
  eden space 112576K, 0% used [0x00000007ab800000,0x00000007ab800000,0x00000007b25f0000)
  from space 576K, 94% used [0x00000007b25f0000,0x00000007b2678000,0x00000007b2680000)
  to   space 32192K, 0% used [0x00000007b4560000,0x00000007b4560000,0x00000007b64d0000)
 ParOldGen       total 202432K, used 87944K [0x0000000702800000, 0x000000070edb0000, 0x00000007ab800000)
  object space 202432K, 43% used [0x0000000702800000,0x0000000707de2320,0x000000070edb0000)
 PSPermGen       total 48064K, used 47675K [0x00000006fd600000, 0x00000007004f0000, 0x0000000702800000)
  object space 48064K, 99% used [0x00000006fd600000,0x000000070048edf8,0x00000007004f0000)
}
Event: 2861.350 GC heap before
{Heap before GC invocations=163 (full 44):
 PSYoungGen      total 113152K, used 544K [0x00000007ab800000, 0x00000007b64d0000, 0x0000000800000000)
  eden space 112576K, 0% used [0x00000007ab800000,0x00000007ab800000,0x00000007b25f0000)
  from space 576K, 94% used [0x00000007b25f0000,0x00000007b2678000,0x00000007b2680000)
  to   space 32192K, 0% used [0x00000007b4560000,0x00000007b4560000,0x00000007b64d0000)
 ParOldGen       total 202432K, used 87944K [0x0000000702800000, 0x000000070edb0000, 0x00000007ab800000)
  object space 202432K, 43% used [0x0000000702800000,0x0000000707de2320,0x000000070edb0000)
 PSPermGen       total 48064K, used 47675K [0x00000006fd600000, 0x00000007004f0000, 0x0000000702800000)
  object space 48064K, 99% used [0x00000006fd600000,0x000000070048edf8,0x00000007004f0000)
Event: 2861.413 GC heap after
Heap after GC invocations=163 (full 44):
 PSYoungGen      total 113152K, used 0K [0x00000007ab800000, 0x00000007b64d0000, 0x0000000800000000)
  eden space 112576K, 0% used [0x00000007ab800000,0x00000007ab800000,0x00000007b25f0000)
  from space 576K, 0% used [0x00000007b25f0000,0x00000007b25f0000,0x00000007b2680000)
  to   space 32192K, 0% used [0x00000007b4560000,0x00000007b4560000,0x00000007b64d0000)
 ParOldGen       total 202432K, used 88022K [0x0000000702800000, 0x000000070edb0000, 0x00000007ab800000)
  object space 202432K, 43% used [0x0000000702800000,0x0000000707df5800,0x000000070edb0000)
 PSPermGen       total 48064K, used 47675K [0x00000006fd600000, 0x00000007004f0000, 0x0000000702800000)
  object space 48064K, 99% used [0x00000006fd600000,0x000000070048edd8,0x00000007004f0000)
}

