# JRE version: 7.0_25-b17
# Java VM: Java HotSpot(TM) 64-Bit Server VM (23.25-b01 mixed mode windows-amd64 compressed oops)
Heap
 PSYoungGen      total 270848K, used 3106K [0x00000007accb0000, 0x00000007c1900000, 0x0000000800000000)
  eden space 226624K, 1% used [0x00000007accb0000,0x00000007acfb8818,0x00000007baa00000)
  from space 44224K, 0% used [0x00000007bedd0000,0x00000007bedd0000,0x00000007c1900000)
  to   space 56832K, 0% used [0x00000007baa00000,0x00000007baa00000,0x00000007be180000)
 ParOldGen       total 170368K, used 77202K [0x0000000706600000, 0x0000000710c60000, 0x00000007accb0000)
  object space 170368K, 45% used [0x0000000706600000,0x000000070b164990,0x0000000710c60000)
 PSPermGen       total 79808K, used 47476K [0x0000000701400000, 0x00000007061f0000, 0x0000000706600000)
  object space 79808K, 59% used [0x0000000701400000,0x000000070425d100,0x00000007061f0000)
GC Heap History (10 events):
Event: 1062.118 GC heap before
{Heap before GC invocations=22 (full 6):
 PSYoungGen      total 226880K, used 224K [0x00000007accb0000, 0x00000007c2770000, 0x0000000800000000)
  eden space 226624K, 0% used [0x00000007accb0000,0x00000007accb0000,0x00000007baa00000)
  from space 256K, 87% used [0x00000007c2730000,0x00000007c2768000,0x00000007c2770000)
  to   space 60608K, 0% used [0x00000007bb110000,0x00000007bb110000,0x00000007bec40000)
 ParOldGen       total 170368K, used 77522K [0x0000000706600000, 0x0000000710c60000, 0x00000007accb0000)
  object space 170368K, 45% used [0x0000000706600000,0x000000070b1b4940,0x0000000710c60000)
 PSPermGen       total 83968K, used 47397K [0x0000000701400000, 0x0000000706600000, 0x0000000706600000)
  object space 83968K, 56% used [0x0000000701400000,0x0000000704249598,0x0000000706600000)
Event: 1062.262 GC heap after
Heap after GC invocations=22 (full 6):
 PSYoungGen      total 226880K, used 0K [0x00000007accb0000, 0x00000007c2770000, 0x0000000800000000)
  eden space 226624K, 0% used [0x00000007accb0000,0x00000007accb0000,0x00000007baa00000)
  from space 256K, 0% used [0x00000007c2730000,0x00000007c2730000,0x00000007c2770000)
  to   space 60608K, 0% used [0x00000007bb110000,0x00000007bb110000,0x00000007bec40000)
 ParOldGen       total 170368K, used 77258K [0x0000000706600000, 0x0000000710c60000, 0x00000007accb0000)
  object space 170368K, 45% used [0x0000000706600000,0x000000070b172870,0x0000000710c60000)
 PSPermGen       total 83968K, used 47397K [0x0000000701400000, 0x0000000706600000, 0x0000000706600000)
  object space 83968K, 56% used [0x0000000701400000,0x0000000704249418,0x0000000706600000)
}
Event: 1134.838 GC heap before
{Heap before GC invocations=23 (full 6):
 PSYoungGen      total 226880K, used 21434K [0x00000007accb0000, 0x00000007c2770000, 0x0000000800000000)
  eden space 226624K, 9% used [0x00000007accb0000,0x00000007ae19e968,0x00000007baa00000)
  from space 256K, 0% used [0x00000007c2730000,0x00000007c2730000,0x00000007c2770000)
  to   space 60608K, 0% used [0x00000007bb110000,0x00000007bb110000,0x00000007bec40000)
 ParOldGen       total 170368K, used 77258K [0x0000000706600000, 0x0000000710c60000, 0x00000007accb0000)
  object space 170368K, 45% used [0x0000000706600000,0x000000070b172870,0x0000000710c60000)
 PSPermGen       total 83968K, used 47464K [0x0000000701400000, 0x0000000706600000, 0x0000000706600000)
  object space 83968K, 56% used [0x0000000701400000,0x000000070425a250,0x0000000706600000)
Event: 1134.843 GC heap after
Heap after GC invocations=23 (full 6):
 PSYoungGen      total 287232K, used 320K [0x00000007accb0000, 0x00000007c2740000, 0x0000000800000000)
  eden space 226624K, 0% used [0x00000007accb0000,0x00000007accb0000,0x00000007baa00000)
  from space 60608K, 0% used [0x00000007bb110000,0x00000007bb160000,0x00000007bec40000)
  to   space 58816K, 0% used [0x00000007bedd0000,0x00000007bedd0000,0x00000007c2740000)
 ParOldGen       total 170368K, used 77258K [0x0000000706600000, 0x0000000710c60000, 0x00000007accb0000)
  object space 170368K, 45% used [0x0000000706600000,0x000000070b172870,0x0000000710c60000)
 PSPermGen       total 83968K, used 47464K [0x0000000701400000, 0x0000000706600000, 0x0000000706600000)
  object space 83968K, 56% used [0x0000000701400000,0x000000070425a250,0x0000000706600000)
}
Event: 1134.843 GC heap before
{Heap before GC invocations=24 (full 7):
 PSYoungGen      total 287232K, used 320K [0x00000007accb0000, 0x00000007c2740000, 0x0000000800000000)
  eden space 226624K, 0% used [0x00000007accb0000,0x00000007accb0000,0x00000007baa00000)
  from space 60608K, 0% used [0x00000007bb110000,0x00000007bb160000,0x00000007bec40000)
  to   space 58816K, 0% used [0x00000007bedd0000,0x00000007bedd0000,0x00000007c2740000)
 ParOldGen       total 170368K, used 77258K [0x0000000706600000, 0x0000000710c60000, 0x00000007accb0000)
  object space 170368K, 45% used [0x0000000706600000,0x000000070b172870,0x0000000710c60000)
 PSPermGen       total 83968K, used 47464K [0x0000000701400000, 0x0000000706600000, 0x0000000706600000)
  object space 83968K, 56% used [0x0000000701400000,0x000000070425a250,0x0000000706600000)
Event: 1134.978 GC heap after
Heap after GC invocations=24 (full 7):
 PSYoungGen      total 287232K, used 0K [0x00000007accb0000, 0x00000007c2740000, 0x0000000800000000)
  eden space 226624K, 0% used [0x00000007accb0000,0x00000007accb0000,0x00000007baa00000)
  from space 60608K, 0% used [0x00000007bb110000,0x00000007bb110000,0x00000007bec40000)
  to   space 58816K, 0% used [0x00000007bedd0000,0x00000007bedd0000,0x00000007c2740000)
 ParOldGen       total 170368K, used 77340K [0x0000000706600000, 0x0000000710c60000, 0x00000007accb0000)
  object space 170368K, 45% used [0x0000000706600000,0x000000070b187218,0x0000000710c60000)
 PSPermGen       total 83968K, used 47463K [0x0000000701400000, 0x0000000706600000, 0x0000000706600000)
  object space 83968K, 56% used [0x0000000701400000,0x0000000704259f50,0x0000000706600000)
}
Event: 1203.153 GC heap before
{Heap before GC invocations=25 (full 7):
 PSYoungGen      total 287232K, used 17828K [0x00000007accb0000, 0x00000007c2740000, 0x0000000800000000)
  eden space 226624K, 7% used [0x00000007accb0000,0x00000007ade193b8,0x00000007baa00000)
  from space 60608K, 0% used [0x00000007bb110000,0x00000007bb110000,0x00000007bec40000)
  to   space 58816K, 0% used [0x00000007bedd0000,0x00000007bedd0000,0x00000007c2740000)
 ParOldGen       total 170368K, used 77340K [0x0000000706600000, 0x0000000710c60000, 0x00000007accb0000)
  object space 170368K, 45% used [0x0000000706600000,0x000000070b187218,0x0000000710c60000)
 PSPermGen       total 83968K, used 47476K [0x0000000701400000, 0x0000000706600000, 0x0000000706600000)
  object space 83968K, 56% used [0x0000000701400000,0x000000070425d280,0x0000000706600000)
Event: 1203.155 GC heap after
Heap after GC invocations=25 (full 7):
 PSYoungGen      total 270848K, used 288K [0x00000007accb0000, 0x00000007c1900000, 0x0000000800000000)
  eden space 226624K, 0% used [0x00000007accb0000,0x00000007accb0000,0x00000007baa00000)
  from space 44224K, 0% used [0x00000007bedd0000,0x00000007bee18000,0x00000007c1900000)
  to   space 56832K, 0% used [0x00000007baa00000,0x00000007baa00000,0x00000007be180000)
 ParOldGen       total 170368K, used 77340K [0x0000000706600000, 0x0000000710c60000, 0x00000007accb0000)
  object space 170368K, 45% used [0x0000000706600000,0x000000070b187218,0x0000000710c60000)
 PSPermGen       total 83968K, used 47476K [0x0000000701400000, 0x0000000706600000, 0x0000000706600000)
  object space 83968K, 56% used [0x0000000701400000,0x000000070425d280,0x0000000706600000)
}
Event: 1203.155 GC heap before
{Heap before GC invocations=26 (full 8):
 PSYoungGen      total 270848K, used 288K [0x00000007accb0000, 0x00000007c1900000, 0x0000000800000000)
  eden space 226624K, 0% used [0x00000007accb0000,0x00000007accb0000,0x00000007baa00000)
  from space 44224K, 0% used [0x00000007bedd0000,0x00000007bee18000,0x00000007c1900000)
  to   space 56832K, 0% used [0x00000007baa00000,0x00000007baa00000,0x00000007be180000)
 ParOldGen       total 170368K, used 77340K [0x0000000706600000, 0x0000000710c60000, 0x00000007accb0000)
  object space 170368K, 45% used [0x0000000706600000,0x000000070b187218,0x0000000710c60000)
 PSPermGen       total 83968K, used 47476K [0x0000000701400000, 0x0000000706600000, 0x0000000706600000)
  object space 83968K, 56% used [0x0000000701400000,0x000000070425d280,0x0000000706600000)
Event: 1203.259 GC heap after
Heap after GC invocations=26 (full 8):
 PSYoungGen      total 270848K, used 0K [0x00000007accb0000, 0x00000007c1900000, 0x0000000800000000)
  eden space 226624K, 0% used [0x00000007accb0000,0x00000007accb0000,0x00000007baa00000)
  from space 44224K, 0% used [0x00000007bedd0000,0x00000007bedd0000,0x00000007c1900000)
  to   space 56832K, 0% used [0x00000007baa00000,0x00000007baa00000,0x00000007be180000)
 ParOldGen       total 170368K, used 77202K [0x0000000706600000, 0x0000000710c60000, 0x00000007accb0000)
  object space 170368K, 45% used [0x0000000706600000,0x000000070b164990,0x0000000710c60000)
 PSPermGen       total 79808K, used 47476K [0x0000000701400000, 0x00000007061f0000, 0x0000000706600000)
  object space 79808K, 59% used [0x0000000701400000,0x000000070425d100,0x00000007061f0000)
}

