# JRE version: 7.0_25-b17
# Java VM: Java HotSpot(TM) 64-Bit Server VM (23.25-b01 mixed mode windows-amd64 compressed oops)
Heap
 PSYoungGen      total 520256K, used 390482K [0x00000007accb0000, 0x00000007d06c0000, 0x0000000800000000)
  eden space 483520K, 80% used [0x00000007accb0000,0x00000007c4a04850,0x00000007ca4e0000)
  from space 36736K, 0% used [0x00000007ce2e0000,0x00000007ce2e0000,0x00000007d06c0000)
  to   space 50112K, 0% used [0x00000007ca4e0000,0x00000007ca4e0000,0x00000007cd5d0000)
 ParOldGen       total 170368K, used 75934K [0x0000000706600000, 0x0000000710c60000, 0x00000007accb0000)
  object space 170368K, 44% used [0x0000000706600000,0x000000070b027b40,0x0000000710c60000)
 PSPermGen       total 48320K, used 48206K [0x0000000701400000, 0x0000000704330000, 0x0000000706600000)
  object space 48320K, 99% used [0x0000000701400000,0x0000000704313818,0x0000000704330000)
GC Heap History (10 events):
Event: 19.584 GC heap before
{Heap before GC invocations=7 (full 0):
 PSYoungGen      total 293760K, used 278927K [0x00000007accb0000, 0x00000007c14d0000, 0x0000000800000000)
  eden space 255744K, 100% used [0x00000007accb0000,0x00000007bc670000,0x00000007bc670000)
  from space 38016K, 60% used [0x00000007befb0000,0x00000007c0653fd8,0x00000007c14d0000)
  to   space 40128K, 0% used [0x00000007bc670000,0x00000007bc670000,0x00000007beda0000)
 ParOldGen       total 170368K, used 50955K [0x0000000706600000, 0x0000000710c60000, 0x00000007accb0000)
  object space 170368K, 29% used [0x0000000706600000,0x00000007097c2ce8,0x0000000710c60000)
 PSPermGen       total 46400K, used 46236K [0x0000000701400000, 0x0000000704150000, 0x0000000706600000)
  object space 46400K, 99% used [0x0000000701400000,0x0000000704127238,0x0000000704150000)
Event: 19.611 GC heap after
Heap after GC invocations=7 (full 0):
 PSYoungGen      total 295872K, used 31073K [0x00000007accb0000, 0x00000007d1310000, 0x0000000800000000)
  eden space 255744K, 0% used [0x00000007accb0000,0x00000007accb0000,0x00000007bc670000)
  from space 40128K, 77% used [0x00000007bc670000,0x00000007be4c8678,0x00000007beda0000)
  to   space 42432K, 0% used [0x00000007ce9a0000,0x00000007ce9a0000,0x00000007d1310000)
 ParOldGen       total 170368K, used 54733K [0x0000000706600000, 0x0000000710c60000, 0x00000007accb0000)
  object space 170368K, 32% used [0x0000000706600000,0x0000000709b736d0,0x0000000710c60000)
 PSPermGen       total 46400K, used 46236K [0x0000000701400000, 0x0000000704150000, 0x0000000706600000)
  object space 46400K, 99% used [0x0000000701400000,0x0000000704127238,0x0000000704150000)
}
Event: 30.198 GC heap before
{Heap before GC invocations=8 (full 0):
 PSYoungGen      total 295872K, used 286817K [0x00000007accb0000, 0x00000007d1310000, 0x0000000800000000)
  eden space 255744K, 100% used [0x00000007accb0000,0x00000007bc670000,0x00000007bc670000)
  from space 40128K, 77% used [0x00000007bc670000,0x00000007be4c8678,0x00000007beda0000)
  to   space 42432K, 0% used [0x00000007ce9a0000,0x00000007ce9a0000,0x00000007d1310000)
 ParOldGen       total 170368K, used 54733K [0x0000000706600000, 0x0000000710c60000, 0x00000007accb0000)
  object space 170368K, 32% used [0x0000000706600000,0x0000000709b736d0,0x0000000710c60000)
 PSPermGen       total 46592K, used 46584K [0x0000000701400000, 0x0000000704180000, 0x0000000706600000)
  object space 46592K, 99% used [0x0000000701400000,0x000000070417e298,0x0000000704180000)
Event: 30.216 GC heap after
Heap after GC invocations=8 (full 0):
 PSYoungGen      total 548352K, used 40778K [0x00000007accb0000, 0x00000007d1df0000, 0x0000000800000000)
  eden space 505920K, 0% used [0x00000007accb0000,0x00000007accb0000,0x00000007cbac0000)
  from space 42432K, 96% used [0x00000007ce9a0000,0x00000007d11728b0,0x00000007d1310000)
  to   space 48000K, 0% used [0x00000007cbac0000,0x00000007cbac0000,0x00000007ce9a0000)
 ParOldGen       total 170368K, used 56356K [0x0000000706600000, 0x0000000710c60000, 0x00000007accb0000)
  object space 170368K, 33% used [0x0000000706600000,0x0000000709d09308,0x0000000710c60000)
 PSPermGen       total 46592K, used 46584K [0x0000000701400000, 0x0000000704180000, 0x0000000706600000)
  object space 46592K, 99% used [0x0000000701400000,0x000000070417e298,0x0000000704180000)
}
Event: 35.526 GC heap before
{Heap before GC invocations=9 (full 0):
 PSYoungGen      total 548352K, used 546698K [0x00000007accb0000, 0x00000007d1df0000, 0x0000000800000000)
  eden space 505920K, 100% used [0x00000007accb0000,0x00000007cbac0000,0x00000007cbac0000)
  from space 42432K, 96% used [0x00000007ce9a0000,0x00000007d11728b0,0x00000007d1310000)
  to   space 48000K, 0% used [0x00000007cbac0000,0x00000007cbac0000,0x00000007ce9a0000)
 ParOldGen       total 170368K, used 56356K [0x0000000706600000, 0x0000000710c60000, 0x00000007accb0000)
  object space 170368K, 33% used [0x0000000706600000,0x0000000709d09308,0x0000000710c60000)
 PSPermGen       total 46976K, used 46861K [0x0000000701400000, 0x00000007041e0000, 0x0000000706600000)
  object space 46976K, 99% used [0x0000000701400000,0x00000007041c3440,0x00000007041e0000)
Event: 35.547 GC heap after
Heap after GC invocations=9 (full 0):
 PSYoungGen      total 524608K, used 41041K [0x00000007accb0000, 0x00000007d0a80000, 0x0000000800000000)
  eden space 483520K, 0% used [0x00000007accb0000,0x00000007accb0000,0x00000007ca4e0000)
  from space 41088K, 99% used [0x00000007cbac0000,0x00000007ce2d44e8,0x00000007ce2e0000)
  to   space 40576K, 0% used [0x00000007ce2e0000,0x00000007ce2e0000,0x00000007d0a80000)
 ParOldGen       total 170368K, used 73115K [0x0000000706600000, 0x0000000710c60000, 0x00000007accb0000)
  object space 170368K, 42% used [0x0000000706600000,0x000000070ad66c78,0x0000000710c60000)
 PSPermGen       total 46976K, used 46861K [0x0000000701400000, 0x00000007041e0000, 0x0000000706600000)
  object space 46976K, 99% used [0x0000000701400000,0x00000007041c3440,0x00000007041e0000)
}
Event: 62.569 GC heap before
{Heap before GC invocations=10 (full 0):
 PSYoungGen      total 524608K, used 129693K [0x00000007accb0000, 0x00000007d0a80000, 0x0000000800000000)
  eden space 483520K, 18% used [0x00000007accb0000,0x00000007b2343048,0x00000007ca4e0000)
  from space 41088K, 99% used [0x00000007cbac0000,0x00000007ce2d44e8,0x00000007ce2e0000)
  to   space 40576K, 0% used [0x00000007ce2e0000,0x00000007ce2e0000,0x00000007d0a80000)
 ParOldGen       total 170368K, used 73115K [0x0000000706600000, 0x0000000710c60000, 0x00000007accb0000)
  object space 170368K, 42% used [0x0000000706600000,0x000000070ad66c78,0x0000000710c60000)
 PSPermGen       total 47360K, used 47189K [0x0000000701400000, 0x0000000704240000, 0x0000000706600000)
  object space 47360K, 99% used [0x0000000701400000,0x0000000704215740,0x0000000704240000)
Event: 62.599 GC heap after
Heap after GC invocations=10 (full 0):
 PSYoungGen      total 520256K, used 22863K [0x00000007accb0000, 0x00000007d06c0000, 0x0000000800000000)
  eden space 483520K, 0% used [0x00000007accb0000,0x00000007accb0000,0x00000007ca4e0000)
  from space 36736K, 62% used [0x00000007ce2e0000,0x00000007cf933e18,0x00000007d06c0000)
  to   space 50112K, 0% used [0x00000007ca4e0000,0x00000007ca4e0000,0x00000007cd5d0000)
 ParOldGen       total 170368K, used 91560K [0x0000000706600000, 0x0000000710c60000, 0x00000007accb0000)
  object space 170368K, 53% used [0x0000000706600000,0x000000070bf6a2c8,0x0000000710c60000)
 PSPermGen       total 47360K, used 47189K [0x0000000701400000, 0x0000000704240000, 0x0000000706600000)
  object space 47360K, 99% used [0x0000000701400000,0x0000000704215740,0x0000000704240000)
}
Event: 62.599 GC heap before
{Heap before GC invocations=11 (full 1):
 PSYoungGen      total 520256K, used 22863K [0x00000007accb0000, 0x00000007d06c0000, 0x0000000800000000)
  eden space 483520K, 0% used [0x00000007accb0000,0x00000007accb0000,0x00000007ca4e0000)
  from space 36736K, 62% used [0x00000007ce2e0000,0x00000007cf933e18,0x00000007d06c0000)
  to   space 50112K, 0% used [0x00000007ca4e0000,0x00000007ca4e0000,0x00000007cd5d0000)
 ParOldGen       total 170368K, used 91560K [0x0000000706600000, 0x0000000710c60000, 0x00000007accb0000)
  object space 170368K, 53% used [0x0000000706600000,0x000000070bf6a2c8,0x0000000710c60000)
 PSPermGen       total 47360K, used 47189K [0x0000000701400000, 0x0000000704240000, 0x0000000706600000)
  object space 47360K, 99% used [0x0000000701400000,0x0000000704215740,0x0000000704240000)
Event: 62.818 GC heap after
Heap after GC invocations=11 (full 1):
 PSYoungGen      total 520256K, used 0K [0x00000007accb0000, 0x00000007d06c0000, 0x0000000800000000)
  eden space 483520K, 0% used [0x00000007accb0000,0x00000007accb0000,0x00000007ca4e0000)
  from space 36736K, 0% used [0x00000007ce2e0000,0x00000007ce2e0000,0x00000007d06c0000)
  to   space 50112K, 0% used [0x00000007ca4e0000,0x00000007ca4e0000,0x00000007cd5d0000)
 ParOldGen       total 170368K, used 75934K [0x0000000706600000, 0x0000000710c60000, 0x00000007accb0000)
  object space 170368K, 44% used [0x0000000706600000,0x000000070b027b40,0x0000000710c60000)
 PSPermGen       total 47360K, used 47163K [0x0000000701400000, 0x0000000704240000, 0x0000000706600000)
  object space 47360K, 99% used [0x0000000701400000,0x000000070420ed60,0x0000000704240000)
}

