# JRE version: 7.0_25-b17
# Java VM: Java HotSpot(TM) 64-Bit Server VM (23.25-b01 mixed mode windows-amd64 compressed oops)
Heap
 PSYoungGen      total 114688K, used 19046K [0x00000007d5f60000, 0x00000007dec30000, 0x0000000800000000)
  eden space 90112K, 21% used [0x00000007d5f60000,0x00000007d71f9ae8,0x00000007db760000)
  from space 24576K, 0% used [0x00000007db760000,0x00000007db760000,0x00000007dcf60000)
  to   space 25920K, 0% used [0x00000007dd2e0000,0x00000007dd2e0000,0x00000007dec30000)
 ParOldGen       total 134784K, used 76226K [0x0000000781e00000, 0x000000078a1a0000, 0x00000007d5f60000)
  object space 134784K, 56% used [0x0000000781e00000,0x0000000786870a08,0x000000078a1a0000)
 PSPermGen       total 48256K, used 48250K [0x000000077cc00000, 0x000000077fb20000, 0x0000000781e00000)
  object space 48256K, 99% used [0x000000077cc00000,0x000000077fb1eba8,0x000000077fb20000)
GC Heap History (10 events):
Event: 14887.159 GC heap before
{Heap before GC invocations=692 (full 242):
 PSYoungGen      total 100480K, used 100419K [0x00000007d5f60000, 0x00000007dd700000, 0x0000000800000000)
  eden space 87808K, 100% used [0x00000007d5f60000,0x00000007db520000,0x00000007db520000)
  from space 12672K, 99% used [0x00000007db7f0000,0x00000007dc440eb8,0x00000007dc450000)
  to   space 17344K, 0% used [0x00000007dc610000,0x00000007dc610000,0x00000007dd700000)
 ParOldGen       total 134784K, used 76221K [0x0000000781e00000, 0x000000078a1a0000, 0x00000007d5f60000)
  object space 134784K, 56% used [0x0000000781e00000,0x000000078686f798,0x000000078a1a0000)
 PSPermGen       total 48256K, used 48250K [0x000000077cc00000, 0x000000077fb20000, 0x0000000781e00000)
  object space 48256K, 99% used [0x000000077cc00000,0x000000077fb1eba8,0x000000077fb20000)
Event: 14887.162 GC heap after
Heap after GC invocations=692 (full 242):
 PSYoungGen      total 102272K, used 14865K [0x00000007d5f60000, 0x00000007dd9f0000, 0x0000000800000000)
  eden space 84928K, 0% used [0x00000007d5f60000,0x00000007d5f60000,0x00000007db250000)
  from space 17344K, 85% used [0x00000007dc610000,0x00000007dd494578,0x00000007dd700000)
  to   space 20224K, 0% used [0x00000007db250000,0x00000007db250000,0x00000007dc610000)
 ParOldGen       total 134784K, used 76221K [0x0000000781e00000, 0x000000078a1a0000, 0x00000007d5f60000)
  object space 134784K, 56% used [0x0000000781e00000,0x000000078686f798,0x000000078a1a0000)
 PSPermGen       total 48256K, used 48250K [0x000000077cc00000, 0x000000077fb20000, 0x0000000781e00000)
  object space 48256K, 99% used [0x000000077cc00000,0x000000077fb1eba8,0x000000077fb20000)
}
Event: 14887.670 GC heap before
{Heap before GC invocations=693 (full 242):
 PSYoungGen      total 102272K, used 99793K [0x00000007d5f60000, 0x00000007dd9f0000, 0x0000000800000000)
  eden space 84928K, 100% used [0x00000007d5f60000,0x00000007db250000,0x00000007db250000)
  from space 17344K, 85% used [0x00000007dc610000,0x00000007dd494578,0x00000007dd700000)
  to   space 20224K, 0% used [0x00000007db250000,0x00000007db250000,0x00000007dc610000)
 ParOldGen       total 134784K, used 76221K [0x0000000781e00000, 0x000000078a1a0000, 0x00000007d5f60000)
  object space 134784K, 56% used [0x0000000781e00000,0x000000078686f798,0x000000078a1a0000)
 PSPermGen       total 48256K, used 48250K [0x000000077cc00000, 0x000000077fb20000, 0x0000000781e00000)
  object space 48256K, 99% used [0x000000077cc00000,0x000000077fb1eba8,0x000000077fb20000)
Event: 14887.675 GC heap after
Heap after GC invocations=693 (full 242):
 PSYoungGen      total 105152K, used 15994K [0x00000007d5f60000, 0x00000007de5c0000, 0x0000000800000000)
  eden space 84928K, 0% used [0x00000007d5f60000,0x00000007d5f60000,0x00000007db250000)
  from space 20224K, 79% used [0x00000007db250000,0x00000007dc1eeb08,0x00000007dc610000)
  to   space 22912K, 0% used [0x00000007dcf60000,0x00000007dcf60000,0x00000007de5c0000)
 ParOldGen       total 134784K, used 76221K [0x0000000781e00000, 0x000000078a1a0000, 0x00000007d5f60000)
  object space 134784K, 56% used [0x0000000781e00000,0x000000078686f798,0x000000078a1a0000)
 PSPermGen       total 48256K, used 48250K [0x000000077cc00000, 0x000000077fb20000, 0x0000000781e00000)
  object space 48256K, 99% used [0x000000077cc00000,0x000000077fb1eba8,0x000000077fb20000)
}
Event: 14888.305 GC heap before
{Heap before GC invocations=694 (full 242):
 PSYoungGen      total 105152K, used 100922K [0x00000007d5f60000, 0x00000007de5c0000, 0x0000000800000000)
  eden space 84928K, 100% used [0x00000007d5f60000,0x00000007db250000,0x00000007db250000)
  from space 20224K, 79% used [0x00000007db250000,0x00000007dc1eeb08,0x00000007dc610000)
  to   space 22912K, 0% used [0x00000007dcf60000,0x00000007dcf60000,0x00000007de5c0000)
 ParOldGen       total 134784K, used 76221K [0x0000000781e00000, 0x000000078a1a0000, 0x00000007d5f60000)
  object space 134784K, 56% used [0x0000000781e00000,0x000000078686f798,0x000000078a1a0000)
 PSPermGen       total 48256K, used 48250K [0x000000077cc00000, 0x000000077fb20000, 0x0000000781e00000)
  object space 48256K, 99% used [0x000000077cc00000,0x000000077fb1eba8,0x000000077fb20000)
Event: 14888.309 GC heap after
Heap after GC invocations=694 (full 242):
 PSYoungGen      total 113024K, used 14745K [0x00000007d5f60000, 0x00000007de990000, 0x0000000800000000)
  eden space 90112K, 0% used [0x00000007d5f60000,0x00000007d5f60000,0x00000007db760000)
  from space 22912K, 64% used [0x00000007dcf60000,0x00000007dddc67f8,0x00000007de5c0000)
  to   space 24576K, 0% used [0x00000007db760000,0x00000007db760000,0x00000007dcf60000)
 ParOldGen       total 134784K, used 76221K [0x0000000781e00000, 0x000000078a1a0000, 0x00000007d5f60000)
  object space 134784K, 56% used [0x0000000781e00000,0x000000078686f798,0x000000078a1a0000)
 PSPermGen       total 48256K, used 48250K [0x000000077cc00000, 0x000000077fb20000, 0x0000000781e00000)
  object space 48256K, 99% used [0x000000077cc00000,0x000000077fb1eba8,0x000000077fb20000)
}
Event: 14895.960 GC heap before
{Heap before GC invocations=695 (full 242):
 PSYoungGen      total 113024K, used 49462K [0x00000007d5f60000, 0x00000007de990000, 0x0000000800000000)
  eden space 90112K, 38% used [0x00000007d5f60000,0x00000007d8147380,0x00000007db760000)
  from space 22912K, 64% used [0x00000007dcf60000,0x00000007dddc67f8,0x00000007de5c0000)
  to   space 24576K, 0% used [0x00000007db760000,0x00000007db760000,0x00000007dcf60000)
 ParOldGen       total 134784K, used 76221K [0x0000000781e00000, 0x000000078a1a0000, 0x00000007d5f60000)
  object space 134784K, 56% used [0x0000000781e00000,0x000000078686f798,0x000000078a1a0000)
 PSPermGen       total 48256K, used 48250K [0x000000077cc00000, 0x000000077fb20000, 0x0000000781e00000)
  object space 48256K, 99% used [0x000000077cc00000,0x000000077fb1ebc8,0x000000077fb20000)
Event: 14895.963 GC heap after
Heap after GC invocations=695 (full 242):
 PSYoungGen      total 114688K, used 15114K [0x00000007d5f60000, 0x00000007dec30000, 0x0000000800000000)
  eden space 90112K, 0% used [0x00000007d5f60000,0x00000007d5f60000,0x00000007db760000)
  from space 24576K, 61% used [0x00000007db760000,0x00000007dc6228f8,0x00000007dcf60000)
  to   space 25920K, 0% used [0x00000007dd2e0000,0x00000007dd2e0000,0x00000007dec30000)
 ParOldGen       total 134784K, used 76221K [0x0000000781e00000, 0x000000078a1a0000, 0x00000007d5f60000)
  object space 134784K, 56% used [0x0000000781e00000,0x000000078686f798,0x000000078a1a0000)
 PSPermGen       total 48256K, used 48250K [0x000000077cc00000, 0x000000077fb20000, 0x0000000781e00000)
  object space 48256K, 99% used [0x000000077cc00000,0x000000077fb1ebc8,0x000000077fb20000)
}
Event: 14895.963 GC heap before
{Heap before GC invocations=696 (full 243):
 PSYoungGen      total 114688K, used 15114K [0x00000007d5f60000, 0x00000007dec30000, 0x0000000800000000)
  eden space 90112K, 0% used [0x00000007d5f60000,0x00000007d5f60000,0x00000007db760000)
  from space 24576K, 61% used [0x00000007db760000,0x00000007dc6228f8,0x00000007dcf60000)
  to   space 25920K, 0% used [0x00000007dd2e0000,0x00000007dd2e0000,0x00000007dec30000)
 ParOldGen       total 134784K, used 76221K [0x0000000781e00000, 0x000000078a1a0000, 0x00000007d5f60000)
  object space 134784K, 56% used [0x0000000781e00000,0x000000078686f798,0x000000078a1a0000)
 PSPermGen       total 48256K, used 48250K [0x000000077cc00000, 0x000000077fb20000, 0x0000000781e00000)
  object space 48256K, 99% used [0x000000077cc00000,0x000000077fb1ebc8,0x000000077fb20000)
Event: 14896.026 GC heap after
Heap after GC invocations=696 (full 243):
 PSYoungGen      total 114688K, used 0K [0x00000007d5f60000, 0x00000007dec30000, 0x0000000800000000)
  eden space 90112K, 0% used [0x00000007d5f60000,0x00000007d5f60000,0x00000007db760000)
  from space 24576K, 0% used [0x00000007db760000,0x00000007db760000,0x00000007dcf60000)
  to   space 25920K, 0% used [0x00000007dd2e0000,0x00000007dd2e0000,0x00000007dec30000)
 ParOldGen       total 134784K, used 76226K [0x0000000781e00000, 0x000000078a1a0000, 0x00000007d5f60000)
  object space 134784K, 56% used [0x0000000781e00000,0x0000000786870a08,0x000000078a1a0000)
 PSPermGen       total 48256K, used 48250K [0x000000077cc00000, 0x000000077fb20000, 0x0000000781e00000)
  object space 48256K, 99% used [0x000000077cc00000,0x000000077fb1eba8,0x000000077fb20000)
}

