# JRE version: 7.0_25-b17
# Java VM: Java HotSpot(TM) 64-Bit Server VM (23.25-b01 mixed mode windows-amd64 compressed oops)
Heap
 PSYoungGen      total 38080K, used 11355K [0x00000007ab800000, 0x00000007ae480000, 0x0000000800000000)
  eden space 31040K, 36% used [0x00000007ab800000,0x00000007ac316e98,0x00000007ad650000)
  from space 7040K, 0% used [0x00000007ad650000,0x00000007ad650000,0x00000007add30000)
  to   space 6976K, 0% used [0x00000007addb0000,0x00000007addb0000,0x00000007ae480000)
 ParOldGen       total 203136K, used 110042K [0x0000000702800000, 0x000000070ee60000, 0x00000007ab800000)
  object space 203136K, 54% used [0x0000000702800000,0x0000000709376a28,0x000000070ee60000)
 PSPermGen       total 49408K, used 49072K [0x00000006fd600000, 0x0000000700640000, 0x0000000702800000)
  object space 49408K, 99% used [0x00000006fd600000,0x00000007005ec288,0x0000000700640000)
GC Heap History (10 events):
Event: 2976.734 GC heap before
{Heap before GC invocations=292 (full 45):
 PSYoungGen      total 28800K, used 28789K [0x00000007ab800000, 0x00000007ad5b0000, 0x0000000800000000)
  eden space 27712K, 100% used [0x00000007ab800000,0x00000007ad310000,0x00000007ad310000)
  from space 1088K, 99% used [0x00000007ad4a0000,0x00000007ad5ad558,0x00000007ad5b0000)
  to   space 1280K, 0% used [0x00000007ad330000,0x00000007ad330000,0x00000007ad470000)
 ParOldGen       total 203136K, used 112584K [0x0000000702800000, 0x000000070ee60000, 0x00000007ab800000)
  object space 203136K, 55% used [0x0000000702800000,0x00000007095f2358,0x000000070ee60000)
 PSPermGen       total 49472K, used 49071K [0x00000006fd600000, 0x0000000700650000, 0x0000000702800000)
  object space 49472K, 99% used [0x00000006fd600000,0x00000007005ebfb8,0x0000000700650000)
Event: 2976.739 GC heap after
Heap after GC invocations=292 (full 45):
 PSYoungGen      total 29120K, used 1269K [0x00000007ab800000, 0x00000007ae380000, 0x0000000800000000)
  eden space 27840K, 0% used [0x00000007ab800000,0x00000007ab800000,0x00000007ad330000)
  from space 1280K, 99% used [0x00000007ad330000,0x00000007ad46d558,0x00000007ad470000)
  to   space 6464K, 0% used [0x00000007add30000,0x00000007add30000,0x00000007ae380000)
 ParOldGen       total 203136K, used 126206K [0x0000000702800000, 0x000000070ee60000, 0x00000007ab800000)
  object space 203136K, 62% used [0x0000000702800000,0x000000070a33fad8,0x000000070ee60000)
 PSPermGen       total 49472K, used 49071K [0x00000006fd600000, 0x0000000700650000, 0x0000000702800000)
  object space 49472K, 99% used [0x00000006fd600000,0x00000007005ebfb8,0x0000000700650000)
}
Event: 2996.311 GC heap before
{Heap before GC invocations=293 (full 45):
 PSYoungGen      total 29120K, used 10405K [0x00000007ab800000, 0x00000007ae380000, 0x0000000800000000)
  eden space 27840K, 32% used [0x00000007ab800000,0x00000007ac0ec0e8,0x00000007ad330000)
  from space 1280K, 99% used [0x00000007ad330000,0x00000007ad46d558,0x00000007ad470000)
  to   space 6464K, 0% used [0x00000007add30000,0x00000007add30000,0x00000007ae380000)
 ParOldGen       total 203136K, used 126206K [0x0000000702800000, 0x000000070ee60000, 0x00000007ab800000)
  object space 203136K, 62% used [0x0000000702800000,0x000000070a33fad8,0x000000070ee60000)
 PSPermGen       total 49472K, used 49071K [0x00000006fd600000, 0x0000000700650000, 0x0000000702800000)
  object space 49472K, 99% used [0x00000006fd600000,0x00000007005ebfb8,0x0000000700650000)
Event: 2996.322 GC heap after
Heap after GC invocations=293 (full 45):
 PSYoungGen      total 37504K, used 4917K [0x00000007ab800000, 0x00000007ae4a0000, 0x0000000800000000)
  eden space 31040K, 0% used [0x00000007ab800000,0x00000007ab800000,0x00000007ad650000)
  from space 6464K, 76% used [0x00000007add30000,0x00000007ae1fd558,0x00000007ae380000)
  to   space 7040K, 0% used [0x00000007ad650000,0x00000007ad650000,0x00000007add30000)
 ParOldGen       total 203136K, used 126206K [0x0000000702800000, 0x000000070ee60000, 0x00000007ab800000)
  object space 203136K, 62% used [0x0000000702800000,0x000000070a33fad8,0x000000070ee60000)
 PSPermGen       total 49472K, used 49071K [0x00000006fd600000, 0x0000000700650000, 0x0000000702800000)
  object space 49472K, 99% used [0x00000006fd600000,0x00000007005ebfb8,0x0000000700650000)
}
Event: 2996.322 GC heap before
{Heap before GC invocations=294 (full 46):
 PSYoungGen      total 37504K, used 4917K [0x00000007ab800000, 0x00000007ae4a0000, 0x0000000800000000)
  eden space 31040K, 0% used [0x00000007ab800000,0x00000007ab800000,0x00000007ad650000)
  from space 6464K, 76% used [0x00000007add30000,0x00000007ae1fd558,0x00000007ae380000)
  to   space 7040K, 0% used [0x00000007ad650000,0x00000007ad650000,0x00000007add30000)
 ParOldGen       total 203136K, used 126206K [0x0000000702800000, 0x000000070ee60000, 0x00000007ab800000)
  object space 203136K, 62% used [0x0000000702800000,0x000000070a33fad8,0x000000070ee60000)
 PSPermGen       total 49472K, used 49071K [0x00000006fd600000, 0x0000000700650000, 0x0000000702800000)
  object space 49472K, 99% used [0x00000006fd600000,0x00000007005ebfb8,0x0000000700650000)
Event: 2996.443 GC heap after
Heap after GC invocations=294 (full 46):
 PSYoungGen      total 37504K, used 0K [0x00000007ab800000, 0x00000007ae4a0000, 0x0000000800000000)
  eden space 31040K, 0% used [0x00000007ab800000,0x00000007ab800000,0x00000007ad650000)
  from space 6464K, 0% used [0x00000007add30000,0x00000007add30000,0x00000007ae380000)
  to   space 7040K, 0% used [0x00000007ad650000,0x00000007ad650000,0x00000007add30000)
 ParOldGen       total 203136K, used 110044K [0x0000000702800000, 0x000000070ee60000, 0x00000007ab800000)
  object space 203136K, 54% used [0x0000000702800000,0x0000000709377038,0x000000070ee60000)
 PSPermGen       total 49472K, used 49071K [0x00000006fd600000, 0x0000000700650000, 0x0000000702800000)
  object space 49472K, 99% used [0x00000006fd600000,0x00000007005ebf98,0x0000000700650000)
}
Event: 3056.320 GC heap before
{Heap before GC invocations=295 (full 46):
 PSYoungGen      total 37504K, used 631K [0x00000007ab800000, 0x00000007ae4a0000, 0x0000000800000000)
  eden space 31040K, 2% used [0x00000007ab800000,0x00000007ab89dfa8,0x00000007ad650000)
  from space 6464K, 0% used [0x00000007add30000,0x00000007add30000,0x00000007ae380000)
  to   space 7040K, 0% used [0x00000007ad650000,0x00000007ad650000,0x00000007add30000)
 ParOldGen       total 203136K, used 110044K [0x0000000702800000, 0x000000070ee60000, 0x00000007ab800000)
  object space 203136K, 54% used [0x0000000702800000,0x0000000709377038,0x000000070ee60000)
 PSPermGen       total 49472K, used 49071K [0x00000006fd600000, 0x0000000700650000, 0x0000000702800000)
  object space 49472K, 99% used [0x00000006fd600000,0x00000007005ebf98,0x0000000700650000)
Event: 3056.323 GC heap after
Heap after GC invocations=295 (full 46):
 PSYoungGen      total 38080K, used 128K [0x00000007ab800000, 0x00000007ae480000, 0x0000000800000000)
  eden space 31040K, 0% used [0x00000007ab800000,0x00000007ab800000,0x00000007ad650000)
  from space 7040K, 1% used [0x00000007ad650000,0x00000007ad670000,0x00000007add30000)
  to   space 6976K, 0% used [0x00000007addb0000,0x00000007addb0000,0x00000007ae480000)
 ParOldGen       total 203136K, used 110044K [0x0000000702800000, 0x000000070ee60000, 0x00000007ab800000)
  object space 203136K, 54% used [0x0000000702800000,0x0000000709377038,0x000000070ee60000)
 PSPermGen       total 49472K, used 49071K [0x00000006fd600000, 0x0000000700650000, 0x0000000702800000)
  object space 49472K, 99% used [0x00000006fd600000,0x00000007005ebf98,0x0000000700650000)
}
Event: 3056.323 GC heap before
{Heap before GC invocations=296 (full 47):
 PSYoungGen      total 38080K, used 128K [0x00000007ab800000, 0x00000007ae480000, 0x0000000800000000)
  eden space 31040K, 0% used [0x00000007ab800000,0x00000007ab800000,0x00000007ad650000)
  from space 7040K, 1% used [0x00000007ad650000,0x00000007ad670000,0x00000007add30000)
  to   space 6976K, 0% used [0x00000007addb0000,0x00000007addb0000,0x00000007ae480000)
 ParOldGen       total 203136K, used 110044K [0x0000000702800000, 0x000000070ee60000, 0x00000007ab800000)
  object space 203136K, 54% used [0x0000000702800000,0x0000000709377038,0x000000070ee60000)
 PSPermGen       total 49472K, used 49071K [0x00000006fd600000, 0x0000000700650000, 0x0000000702800000)
  object space 49472K, 99% used [0x00000006fd600000,0x00000007005ebf98,0x0000000700650000)
Event: 3056.397 GC heap after
Heap after GC invocations=296 (full 47):
 PSYoungGen      total 38080K, used 0K [0x00000007ab800000, 0x00000007ae480000, 0x0000000800000000)
  eden space 31040K, 0% used [0x00000007ab800000,0x00000007ab800000,0x00000007ad650000)
  from space 7040K, 0% used [0x00000007ad650000,0x00000007ad650000,0x00000007add30000)
  to   space 6976K, 0% used [0x00000007addb0000,0x00000007addb0000,0x00000007ae480000)
 ParOldGen       total 203136K, used 110042K [0x0000000702800000, 0x000000070ee60000, 0x00000007ab800000)
  object space 203136K, 54% used [0x0000000702800000,0x0000000709376a28,0x000000070ee60000)
 PSPermGen       total 49408K, used 49071K [0x00000006fd600000, 0x0000000700640000, 0x0000000702800000)
  object space 49408K, 99% used [0x00000006fd600000,0x00000007005ebf98,0x0000000700640000)
}

