# JRE version: 7.0_25-b17
# Java VM: Java HotSpot(TM) 64-Bit Server VM (23.25-b01 mixed mode windows-amd64 compressed oops)
Heap
 PSYoungGen      total 452672K, used 321117K [0x00000007ab800000, 0x00000007ca6f0000, 0x0000000800000000)
  eden space 432320K, 69% used [0x00000007ab800000,0x00000007bddbe188,0x00000007c5e30000)
  from space 20352K, 99% used [0x00000007c7170000,0x00000007c85495c8,0x00000007c8550000)
  to   space 34432K, 0% used [0x00000007c8550000,0x00000007c8550000,0x00000007ca6f0000)
 ParOldGen       total 173056K, used 87166K [0x0000000702800000, 0x000000070d100000, 0x00000007ab800000)
  object space 173056K, 50% used [0x0000000702800000,0x0000000707d1f8a0,0x000000070d100000)
 PSPermGen       total 52224K, used 47654K [0x00000006fd600000, 0x0000000700900000, 0x0000000702800000)
  object space 52224K, 91% used [0x00000006fd600000,0x0000000700489aa0,0x0000000700900000)
GC Heap History (10 events):
Event: 1242.690 GC heap before
{Heap before GC invocations=49 (full 18):
 PSYoungGen      total 489024K, used 19748K [0x00000007ab800000, 0x00000007cbc70000, 0x0000000800000000)
  eden space 452032K, 4% used [0x00000007ab800000,0x00000007acb49100,0x00000007c7170000)
  from space 36992K, 0% used [0x00000007c9850000,0x00000007c9850000,0x00000007cbc70000)
  to   space 38400K, 0% used [0x00000007c7170000,0x00000007c7170000,0x00000007c96f0000)
 ParOldGen       total 173056K, used 87434K [0x0000000702800000, 0x000000070d100000, 0x00000007ab800000)
  object space 173056K, 50% used [0x0000000702800000,0x0000000707d62818,0x000000070d100000)
 PSPermGen       total 54400K, used 47553K [0x00000006fd600000, 0x0000000700b20000, 0x0000000702800000)
  object space 54400K, 87% used [0x00000006fd600000,0x00000007004704e0,0x0000000700b20000)
Event: 1242.694 GC heap after
Heap after GC invocations=49 (full 18):
 PSYoungGen      total 452544K, used 453K [0x00000007ab800000, 0x00000007cb930000, 0x0000000800000000)
  eden space 452032K, 0% used [0x00000007ab800000,0x00000007ab800000,0x00000007c7170000)
  from space 512K, 88% used [0x00000007c7170000,0x00000007c71e17f8,0x00000007c71f0000)
  to   space 36736K, 0% used [0x00000007c9550000,0x00000007c9550000,0x00000007cb930000)
 ParOldGen       total 173056K, used 87434K [0x0000000702800000, 0x000000070d100000, 0x00000007ab800000)
  object space 173056K, 50% used [0x0000000702800000,0x0000000707d62818,0x000000070d100000)
 PSPermGen       total 54400K, used 47553K [0x00000006fd600000, 0x0000000700b20000, 0x0000000702800000)
  object space 54400K, 87% used [0x00000006fd600000,0x00000007004704e0,0x0000000700b20000)
}
Event: 1242.694 GC heap before
{Heap before GC invocations=50 (full 19):
 PSYoungGen      total 452544K, used 453K [0x00000007ab800000, 0x00000007cb930000, 0x0000000800000000)
  eden space 452032K, 0% used [0x00000007ab800000,0x00000007ab800000,0x00000007c7170000)
  from space 512K, 88% used [0x00000007c7170000,0x00000007c71e17f8,0x00000007c71f0000)
  to   space 36736K, 0% used [0x00000007c9550000,0x00000007c9550000,0x00000007cb930000)
 ParOldGen       total 173056K, used 87434K [0x0000000702800000, 0x000000070d100000, 0x00000007ab800000)
  object space 173056K, 50% used [0x0000000702800000,0x0000000707d62818,0x000000070d100000)
 PSPermGen       total 54400K, used 47553K [0x00000006fd600000, 0x0000000700b20000, 0x0000000702800000)
  object space 54400K, 87% used [0x00000006fd600000,0x00000007004704e0,0x0000000700b20000)
Event: 1242.827 GC heap after
Heap after GC invocations=50 (full 19):
 PSYoungGen      total 452544K, used 0K [0x00000007ab800000, 0x00000007cb930000, 0x0000000800000000)
  eden space 452032K, 0% used [0x00000007ab800000,0x00000007ab800000,0x00000007c7170000)
  from space 512K, 0% used [0x00000007c7170000,0x00000007c7170000,0x00000007c71f0000)
  to   space 36736K, 0% used [0x00000007c9550000,0x00000007c9550000,0x00000007cb930000)
 ParOldGen       total 173056K, used 87264K [0x0000000702800000, 0x000000070d100000, 0x00000007ab800000)
  object space 173056K, 50% used [0x0000000702800000,0x0000000707d38218,0x000000070d100000)
 PSPermGen       total 53376K, used 47553K [0x00000006fd600000, 0x0000000700a20000, 0x0000000702800000)
  object space 53376K, 89% used [0x00000006fd600000,0x00000007004704e0,0x0000000700a20000)
}
Event: 1302.702 GC heap before
{Heap before GC invocations=51 (full 19):
 PSYoungGen      total 452544K, used 20608K [0x00000007ab800000, 0x00000007cb930000, 0x0000000800000000)
  eden space 452032K, 4% used [0x00000007ab800000,0x00000007acc20318,0x00000007c7170000)
  from space 512K, 0% used [0x00000007c7170000,0x00000007c7170000,0x00000007c71f0000)
  to   space 36736K, 0% used [0x00000007c9550000,0x00000007c9550000,0x00000007cb930000)
 ParOldGen       total 173056K, used 87264K [0x0000000702800000, 0x000000070d100000, 0x00000007ab800000)
  object space 173056K, 50% used [0x0000000702800000,0x0000000707d38218,0x000000070d100000)
 PSPermGen       total 53376K, used 47580K [0x00000006fd600000, 0x0000000700a20000, 0x0000000702800000)
  object space 53376K, 89% used [0x00000006fd600000,0x0000000700477140,0x0000000700a20000)
Event: 1302.707 GC heap after
Heap after GC invocations=51 (full 19):
 PSYoungGen      total 485568K, used 256K [0x00000007ab800000, 0x00000007cb610000, 0x0000000800000000)
  eden space 452032K, 0% used [0x00000007ab800000,0x00000007ab800000,0x00000007c7170000)
  from space 33536K, 0% used [0x00000007c9550000,0x00000007c9590000,0x00000007cb610000)
  to   space 35136K, 0% used [0x00000007c7170000,0x00000007c7170000,0x00000007c93c0000)
 ParOldGen       total 173056K, used 87264K [0x0000000702800000, 0x000000070d100000, 0x00000007ab800000)
  object space 173056K, 50% used [0x0000000702800000,0x0000000707d38218,0x000000070d100000)
 PSPermGen       total 53376K, used 47580K [0x00000006fd600000, 0x0000000700a20000, 0x0000000702800000)
  object space 53376K, 89% used [0x00000006fd600000,0x0000000700477140,0x0000000700a20000)
}
Event: 1302.707 GC heap before
{Heap before GC invocations=52 (full 20):
 PSYoungGen      total 485568K, used 256K [0x00000007ab800000, 0x00000007cb610000, 0x0000000800000000)
  eden space 452032K, 0% used [0x00000007ab800000,0x00000007ab800000,0x00000007c7170000)
  from space 33536K, 0% used [0x00000007c9550000,0x00000007c9590000,0x00000007cb610000)
  to   space 35136K, 0% used [0x00000007c7170000,0x00000007c7170000,0x00000007c93c0000)
 ParOldGen       total 173056K, used 87264K [0x0000000702800000, 0x000000070d100000, 0x00000007ab800000)
  object space 173056K, 50% used [0x0000000702800000,0x0000000707d38218,0x000000070d100000)
 PSPermGen       total 53376K, used 47580K [0x00000006fd600000, 0x0000000700a20000, 0x0000000702800000)
  object space 53376K, 89% used [0x00000006fd600000,0x0000000700477140,0x0000000700a20000)
Event: 1302.839 GC heap after
Heap after GC invocations=52 (full 20):
 PSYoungGen      total 485568K, used 0K [0x00000007ab800000, 0x00000007cb610000, 0x0000000800000000)
  eden space 452032K, 0% used [0x00000007ab800000,0x00000007ab800000,0x00000007c7170000)
  from space 33536K, 0% used [0x00000007c9550000,0x00000007c9550000,0x00000007cb610000)
  to   space 35136K, 0% used [0x00000007c7170000,0x00000007c7170000,0x00000007c93c0000)
 ParOldGen       total 173056K, used 87166K [0x0000000702800000, 0x000000070d100000, 0x00000007ab800000)
  object space 173056K, 50% used [0x0000000702800000,0x0000000707d1f8a0,0x000000070d100000)
 PSPermGen       total 52224K, used 47580K [0x00000006fd600000, 0x0000000700900000, 0x0000000702800000)
  object space 52224K, 91% used [0x00000006fd600000,0x0000000700477100,0x0000000700900000)
}
Event: 1354.234 GC heap before
{Heap before GC invocations=53 (full 20):
 PSYoungGen      total 485568K, used 452032K [0x00000007ab800000, 0x00000007cb610000, 0x0000000800000000)
  eden space 452032K, 100% used [0x00000007ab800000,0x00000007c7170000,0x00000007c7170000)
  from space 33536K, 0% used [0x00000007c9550000,0x00000007c9550000,0x00000007cb610000)
  to   space 35136K, 0% used [0x00000007c7170000,0x00000007c7170000,0x00000007c93c0000)
 ParOldGen       total 173056K, used 87166K [0x0000000702800000, 0x000000070d100000, 0x00000007ab800000)
  object space 173056K, 50% used [0x0000000702800000,0x0000000707d1f8a0,0x000000070d100000)
 PSPermGen       total 52224K, used 47611K [0x00000006fd600000, 0x0000000700900000, 0x0000000702800000)
  object space 52224K, 91% used [0x00000006fd600000,0x000000070047ed68,0x0000000700900000)
Event: 1354.248 GC heap after
Heap after GC invocations=53 (full 20):
 PSYoungGen      total 452672K, used 20325K [0x00000007ab800000, 0x00000007ca6f0000, 0x0000000800000000)
  eden space 432320K, 0% used [0x00000007ab800000,0x00000007ab800000,0x00000007c5e30000)
  from space 20352K, 99% used [0x00000007c7170000,0x00000007c85495c8,0x00000007c8550000)
  to   space 34432K, 0% used [0x00000007c8550000,0x00000007c8550000,0x00000007ca6f0000)
 ParOldGen       total 173056K, used 87166K [0x0000000702800000, 0x000000070d100000, 0x00000007ab800000)
  object space 173056K, 50% used [0x0000000702800000,0x0000000707d1f8a0,0x000000070d100000)
 PSPermGen       total 52224K, used 47611K [0x00000006fd600000, 0x0000000700900000, 0x0000000702800000)
  object space 52224K, 91% used [0x00000006fd600000,0x000000070047ed68,0x0000000700900000)
}

