# JRE version: 7.0_25-b17
# Java VM: Java HotSpot(TM) 64-Bit Server VM (23.25-b01 mixed mode windows-amd64 compressed oops)
Heap
 PSYoungGen      total 60544K, used 161K [0x00000007ab800000, 0x00000007b0de0000, 0x0000000800000000)
  eden space 59776K, 0% used [0x00000007ab800000,0x00000007ab8284a8,0x00000007af260000)
  from space 768K, 0% used [0x00000007af260000,0x00000007af260000,0x00000007af320000)
  to   space 14080K, 0% used [0x00000007b0020000,0x00000007b0020000,0x00000007b0de0000)
 ParOldGen       total 178176K, used 88778K [0x0000000702800000, 0x000000070d600000, 0x00000007ab800000)
  object space 178176K, 49% used [0x0000000702800000,0x0000000707eb2a10,0x000000070d600000)
 PSPermGen       total 47808K, used 47459K [0x00000006fd600000, 0x00000007004b0000, 0x0000000702800000)
  object space 47808K, 99% used [0x00000006fd600000,0x0000000700458f80,0x00000007004b0000)
GC Heap History (10 events):
Event: 3542.604 GC heap before
{Heap before GC invocations=934 (full 53):
 PSYoungGen      total 71744K, used 71734K [0x00000007ab800000, 0x00000007b1470000, 0x0000000800000000)
  eden space 61184K, 100% used [0x00000007ab800000,0x00000007af3c0000,0x00000007af3c0000)
  from space 10560K, 99% used [0x00000007b0a20000,0x00000007b146daa8,0x00000007b1470000)
  to   space 15232K, 0% used [0x00000007af6b0000,0x00000007af6b0000,0x00000007b0590000)
 ParOldGen       total 178176K, used 98302K [0x0000000702800000, 0x000000070d600000, 0x00000007ab800000)
  object space 178176K, 55% used [0x0000000702800000,0x00000007087ff838,0x000000070d600000)
 PSPermGen       total 47744K, used 47447K [0x00000006fd600000, 0x00000007004a0000, 0x0000000702800000)
  object space 47744K, 99% used [0x00000006fd600000,0x0000000700455c80,0x00000007004a0000)
Event: 3542.607 GC heap after
Heap after GC invocations=934 (full 53):
 PSYoungGen      total 60096K, used 320K [0x00000007ab800000, 0x00000007b0fa0000, 0x0000000800000000)
  eden space 59776K, 0% used [0x00000007ab800000,0x00000007ab800000,0x00000007af260000)
  from space 320K, 100% used [0x00000007af6b0000,0x00000007af700000,0x00000007af700000)
  to   space 14976K, 0% used [0x00000007b0100000,0x00000007b0100000,0x00000007b0fa0000)
 ParOldGen       total 178176K, used 98633K [0x0000000702800000, 0x000000070d600000, 0x00000007ab800000)
  object space 178176K, 55% used [0x0000000702800000,0x0000000708852568,0x000000070d600000)
 PSPermGen       total 47744K, used 47447K [0x00000006fd600000, 0x00000007004a0000, 0x0000000702800000)
  object space 47744K, 99% used [0x00000006fd600000,0x0000000700455c80,0x00000007004a0000)
}
Event: 3547.571 GC heap before
{Heap before GC invocations=935 (full 53):
 PSYoungGen      total 60096K, used 4205K [0x00000007ab800000, 0x00000007b0fa0000, 0x0000000800000000)
  eden space 59776K, 6% used [0x00000007ab800000,0x00000007abbcb718,0x00000007af260000)
  from space 320K, 100% used [0x00000007af6b0000,0x00000007af700000,0x00000007af700000)
  to   space 14976K, 0% used [0x00000007b0100000,0x00000007b0100000,0x00000007b0fa0000)
 ParOldGen       total 178176K, used 98633K [0x0000000702800000, 0x000000070d600000, 0x00000007ab800000)
  object space 178176K, 55% used [0x0000000702800000,0x0000000708852568,0x000000070d600000)
 PSPermGen       total 47744K, used 47447K [0x00000006fd600000, 0x00000007004a0000, 0x0000000702800000)
  object space 47744K, 99% used [0x00000006fd600000,0x0000000700455f58,0x00000007004a0000)
Event: 3547.574 GC heap after
Heap after GC invocations=935 (full 53):
 PSYoungGen      total 73984K, used 256K [0x00000007ab800000, 0x00000007b0ee0000, 0x0000000800000000)
  eden space 59776K, 0% used [0x00000007ab800000,0x00000007ab800000,0x00000007af260000)
  from space 14208K, 1% used [0x00000007b0100000,0x00000007b0140000,0x00000007b0ee0000)
  to   space 14592K, 0% used [0x00000007af260000,0x00000007af260000,0x00000007b00a0000)
 ParOldGen       total 178176K, used 98801K [0x0000000702800000, 0x000000070d600000, 0x00000007ab800000)
  object space 178176K, 55% used [0x0000000702800000,0x000000070887c568,0x000000070d600000)
 PSPermGen       total 47744K, used 47447K [0x00000006fd600000, 0x00000007004a0000, 0x0000000702800000)
  object space 47744K, 99% used [0x00000006fd600000,0x0000000700455f58,0x00000007004a0000)
}
Event: 3547.574 GC heap before
{Heap before GC invocations=936 (full 54):
 PSYoungGen      total 73984K, used 256K [0x00000007ab800000, 0x00000007b0ee0000, 0x0000000800000000)
  eden space 59776K, 0% used [0x00000007ab800000,0x00000007ab800000,0x00000007af260000)
  from space 14208K, 1% used [0x00000007b0100000,0x00000007b0140000,0x00000007b0ee0000)
  to   space 14592K, 0% used [0x00000007af260000,0x00000007af260000,0x00000007b00a0000)
 ParOldGen       total 178176K, used 98801K [0x0000000702800000, 0x000000070d600000, 0x00000007ab800000)
  object space 178176K, 55% used [0x0000000702800000,0x000000070887c568,0x000000070d600000)
 PSPermGen       total 47744K, used 47447K [0x00000006fd600000, 0x00000007004a0000, 0x0000000702800000)
  object space 47744K, 99% used [0x00000006fd600000,0x0000000700455f58,0x00000007004a0000)
Event: 3547.687 GC heap after
Heap after GC invocations=936 (full 54):
 PSYoungGen      total 73984K, used 0K [0x00000007ab800000, 0x00000007b0ee0000, 0x0000000800000000)
  eden space 59776K, 0% used [0x00000007ab800000,0x00000007ab800000,0x00000007af260000)
  from space 14208K, 0% used [0x00000007b0100000,0x00000007b0100000,0x00000007b0ee0000)
  to   space 14592K, 0% used [0x00000007af260000,0x00000007af260000,0x00000007b00a0000)
 ParOldGen       total 178176K, used 88722K [0x0000000702800000, 0x000000070d600000, 0x00000007ab800000)
  object space 178176K, 49% used [0x0000000702800000,0x0000000707ea4bb0,0x000000070d600000)
 PSPermGen       total 47808K, used 47447K [0x00000006fd600000, 0x00000007004b0000, 0x0000000702800000)
  object space 47808K, 99% used [0x00000006fd600000,0x0000000700455f18,0x00000007004b0000)
}
Event: 3607.590 GC heap before
{Heap before GC invocations=937 (full 54):
 PSYoungGen      total 73984K, used 35880K [0x00000007ab800000, 0x00000007b0ee0000, 0x0000000800000000)
  eden space 59776K, 60% used [0x00000007ab800000,0x00000007adb0a1c0,0x00000007af260000)
  from space 14208K, 0% used [0x00000007b0100000,0x00000007b0100000,0x00000007b0ee0000)
  to   space 14592K, 0% used [0x00000007af260000,0x00000007af260000,0x00000007b00a0000)
 ParOldGen       total 178176K, used 88722K [0x0000000702800000, 0x000000070d600000, 0x00000007ab800000)
  object space 178176K, 49% used [0x0000000702800000,0x0000000707ea4bb0,0x000000070d600000)
 PSPermGen       total 47808K, used 47459K [0x00000006fd600000, 0x00000007004b0000, 0x0000000702800000)
  object space 47808K, 99% used [0x00000006fd600000,0x0000000700458fc0,0x00000007004b0000)
Event: 3607.592 GC heap after
Heap after GC invocations=937 (full 54):
 PSYoungGen      total 60544K, used 736K [0x00000007ab800000, 0x00000007b0de0000, 0x0000000800000000)
  eden space 59776K, 0% used [0x00000007ab800000,0x00000007ab800000,0x00000007af260000)
  from space 768K, 95% used [0x00000007af260000,0x00000007af318000,0x00000007af320000)
  to   space 14080K, 0% used [0x00000007b0020000,0x00000007b0020000,0x00000007b0de0000)
 ParOldGen       total 178176K, used 88722K [0x0000000702800000, 0x000000070d600000, 0x00000007ab800000)
  object space 178176K, 49% used [0x0000000702800000,0x0000000707ea4bb0,0x000000070d600000)
 PSPermGen       total 47808K, used 47459K [0x00000006fd600000, 0x00000007004b0000, 0x0000000702800000)
  object space 47808K, 99% used [0x00000006fd600000,0x0000000700458fc0,0x00000007004b0000)
}
Event: 3607.592 GC heap before
{Heap before GC invocations=938 (full 55):
 PSYoungGen      total 60544K, used 736K [0x00000007ab800000, 0x00000007b0de0000, 0x0000000800000000)
  eden space 59776K, 0% used [0x00000007ab800000,0x00000007ab800000,0x00000007af260000)
  from space 768K, 95% used [0x00000007af260000,0x00000007af318000,0x00000007af320000)
  to   space 14080K, 0% used [0x00000007b0020000,0x00000007b0020000,0x00000007b0de0000)
 ParOldGen       total 178176K, used 88722K [0x0000000702800000, 0x000000070d600000, 0x00000007ab800000)
  object space 178176K, 49% used [0x0000000702800000,0x0000000707ea4bb0,0x000000070d600000)
 PSPermGen       total 47808K, used 47459K [0x00000006fd600000, 0x00000007004b0000, 0x0000000702800000)
  object space 47808K, 99% used [0x00000006fd600000,0x0000000700458fc0,0x00000007004b0000)
Event: 3607.698 GC heap after
Heap after GC invocations=938 (full 55):
 PSYoungGen      total 60544K, used 0K [0x00000007ab800000, 0x00000007b0de0000, 0x0000000800000000)
  eden space 59776K, 0% used [0x00000007ab800000,0x00000007ab800000,0x00000007af260000)
  from space 768K, 0% used [0x00000007af260000,0x00000007af260000,0x00000007af320000)
  to   space 14080K, 0% used [0x00000007b0020000,0x00000007b0020000,0x00000007b0de0000)
 ParOldGen       total 178176K, used 88778K [0x0000000702800000, 0x000000070d600000, 0x00000007ab800000)
  object space 178176K, 49% used [0x0000000702800000,0x0000000707eb2a10,0x000000070d600000)
 PSPermGen       total 47808K, used 47459K [0x00000006fd600000, 0x00000007004b0000, 0x0000000702800000)
  object space 47808K, 99% used [0x00000006fd600000,0x0000000700458f80,0x00000007004b0000)
}

