# JRE version: 7.0_25-b17
# Java VM: Java HotSpot(TM) 64-Bit Server VM (23.25-b01 mixed mode windows-amd64 compressed oops)
Heap
 PSYoungGen      total 96512K, used 37556K [0x00000007ab800000, 0x00000007b3430000, 0x0000000800000000)
  eden space 67392K, 55% used [0x00000007ab800000,0x00000007adcad198,0x00000007af9d0000)
  from space 29120K, 0% used [0x00000007af9d0000,0x00000007af9d0000,0x00000007b1640000)
  to   space 29888K, 0% used [0x00000007b1700000,0x00000007b1700000,0x00000007b3430000)
 ParOldGen       total 185152K, used 88745K [0x0000000702800000, 0x000000070dcd0000, 0x00000007ab800000)
  object space 185152K, 47% used [0x0000000702800000,0x0000000707eaa6b0,0x000000070dcd0000)
 PSPermGen       total 48704K, used 47923K [0x00000006fd600000, 0x0000000700590000, 0x0000000702800000)
  object space 48704K, 98% used [0x00000006fd600000,0x00000007004ccc60,0x0000000700590000)
GC Heap History (10 events):
Event: 1969.155 GC heap before
{Heap before GC invocations=101 (full 31):
 PSYoungGen      total 83008K, used 78845K [0x00000007ab800000, 0x00000007b2ad0000, 0x0000000800000000)
  eden space 62720K, 100% used [0x00000007ab800000,0x00000007af540000,0x00000007af540000)
  from space 20288K, 79% used [0x00000007af540000,0x00000007b04ff690,0x00000007b0910000)
  to   space 22784K, 0% used [0x00000007b1490000,0x00000007b1490000,0x00000007b2ad0000)
 ParOldGen       total 185152K, used 109156K [0x0000000702800000, 0x000000070dcd0000, 0x00000007ab800000)
  object space 185152K, 58% used [0x0000000702800000,0x0000000709299048,0x000000070dcd0000)
 PSPermGen       total 48768K, used 47883K [0x00000006fd600000, 0x00000007005a0000, 0x0000000702800000)
  object space 48768K, 98% used [0x00000006fd600000,0x00000007004c2da0,0x00000007005a0000)
Event: 1969.159 GC heap after
Heap after GC invocations=101 (full 31):
 PSYoungGen      total 91968K, used 18596K [0x00000007ab800000, 0x00000007b30a0000, 0x0000000800000000)
  eden space 69184K, 0% used [0x00000007ab800000,0x00000007ab800000,0x00000007afb90000)
  from space 22784K, 81% used [0x00000007b1490000,0x00000007b26b90b8,0x00000007b2ad0000)
  to   space 25600K, 0% used [0x00000007afb90000,0x00000007afb90000,0x00000007b1490000)
 ParOldGen       total 185152K, used 109156K [0x0000000702800000, 0x000000070dcd0000, 0x00000007ab800000)
  object space 185152K, 58% used [0x0000000702800000,0x0000000709299048,0x000000070dcd0000)
 PSPermGen       total 48768K, used 47883K [0x00000006fd600000, 0x00000007005a0000, 0x0000000702800000)
  object space 48768K, 98% used [0x00000006fd600000,0x00000007004c2da0,0x00000007005a0000)
}
Event: 1969.787 GC heap before
{Heap before GC invocations=102 (full 31):
 PSYoungGen      total 91968K, used 87780K [0x00000007ab800000, 0x00000007b30a0000, 0x0000000800000000)
  eden space 69184K, 100% used [0x00000007ab800000,0x00000007afb90000,0x00000007afb90000)
  from space 22784K, 81% used [0x00000007b1490000,0x00000007b26b90b8,0x00000007b2ad0000)
  to   space 25600K, 0% used [0x00000007afb90000,0x00000007afb90000,0x00000007b1490000)
 ParOldGen       total 185152K, used 109156K [0x0000000702800000, 0x000000070dcd0000, 0x00000007ab800000)
  object space 185152K, 58% used [0x0000000702800000,0x0000000709299048,0x000000070dcd0000)
 PSPermGen       total 48768K, used 47883K [0x00000006fd600000, 0x00000007005a0000, 0x0000000702800000)
  object space 48768K, 98% used [0x00000006fd600000,0x00000007004c2da0,0x00000007005a0000)
Event: 1969.790 GC heap after
Heap after GC invocations=102 (full 31):
 PSYoungGen      total 94784K, used 19337K [0x00000007ab800000, 0x00000007b3b60000, 0x0000000800000000)
  eden space 69184K, 0% used [0x00000007ab800000,0x00000007ab800000,0x00000007afb90000)
  from space 25600K, 75% used [0x00000007afb90000,0x00000007b0e72750,0x00000007b1490000)
  to   space 28096K, 0% used [0x00000007b1ff0000,0x00000007b1ff0000,0x00000007b3b60000)
 ParOldGen       total 185152K, used 109156K [0x0000000702800000, 0x000000070dcd0000, 0x00000007ab800000)
  object space 185152K, 58% used [0x0000000702800000,0x0000000709299048,0x000000070dcd0000)
 PSPermGen       total 48768K, used 47883K [0x00000006fd600000, 0x00000007005a0000, 0x0000000702800000)
  object space 48768K, 98% used [0x00000006fd600000,0x00000007004c2da0,0x00000007005a0000)
}
Event: 1971.119 GC heap before
{Heap before GC invocations=103 (full 31):
 PSYoungGen      total 94784K, used 88516K [0x00000007ab800000, 0x00000007b3b60000, 0x0000000800000000)
  eden space 69184K, 99% used [0x00000007ab800000,0x00000007afb8eb98,0x00000007afb90000)
  from space 25600K, 75% used [0x00000007afb90000,0x00000007b0e72750,0x00000007b1490000)
  to   space 28096K, 0% used [0x00000007b1ff0000,0x00000007b1ff0000,0x00000007b3b60000)
 ParOldGen       total 185152K, used 109156K [0x0000000702800000, 0x000000070dcd0000, 0x00000007ab800000)
  object space 185152K, 58% used [0x0000000702800000,0x0000000709299048,0x000000070dcd0000)
 PSPermGen       total 48768K, used 47884K [0x00000006fd600000, 0x00000007005a0000, 0x0000000702800000)
  object space 48768K, 98% used [0x00000006fd600000,0x00000007004c32e8,0x00000007005a0000)
Event: 1971.124 GC heap after
Heap after GC invocations=103 (full 31):
 PSYoungGen      total 86592K, used 16924K [0x00000007ab800000, 0x00000007b32b0000, 0x0000000800000000)
  eden space 67392K, 0% used [0x00000007ab800000,0x00000007ab800000,0x00000007af9d0000)
  from space 19200K, 88% used [0x00000007b1ff0000,0x00000007b3077030,0x00000007b32b0000)
  to   space 29120K, 0% used [0x00000007af9d0000,0x00000007af9d0000,0x00000007b1640000)
 ParOldGen       total 185152K, used 109156K [0x0000000702800000, 0x000000070dcd0000, 0x00000007ab800000)
  object space 185152K, 58% used [0x0000000702800000,0x0000000709299048,0x000000070dcd0000)
 PSPermGen       total 48768K, used 47884K [0x00000006fd600000, 0x00000007005a0000, 0x0000000702800000)
  object space 48768K, 98% used [0x00000006fd600000,0x00000007004c32e8,0x00000007005a0000)
}
Event: 1985.350 GC heap before
{Heap before GC invocations=104 (full 31):
 PSYoungGen      total 86592K, used 42010K [0x00000007ab800000, 0x00000007b32b0000, 0x0000000800000000)
  eden space 67392K, 37% used [0x00000007ab800000,0x00000007ad07f800,0x00000007af9d0000)
  from space 19200K, 88% used [0x00000007b1ff0000,0x00000007b3077030,0x00000007b32b0000)
  to   space 29120K, 0% used [0x00000007af9d0000,0x00000007af9d0000,0x00000007b1640000)
 ParOldGen       total 185152K, used 109156K [0x0000000702800000, 0x000000070dcd0000, 0x00000007ab800000)
  object space 185152K, 58% used [0x0000000702800000,0x0000000709299048,0x000000070dcd0000)
 PSPermGen       total 48768K, used 47900K [0x00000006fd600000, 0x00000007005a0000, 0x0000000702800000)
  object space 48768K, 98% used [0x00000006fd600000,0x00000007004c7210,0x00000007005a0000)
Event: 1985.355 GC heap after
Heap after GC invocations=104 (full 31):
 PSYoungGen      total 96512K, used 16997K [0x00000007ab800000, 0x00000007b3430000, 0x0000000800000000)
  eden space 67392K, 0% used [0x00000007ab800000,0x00000007ab800000,0x00000007af9d0000)
  from space 29120K, 58% used [0x00000007af9d0000,0x00000007b0a69708,0x00000007b1640000)
  to   space 29888K, 0% used [0x00000007b1700000,0x00000007b1700000,0x00000007b3430000)
 ParOldGen       total 185152K, used 109300K [0x0000000702800000, 0x000000070dcd0000, 0x00000007ab800000)
  object space 185152K, 59% used [0x0000000702800000,0x00000007092bd048,0x000000070dcd0000)
 PSPermGen       total 48768K, used 47900K [0x00000006fd600000, 0x00000007005a0000, 0x0000000702800000)
  object space 48768K, 98% used [0x00000006fd600000,0x00000007004c7210,0x00000007005a0000)
}
Event: 1985.355 GC heap before
{Heap before GC invocations=105 (full 32):
 PSYoungGen      total 96512K, used 16997K [0x00000007ab800000, 0x00000007b3430000, 0x0000000800000000)
  eden space 67392K, 0% used [0x00000007ab800000,0x00000007ab800000,0x00000007af9d0000)
  from space 29120K, 58% used [0x00000007af9d0000,0x00000007b0a69708,0x00000007b1640000)
  to   space 29888K, 0% used [0x00000007b1700000,0x00000007b1700000,0x00000007b3430000)
 ParOldGen       total 185152K, used 109300K [0x0000000702800000, 0x000000070dcd0000, 0x00000007ab800000)
  object space 185152K, 59% used [0x0000000702800000,0x00000007092bd048,0x000000070dcd0000)
 PSPermGen       total 48768K, used 47900K [0x00000006fd600000, 0x00000007005a0000, 0x0000000702800000)
  object space 48768K, 98% used [0x00000006fd600000,0x00000007004c7210,0x00000007005a0000)
Event: 1985.451 GC heap after
Heap after GC invocations=105 (full 32):
 PSYoungGen      total 96512K, used 0K [0x00000007ab800000, 0x00000007b3430000, 0x0000000800000000)
  eden space 67392K, 0% used [0x00000007ab800000,0x00000007ab800000,0x00000007af9d0000)
  from space 29120K, 0% used [0x00000007af9d0000,0x00000007af9d0000,0x00000007b1640000)
  to   space 29888K, 0% used [0x00000007b1700000,0x00000007b1700000,0x00000007b3430000)
 ParOldGen       total 185152K, used 88745K [0x0000000702800000, 0x000000070dcd0000, 0x00000007ab800000)
  object space 185152K, 47% used [0x0000000702800000,0x0000000707eaa6b0,0x000000070dcd0000)
 PSPermGen       total 48704K, used 47900K [0x00000006fd600000, 0x0000000700590000, 0x0000000702800000)
  object space 48704K, 98% used [0x00000006fd600000,0x00000007004c7190,0x0000000700590000)
}

