# JRE version: 7.0_25-b17
# Java VM: Java HotSpot(TM) 64-Bit Server VM (23.25-b01 mixed mode windows-amd64 compressed oops)
Heap
 PSYoungGen      total 62208K, used 855K [0x00000007ab800000, 0x00000007b03c0000, 0x0000000800000000)
  eden space 61952K, 1% used [0x00000007ab800000,0x00000007ab8d5e00,0x00000007af480000)
  from space 256K, 0% used [0x00000007af480000,0x00000007af480000,0x00000007af4c0000)
  to   space 7808K, 0% used [0x00000007afc20000,0x00000007afc20000,0x00000007b03c0000)
 ParOldGen       total 193280K, used 87129K [0x0000000702800000, 0x000000070e4c0000, 0x00000007ab800000)
  object space 193280K, 45% used [0x0000000702800000,0x0000000707d166d0,0x000000070e4c0000)
 PSPermGen       total 46784K, used 46699K [0x00000006fd600000, 0x00000007003b0000, 0x0000000702800000)
  object space 46784K, 99% used [0x00000006fd600000,0x000000070039ad88,0x00000007003b0000)
GC Heap History (10 events):
Event: 118.209 GC heap before
{Heap before GC invocations=52 (full 1):
 PSYoungGen      total 70208K, used 65364K [0x00000007ab800000, 0x00000007b0720000, 0x0000000800000000)
  eden space 63488K, 100% used [0x00000007ab800000,0x00000007af600000,0x00000007af600000)
  from space 6720K, 27% used [0x00000007b0090000,0x00000007b0265180,0x00000007b0720000)
  to   space 8768K, 0% used [0x00000007af600000,0x00000007af600000,0x00000007afe90000)
 ParOldGen       total 193280K, used 100986K [0x0000000702800000, 0x000000070e4c0000, 0x00000007ab800000)
  object space 193280K, 52% used [0x0000000702800000,0x0000000708a9ea00,0x000000070e4c0000)
 PSPermGen       total 46784K, used 46693K [0x00000006fd600000, 0x00000007003b0000, 0x0000000702800000)
  object space 46784K, 99% used [0x00000006fd600000,0x0000000700399578,0x00000007003b0000)
Event: 118.213 GC heap after
Heap after GC invocations=52 (full 1):
 PSYoungGen      total 63808K, used 1831K [0x00000007ab800000, 0x00000007b04c0000, 0x0000000800000000)
  eden space 61952K, 0% used [0x00000007ab800000,0x00000007ab800000,0x00000007af480000)
  from space 1856K, 98% used [0x00000007af600000,0x00000007af7c9ff0,0x00000007af7d0000)
  to   space 8320K, 0% used [0x00000007afca0000,0x00000007afca0000,0x00000007b04c0000)
 ParOldGen       total 193280K, used 101114K [0x0000000702800000, 0x000000070e4c0000, 0x00000007ab800000)
  object space 193280K, 52% used [0x0000000702800000,0x0000000708abea00,0x000000070e4c0000)
 PSPermGen       total 46784K, used 46693K [0x00000006fd600000, 0x00000007003b0000, 0x0000000702800000)
  object space 46784K, 99% used [0x00000006fd600000,0x0000000700399578,0x00000007003b0000)
}
Event: 120.757 GC heap before
{Heap before GC invocations=53 (full 1):
 PSYoungGen      total 63808K, used 28666K [0x00000007ab800000, 0x00000007b04c0000, 0x0000000800000000)
  eden space 61952K, 43% used [0x00000007ab800000,0x00000007ad234a88,0x00000007af480000)
  from space 1856K, 98% used [0x00000007af600000,0x00000007af7c9ff0,0x00000007af7d0000)
  to   space 8320K, 0% used [0x00000007afca0000,0x00000007afca0000,0x00000007b04c0000)
 ParOldGen       total 193280K, used 101114K [0x0000000702800000, 0x000000070e4c0000, 0x00000007ab800000)
  object space 193280K, 52% used [0x0000000702800000,0x0000000708abea00,0x000000070e4c0000)
 PSPermGen       total 46784K, used 46695K [0x00000006fd600000, 0x00000007003b0000, 0x0000000702800000)
  object space 46784K, 99% used [0x00000006fd600000,0x0000000700399db8,0x00000007003b0000)
Event: 120.760 GC heap after
Heap after GC invocations=53 (full 1):
 PSYoungGen      total 69632K, used 1403K [0x00000007ab800000, 0x00000007b0420000, 0x0000000800000000)
  eden space 61952K, 0% used [0x00000007ab800000,0x00000007ab800000,0x00000007af480000)
  from space 7680K, 18% used [0x00000007afca0000,0x00000007afdfed60,0x00000007b0420000)
  to   space 8000K, 0% used [0x00000007af480000,0x00000007af480000,0x00000007afc50000)
 ParOldGen       total 193280K, used 101210K [0x0000000702800000, 0x000000070e4c0000, 0x00000007ab800000)
  object space 193280K, 52% used [0x0000000702800000,0x0000000708ad6a00,0x000000070e4c0000)
 PSPermGen       total 46784K, used 46695K [0x00000006fd600000, 0x00000007003b0000, 0x0000000702800000)
  object space 46784K, 99% used [0x00000006fd600000,0x0000000700399db8,0x00000007003b0000)
}
Event: 120.760 GC heap before
{Heap before GC invocations=54 (full 2):
 PSYoungGen      total 69632K, used 1403K [0x00000007ab800000, 0x00000007b0420000, 0x0000000800000000)
  eden space 61952K, 0% used [0x00000007ab800000,0x00000007ab800000,0x00000007af480000)
  from space 7680K, 18% used [0x00000007afca0000,0x00000007afdfed60,0x00000007b0420000)
  to   space 8000K, 0% used [0x00000007af480000,0x00000007af480000,0x00000007afc50000)
 ParOldGen       total 193280K, used 101210K [0x0000000702800000, 0x000000070e4c0000, 0x00000007ab800000)
  object space 193280K, 52% used [0x0000000702800000,0x0000000708ad6a00,0x000000070e4c0000)
 PSPermGen       total 46784K, used 46695K [0x00000006fd600000, 0x00000007003b0000, 0x0000000702800000)
  object space 46784K, 99% used [0x00000006fd600000,0x0000000700399db8,0x00000007003b0000)
Event: 120.832 GC heap after
Heap after GC invocations=54 (full 2):
 PSYoungGen      total 69632K, used 0K [0x00000007ab800000, 0x00000007b0420000, 0x0000000800000000)
  eden space 61952K, 0% used [0x00000007ab800000,0x00000007ab800000,0x00000007af480000)
  from space 7680K, 0% used [0x00000007afca0000,0x00000007afca0000,0x00000007b0420000)
  to   space 8000K, 0% used [0x00000007af480000,0x00000007af480000,0x00000007afc50000)
 ParOldGen       total 193280K, used 87099K [0x0000000702800000, 0x000000070e4c0000, 0x00000007ab800000)
  object space 193280K, 45% used [0x0000000702800000,0x0000000707d0ed98,0x000000070e4c0000)
 PSPermGen       total 46784K, used 46695K [0x00000006fd600000, 0x00000007003b0000, 0x0000000702800000)
  object space 46784K, 99% used [0x00000006fd600000,0x0000000700399c38,0x00000007003b0000)
}
Event: 180.762 GC heap before
{Heap before GC invocations=55 (full 2):
 PSYoungGen      total 69632K, used 2129K [0x00000007ab800000, 0x00000007b0420000, 0x0000000800000000)
  eden space 61952K, 3% used [0x00000007ab800000,0x00000007aba14568,0x00000007af480000)
  from space 7680K, 0% used [0x00000007afca0000,0x00000007afca0000,0x00000007b0420000)
  to   space 8000K, 0% used [0x00000007af480000,0x00000007af480000,0x00000007afc50000)
 ParOldGen       total 193280K, used 87099K [0x0000000702800000, 0x000000070e4c0000, 0x00000007ab800000)
  object space 193280K, 45% used [0x0000000702800000,0x0000000707d0ed98,0x000000070e4c0000)
 PSPermGen       total 46784K, used 46699K [0x00000006fd600000, 0x00000007003b0000, 0x0000000702800000)
  object space 46784K, 99% used [0x00000006fd600000,0x000000070039ad88,0x00000007003b0000)
Event: 180.764 GC heap after
Heap after GC invocations=55 (full 2):
 PSYoungGen      total 62208K, used 224K [0x00000007ab800000, 0x00000007b03c0000, 0x0000000800000000)
  eden space 61952K, 0% used [0x00000007ab800000,0x00000007ab800000,0x00000007af480000)
  from space 256K, 87% used [0x00000007af480000,0x00000007af4b8000,0x00000007af4c0000)
  to   space 7808K, 0% used [0x00000007afc20000,0x00000007afc20000,0x00000007b03c0000)
 ParOldGen       total 193280K, used 87099K [0x0000000702800000, 0x000000070e4c0000, 0x00000007ab800000)
  object space 193280K, 45% used [0x0000000702800000,0x0000000707d0ed98,0x000000070e4c0000)
 PSPermGen       total 46784K, used 46699K [0x00000006fd600000, 0x00000007003b0000, 0x0000000702800000)
  object space 46784K, 99% used [0x00000006fd600000,0x000000070039ad88,0x00000007003b0000)
}
Event: 180.764 GC heap before
{Heap before GC invocations=56 (full 3):
 PSYoungGen      total 62208K, used 224K [0x00000007ab800000, 0x00000007b03c0000, 0x0000000800000000)
  eden space 61952K, 0% used [0x00000007ab800000,0x00000007ab800000,0x00000007af480000)
  from space 256K, 87% used [0x00000007af480000,0x00000007af4b8000,0x00000007af4c0000)
  to   space 7808K, 0% used [0x00000007afc20000,0x00000007afc20000,0x00000007b03c0000)
 ParOldGen       total 193280K, used 87099K [0x0000000702800000, 0x000000070e4c0000, 0x00000007ab800000)
  object space 193280K, 45% used [0x0000000702800000,0x0000000707d0ed98,0x000000070e4c0000)
 PSPermGen       total 46784K, used 46699K [0x00000006fd600000, 0x00000007003b0000, 0x0000000702800000)
  object space 46784K, 99% used [0x00000006fd600000,0x000000070039ad88,0x00000007003b0000)
Event: 180.864 GC heap after
Heap after GC invocations=56 (full 3):
 PSYoungGen      total 62208K, used 0K [0x00000007ab800000, 0x00000007b03c0000, 0x0000000800000000)
  eden space 61952K, 0% used [0x00000007ab800000,0x00000007ab800000,0x00000007af480000)
  from space 256K, 0% used [0x00000007af480000,0x00000007af480000,0x00000007af4c0000)
  to   space 7808K, 0% used [0x00000007afc20000,0x00000007afc20000,0x00000007b03c0000)
 ParOldGen       total 193280K, used 87129K [0x0000000702800000, 0x000000070e4c0000, 0x00000007ab800000)
  object space 193280K, 45% used [0x0000000702800000,0x0000000707d166d0,0x000000070e4c0000)
 PSPermGen       total 46784K, used 46699K [0x00000006fd600000, 0x00000007003b0000, 0x0000000702800000)
  object space 46784K, 99% used [0x00000006fd600000,0x000000070039ad88,0x00000007003b0000)
}

