# JRE version: 7.0_25-b17
# Java VM: Java HotSpot(TM) 64-Bit Server VM (23.25-b01 mixed mode windows-amd64 compressed oops)
Heap
 PSYoungGen      total 57984K, used 7989K [0x00000007ab800000, 0x00000007b0950000, 0x0000000800000000)
  eden space 57024K, 12% used [0x00000007ab800000,0x00000007abee6ac0,0x00000007aefb0000)
  from space 960K, 96% used [0x00000007af100000,0x00000007af1e6cf0,0x00000007af1f0000)
  to   space 13120K, 0% used [0x00000007afc80000,0x00000007afc80000,0x00000007b0950000)
 ParOldGen       total 173056K, used 89959K [0x0000000702800000, 0x000000070d100000, 0x00000007ab800000)
  object space 173056K, 51% used [0x0000000702800000,0x0000000707fd9da0,0x000000070d100000)
 PSPermGen       total 54912K, used 49110K [0x00000006fd600000, 0x0000000700ba0000, 0x0000000702800000)
  object space 54912K, 89% used [0x00000006fd600000,0x00000007005f58f8,0x0000000700ba0000)
GC Heap History (10 events):
Event: 1259.128 GC heap before
{Heap before GC invocations=224 (full 17):
 PSYoungGen      total 71296K, used 30336K [0x00000007ab800000, 0x00000007b0ee0000, 0x0000000800000000)
  eden space 58368K, 49% used [0x00000007ab800000,0x00000007ad41b3e0,0x00000007af100000)
  from space 12928K, 12% used [0x00000007b0240000,0x00000007b03c5000,0x00000007b0ee0000)
  to   space 15296K, 0% used [0x00000007af100000,0x00000007af100000,0x00000007afff0000)
 ParOldGen       total 173056K, used 93000K [0x0000000702800000, 0x000000070d100000, 0x00000007ab800000)
  object space 173056K, 53% used [0x0000000702800000,0x00000007082d2268,0x000000070d100000)
 PSPermGen       total 56256K, used 48909K [0x00000006fd600000, 0x0000000700cf0000, 0x0000000702800000)
  object space 56256K, 86% used [0x00000006fd600000,0x00000007005c36f0,0x0000000700cf0000)
Event: 1259.131 GC heap after
Heap after GC invocations=224 (full 17):
 PSYoungGen      total 58944K, used 539K [0x00000007ab800000, 0x00000007b0d80000, 0x0000000800000000)
  eden space 58368K, 0% used [0x00000007ab800000,0x00000007ab800000,0x00000007af100000)
  from space 576K, 93% used [0x00000007af100000,0x00000007af186cb0,0x00000007af190000)
  to   space 14592K, 0% used [0x00000007aff40000,0x00000007aff40000,0x00000007b0d80000)
 ParOldGen       total 173056K, used 93264K [0x0000000702800000, 0x000000070d100000, 0x00000007ab800000)
  object space 173056K, 53% used [0x0000000702800000,0x0000000708314268,0x000000070d100000)
 PSPermGen       total 56256K, used 48909K [0x00000006fd600000, 0x0000000700cf0000, 0x0000000702800000)
  object space 56256K, 86% used [0x00000006fd600000,0x00000007005c36f0,0x0000000700cf0000)
}
Event: 1259.131 GC heap before
{Heap before GC invocations=225 (full 18):
 PSYoungGen      total 58944K, used 539K [0x00000007ab800000, 0x00000007b0d80000, 0x0000000800000000)
  eden space 58368K, 0% used [0x00000007ab800000,0x00000007ab800000,0x00000007af100000)
  from space 576K, 93% used [0x00000007af100000,0x00000007af186cb0,0x00000007af190000)
  to   space 14592K, 0% used [0x00000007aff40000,0x00000007aff40000,0x00000007b0d80000)
 ParOldGen       total 173056K, used 93264K [0x0000000702800000, 0x000000070d100000, 0x00000007ab800000)
  object space 173056K, 53% used [0x0000000702800000,0x0000000708314268,0x000000070d100000)
 PSPermGen       total 56256K, used 48909K [0x00000006fd600000, 0x0000000700cf0000, 0x0000000702800000)
  object space 56256K, 86% used [0x00000006fd600000,0x00000007005c36f0,0x0000000700cf0000)
Event: 1259.247 GC heap after
Heap after GC invocations=225 (full 18):
 PSYoungGen      total 58944K, used 0K [0x00000007ab800000, 0x00000007b0d80000, 0x0000000800000000)
  eden space 58368K, 0% used [0x00000007ab800000,0x00000007ab800000,0x00000007af100000)
  from space 576K, 0% used [0x00000007af100000,0x00000007af100000,0x00000007af190000)
  to   space 14592K, 0% used [0x00000007aff40000,0x00000007aff40000,0x00000007b0d80000)
 ParOldGen       total 173056K, used 90030K [0x0000000702800000, 0x000000070d100000, 0x00000007ab800000)
  object space 173056K, 52% used [0x0000000702800000,0x0000000707feb980,0x000000070d100000)
 PSPermGen       total 56128K, used 48908K [0x00000006fd600000, 0x0000000700cd0000, 0x0000000702800000)
  object space 56128K, 87% used [0x00000006fd600000,0x00000007005c31f8,0x0000000700cd0000)
}
Event: 1319.139 GC heap before
{Heap before GC invocations=226 (full 18):
 PSYoungGen      total 58944K, used 4864K [0x00000007ab800000, 0x00000007b0d80000, 0x0000000800000000)
  eden space 58368K, 8% used [0x00000007ab800000,0x00000007abcc0300,0x00000007af100000)
  from space 576K, 0% used [0x00000007af100000,0x00000007af100000,0x00000007af190000)
  to   space 14592K, 0% used [0x00000007aff40000,0x00000007aff40000,0x00000007b0d80000)
 ParOldGen       total 173056K, used 90030K [0x0000000702800000, 0x000000070d100000, 0x00000007ab800000)
  object space 173056K, 52% used [0x0000000702800000,0x0000000707feb980,0x000000070d100000)
 PSPermGen       total 56128K, used 48911K [0x00000006fd600000, 0x0000000700cd0000, 0x0000000702800000)
  object space 56128K, 87% used [0x00000006fd600000,0x00000007005c3d40,0x0000000700cd0000)
Event: 1319.142 GC heap after
Heap after GC invocations=226 (full 18):
 PSYoungGen      total 71552K, used 256K [0x00000007ab800000, 0x00000007b0c20000, 0x0000000800000000)
  eden space 58368K, 0% used [0x00000007ab800000,0x00000007ab800000,0x00000007af100000)
  from space 13184K, 1% used [0x00000007aff40000,0x00000007aff80000,0x00000007b0c20000)
  to   space 13888K, 0% used [0x00000007af100000,0x00000007af100000,0x00000007afe90000)
 ParOldGen       total 173056K, used 90030K [0x0000000702800000, 0x000000070d100000, 0x00000007ab800000)
  object space 173056K, 52% used [0x0000000702800000,0x0000000707feb980,0x000000070d100000)
 PSPermGen       total 56128K, used 48911K [0x00000006fd600000, 0x0000000700cd0000, 0x0000000702800000)
  object space 56128K, 87% used [0x00000006fd600000,0x00000007005c3d40,0x0000000700cd0000)
}
Event: 1319.142 GC heap before
{Heap before GC invocations=227 (full 19):
 PSYoungGen      total 71552K, used 256K [0x00000007ab800000, 0x00000007b0c20000, 0x0000000800000000)
  eden space 58368K, 0% used [0x00000007ab800000,0x00000007ab800000,0x00000007af100000)
  from space 13184K, 1% used [0x00000007aff40000,0x00000007aff80000,0x00000007b0c20000)
  to   space 13888K, 0% used [0x00000007af100000,0x00000007af100000,0x00000007afe90000)
 ParOldGen       total 173056K, used 90030K [0x0000000702800000, 0x000000070d100000, 0x00000007ab800000)
  object space 173056K, 52% used [0x0000000702800000,0x0000000707feb980,0x000000070d100000)
 PSPermGen       total 56128K, used 48911K [0x00000006fd600000, 0x0000000700cd0000, 0x0000000702800000)
  object space 56128K, 87% used [0x00000006fd600000,0x00000007005c3d40,0x0000000700cd0000)
Event: 1319.235 GC heap after
Heap after GC invocations=227 (full 19):
 PSYoungGen      total 71552K, used 0K [0x00000007ab800000, 0x00000007b0c20000, 0x0000000800000000)
  eden space 58368K, 0% used [0x00000007ab800000,0x00000007ab800000,0x00000007af100000)
  from space 13184K, 0% used [0x00000007aff40000,0x00000007aff40000,0x00000007b0c20000)
  to   space 13888K, 0% used [0x00000007af100000,0x00000007af100000,0x00000007afe90000)
 ParOldGen       total 173056K, used 89951K [0x0000000702800000, 0x000000070d100000, 0x00000007ab800000)
  object space 173056K, 51% used [0x0000000702800000,0x0000000707fd7da0,0x000000070d100000)
 PSPermGen       total 54912K, used 48911K [0x00000006fd600000, 0x0000000700ba0000, 0x0000000702800000)
  object space 54912K, 89% used [0x00000006fd600000,0x00000007005c3c40,0x0000000700ba0000)
}
Event: 1361.795 GC heap before
{Heap before GC invocations=228 (full 19):
 PSYoungGen      total 71552K, used 58368K [0x00000007ab800000, 0x00000007b0c20000, 0x0000000800000000)
  eden space 58368K, 100% used [0x00000007ab800000,0x00000007af100000,0x00000007af100000)
  from space 13184K, 0% used [0x00000007aff40000,0x00000007aff40000,0x00000007b0c20000)
  to   space 13888K, 0% used [0x00000007af100000,0x00000007af100000,0x00000007afe90000)
 ParOldGen       total 173056K, used 89951K [0x0000000702800000, 0x000000070d100000, 0x00000007ab800000)
  object space 173056K, 51% used [0x0000000702800000,0x0000000707fd7da0,0x000000070d100000)
 PSPermGen       total 54912K, used 48929K [0x00000006fd600000, 0x0000000700ba0000, 0x0000000702800000)
  object space 54912K, 89% used [0x00000006fd600000,0x00000007005c8408,0x0000000700ba0000)
Event: 1361.797 GC heap after
Heap after GC invocations=228 (full 19):
 PSYoungGen      total 57984K, used 923K [0x00000007ab800000, 0x00000007b0950000, 0x0000000800000000)
  eden space 57024K, 0% used [0x00000007ab800000,0x00000007ab800000,0x00000007aefb0000)
  from space 960K, 96% used [0x00000007af100000,0x00000007af1e6cf0,0x00000007af1f0000)
  to   space 13120K, 0% used [0x00000007afc80000,0x00000007afc80000,0x00000007b0950000)
 ParOldGen       total 173056K, used 89959K [0x0000000702800000, 0x000000070d100000, 0x00000007ab800000)
  object space 173056K, 51% used [0x0000000702800000,0x0000000707fd9da0,0x000000070d100000)
 PSPermGen       total 54912K, used 48929K [0x00000006fd600000, 0x0000000700ba0000, 0x0000000702800000)
  object space 54912K, 89% used [0x00000006fd600000,0x00000007005c8408,0x0000000700ba0000)
}

