# JRE version: 7.0_25-b17
# Java VM: Java HotSpot(TM) 64-Bit Server VM (23.25-b01 mixed mode windows-amd64 compressed oops)
Heap
 PSYoungGen      total 174528K, used 13548K [0x00000007accb0000, 0x00000007ba330000, 0x0000000800000000)
  eden space 173056K, 7% used [0x00000007accb0000,0x00000007ad9eb340,0x00000007b75b0000)
  from space 1472K, 0% used [0x00000007b75b0000,0x00000007b75b0000,0x00000007b7720000)
  to   space 23296K, 0% used [0x00000007b8c70000,0x00000007b8c70000,0x00000007ba330000)
 ParOldGen       total 170368K, used 73175K [0x0000000706600000, 0x0000000710c60000, 0x00000007accb0000)
  object space 170368K, 42% used [0x0000000706600000,0x000000070ad75f68,0x0000000710c60000)
 PSPermGen       total 57216K, used 48743K [0x0000000701400000, 0x0000000704be0000, 0x0000000706600000)
  object space 57216K, 85% used [0x0000000701400000,0x0000000704399ce8,0x0000000704be0000)
GC Heap History (10 events):
Event: 985.515 GC heap before
{Heap before GC invocations=46 (full 15):
 PSYoungGen      total 173504K, used 390K [0x00000007accb0000, 0x00000007ba910000, 0x0000000800000000)
  eden space 173056K, 0% used [0x00000007accb0000,0x00000007accb0000,0x00000007b75b0000)
  from space 448K, 87% used [0x00000007b75b0000,0x00000007b7611848,0x00000007b7620000)
  to   space 26304K, 0% used [0x00000007b8f60000,0x00000007b8f60000,0x00000007ba910000)
 ParOldGen       total 170368K, used 72652K [0x0000000706600000, 0x0000000710c60000, 0x00000007accb0000)
  object space 170368K, 42% used [0x0000000706600000,0x000000070acf3178,0x0000000710c60000)
 PSPermGen       total 62336K, used 48714K [0x0000000701400000, 0x00000007050e0000, 0x0000000706600000)
  object space 62336K, 78% used [0x0000000701400000,0x00000007043928a0,0x00000007050e0000)
Event: 985.613 GC heap after
Heap after GC invocations=46 (full 15):
 PSYoungGen      total 173504K, used 0K [0x00000007accb0000, 0x00000007ba910000, 0x0000000800000000)
  eden space 173056K, 0% used [0x00000007accb0000,0x00000007accb0000,0x00000007b75b0000)
  from space 448K, 0% used [0x00000007b75b0000,0x00000007b75b0000,0x00000007b7620000)
  to   space 26304K, 0% used [0x00000007b8f60000,0x00000007b8f60000,0x00000007ba910000)
 ParOldGen       total 170368K, used 72756K [0x0000000706600000, 0x0000000710c60000, 0x00000007accb0000)
  object space 170368K, 42% used [0x0000000706600000,0x000000070ad0d008,0x0000000710c60000)
 PSPermGen       total 60096K, used 48714K [0x0000000701400000, 0x0000000704eb0000, 0x0000000706600000)
  object space 60096K, 81% used [0x0000000701400000,0x0000000704392860,0x0000000704eb0000)
}
Event: 1045.527 GC heap before
{Heap before GC invocations=47 (full 15):
 PSYoungGen      total 173504K, used 21968K [0x00000007accb0000, 0x00000007ba910000, 0x0000000800000000)
  eden space 173056K, 12% used [0x00000007accb0000,0x00000007ae224398,0x00000007b75b0000)
  from space 448K, 0% used [0x00000007b75b0000,0x00000007b75b0000,0x00000007b7620000)
  to   space 26304K, 0% used [0x00000007b8f60000,0x00000007b8f60000,0x00000007ba910000)
 ParOldGen       total 170368K, used 72756K [0x0000000706600000, 0x0000000710c60000, 0x00000007accb0000)
  object space 170368K, 42% used [0x0000000706600000,0x000000070ad0d008,0x0000000710c60000)
 PSPermGen       total 60096K, used 48733K [0x0000000701400000, 0x0000000704eb0000, 0x0000000706600000)
  object space 60096K, 81% used [0x0000000701400000,0x00000007043975e8,0x0000000704eb0000)
Event: 1045.531 GC heap after
Heap after GC invocations=47 (full 15):
 PSYoungGen      total 196416K, used 693K [0x00000007accb0000, 0x00000007ba630000, 0x0000000800000000)
  eden space 173056K, 0% used [0x00000007accb0000,0x00000007accb0000,0x00000007b75b0000)
  from space 23360K, 2% used [0x00000007b8f60000,0x00000007b900d7f0,0x00000007ba630000)
  to   space 24832K, 0% used [0x00000007b75b0000,0x00000007b75b0000,0x00000007b8df0000)
 ParOldGen       total 170368K, used 72756K [0x0000000706600000, 0x0000000710c60000, 0x00000007accb0000)
  object space 170368K, 42% used [0x0000000706600000,0x000000070ad0d008,0x0000000710c60000)
 PSPermGen       total 60096K, used 48733K [0x0000000701400000, 0x0000000704eb0000, 0x0000000706600000)
  object space 60096K, 81% used [0x0000000701400000,0x00000007043975e8,0x0000000704eb0000)
}
Event: 1045.531 GC heap before
{Heap before GC invocations=48 (full 16):
 PSYoungGen      total 196416K, used 693K [0x00000007accb0000, 0x00000007ba630000, 0x0000000800000000)
  eden space 173056K, 0% used [0x00000007accb0000,0x00000007accb0000,0x00000007b75b0000)
  from space 23360K, 2% used [0x00000007b8f60000,0x00000007b900d7f0,0x00000007ba630000)
  to   space 24832K, 0% used [0x00000007b75b0000,0x00000007b75b0000,0x00000007b8df0000)
 ParOldGen       total 170368K, used 72756K [0x0000000706600000, 0x0000000710c60000, 0x00000007accb0000)
  object space 170368K, 42% used [0x0000000706600000,0x000000070ad0d008,0x0000000710c60000)
 PSPermGen       total 60096K, used 48733K [0x0000000701400000, 0x0000000704eb0000, 0x0000000706600000)
  object space 60096K, 81% used [0x0000000701400000,0x00000007043975e8,0x0000000704eb0000)
Event: 1045.657 GC heap after
Heap after GC invocations=48 (full 16):
 PSYoungGen      total 196416K, used 0K [0x00000007accb0000, 0x00000007ba630000, 0x0000000800000000)
  eden space 173056K, 0% used [0x00000007accb0000,0x00000007accb0000,0x00000007b75b0000)
  from space 23360K, 0% used [0x00000007b8f60000,0x00000007b8f60000,0x00000007ba630000)
  to   space 24832K, 0% used [0x00000007b75b0000,0x00000007b75b0000,0x00000007b8df0000)
 ParOldGen       total 170368K, used 72744K [0x0000000706600000, 0x0000000710c60000, 0x00000007accb0000)
  object space 170368K, 42% used [0x0000000706600000,0x000000070ad0a0a0,0x0000000710c60000)
 PSPermGen       total 58432K, used 48733K [0x0000000701400000, 0x0000000704d10000, 0x0000000706600000)
  object space 58432K, 83% used [0x0000000701400000,0x00000007043975c8,0x0000000704d10000)
}
Event: 1123.768 GC heap before
{Heap before GC invocations=49 (full 16):
 PSYoungGen      total 196416K, used 51308K [0x00000007accb0000, 0x00000007ba630000, 0x0000000800000000)
  eden space 173056K, 29% used [0x00000007accb0000,0x00000007afecb2e8,0x00000007b75b0000)
  from space 23360K, 0% used [0x00000007b8f60000,0x00000007b8f60000,0x00000007ba630000)
  to   space 24832K, 0% used [0x00000007b75b0000,0x00000007b75b0000,0x00000007b8df0000)
 ParOldGen       total 170368K, used 72744K [0x0000000706600000, 0x0000000710c60000, 0x00000007accb0000)
  object space 170368K, 42% used [0x0000000706600000,0x000000070ad0a0a0,0x0000000710c60000)
 PSPermGen       total 58432K, used 48742K [0x0000000701400000, 0x0000000704d10000, 0x0000000706600000)
  object space 58432K, 83% used [0x0000000701400000,0x0000000704399a38,0x0000000704d10000)
Event: 1123.769 GC heap after
Heap after GC invocations=49 (full 16):
 PSYoungGen      total 174528K, used 1414K [0x00000007accb0000, 0x00000007ba330000, 0x0000000800000000)
  eden space 173056K, 0% used [0x00000007accb0000,0x00000007accb0000,0x00000007b75b0000)
  from space 1472K, 96% used [0x00000007b75b0000,0x00000007b7711ac8,0x00000007b7720000)
  to   space 23296K, 0% used [0x00000007b8c70000,0x00000007b8c70000,0x00000007ba330000)
 ParOldGen       total 170368K, used 72744K [0x0000000706600000, 0x0000000710c60000, 0x00000007accb0000)
  object space 170368K, 42% used [0x0000000706600000,0x000000070ad0a0a0,0x0000000710c60000)
 PSPermGen       total 58432K, used 48742K [0x0000000701400000, 0x0000000704d10000, 0x0000000706600000)
  object space 58432K, 83% used [0x0000000701400000,0x0000000704399a38,0x0000000704d10000)
}
Event: 1123.769 GC heap before
{Heap before GC invocations=50 (full 17):
 PSYoungGen      total 174528K, used 1414K [0x00000007accb0000, 0x00000007ba330000, 0x0000000800000000)
  eden space 173056K, 0% used [0x00000007accb0000,0x00000007accb0000,0x00000007b75b0000)
  from space 1472K, 96% used [0x00000007b75b0000,0x00000007b7711ac8,0x00000007b7720000)
  to   space 23296K, 0% used [0x00000007b8c70000,0x00000007b8c70000,0x00000007ba330000)
 ParOldGen       total 170368K, used 72744K [0x0000000706600000, 0x0000000710c60000, 0x00000007accb0000)
  object space 170368K, 42% used [0x0000000706600000,0x000000070ad0a0a0,0x0000000710c60000)
 PSPermGen       total 58432K, used 48742K [0x0000000701400000, 0x0000000704d10000, 0x0000000706600000)
  object space 58432K, 83% used [0x0000000701400000,0x0000000704399a38,0x0000000704d10000)
Event: 1123.829 GC heap after
Heap after GC invocations=50 (full 17):
 PSYoungGen      total 174528K, used 0K [0x00000007accb0000, 0x00000007ba330000, 0x0000000800000000)
  eden space 173056K, 0% used [0x00000007accb0000,0x00000007accb0000,0x00000007b75b0000)
  from space 1472K, 0% used [0x00000007b75b0000,0x00000007b75b0000,0x00000007b7720000)
  to   space 23296K, 0% used [0x00000007b8c70000,0x00000007b8c70000,0x00000007ba330000)
 ParOldGen       total 170368K, used 73175K [0x0000000706600000, 0x0000000710c60000, 0x00000007accb0000)
  object space 170368K, 42% used [0x0000000706600000,0x000000070ad75f68,0x0000000710c60000)
 PSPermGen       total 57216K, used 48741K [0x0000000701400000, 0x0000000704be0000, 0x0000000706600000)
  object space 57216K, 85% used [0x0000000701400000,0x00000007043997f8,0x0000000704be0000)
}

