# JRE version: 7.0_25-b17
# Java VM: Java HotSpot(TM) 64-Bit Server VM (23.25-b01 mixed mode windows-amd64 compressed oops)
Heap
 PSYoungGen      total 155136K, used 2826K [0x00000007accb0000, 0x00000007b85e0000, 0x0000000800000000)
  eden space 149440K, 1% used [0x00000007accb0000,0x00000007acf72b38,0x00000007b5ea0000)
  from space 5696K, 0% used [0x00000007b5ea0000,0x00000007b5ea0000,0x00000007b6430000)
  to   space 20096K, 0% used [0x00000007b7240000,0x00000007b7240000,0x00000007b85e0000)
 ParOldGen       total 170368K, used 70345K [0x0000000706600000, 0x0000000710c60000, 0x00000007accb0000)
  object space 170368K, 41% used [0x0000000706600000,0x000000070aab2790,0x0000000710c60000)
 PSPermGen       total 48832K, used 47647K [0x0000000701400000, 0x00000007043b0000, 0x0000000706600000)
  object space 48832K, 97% used [0x0000000701400000,0x0000000704287e78,0x00000007043b0000)
GC Heap History (10 events):
Event: 1869.328 GC heap before
{Heap before GC invocations=77 (full 29):
 PSYoungGen      total 180608K, used 7520K [0x00000007accb0000, 0x00000007b93a0000, 0x0000000800000000)
  eden space 160576K, 0% used [0x00000007accb0000,0x00000007accb0000,0x00000007b6980000)
  from space 20032K, 37% used [0x00000007b8010000,0x00000007b87680d0,0x00000007b93a0000)
  to   space 21568K, 0% used [0x00000007b6980000,0x00000007b6980000,0x00000007b7e90000)
 ParOldGen       total 170368K, used 74424K [0x0000000706600000, 0x0000000710c60000, 0x00000007accb0000)
  object space 170368K, 43% used [0x0000000706600000,0x000000070aeae350,0x0000000710c60000)
 PSPermGen       total 48576K, used 47624K [0x0000000701400000, 0x0000000704370000, 0x0000000706600000)
  object space 48576K, 98% used [0x0000000701400000,0x00000007042822b0,0x0000000704370000)
Event: 1869.441 GC heap after
Heap after GC invocations=77 (full 29):
 PSYoungGen      total 180608K, used 0K [0x00000007accb0000, 0x00000007b93a0000, 0x0000000800000000)
  eden space 160576K, 0% used [0x00000007accb0000,0x00000007accb0000,0x00000007b6980000)
  from space 20032K, 0% used [0x00000007b8010000,0x00000007b8010000,0x00000007b93a0000)
  to   space 21568K, 0% used [0x00000007b6980000,0x00000007b6980000,0x00000007b7e90000)
 ParOldGen       total 170368K, used 70395K [0x0000000706600000, 0x0000000710c60000, 0x00000007accb0000)
  object space 170368K, 41% used [0x0000000706600000,0x000000070aabec40,0x0000000710c60000)
 PSPermGen       total 48704K, used 47623K [0x0000000701400000, 0x0000000704390000, 0x0000000706600000)
  object space 48704K, 97% used [0x0000000701400000,0x0000000704281d70,0x0000000704390000)
}
Event: 2019.647 GC heap before
{Heap before GC invocations=78 (full 29):
 PSYoungGen      total 180608K, used 160576K [0x00000007accb0000, 0x00000007b93a0000, 0x0000000800000000)
  eden space 160576K, 100% used [0x00000007accb0000,0x00000007b6980000,0x00000007b6980000)
  from space 20032K, 0% used [0x00000007b8010000,0x00000007b8010000,0x00000007b93a0000)
  to   space 21568K, 0% used [0x00000007b6980000,0x00000007b6980000,0x00000007b7e90000)
 ParOldGen       total 170368K, used 70395K [0x0000000706600000, 0x0000000710c60000, 0x00000007accb0000)
  object space 170368K, 41% used [0x0000000706600000,0x000000070aabec40,0x0000000710c60000)
 PSPermGen       total 48704K, used 47638K [0x0000000701400000, 0x0000000704390000, 0x0000000706600000)
  object space 48704K, 97% used [0x0000000701400000,0x0000000704285888,0x0000000704390000)
Event: 2019.650 GC heap after
Heap after GC invocations=78 (full 29):
 PSYoungGen      total 160768K, used 5852K [0x00000007accb0000, 0x00000007b8bf0000, 0x0000000800000000)
  eden space 154880K, 0% used [0x00000007accb0000,0x00000007accb0000,0x00000007b63f0000)
  from space 5888K, 99% used [0x00000007b6980000,0x00000007b6f37310,0x00000007b6f40000)
  to   space 20480K, 0% used [0x00000007b77f0000,0x00000007b77f0000,0x00000007b8bf0000)
 ParOldGen       total 170368K, used 70395K [0x0000000706600000, 0x0000000710c60000, 0x00000007accb0000)
  object space 170368K, 41% used [0x0000000706600000,0x000000070aabec40,0x0000000710c60000)
 PSPermGen       total 48704K, used 47638K [0x0000000701400000, 0x0000000704390000, 0x0000000706600000)
  object space 48704K, 97% used [0x0000000701400000,0x0000000704285888,0x0000000704390000)
}
Event: 2021.058 GC heap before
{Heap before GC invocations=79 (full 29):
 PSYoungGen      total 160768K, used 160732K [0x00000007accb0000, 0x00000007b8bf0000, 0x0000000800000000)
  eden space 154880K, 100% used [0x00000007accb0000,0x00000007b63f0000,0x00000007b63f0000)
  from space 5888K, 99% used [0x00000007b6980000,0x00000007b6f37310,0x00000007b6f40000)
  to   space 20480K, 0% used [0x00000007b77f0000,0x00000007b77f0000,0x00000007b8bf0000)
 ParOldGen       total 170368K, used 70395K [0x0000000706600000, 0x0000000710c60000, 0x00000007accb0000)
  object space 170368K, 41% used [0x0000000706600000,0x000000070aabec40,0x0000000710c60000)
 PSPermGen       total 48704K, used 47639K [0x0000000701400000, 0x0000000704390000, 0x0000000706600000)
  object space 48704K, 97% used [0x0000000701400000,0x0000000704285d00,0x0000000704390000)
Event: 2021.061 GC heap after
Heap after GC invocations=79 (full 29):
 PSYoungGen      total 165504K, used 12313K [0x00000007accb0000, 0x00000007b87a0000, 0x0000000800000000)
  eden space 149440K, 0% used [0x00000007accb0000,0x00000007accb0000,0x00000007b5ea0000)
  from space 16064K, 76% used [0x00000007b77f0000,0x00000007b83f64f0,0x00000007b87a0000)
  to   space 20992K, 0% used [0x00000007b5ea0000,0x00000007b5ea0000,0x00000007b7320000)
 ParOldGen       total 170368K, used 70551K [0x0000000706600000, 0x0000000710c60000, 0x00000007accb0000)
  object space 170368K, 41% used [0x0000000706600000,0x000000070aae5fc8,0x0000000710c60000)
 PSPermGen       total 48704K, used 47639K [0x0000000701400000, 0x0000000704390000, 0x0000000706600000)
  object space 48704K, 97% used [0x0000000701400000,0x0000000704285d00,0x0000000704390000)
}
Event: 2079.452 GC heap before
{Heap before GC invocations=80 (full 29):
 PSYoungGen      total 165504K, used 121806K [0x00000007accb0000, 0x00000007b87a0000, 0x0000000800000000)
  eden space 149440K, 73% used [0x00000007accb0000,0x00000007b379d4f8,0x00000007b5ea0000)
  from space 16064K, 76% used [0x00000007b77f0000,0x00000007b83f64f0,0x00000007b87a0000)
  to   space 20992K, 0% used [0x00000007b5ea0000,0x00000007b5ea0000,0x00000007b7320000)
 ParOldGen       total 170368K, used 70551K [0x0000000706600000, 0x0000000710c60000, 0x00000007accb0000)
  object space 170368K, 41% used [0x0000000706600000,0x000000070aae5fc8,0x0000000710c60000)
 PSPermGen       total 48704K, used 47646K [0x0000000701400000, 0x0000000704390000, 0x0000000706600000)
  object space 48704K, 97% used [0x0000000701400000,0x0000000704287af0,0x0000000704390000)
Event: 2079.455 GC heap after
Heap after GC invocations=80 (full 29):
 PSYoungGen      total 155136K, used 5685K [0x00000007accb0000, 0x00000007b85e0000, 0x0000000800000000)
  eden space 149440K, 0% used [0x00000007accb0000,0x00000007accb0000,0x00000007b5ea0000)
  from space 5696K, 99% used [0x00000007b5ea0000,0x00000007b642d678,0x00000007b6430000)
  to   space 20096K, 0% used [0x00000007b7240000,0x00000007b7240000,0x00000007b85e0000)
 ParOldGen       total 170368K, used 75949K [0x0000000706600000, 0x0000000710c60000, 0x00000007accb0000)
  object space 170368K, 44% used [0x0000000706600000,0x000000070b02b5f0,0x0000000710c60000)
 PSPermGen       total 48704K, used 47646K [0x0000000701400000, 0x0000000704390000, 0x0000000706600000)
  object space 48704K, 97% used [0x0000000701400000,0x0000000704287af0,0x0000000704390000)
}
Event: 2079.455 GC heap before
{Heap before GC invocations=81 (full 30):
 PSYoungGen      total 155136K, used 5685K [0x00000007accb0000, 0x00000007b85e0000, 0x0000000800000000)
  eden space 149440K, 0% used [0x00000007accb0000,0x00000007accb0000,0x00000007b5ea0000)
  from space 5696K, 99% used [0x00000007b5ea0000,0x00000007b642d678,0x00000007b6430000)
  to   space 20096K, 0% used [0x00000007b7240000,0x00000007b7240000,0x00000007b85e0000)
 ParOldGen       total 170368K, used 75949K [0x0000000706600000, 0x0000000710c60000, 0x00000007accb0000)
  object space 170368K, 44% used [0x0000000706600000,0x000000070b02b5f0,0x0000000710c60000)
 PSPermGen       total 48704K, used 47646K [0x0000000701400000, 0x0000000704390000, 0x0000000706600000)
  object space 48704K, 97% used [0x0000000701400000,0x0000000704287af0,0x0000000704390000)
Event: 2079.578 GC heap after
Heap after GC invocations=81 (full 30):
 PSYoungGen      total 155136K, used 0K [0x00000007accb0000, 0x00000007b85e0000, 0x0000000800000000)
  eden space 149440K, 0% used [0x00000007accb0000,0x00000007accb0000,0x00000007b5ea0000)
  from space 5696K, 0% used [0x00000007b5ea0000,0x00000007b5ea0000,0x00000007b6430000)
  to   space 20096K, 0% used [0x00000007b7240000,0x00000007b7240000,0x00000007b85e0000)
 ParOldGen       total 170368K, used 70345K [0x0000000706600000, 0x0000000710c60000, 0x00000007accb0000)
  object space 170368K, 41% used [0x0000000706600000,0x000000070aab2790,0x0000000710c60000)
 PSPermGen       total 48832K, used 47646K [0x0000000701400000, 0x00000007043b0000, 0x0000000706600000)
  object space 48832K, 97% used [0x0000000701400000,0x00000007042879f0,0x00000007043b0000)
}

