# JRE version: 7.0_25-b17
# Java VM: Java HotSpot(TM) 64-Bit Server VM (23.25-b01 mixed mode windows-amd64 compressed oops)
Heap
 PSYoungGen      total 163584K, used 72129K [0x00000007accb0000, 0x00000007b9480000, 0x0000000800000000)
  eden space 155072K, 46% used [0x00000007accb0000,0x00000007b1320750,0x00000007b6420000)
  from space 8512K, 0% used [0x00000007b6420000,0x00000007b6420000,0x00000007b6c70000)
  to   space 24768K, 0% used [0x00000007b7c50000,0x00000007b7c50000,0x00000007b9480000)
 ParOldGen       total 170368K, used 73656K [0x0000000706600000, 0x0000000710c60000, 0x00000007accb0000)
  object space 170368K, 43% used [0x0000000706600000,0x000000070adee190,0x0000000710c60000)
 PSPermGen       total 60736K, used 48341K [0x0000000701400000, 0x0000000704f50000, 0x0000000706600000)
  object space 60736K, 79% used [0x0000000701400000,0x0000000704335428,0x0000000704f50000)
GC Heap History (10 events):
Event: 854.506 GC heap before
{Heap before GC invocations=43 (full 13):
 PSYoungGen      total 195264K, used 6029K [0x00000007accb0000, 0x00000007baa10000, 0x0000000800000000)
  eden space 166784K, 0% used [0x00000007accb0000,0x00000007accb0000,0x00000007b6f90000)
  from space 28480K, 21% used [0x00000007b8e40000,0x00000007b9423678,0x00000007baa10000)
  to   space 29952K, 0% used [0x00000007b6f90000,0x00000007b6f90000,0x00000007b8cd0000)
 ParOldGen       total 170368K, used 88423K [0x0000000706600000, 0x0000000710c60000, 0x00000007accb0000)
  object space 170368K, 51% used [0x0000000706600000,0x000000070bc59ce8,0x0000000710c60000)
 PSPermGen       total 65472K, used 47521K [0x0000000701400000, 0x00000007053f0000, 0x0000000706600000)
  object space 65472K, 72% used [0x0000000701400000,0x00000007042685f8,0x00000007053f0000)
Event: 854.626 GC heap after
Heap after GC invocations=43 (full 13):
 PSYoungGen      total 195264K, used 0K [0x00000007accb0000, 0x00000007baa10000, 0x0000000800000000)
  eden space 166784K, 0% used [0x00000007accb0000,0x00000007accb0000,0x00000007b6f90000)
  from space 28480K, 0% used [0x00000007b8e40000,0x00000007b8e40000,0x00000007baa10000)
  to   space 29952K, 0% used [0x00000007b6f90000,0x00000007b6f90000,0x00000007b8cd0000)
 ParOldGen       total 170368K, used 73978K [0x0000000706600000, 0x0000000710c60000, 0x00000007accb0000)
  object space 170368K, 43% used [0x0000000706600000,0x000000070ae3e918,0x0000000710c60000)
 PSPermGen       total 62912K, used 47519K [0x0000000701400000, 0x0000000705170000, 0x0000000706600000)
  object space 62912K, 75% used [0x0000000701400000,0x0000000704267dd8,0x0000000705170000)
}
Event: 901.249 GC heap before
{Heap before GC invocations=44 (full 13):
 PSYoungGen      total 195264K, used 166784K [0x00000007accb0000, 0x00000007baa10000, 0x0000000800000000)
  eden space 166784K, 100% used [0x00000007accb0000,0x00000007b6f90000,0x00000007b6f90000)
  from space 28480K, 0% used [0x00000007b8e40000,0x00000007b8e40000,0x00000007baa10000)
  to   space 29952K, 0% used [0x00000007b6f90000,0x00000007b6f90000,0x00000007b8cd0000)
 ParOldGen       total 170368K, used 73978K [0x0000000706600000, 0x0000000710c60000, 0x00000007accb0000)
  object space 170368K, 43% used [0x0000000706600000,0x000000070ae3e918,0x0000000710c60000)
 PSPermGen       total 62912K, used 47527K [0x0000000701400000, 0x0000000705170000, 0x0000000706600000)
  object space 62912K, 75% used [0x0000000701400000,0x0000000704269d00,0x0000000705170000)
Event: 901.253 GC heap after
Heap after GC invocations=44 (full 13):
 PSYoungGen      total 168832K, used 8017K [0x00000007accb0000, 0x00000007ba0b0000, 0x0000000800000000)
  eden space 160768K, 0% used [0x00000007accb0000,0x00000007accb0000,0x00000007b69b0000)
  from space 8064K, 99% used [0x00000007b6f90000,0x00000007b77644d0,0x00000007b7770000)
  to   space 28160K, 0% used [0x00000007b8530000,0x00000007b8530000,0x00000007ba0b0000)
 ParOldGen       total 170368K, used 73978K [0x0000000706600000, 0x0000000710c60000, 0x00000007accb0000)
  object space 170368K, 43% used [0x0000000706600000,0x000000070ae3e918,0x0000000710c60000)
 PSPermGen       total 62912K, used 47527K [0x0000000701400000, 0x0000000705170000, 0x0000000706600000)
  object space 62912K, 75% used [0x0000000701400000,0x0000000704269d00,0x0000000705170000)
}
Event: 903.497 GC heap before
{Heap before GC invocations=45 (full 13):
 PSYoungGen      total 168832K, used 168785K [0x00000007accb0000, 0x00000007ba0b0000, 0x0000000800000000)
  eden space 160768K, 100% used [0x00000007accb0000,0x00000007b69b0000,0x00000007b69b0000)
  from space 8064K, 99% used [0x00000007b6f90000,0x00000007b77644d0,0x00000007b7770000)
  to   space 28160K, 0% used [0x00000007b8530000,0x00000007b8530000,0x00000007ba0b0000)
 ParOldGen       total 170368K, used 73978K [0x0000000706600000, 0x0000000710c60000, 0x00000007accb0000)
  object space 170368K, 43% used [0x0000000706600000,0x000000070ae3e918,0x0000000710c60000)
 PSPermGen       total 62912K, used 47531K [0x0000000701400000, 0x0000000705170000, 0x0000000706600000)
  object space 62912K, 75% used [0x0000000701400000,0x000000070426af18,0x0000000705170000)
Event: 903.502 GC heap after
Heap after GC invocations=45 (full 13):
 PSYoungGen      total 173824K, used 8943K [0x00000007accb0000, 0x00000007b9780000, 0x0000000800000000)
  eden space 155072K, 0% used [0x00000007accb0000,0x00000007accb0000,0x00000007b6420000)
  from space 18752K, 47% used [0x00000007b8530000,0x00000007b8debe20,0x00000007b9780000)
  to   space 26304K, 0% used [0x00000007b6420000,0x00000007b6420000,0x00000007b7dd0000)
 ParOldGen       total 170368K, used 77741K [0x0000000706600000, 0x0000000710c60000, 0x00000007accb0000)
  object space 170368K, 45% used [0x0000000706600000,0x000000070b1eb7d0,0x0000000710c60000)
 PSPermGen       total 62912K, used 47531K [0x0000000701400000, 0x0000000705170000, 0x0000000706600000)
  object space 62912K, 75% used [0x0000000701400000,0x000000070426af18,0x0000000705170000)
}
Event: 914.508 GC heap before
{Heap before GC invocations=46 (full 13):
 PSYoungGen      total 173824K, used 131130K [0x00000007accb0000, 0x00000007b9780000, 0x0000000800000000)
  eden space 155072K, 78% used [0x00000007accb0000,0x00000007b4402c50,0x00000007b6420000)
  from space 18752K, 47% used [0x00000007b8530000,0x00000007b8debe20,0x00000007b9780000)
  to   space 26304K, 0% used [0x00000007b6420000,0x00000007b6420000,0x00000007b7dd0000)
 ParOldGen       total 170368K, used 77741K [0x0000000706600000, 0x0000000710c60000, 0x00000007accb0000)
  object space 170368K, 45% used [0x0000000706600000,0x000000070b1eb7d0,0x0000000710c60000)
 PSPermGen       total 62912K, used 47555K [0x0000000701400000, 0x0000000705170000, 0x0000000706600000)
  object space 62912K, 75% used [0x0000000701400000,0x0000000704270ec8,0x0000000705170000)
Event: 914.514 GC heap after
Heap after GC invocations=46 (full 13):
 PSYoungGen      total 163584K, used 8481K [0x00000007accb0000, 0x00000007b9480000, 0x0000000800000000)
  eden space 155072K, 0% used [0x00000007accb0000,0x00000007accb0000,0x00000007b6420000)
  from space 8512K, 99% used [0x00000007b6420000,0x00000007b6c68488,0x00000007b6c70000)
  to   space 24768K, 0% used [0x00000007b7c50000,0x00000007b7c50000,0x00000007b9480000)
 ParOldGen       total 170368K, used 80956K [0x0000000706600000, 0x0000000710c60000, 0x00000007accb0000)
  object space 170368K, 47% used [0x0000000706600000,0x000000070b50f278,0x0000000710c60000)
 PSPermGen       total 62912K, used 47555K [0x0000000701400000, 0x0000000705170000, 0x0000000706600000)
  object space 62912K, 75% used [0x0000000701400000,0x0000000704270ec8,0x0000000705170000)
}
Event: 914.514 GC heap before
{Heap before GC invocations=47 (full 14):
 PSYoungGen      total 163584K, used 8481K [0x00000007accb0000, 0x00000007b9480000, 0x0000000800000000)
  eden space 155072K, 0% used [0x00000007accb0000,0x00000007accb0000,0x00000007b6420000)
  from space 8512K, 99% used [0x00000007b6420000,0x00000007b6c68488,0x00000007b6c70000)
  to   space 24768K, 0% used [0x00000007b7c50000,0x00000007b7c50000,0x00000007b9480000)
 ParOldGen       total 170368K, used 80956K [0x0000000706600000, 0x0000000710c60000, 0x00000007accb0000)
  object space 170368K, 47% used [0x0000000706600000,0x000000070b50f278,0x0000000710c60000)
 PSPermGen       total 62912K, used 47555K [0x0000000701400000, 0x0000000705170000, 0x0000000706600000)
  object space 62912K, 75% used [0x0000000701400000,0x0000000704270ec8,0x0000000705170000)
Event: 914.676 GC heap after
Heap after GC invocations=47 (full 14):
 PSYoungGen      total 163584K, used 0K [0x00000007accb0000, 0x00000007b9480000, 0x0000000800000000)
  eden space 155072K, 0% used [0x00000007accb0000,0x00000007accb0000,0x00000007b6420000)
  from space 8512K, 0% used [0x00000007b6420000,0x00000007b6420000,0x00000007b6c70000)
  to   space 24768K, 0% used [0x00000007b7c50000,0x00000007b7c50000,0x00000007b9480000)
 ParOldGen       total 170368K, used 73656K [0x0000000706600000, 0x0000000710c60000, 0x00000007accb0000)
  object space 170368K, 43% used [0x0000000706600000,0x000000070adee190,0x0000000710c60000)
 PSPermGen       total 60736K, used 47554K [0x0000000701400000, 0x0000000704f50000, 0x0000000706600000)
  object space 60736K, 78% used [0x0000000701400000,0x0000000704270b88,0x0000000704f50000)
}

