# JRE version: 7.0_25-b17
# Java VM: Java HotSpot(TM) 64-Bit Server VM (23.25-b01 mixed mode windows-amd64 compressed oops)
Heap
 PSYoungGen      total 68608K, used 30551K [0x00000007ab800000, 0x00000007b2060000, 0x0000000800000000)
  eden space 64512K, 41% used [0x00000007ab800000,0x00000007ad1e4548,0x00000007af700000)
  from space 4096K, 98% used [0x00000007af8a0000,0x00000007afc918b8,0x00000007afca0000)
  to   space 21184K, 0% used [0x00000007b0bb0000,0x00000007b0bb0000,0x00000007b2060000)
 ParOldGen       total 173056K, used 103329K [0x0000000702800000, 0x000000070d100000, 0x00000007ab800000)
  object space 173056K, 59% used [0x0000000702800000,0x0000000708ce8578,0x000000070d100000)
 PSPermGen       total 79680K, used 47682K [0x00000006fd600000, 0x00000007023d0000, 0x0000000702800000)
  object space 79680K, 59% used [0x00000006fd600000,0x0000000700490a98,0x00000007023d0000)
GC Heap History (10 events):
Event: 697.861 GC heap before
{Heap before GC invocations=69 (full 8):
 PSYoungGen      total 71744K, used 192K [0x00000007ab800000, 0x00000007b2b40000, 0x0000000800000000)
  eden space 71552K, 0% used [0x00000007ab800000,0x00000007ab800000,0x00000007afde0000)
  from space 192K, 100% used [0x00000007afde0000,0x00000007afe10000,0x00000007afe10000)
  to   space 23232K, 0% used [0x00000007b1490000,0x00000007b1490000,0x00000007b2b40000)
 ParOldGen       total 173056K, used 87051K [0x0000000702800000, 0x000000070d100000, 0x00000007ab800000)
  object space 173056K, 50% used [0x0000000702800000,0x0000000707d02ff8,0x000000070d100000)
 PSPermGen       total 83968K, used 47612K [0x00000006fd600000, 0x0000000702800000, 0x0000000702800000)
  object space 83968K, 56% used [0x00000006fd600000,0x000000070047f208,0x0000000702800000)
Event: 697.982 GC heap after
Heap after GC invocations=69 (full 8):
 PSYoungGen      total 71744K, used 0K [0x00000007ab800000, 0x00000007b2b40000, 0x0000000800000000)
  eden space 71552K, 0% used [0x00000007ab800000,0x00000007ab800000,0x00000007afde0000)
  from space 192K, 0% used [0x00000007afde0000,0x00000007afde0000,0x00000007afe10000)
  to   space 23232K, 0% used [0x00000007b1490000,0x00000007b1490000,0x00000007b2b40000)
 ParOldGen       total 173056K, used 87049K [0x0000000702800000, 0x000000070d100000, 0x00000007ab800000)
  object space 173056K, 50% used [0x0000000702800000,0x0000000707d026f8,0x000000070d100000)
 PSPermGen       total 79680K, used 47612K [0x00000006fd600000, 0x00000007023d0000, 0x0000000702800000)
  object space 79680K, 59% used [0x00000006fd600000,0x000000070047f208,0x00000007023d0000)
}
Event: 759.629 GC heap before
{Heap before GC invocations=70 (full 8):
 PSYoungGen      total 71744K, used 71552K [0x00000007ab800000, 0x00000007b2b40000, 0x0000000800000000)
  eden space 71552K, 100% used [0x00000007ab800000,0x00000007afde0000,0x00000007afde0000)
  from space 192K, 0% used [0x00000007afde0000,0x00000007afde0000,0x00000007afe10000)
  to   space 23232K, 0% used [0x00000007b1490000,0x00000007b1490000,0x00000007b2b40000)
 ParOldGen       total 173056K, used 87049K [0x0000000702800000, 0x000000070d100000, 0x00000007ab800000)
  object space 173056K, 50% used [0x0000000702800000,0x0000000707d026f8,0x000000070d100000)
 PSPermGen       total 79680K, used 47664K [0x00000006fd600000, 0x00000007023d0000, 0x0000000702800000)
  object space 79680K, 59% used [0x00000006fd600000,0x000000070048c190,0x00000007023d0000)
Event: 759.633 GC heap after
Heap after GC invocations=70 (full 8):
 PSYoungGen      total 87872K, used 6620K [0x00000007ab800000, 0x00000007b2650000, 0x0000000800000000)
  eden space 69696K, 0% used [0x00000007ab800000,0x00000007ab800000,0x00000007afc10000)
  from space 18176K, 36% used [0x00000007b1490000,0x00000007b1b07318,0x00000007b2650000)
  to   space 21632K, 0% used [0x00000007afc10000,0x00000007afc10000,0x00000007b1130000)
 ParOldGen       total 173056K, used 87049K [0x0000000702800000, 0x000000070d100000, 0x00000007ab800000)
  object space 173056K, 50% used [0x0000000702800000,0x0000000707d026f8,0x000000070d100000)
 PSPermGen       total 79680K, used 47664K [0x00000006fd600000, 0x00000007023d0000, 0x0000000702800000)
  object space 79680K, 59% used [0x00000006fd600000,0x000000070048c190,0x00000007023d0000)
}
Event: 760.137 GC heap before
{Heap before GC invocations=71 (full 8):
 PSYoungGen      total 87872K, used 76316K [0x00000007ab800000, 0x00000007b2650000, 0x0000000800000000)
  eden space 69696K, 100% used [0x00000007ab800000,0x00000007afc10000,0x00000007afc10000)
  from space 18176K, 36% used [0x00000007b1490000,0x00000007b1b07318,0x00000007b2650000)
  to   space 21632K, 0% used [0x00000007afc10000,0x00000007afc10000,0x00000007b1130000)
 ParOldGen       total 173056K, used 87049K [0x0000000702800000, 0x000000070d100000, 0x00000007ab800000)
  object space 173056K, 50% used [0x0000000702800000,0x0000000707d026f8,0x000000070d100000)
 PSPermGen       total 79680K, used 47666K [0x00000006fd600000, 0x00000007023d0000, 0x0000000702800000)
  object space 79680K, 59% used [0x00000006fd600000,0x000000070048c9c0,0x00000007023d0000)
Event: 760.141 GC heap after
Heap after GC invocations=71 (full 8):
 PSYoungGen      total 75456K, used 7530K [0x00000007ab800000, 0x00000007b2230000, 0x0000000800000000)
  eden space 67904K, 0% used [0x00000007ab800000,0x00000007ab800000,0x00000007afa50000)
  from space 7552K, 99% used [0x00000007afc10000,0x00000007b036a818,0x00000007b0370000)
  to   space 20416K, 0% used [0x00000007b0e40000,0x00000007b0e40000,0x00000007b2230000)
 ParOldGen       total 173056K, used 93123K [0x0000000702800000, 0x000000070d100000, 0x00000007ab800000)
  object space 173056K, 53% used [0x0000000702800000,0x00000007082f0d28,0x000000070d100000)
 PSPermGen       total 79680K, used 47666K [0x00000006fd600000, 0x00000007023d0000, 0x0000000702800000)
  object space 79680K, 59% used [0x00000006fd600000,0x000000070048c9c0,0x00000007023d0000)
}
Event: 760.655 GC heap before
{Heap before GC invocations=72 (full 8):
 PSYoungGen      total 75456K, used 75434K [0x00000007ab800000, 0x00000007b2230000, 0x0000000800000000)
  eden space 67904K, 100% used [0x00000007ab800000,0x00000007afa50000,0x00000007afa50000)
  from space 7552K, 99% used [0x00000007afc10000,0x00000007b036a818,0x00000007b0370000)
  to   space 20416K, 0% used [0x00000007b0e40000,0x00000007b0e40000,0x00000007b2230000)
 ParOldGen       total 173056K, used 93123K [0x0000000702800000, 0x000000070d100000, 0x00000007ab800000)
  object space 173056K, 53% used [0x0000000702800000,0x00000007082f0d28,0x000000070d100000)
 PSPermGen       total 79680K, used 47666K [0x00000006fd600000, 0x00000007023d0000, 0x0000000702800000)
  object space 79680K, 59% used [0x00000006fd600000,0x000000070048c9c0,0x00000007023d0000)
Event: 760.659 GC heap after
Heap after GC invocations=72 (full 8):
 PSYoungGen      total 86592K, used 14746K [0x00000007ab800000, 0x00000007b2380000, 0x0000000800000000)
  eden space 66176K, 0% used [0x00000007ab800000,0x00000007ab800000,0x00000007af8a0000)
  from space 20416K, 72% used [0x00000007b0e40000,0x00000007b1ca68a0,0x00000007b2230000)
  to   space 21952K, 0% used [0x00000007af8a0000,0x00000007af8a0000,0x00000007b0e10000)
 ParOldGen       total 173056K, used 99613K [0x0000000702800000, 0x000000070d100000, 0x00000007ab800000)
  object space 173056K, 57% used [0x0000000702800000,0x0000000708947468,0x000000070d100000)
 PSPermGen       total 79680K, used 47666K [0x00000006fd600000, 0x00000007023d0000, 0x0000000702800000)
  object space 79680K, 59% used [0x00000006fd600000,0x000000070048c9c0,0x00000007023d0000)
}
Event: 763.530 GC heap before
{Heap before GC invocations=73 (full 8):
 PSYoungGen      total 86592K, used 80922K [0x00000007ab800000, 0x00000007b2380000, 0x0000000800000000)
  eden space 66176K, 100% used [0x00000007ab800000,0x00000007af8a0000,0x00000007af8a0000)
  from space 20416K, 72% used [0x00000007b0e40000,0x00000007b1ca68a0,0x00000007b2230000)
  to   space 21952K, 0% used [0x00000007af8a0000,0x00000007af8a0000,0x00000007b0e10000)
 ParOldGen       total 173056K, used 99613K [0x0000000702800000, 0x000000070d100000, 0x00000007ab800000)
  object space 173056K, 57% used [0x0000000702800000,0x0000000708947468,0x000000070d100000)
 PSPermGen       total 79680K, used 47672K [0x00000006fd600000, 0x00000007023d0000, 0x0000000702800000)
  object space 79680K, 59% used [0x00000006fd600000,0x000000070048e050,0x00000007023d0000)
Event: 763.533 GC heap after
Heap after GC invocations=73 (full 8):
 PSYoungGen      total 68608K, used 4038K [0x00000007ab800000, 0x00000007b2060000, 0x0000000800000000)
  eden space 64512K, 0% used [0x00000007ab800000,0x00000007ab800000,0x00000007af700000)
  from space 4096K, 98% used [0x00000007af8a0000,0x00000007afc918b8,0x00000007afca0000)
  to   space 21184K, 0% used [0x00000007b0bb0000,0x00000007b0bb0000,0x00000007b2060000)
 ParOldGen       total 173056K, used 103329K [0x0000000702800000, 0x000000070d100000, 0x00000007ab800000)
  object space 173056K, 59% used [0x0000000702800000,0x0000000708ce8578,0x000000070d100000)
 PSPermGen       total 79680K, used 47672K [0x00000006fd600000, 0x00000007023d0000, 0x0000000702800000)
  object space 79680K, 59% used [0x00000006fd600000,0x000000070048e050,0x00000007023d0000)
}

