# JRE version: 7.0_25-b17
# Java VM: Java HotSpot(TM) 64-Bit Server VM (23.25-b01 mixed mode windows-amd64 compressed oops)
Heap
 PSYoungGen      total 125184K, used 27437K [0x00000007accb0000, 0x00000007b8b20000, 0x0000000800000000)
  eden space 115776K, 23% used [0x00000007accb0000,0x00000007ae77b540,0x00000007b3dc0000)
  from space 9408K, 0% used [0x00000007b81f0000,0x00000007b81f0000,0x00000007b8b20000)
  to   space 39616K, 0% used [0x00000007b3dc0000,0x00000007b3dc0000,0x00000007b6470000)
 ParOldGen       total 170368K, used 41306K [0x0000000706600000, 0x0000000710c60000, 0x00000007accb0000)
  object space 170368K, 24% used [0x0000000706600000,0x0000000708e56980,0x0000000710c60000)
 PSPermGen       total 83968K, used 47539K [0x0000000701400000, 0x0000000706600000, 0x0000000706600000)
  object space 83968K, 56% used [0x0000000701400000,0x000000070426cc58,0x0000000706600000)
GC Heap History (10 events):
Event: 136.184 GC heap before
{Heap before GC invocations=12 (full 2):
 PSYoungGen      total 117184K, used 1352K [0x00000007accb0000, 0x00000007ba990000, 0x0000000800000000)
  eden space 115776K, 0% used [0x00000007accb0000,0x00000007accb0000,0x00000007b3dc0000)
  from space 1408K, 96% used [0x00000007ba830000,0x00000007ba982230,0x00000007ba990000)
  to   space 38272K, 0% used [0x00000007b5ed0000,0x00000007b5ed0000,0x00000007b8430000)
 ParOldGen       total 170368K, used 54357K [0x0000000706600000, 0x0000000710c60000, 0x00000007accb0000)
  object space 170368K, 31% used [0x0000000706600000,0x0000000709b154d8,0x0000000710c60000)
 PSPermGen       total 83968K, used 47053K [0x0000000701400000, 0x0000000706600000, 0x0000000706600000)
  object space 83968K, 56% used [0x0000000701400000,0x00000007041f3418,0x0000000706600000)
Event: 136.260 GC heap after
Heap after GC invocations=12 (full 2):
 PSYoungGen      total 117184K, used 0K [0x00000007accb0000, 0x00000007ba990000, 0x0000000800000000)
  eden space 115776K, 0% used [0x00000007accb0000,0x00000007accb0000,0x00000007b3dc0000)
  from space 1408K, 0% used [0x00000007ba830000,0x00000007ba830000,0x00000007ba990000)
  to   space 38272K, 0% used [0x00000007b5ed0000,0x00000007b5ed0000,0x00000007b8430000)
 ParOldGen       total 170368K, used 41664K [0x0000000706600000, 0x0000000710c60000, 0x00000007accb0000)
  object space 170368K, 24% used [0x0000000706600000,0x0000000708eb0030,0x0000000710c60000)
 PSPermGen       total 83968K, used 47052K [0x0000000701400000, 0x0000000706600000, 0x0000000706600000)
  object space 83968K, 56% used [0x0000000701400000,0x00000007041f3168,0x0000000706600000)
}
Event: 196.178 GC heap before
{Heap before GC invocations=13 (full 2):
 PSYoungGen      total 117184K, used 1692K [0x00000007accb0000, 0x00000007ba990000, 0x0000000800000000)
  eden space 115776K, 1% used [0x00000007accb0000,0x00000007ace572e8,0x00000007b3dc0000)
  from space 1408K, 0% used [0x00000007ba830000,0x00000007ba830000,0x00000007ba990000)
  to   space 38272K, 0% used [0x00000007b5ed0000,0x00000007b5ed0000,0x00000007b8430000)
 ParOldGen       total 170368K, used 41664K [0x0000000706600000, 0x0000000710c60000, 0x00000007accb0000)
  object space 170368K, 24% used [0x0000000706600000,0x0000000708eb0030,0x0000000710c60000)
 PSPermGen       total 83968K, used 47052K [0x0000000701400000, 0x0000000706600000, 0x0000000706600000)
  object space 83968K, 56% used [0x0000000701400000,0x00000007041f3168,0x0000000706600000)
Event: 196.182 GC heap after
Heap after GC invocations=13 (full 2):
 PSYoungGen      total 115840K, used 64K [0x00000007accb0000, 0x00000007ba840000, 0x0000000800000000)
  eden space 115776K, 0% used [0x00000007accb0000,0x00000007accb0000,0x00000007b3dc0000)
  from space 64K, 100% used [0x00000007b5ed0000,0x00000007b5ee0000,0x00000007b5ee0000)
  to   space 39232K, 0% used [0x00000007b81f0000,0x00000007b81f0000,0x00000007ba840000)
 ParOldGen       total 170368K, used 41664K [0x0000000706600000, 0x0000000710c60000, 0x00000007accb0000)
  object space 170368K, 24% used [0x0000000706600000,0x0000000708eb0030,0x0000000710c60000)
 PSPermGen       total 83968K, used 47052K [0x0000000701400000, 0x0000000706600000, 0x0000000706600000)
  object space 83968K, 56% used [0x0000000701400000,0x00000007041f3168,0x0000000706600000)
}
Event: 196.182 GC heap before
{Heap before GC invocations=14 (full 3):
 PSYoungGen      total 115840K, used 64K [0x00000007accb0000, 0x00000007ba840000, 0x0000000800000000)
  eden space 115776K, 0% used [0x00000007accb0000,0x00000007accb0000,0x00000007b3dc0000)
  from space 64K, 100% used [0x00000007b5ed0000,0x00000007b5ee0000,0x00000007b5ee0000)
  to   space 39232K, 0% used [0x00000007b81f0000,0x00000007b81f0000,0x00000007ba840000)
 ParOldGen       total 170368K, used 41664K [0x0000000706600000, 0x0000000710c60000, 0x00000007accb0000)
  object space 170368K, 24% used [0x0000000706600000,0x0000000708eb0030,0x0000000710c60000)
 PSPermGen       total 83968K, used 47052K [0x0000000701400000, 0x0000000706600000, 0x0000000706600000)
  object space 83968K, 56% used [0x0000000701400000,0x00000007041f3168,0x0000000706600000)
Event: 196.270 GC heap after
Heap after GC invocations=14 (full 3):
 PSYoungGen      total 115840K, used 0K [0x00000007accb0000, 0x00000007ba840000, 0x0000000800000000)
  eden space 115776K, 0% used [0x00000007accb0000,0x00000007accb0000,0x00000007b3dc0000)
  from space 64K, 0% used [0x00000007b5ed0000,0x00000007b5ed0000,0x00000007b5ee0000)
  to   space 39232K, 0% used [0x00000007b81f0000,0x00000007b81f0000,0x00000007ba840000)
 ParOldGen       total 170368K, used 41277K [0x0000000706600000, 0x0000000710c60000, 0x00000007accb0000)
  object space 170368K, 24% used [0x0000000706600000,0x0000000708e4f420,0x0000000710c60000)
 PSPermGen       total 83968K, used 47052K [0x0000000701400000, 0x0000000706600000, 0x0000000706600000)
  object space 83968K, 56% used [0x0000000701400000,0x00000007041f3168,0x0000000706600000)
}
Event: 256.199 GC heap before
{Heap before GC invocations=15 (full 3):
 PSYoungGen      total 115840K, used 4889K [0x00000007accb0000, 0x00000007ba840000, 0x0000000800000000)
  eden space 115776K, 4% used [0x00000007accb0000,0x00000007ad176740,0x00000007b3dc0000)
  from space 64K, 0% used [0x00000007b5ed0000,0x00000007b5ed0000,0x00000007b5ee0000)
  to   space 39232K, 0% used [0x00000007b81f0000,0x00000007b81f0000,0x00000007ba840000)
 ParOldGen       total 170368K, used 41277K [0x0000000706600000, 0x0000000710c60000, 0x00000007accb0000)
  object space 170368K, 24% used [0x0000000706600000,0x0000000708e4f420,0x0000000710c60000)
 PSPermGen       total 83968K, used 47065K [0x0000000701400000, 0x0000000706600000, 0x0000000706600000)
  object space 83968K, 56% used [0x0000000701400000,0x00000007041f65d0,0x0000000706600000)
Event: 256.202 GC heap after
Heap after GC invocations=15 (full 3):
 PSYoungGen      total 125184K, used 192K [0x00000007accb0000, 0x00000007b8b20000, 0x0000000800000000)
  eden space 115776K, 0% used [0x00000007accb0000,0x00000007accb0000,0x00000007b3dc0000)
  from space 9408K, 2% used [0x00000007b81f0000,0x00000007b8220000,0x00000007b8b20000)
  to   space 39616K, 0% used [0x00000007b3dc0000,0x00000007b3dc0000,0x00000007b6470000)
 ParOldGen       total 170368K, used 41277K [0x0000000706600000, 0x0000000710c60000, 0x00000007accb0000)
  object space 170368K, 24% used [0x0000000706600000,0x0000000708e4f420,0x0000000710c60000)
 PSPermGen       total 83968K, used 47065K [0x0000000701400000, 0x0000000706600000, 0x0000000706600000)
  object space 83968K, 56% used [0x0000000701400000,0x00000007041f65d0,0x0000000706600000)
}
Event: 256.202 GC heap before
{Heap before GC invocations=16 (full 4):
 PSYoungGen      total 125184K, used 192K [0x00000007accb0000, 0x00000007b8b20000, 0x0000000800000000)
  eden space 115776K, 0% used [0x00000007accb0000,0x00000007accb0000,0x00000007b3dc0000)
  from space 9408K, 2% used [0x00000007b81f0000,0x00000007b8220000,0x00000007b8b20000)
  to   space 39616K, 0% used [0x00000007b3dc0000,0x00000007b3dc0000,0x00000007b6470000)
 ParOldGen       total 170368K, used 41277K [0x0000000706600000, 0x0000000710c60000, 0x00000007accb0000)
  object space 170368K, 24% used [0x0000000706600000,0x0000000708e4f420,0x0000000710c60000)
 PSPermGen       total 83968K, used 47065K [0x0000000701400000, 0x0000000706600000, 0x0000000706600000)
  object space 83968K, 56% used [0x0000000701400000,0x00000007041f65d0,0x0000000706600000)
Event: 256.263 GC heap after
Heap after GC invocations=16 (full 4):
 PSYoungGen      total 125184K, used 0K [0x00000007accb0000, 0x00000007b8b20000, 0x0000000800000000)
  eden space 115776K, 0% used [0x00000007accb0000,0x00000007accb0000,0x00000007b3dc0000)
  from space 9408K, 0% used [0x00000007b81f0000,0x00000007b81f0000,0x00000007b8b20000)
  to   space 39616K, 0% used [0x00000007b3dc0000,0x00000007b3dc0000,0x00000007b6470000)
 ParOldGen       total 170368K, used 41306K [0x0000000706600000, 0x0000000710c60000, 0x00000007accb0000)
  object space 170368K, 24% used [0x0000000706600000,0x0000000708e56980,0x0000000710c60000)
 PSPermGen       total 83968K, used 47065K [0x0000000701400000, 0x0000000706600000, 0x0000000706600000)
  object space 83968K, 56% used [0x0000000701400000,0x00000007041f64f0,0x0000000706600000)
}

