# JRE version: 7.0_25-b17
# Java VM: Java HotSpot(TM) 64-Bit Server VM (23.25-b01 mixed mode windows-amd64 compressed oops)
Heap
 PSYoungGen      total 632768K, used 28068K [0x00000007ab800000, 0x00000007d69b0000, 0x0000000800000000)
  eden space 632256K, 4% used [0x00000007ab800000,0x00000007ad3692f8,0x00000007d2170000)
  from space 512K, 0% used [0x00000007d2170000,0x00000007d2170000,0x00000007d21f0000)
  to   space 36928K, 0% used [0x00000007d45a0000,0x00000007d45a0000,0x00000007d69b0000)
 ParOldGen       total 173056K, used 86845K [0x0000000702800000, 0x000000070d100000, 0x00000007ab800000)
  object space 173056K, 50% used [0x0000000702800000,0x0000000707ccf620,0x000000070d100000)
 PSPermGen       total 61184K, used 47714K [0x00000006fd600000, 0x00000007011c0000, 0x0000000702800000)
  object space 61184K, 77% used [0x00000006fd600000,0x0000000700498840,0x00000007011c0000)
GC Heap History (10 events):
Event: 3214.061 GC heap before
{Heap before GC invocations=37 (full 12):
 PSYoungGen      total 670016K, used 17190K [0x00000007ab800000, 0x00000007d6bb0000, 0x0000000800000000)
  eden space 632384K, 0% used [0x00000007ab800000,0x00000007ab800000,0x00000007d2190000)
  from space 37632K, 45% used [0x00000007d2190000,0x00000007d3259ac8,0x00000007d4650000)
  to   space 37952K, 0% used [0x00000007d46a0000,0x00000007d46a0000,0x00000007d6bb0000)
 ParOldGen       total 173056K, used 85917K [0x0000000702800000, 0x000000070d100000, 0x00000007ab800000)
  object space 173056K, 49% used [0x0000000702800000,0x0000000707be7710,0x000000070d100000)
 PSPermGen       total 68928K, used 47646K [0x00000006fd600000, 0x0000000701950000, 0x0000000702800000)
  object space 68928K, 69% used [0x00000006fd600000,0x00000007004879d8,0x0000000701950000)
Event: 3214.193 GC heap after
Heap after GC invocations=37 (full 12):
 PSYoungGen      total 670016K, used 0K [0x00000007ab800000, 0x00000007d6bb0000, 0x0000000800000000)
  eden space 632384K, 0% used [0x00000007ab800000,0x00000007ab800000,0x00000007d2190000)
  from space 37632K, 0% used [0x00000007d2190000,0x00000007d2190000,0x00000007d4650000)
  to   space 37952K, 0% used [0x00000007d46a0000,0x00000007d46a0000,0x00000007d6bb0000)
 ParOldGen       total 173056K, used 86761K [0x0000000702800000, 0x000000070d100000, 0x00000007ab800000)
  object space 173056K, 50% used [0x0000000702800000,0x0000000707cba558,0x000000070d100000)
 PSPermGen       total 65792K, used 47646K [0x00000006fd600000, 0x0000000701640000, 0x0000000702800000)
  object space 65792K, 72% used [0x00000006fd600000,0x0000000700487818,0x0000000701640000)
}
Event: 3283.767 GC heap before
{Heap before GC invocations=38 (full 12):
 PSYoungGen      total 670016K, used 317480K [0x00000007ab800000, 0x00000007d6bb0000, 0x0000000800000000)
  eden space 632384K, 50% used [0x00000007ab800000,0x00000007bee0a208,0x00000007d2190000)
  from space 37632K, 0% used [0x00000007d2190000,0x00000007d2190000,0x00000007d4650000)
  to   space 37952K, 0% used [0x00000007d46a0000,0x00000007d46a0000,0x00000007d6bb0000)
 ParOldGen       total 173056K, used 86761K [0x0000000702800000, 0x000000070d100000, 0x00000007ab800000)
  object space 173056K, 50% used [0x0000000702800000,0x0000000707cba558,0x000000070d100000)
 PSPermGen       total 65792K, used 47697K [0x00000006fd600000, 0x0000000701640000, 0x0000000702800000)
  object space 65792K, 72% used [0x00000006fd600000,0x0000000700494700,0x0000000701640000)
Event: 3283.770 GC heap after
Heap after GC invocations=38 (full 12):
 PSYoungGen      total 670208K, used 17367K [0x00000007ab800000, 0x00000007d6bf0000, 0x0000000800000000)
  eden space 632256K, 0% used [0x00000007ab800000,0x00000007ab800000,0x00000007d2170000)
  from space 37952K, 45% used [0x00000007d46a0000,0x00000007d5795f28,0x00000007d6bb0000)
  to   space 38080K, 0% used [0x00000007d2170000,0x00000007d2170000,0x00000007d46a0000)
 ParOldGen       total 173056K, used 86761K [0x0000000702800000, 0x000000070d100000, 0x00000007ab800000)
  object space 173056K, 50% used [0x0000000702800000,0x0000000707cba558,0x000000070d100000)
 PSPermGen       total 65792K, used 47697K [0x00000006fd600000, 0x0000000701640000, 0x0000000702800000)
  object space 65792K, 72% used [0x00000006fd600000,0x0000000700494700,0x0000000701640000)
}
Event: 3283.771 GC heap before
{Heap before GC invocations=39 (full 13):
 PSYoungGen      total 670208K, used 17367K [0x00000007ab800000, 0x00000007d6bf0000, 0x0000000800000000)
  eden space 632256K, 0% used [0x00000007ab800000,0x00000007ab800000,0x00000007d2170000)
  from space 37952K, 45% used [0x00000007d46a0000,0x00000007d5795f28,0x00000007d6bb0000)
  to   space 38080K, 0% used [0x00000007d2170000,0x00000007d2170000,0x00000007d46a0000)
 ParOldGen       total 173056K, used 86761K [0x0000000702800000, 0x000000070d100000, 0x00000007ab800000)
  object space 173056K, 50% used [0x0000000702800000,0x0000000707cba558,0x000000070d100000)
 PSPermGen       total 65792K, used 47697K [0x00000006fd600000, 0x0000000701640000, 0x0000000702800000)
  object space 65792K, 72% used [0x00000006fd600000,0x0000000700494700,0x0000000701640000)
Event: 3283.889 GC heap after
Heap after GC invocations=39 (full 13):
 PSYoungGen      total 670208K, used 0K [0x00000007ab800000, 0x00000007d6bf0000, 0x0000000800000000)
  eden space 632256K, 0% used [0x00000007ab800000,0x00000007ab800000,0x00000007d2170000)
  from space 37952K, 0% used [0x00000007d46a0000,0x00000007d46a0000,0x00000007d6bb0000)
  to   space 38080K, 0% used [0x00000007d2170000,0x00000007d2170000,0x00000007d46a0000)
 ParOldGen       total 173056K, used 86923K [0x0000000702800000, 0x000000070d100000, 0x00000007ab800000)
  object space 173056K, 50% used [0x0000000702800000,0x0000000707ce2ee0,0x000000070d100000)
 PSPermGen       total 63232K, used 47696K [0x00000006fd600000, 0x00000007013c0000, 0x0000000702800000)
  object space 63232K, 75% used [0x00000006fd600000,0x0000000700494360,0x00000007013c0000)
}
Event: 3343.780 GC heap before
{Heap before GC invocations=40 (full 13):
 PSYoungGen      total 670208K, used 41358K [0x00000007ab800000, 0x00000007d6bf0000, 0x0000000800000000)
  eden space 632256K, 6% used [0x00000007ab800000,0x00000007ae0639b8,0x00000007d2170000)
  from space 37952K, 0% used [0x00000007d46a0000,0x00000007d46a0000,0x00000007d6bb0000)
  to   space 38080K, 0% used [0x00000007d2170000,0x00000007d2170000,0x00000007d46a0000)
 ParOldGen       total 173056K, used 86923K [0x0000000702800000, 0x000000070d100000, 0x00000007ab800000)
  object space 173056K, 50% used [0x0000000702800000,0x0000000707ce2ee0,0x000000070d100000)
 PSPermGen       total 63232K, used 47700K [0x00000006fd600000, 0x00000007013c0000, 0x0000000702800000)
  object space 63232K, 75% used [0x00000006fd600000,0x0000000700495088,0x00000007013c0000)
Event: 3343.782 GC heap after
Heap after GC invocations=40 (full 13):
 PSYoungGen      total 632768K, used 466K [0x00000007ab800000, 0x00000007d69b0000, 0x0000000800000000)
  eden space 632256K, 0% used [0x00000007ab800000,0x00000007ab800000,0x00000007d2170000)
  from space 512K, 91% used [0x00000007d2170000,0x00000007d21e4ab0,0x00000007d21f0000)
  to   space 36928K, 0% used [0x00000007d45a0000,0x00000007d45a0000,0x00000007d69b0000)
 ParOldGen       total 173056K, used 86923K [0x0000000702800000, 0x000000070d100000, 0x00000007ab800000)
  object space 173056K, 50% used [0x0000000702800000,0x0000000707ce2ee0,0x000000070d100000)
 PSPermGen       total 63232K, used 47700K [0x00000006fd600000, 0x00000007013c0000, 0x0000000702800000)
  object space 63232K, 75% used [0x00000006fd600000,0x0000000700495088,0x00000007013c0000)
}
Event: 3343.782 GC heap before
{Heap before GC invocations=41 (full 14):
 PSYoungGen      total 632768K, used 466K [0x00000007ab800000, 0x00000007d69b0000, 0x0000000800000000)
  eden space 632256K, 0% used [0x00000007ab800000,0x00000007ab800000,0x00000007d2170000)
  from space 512K, 91% used [0x00000007d2170000,0x00000007d21e4ab0,0x00000007d21f0000)
  to   space 36928K, 0% used [0x00000007d45a0000,0x00000007d45a0000,0x00000007d69b0000)
 ParOldGen       total 173056K, used 86923K [0x0000000702800000, 0x000000070d100000, 0x00000007ab800000)
  object space 173056K, 50% used [0x0000000702800000,0x0000000707ce2ee0,0x000000070d100000)
 PSPermGen       total 63232K, used 47700K [0x00000006fd600000, 0x00000007013c0000, 0x0000000702800000)
  object space 63232K, 75% used [0x00000006fd600000,0x0000000700495088,0x00000007013c0000)
Event: 3343.848 GC heap after
Heap after GC invocations=41 (full 14):
 PSYoungGen      total 632768K, used 0K [0x00000007ab800000, 0x00000007d69b0000, 0x0000000800000000)
  eden space 632256K, 0% used [0x00000007ab800000,0x00000007ab800000,0x00000007d2170000)
  from space 512K, 0% used [0x00000007d2170000,0x00000007d2170000,0x00000007d21f0000)
  to   space 36928K, 0% used [0x00000007d45a0000,0x00000007d45a0000,0x00000007d69b0000)
 ParOldGen       total 173056K, used 86845K [0x0000000702800000, 0x000000070d100000, 0x00000007ab800000)
  object space 173056K, 50% used [0x0000000702800000,0x0000000707ccf620,0x000000070d100000)
 PSPermGen       total 61184K, used 47700K [0x00000006fd600000, 0x00000007011c0000, 0x0000000702800000)
  object space 61184K, 77% used [0x00000006fd600000,0x0000000700495088,0x00000007011c0000)
}

