# JRE version: 7.0_25-b17
# Java VM: Java HotSpot(TM) 64-Bit Server VM (23.25-b01 mixed mode windows-amd64 compressed oops)
Heap
 PSYoungGen      total 60288K, used 10402K [0x00000007ab800000, 0x00000007b1050000, 0x0000000800000000)
  eden space 55360K, 10% used [0x00000007ab800000,0x00000007abd68510,0x00000007aee10000)
  from space 4928K, 98% used [0x00000007aef50000,0x00000007af4106c0,0x00000007af420000)
  to   space 17536K, 0% used [0x00000007aff30000,0x00000007aff30000,0x00000007b1050000)
 ParOldGen       total 173056K, used 117830K [0x0000000702800000, 0x000000070d100000, 0x00000007ab800000)
  object space 173056K, 68% used [0x0000000702800000,0x0000000709b119b0,0x000000070d100000)
 PSPermGen       total 48256K, used 47371K [0x00000006fd600000, 0x0000000700520000, 0x0000000702800000)
  object space 48256K, 98% used [0x00000006fd600000,0x0000000700442d20,0x0000000700520000)
GC Heap History (10 events):
Event: 1870.221 GC heap before
{Heap before GC invocations=101 (full 30):
 PSYoungGen      total 57984K, used 53369K [0x00000007ab800000, 0x00000007afb80000, 0x0000000800000000)
  eden space 49664K, 100% used [0x00000007ab800000,0x00000007ae880000,0x00000007ae880000)
  from space 8320K, 44% used [0x00000007af360000,0x00000007af6fe798,0x00000007afb80000)
  to   space 9728K, 0% used [0x00000007ae880000,0x00000007ae880000,0x00000007af200000)
 ParOldGen       total 173056K, used 89408K [0x0000000702800000, 0x000000070d100000, 0x00000007ab800000)
  object space 173056K, 51% used [0x0000000702800000,0x0000000707f50288,0x000000070d100000)
 PSPermGen       total 48256K, used 47341K [0x00000006fd600000, 0x0000000700520000, 0x0000000702800000)
  object space 48256K, 98% used [0x00000006fd600000,0x000000070043b5a0,0x0000000700520000)
Event: 1870.224 GC heap after
Heap after GC invocations=101 (full 30):
 PSYoungGen      total 58368K, used 9158K [0x00000007ab800000, 0x00000007afde0000, 0x0000000800000000)
  eden space 48640K, 0% used [0x00000007ab800000,0x00000007ab800000,0x00000007ae780000)
  from space 9728K, 94% used [0x00000007ae880000,0x00000007af171b08,0x00000007af200000)
  to   space 11456K, 0% used [0x00000007af2b0000,0x00000007af2b0000,0x00000007afde0000)
 ParOldGen       total 173056K, used 92544K [0x0000000702800000, 0x000000070d100000, 0x00000007ab800000)
  object space 173056K, 53% used [0x0000000702800000,0x00000007082600d8,0x000000070d100000)
 PSPermGen       total 48256K, used 47341K [0x00000006fd600000, 0x0000000700520000, 0x0000000702800000)
  object space 48256K, 98% used [0x00000006fd600000,0x000000070043b5a0,0x0000000700520000)
}
Event: 1870.351 GC heap before
{Heap before GC invocations=102 (full 30):
 PSYoungGen      total 58368K, used 57798K [0x00000007ab800000, 0x00000007afde0000, 0x0000000800000000)
  eden space 48640K, 100% used [0x00000007ab800000,0x00000007ae780000,0x00000007ae780000)
  from space 9728K, 94% used [0x00000007ae880000,0x00000007af171b08,0x00000007af200000)
  to   space 11456K, 0% used [0x00000007af2b0000,0x00000007af2b0000,0x00000007afde0000)
 ParOldGen       total 173056K, used 92544K [0x0000000702800000, 0x000000070d100000, 0x00000007ab800000)
  object space 173056K, 53% used [0x0000000702800000,0x00000007082600d8,0x000000070d100000)
 PSPermGen       total 48256K, used 47341K [0x00000006fd600000, 0x0000000700520000, 0x0000000702800000)
  object space 48256K, 98% used [0x00000006fd600000,0x000000070043b5a0,0x0000000700520000)
Event: 1870.356 GC heap after
Heap after GC invocations=102 (full 30):
 PSYoungGen      total 57856K, used 11395K [0x00000007ab800000, 0x00000007b0cc0000, 0x0000000800000000)
  eden space 46400K, 0% used [0x00000007ab800000,0x00000007ab800000,0x00000007ae550000)
  from space 11456K, 99% used [0x00000007af2b0000,0x00000007afdd0d80,0x00000007afde0000)
  to   space 13696K, 0% used [0x00000007ae550000,0x00000007ae550000,0x00000007af2b0000)
 ParOldGen       total 173056K, used 101291K [0x0000000702800000, 0x000000070d100000, 0x00000007ab800000)
  object space 173056K, 58% used [0x0000000702800000,0x0000000708aead68,0x000000070d100000)
 PSPermGen       total 48256K, used 47341K [0x00000006fd600000, 0x0000000700520000, 0x0000000702800000)
  object space 48256K, 98% used [0x00000006fd600000,0x000000070043b5a0,0x0000000700520000)
}
Event: 1870.718 GC heap before
{Heap before GC invocations=103 (full 30):
 PSYoungGen      total 57856K, used 57795K [0x00000007ab800000, 0x00000007b0cc0000, 0x0000000800000000)
  eden space 46400K, 100% used [0x00000007ab800000,0x00000007ae550000,0x00000007ae550000)
  from space 11456K, 99% used [0x00000007af2b0000,0x00000007afdd0d80,0x00000007afde0000)
  to   space 13696K, 0% used [0x00000007ae550000,0x00000007ae550000,0x00000007af2b0000)
 ParOldGen       total 173056K, used 101291K [0x0000000702800000, 0x000000070d100000, 0x00000007ab800000)
  object space 173056K, 58% used [0x0000000702800000,0x0000000708aead68,0x000000070d100000)
 PSPermGen       total 48256K, used 47341K [0x00000006fd600000, 0x0000000700520000, 0x0000000702800000)
  object space 48256K, 98% used [0x00000006fd600000,0x000000070043b5a0,0x0000000700520000)
Event: 1870.723 GC heap after
Heap after GC invocations=103 (full 30):
 PSYoungGen      total 60096K, used 13690K [0x00000007ab800000, 0x00000007b15d0000, 0x0000000800000000)
  eden space 46400K, 0% used [0x00000007ab800000,0x00000007ab800000,0x00000007ae550000)
  from space 13696K, 99% used [0x00000007ae550000,0x00000007af2ae8a0,0x00000007af2b0000)
  to   space 19712K, 0% used [0x00000007b0290000,0x00000007b0290000,0x00000007b15d0000)
 ParOldGen       total 173056K, used 110526K [0x0000000702800000, 0x000000070d100000, 0x00000007ab800000)
  object space 173056K, 63% used [0x0000000702800000,0x00000007093ef860,0x000000070d100000)
 PSPermGen       total 48256K, used 47341K [0x00000006fd600000, 0x0000000700520000, 0x0000000702800000)
  object space 48256K, 98% used [0x00000006fd600000,0x000000070043b5a0,0x0000000700520000)
}
Event: 1871.488 GC heap before
{Heap before GC invocations=104 (full 30):
 PSYoungGen      total 60096K, used 60090K [0x00000007ab800000, 0x00000007b15d0000, 0x0000000800000000)
  eden space 46400K, 100% used [0x00000007ab800000,0x00000007ae550000,0x00000007ae550000)
  from space 13696K, 99% used [0x00000007ae550000,0x00000007af2ae8a0,0x00000007af2b0000)
  to   space 19712K, 0% used [0x00000007b0290000,0x00000007b0290000,0x00000007b15d0000)
 ParOldGen       total 173056K, used 110526K [0x0000000702800000, 0x000000070d100000, 0x00000007ab800000)
  object space 173056K, 63% used [0x0000000702800000,0x00000007093ef860,0x000000070d100000)
 PSPermGen       total 48256K, used 47342K [0x00000006fd600000, 0x0000000700520000, 0x0000000702800000)
  object space 48256K, 98% used [0x00000006fd600000,0x000000070043b978,0x0000000700520000)
Event: 1871.491 GC heap after
Heap after GC invocations=104 (full 30):
 PSYoungGen      total 74304K, used 3862K [0x00000007ab800000, 0x00000007b13d0000, 0x0000000800000000)
  eden space 56640K, 0% used [0x00000007ab800000,0x00000007ab800000,0x00000007aef50000)
  from space 17664K, 21% used [0x00000007b0290000,0x00000007b0655b10,0x00000007b13d0000)
  to   space 18688K, 0% used [0x00000007aef50000,0x00000007aef50000,0x00000007b0190000)
 ParOldGen       total 173056K, used 114260K [0x0000000702800000, 0x000000070d100000, 0x00000007ab800000)
  object space 173056K, 66% used [0x0000000702800000,0x00000007097950a0,0x000000070d100000)
 PSPermGen       total 48256K, used 47342K [0x00000006fd600000, 0x0000000700520000, 0x0000000702800000)
  object space 48256K, 98% used [0x00000006fd600000,0x000000070043b978,0x0000000700520000)
}
Event: 1880.485 GC heap before
{Heap before GC invocations=105 (full 30):
 PSYoungGen      total 74304K, used 60502K [0x00000007ab800000, 0x00000007b13d0000, 0x0000000800000000)
  eden space 56640K, 100% used [0x00000007ab800000,0x00000007aef50000,0x00000007aef50000)
  from space 17664K, 21% used [0x00000007b0290000,0x00000007b0655b10,0x00000007b13d0000)
  to   space 18688K, 0% used [0x00000007aef50000,0x00000007aef50000,0x00000007b0190000)
 ParOldGen       total 173056K, used 114260K [0x0000000702800000, 0x000000070d100000, 0x00000007ab800000)
  object space 173056K, 66% used [0x0000000702800000,0x00000007097950a0,0x000000070d100000)
 PSPermGen       total 48256K, used 47369K [0x00000006fd600000, 0x0000000700520000, 0x0000000702800000)
  object space 48256K, 98% used [0x00000006fd600000,0x0000000700442778,0x0000000700520000)
Event: 1880.488 GC heap after
Heap after GC invocations=105 (full 30):
 PSYoungGen      total 60288K, used 4865K [0x00000007ab800000, 0x00000007b1050000, 0x0000000800000000)
  eden space 55360K, 0% used [0x00000007ab800000,0x00000007ab800000,0x00000007aee10000)
  from space 4928K, 98% used [0x00000007aef50000,0x00000007af4106c0,0x00000007af420000)
  to   space 17536K, 0% used [0x00000007aff30000,0x00000007aff30000,0x00000007b1050000)
 ParOldGen       total 173056K, used 117830K [0x0000000702800000, 0x000000070d100000, 0x00000007ab800000)
  object space 173056K, 68% used [0x0000000702800000,0x0000000709b119b0,0x000000070d100000)
 PSPermGen       total 48256K, used 47369K [0x00000006fd600000, 0x0000000700520000, 0x0000000702800000)
  object space 48256K, 98% used [0x00000006fd600000,0x0000000700442778,0x0000000700520000)
}

