# JRE version: 7.0_25-b17
# Java VM: Java HotSpot(TM) 64-Bit Server VM (23.25-b01 mixed mode windows-amd64 compressed oops)
Heap
 PSYoungGen      total 238720K, used 5348K [0x00000007ab800000, 0x00000007bcb00000, 0x0000000800000000)
  eden space 196352K, 2% used [0x00000007ab800000,0x00000007abd39368,0x00000007b77c0000)
  from space 42368K, 0% used [0x00000007b77c0000,0x00000007b77c0000,0x00000007ba120000)
  to   space 42368K, 0% used [0x00000007ba1a0000,0x00000007ba1a0000,0x00000007bcb00000)
 ParOldGen       total 173056K, used 86221K [0x0000000702800000, 0x000000070d100000, 0x00000007ab800000)
  object space 173056K, 49% used [0x0000000702800000,0x0000000707c33438,0x000000070d100000)
 PSPermGen       total 83968K, used 46642K [0x00000006fd600000, 0x0000000702800000, 0x0000000702800000)
  object space 83968K, 55% used [0x00000006fd600000,0x000000070038c8a0,0x0000000702800000)
GC Heap History (10 events):
Event: 413.247 GC heap before
{Heap before GC invocations=19 (full 2):
 PSYoungGen      total 237568K, used 320K [0x00000007ab800000, 0x00000007bca00000, 0x0000000800000000)
  eden space 196864K, 0% used [0x00000007ab800000,0x00000007ab800000,0x00000007b7840000)
  from space 40704K, 0% used [0x00000007b7840000,0x00000007b7890000,0x00000007ba000000)
  to   space 41856K, 0% used [0x00000007ba120000,0x00000007ba120000,0x00000007bca00000)
 ParOldGen       total 173056K, used 122773K [0x0000000702800000, 0x000000070d100000, 0x00000007ab800000)
  object space 173056K, 70% used [0x0000000702800000,0x0000000709fe54f8,0x000000070d100000)
 PSPermGen       total 83968K, used 46626K [0x00000006fd600000, 0x0000000702800000, 0x0000000702800000)
  object space 83968K, 55% used [0x00000006fd600000,0x0000000700388950,0x0000000702800000)
Event: 413.469 GC heap after
Heap after GC invocations=19 (full 2):
 PSYoungGen      total 237568K, used 0K [0x00000007ab800000, 0x00000007bca00000, 0x0000000800000000)
  eden space 196864K, 0% used [0x00000007ab800000,0x00000007ab800000,0x00000007b7840000)
  from space 40704K, 0% used [0x00000007b7840000,0x00000007b7840000,0x00000007ba000000)
  to   space 41856K, 0% used [0x00000007ba120000,0x00000007ba120000,0x00000007bca00000)
 ParOldGen       total 173056K, used 86245K [0x0000000702800000, 0x000000070d100000, 0x00000007ab800000)
  object space 173056K, 49% used [0x0000000702800000,0x0000000707c395a8,0x000000070d100000)
 PSPermGen       total 83968K, used 46620K [0x00000006fd600000, 0x0000000702800000, 0x0000000702800000)
  object space 83968K, 55% used [0x00000006fd600000,0x0000000700387110,0x0000000702800000)
}
Event: 473.257 GC heap before
{Heap before GC invocations=20 (full 2):
 PSYoungGen      total 237568K, used 5380K [0x00000007ab800000, 0x00000007bca00000, 0x0000000800000000)
  eden space 196864K, 2% used [0x00000007ab800000,0x00000007abd41018,0x00000007b7840000)
  from space 40704K, 0% used [0x00000007b7840000,0x00000007b7840000,0x00000007ba000000)
  to   space 41856K, 0% used [0x00000007ba120000,0x00000007ba120000,0x00000007bca00000)
 ParOldGen       total 173056K, used 86245K [0x0000000702800000, 0x000000070d100000, 0x00000007ab800000)
  object space 173056K, 49% used [0x0000000702800000,0x0000000707c395a8,0x000000070d100000)
 PSPermGen       total 83968K, used 46628K [0x00000006fd600000, 0x0000000702800000, 0x0000000702800000)
  object space 83968K, 55% used [0x00000006fd600000,0x00000007003891d8,0x0000000702800000)
Event: 473.259 GC heap after
Heap after GC invocations=20 (full 2):
 PSYoungGen      total 238208K, used 288K [0x00000007ab800000, 0x00000007bcb00000, 0x0000000800000000)
  eden space 196352K, 0% used [0x00000007ab800000,0x00000007ab800000,0x00000007b77c0000)
  from space 41856K, 0% used [0x00000007ba120000,0x00000007ba168000,0x00000007bca00000)
  to   space 42368K, 0% used [0x00000007b77c0000,0x00000007b77c0000,0x00000007ba120000)
 ParOldGen       total 173056K, used 86245K [0x0000000702800000, 0x000000070d100000, 0x00000007ab800000)
  object space 173056K, 49% used [0x0000000702800000,0x0000000707c395a8,0x000000070d100000)
 PSPermGen       total 83968K, used 46628K [0x00000006fd600000, 0x0000000702800000, 0x0000000702800000)
  object space 83968K, 55% used [0x00000006fd600000,0x00000007003891d8,0x0000000702800000)
}
Event: 473.259 GC heap before
{Heap before GC invocations=21 (full 3):
 PSYoungGen      total 238208K, used 288K [0x00000007ab800000, 0x00000007bcb00000, 0x0000000800000000)
  eden space 196352K, 0% used [0x00000007ab800000,0x00000007ab800000,0x00000007b77c0000)
  from space 41856K, 0% used [0x00000007ba120000,0x00000007ba168000,0x00000007bca00000)
  to   space 42368K, 0% used [0x00000007b77c0000,0x00000007b77c0000,0x00000007ba120000)
 ParOldGen       total 173056K, used 86245K [0x0000000702800000, 0x000000070d100000, 0x00000007ab800000)
  object space 173056K, 49% used [0x0000000702800000,0x0000000707c395a8,0x000000070d100000)
 PSPermGen       total 83968K, used 46628K [0x00000006fd600000, 0x0000000702800000, 0x0000000702800000)
  object space 83968K, 55% used [0x00000006fd600000,0x00000007003891d8,0x0000000702800000)
Event: 473.353 GC heap after
Heap after GC invocations=21 (full 3):
 PSYoungGen      total 238208K, used 0K [0x00000007ab800000, 0x00000007bcb00000, 0x0000000800000000)
  eden space 196352K, 0% used [0x00000007ab800000,0x00000007ab800000,0x00000007b77c0000)
  from space 41856K, 0% used [0x00000007ba120000,0x00000007ba120000,0x00000007bca00000)
  to   space 42368K, 0% used [0x00000007b77c0000,0x00000007b77c0000,0x00000007ba120000)
 ParOldGen       total 173056K, used 86172K [0x0000000702800000, 0x000000070d100000, 0x00000007ab800000)
  object space 173056K, 49% used [0x0000000702800000,0x0000000707c27058,0x000000070d100000)
 PSPermGen       total 83968K, used 46628K [0x00000006fd600000, 0x0000000702800000, 0x0000000702800000)
  object space 83968K, 55% used [0x00000006fd600000,0x00000007003891d8,0x0000000702800000)
}
Event: 533.258 GC heap before
{Heap before GC invocations=22 (full 3):
 PSYoungGen      total 238208K, used 5354K [0x00000007ab800000, 0x00000007bcb00000, 0x0000000800000000)
  eden space 196352K, 2% used [0x00000007ab800000,0x00000007abd3abe0,0x00000007b77c0000)
  from space 41856K, 0% used [0x00000007ba120000,0x00000007ba120000,0x00000007bca00000)
  to   space 42368K, 0% used [0x00000007b77c0000,0x00000007b77c0000,0x00000007ba120000)
 ParOldGen       total 173056K, used 86172K [0x0000000702800000, 0x000000070d100000, 0x00000007ab800000)
  object space 173056K, 49% used [0x0000000702800000,0x0000000707c27058,0x000000070d100000)
 PSPermGen       total 83968K, used 46629K [0x00000006fd600000, 0x0000000702800000, 0x0000000702800000)
  object space 83968K, 55% used [0x00000006fd600000,0x0000000700389448,0x0000000702800000)
Event: 533.261 GC heap after
Heap after GC invocations=22 (full 3):
 PSYoungGen      total 238720K, used 256K [0x00000007ab800000, 0x00000007bcb00000, 0x0000000800000000)
  eden space 196352K, 0% used [0x00000007ab800000,0x00000007ab800000,0x00000007b77c0000)
  from space 42368K, 0% used [0x00000007b77c0000,0x00000007b7800000,0x00000007ba120000)
  to   space 42368K, 0% used [0x00000007ba1a0000,0x00000007ba1a0000,0x00000007bcb00000)
 ParOldGen       total 173056K, used 86172K [0x0000000702800000, 0x000000070d100000, 0x00000007ab800000)
  object space 173056K, 49% used [0x0000000702800000,0x0000000707c27058,0x000000070d100000)
 PSPermGen       total 83968K, used 46629K [0x00000006fd600000, 0x0000000702800000, 0x0000000702800000)
  object space 83968K, 55% used [0x00000006fd600000,0x0000000700389448,0x0000000702800000)
}
Event: 533.261 GC heap before
{Heap before GC invocations=23 (full 4):
 PSYoungGen      total 238720K, used 256K [0x00000007ab800000, 0x00000007bcb00000, 0x0000000800000000)
  eden space 196352K, 0% used [0x00000007ab800000,0x00000007ab800000,0x00000007b77c0000)
  from space 42368K, 0% used [0x00000007b77c0000,0x00000007b7800000,0x00000007ba120000)
  to   space 42368K, 0% used [0x00000007ba1a0000,0x00000007ba1a0000,0x00000007bcb00000)
 ParOldGen       total 173056K, used 86172K [0x0000000702800000, 0x000000070d100000, 0x00000007ab800000)
  object space 173056K, 49% used [0x0000000702800000,0x0000000707c27058,0x000000070d100000)
 PSPermGen       total 83968K, used 46629K [0x00000006fd600000, 0x0000000702800000, 0x0000000702800000)
  object space 83968K, 55% used [0x00000006fd600000,0x0000000700389448,0x0000000702800000)
Event: 533.375 GC heap after
Heap after GC invocations=23 (full 4):
 PSYoungGen      total 238720K, used 0K [0x00000007ab800000, 0x00000007bcb00000, 0x0000000800000000)
  eden space 196352K, 0% used [0x00000007ab800000,0x00000007ab800000,0x00000007b77c0000)
  from space 42368K, 0% used [0x00000007b77c0000,0x00000007b77c0000,0x00000007ba120000)
  to   space 42368K, 0% used [0x00000007ba1a0000,0x00000007ba1a0000,0x00000007bcb00000)
 ParOldGen       total 173056K, used 86221K [0x0000000702800000, 0x000000070d100000, 0x00000007ab800000)
  object space 173056K, 49% used [0x0000000702800000,0x0000000707c33438,0x000000070d100000)
 PSPermGen       total 83968K, used 46629K [0x00000006fd600000, 0x0000000702800000, 0x0000000702800000)
  object space 83968K, 55% used [0x00000006fd600000,0x0000000700389448,0x0000000702800000)
}

