# JRE version: 7.0_25-b17
# Java VM: Java HotSpot(TM) 64-Bit Server VM (23.25-b01 mixed mode windows-amd64 compressed oops)
Heap
 PSYoungGen      total 152640K, used 8777K [0x00000007accb0000, 0x00000007b8530000, 0x0000000800000000)
  eden space 151808K, 5% used [0x00000007accb0000,0x00000007ad542518,0x00000007b60f0000)
  from space 832K, 0% used [0x00000007b60f0000,0x00000007b60f0000,0x00000007b61c0000)
  to   space 18560K, 0% used [0x00000007b7310000,0x00000007b7310000,0x00000007b8530000)
 ParOldGen       total 170368K, used 69682K [0x0000000706600000, 0x0000000710c60000, 0x00000007accb0000)
  object space 170368K, 40% used [0x0000000706600000,0x000000070aa0c898,0x0000000710c60000)
 PSPermGen       total 47744K, used 47350K [0x0000000701400000, 0x00000007042a0000, 0x0000000706600000)
  object space 47744K, 99% used [0x0000000701400000,0x000000070423d928,0x00000007042a0000)
GC Heap History (10 events):
Event: 3198.486 GC heap before
{Heap before GC invocations=119 (full 51):
 PSYoungGen      total 179456K, used 6264K [0x00000007accb0000, 0x00000007b8e70000, 0x0000000800000000)
  eden space 163200K, 0% used [0x00000007accb0000,0x00000007accb0000,0x00000007b6c10000)
  from space 16256K, 38% used [0x00000007b7e90000,0x00000007b84ae230,0x00000007b8e70000)
  to   space 17600K, 0% used [0x00000007b6c10000,0x00000007b6c10000,0x00000007b7d40000)
 ParOldGen       total 170368K, used 101759K [0x0000000706600000, 0x0000000710c60000, 0x00000007accb0000)
  object space 170368K, 59% used [0x0000000706600000,0x000000070c95ffd8,0x0000000710c60000)
 PSPermGen       total 47424K, used 47292K [0x0000000701400000, 0x0000000704250000, 0x0000000706600000)
  object space 47424K, 99% used [0x0000000701400000,0x000000070422f260,0x0000000704250000)
Event: 3198.578 GC heap after
Heap after GC invocations=119 (full 51):
 PSYoungGen      total 179456K, used 0K [0x00000007accb0000, 0x00000007b8e70000, 0x0000000800000000)
  eden space 163200K, 0% used [0x00000007accb0000,0x00000007accb0000,0x00000007b6c10000)
  from space 16256K, 0% used [0x00000007b7e90000,0x00000007b7e90000,0x00000007b8e70000)
  to   space 17600K, 0% used [0x00000007b6c10000,0x00000007b6c10000,0x00000007b7d40000)
 ParOldGen       total 170368K, used 69637K [0x0000000706600000, 0x0000000710c60000, 0x00000007accb0000)
  object space 170368K, 40% used [0x0000000706600000,0x000000070aa014d8,0x0000000710c60000)
 PSPermGen       total 47936K, used 47292K [0x0000000701400000, 0x00000007042d0000, 0x0000000706600000)
  object space 47936K, 98% used [0x0000000701400000,0x000000070422f0e0,0x00000007042d0000)
}
Event: 3213.816 GC heap before
{Heap before GC invocations=120 (full 51):
 PSYoungGen      total 179456K, used 163200K [0x00000007accb0000, 0x00000007b8e70000, 0x0000000800000000)
  eden space 163200K, 100% used [0x00000007accb0000,0x00000007b6c10000,0x00000007b6c10000)
  from space 16256K, 0% used [0x00000007b7e90000,0x00000007b7e90000,0x00000007b8e70000)
  to   space 17600K, 0% used [0x00000007b6c10000,0x00000007b6c10000,0x00000007b7d40000)
 ParOldGen       total 170368K, used 69637K [0x0000000706600000, 0x0000000710c60000, 0x00000007accb0000)
  object space 170368K, 40% used [0x0000000706600000,0x000000070aa014d8,0x0000000710c60000)
 PSPermGen       total 47936K, used 47298K [0x0000000701400000, 0x00000007042d0000, 0x0000000706600000)
  object space 47936K, 98% used [0x0000000701400000,0x0000000704230b60,0x00000007042d0000)
Event: 3213.819 GC heap after
Heap after GC invocations=120 (full 51):
 PSYoungGen      total 168704K, used 11326K [0x00000007accb0000, 0x00000007b8a60000, 0x0000000800000000)
  eden space 157376K, 0% used [0x00000007accb0000,0x00000007accb0000,0x00000007b6660000)
  from space 11328K, 99% used [0x00000007b6c10000,0x00000007b771fbb8,0x00000007b7720000)
  to   space 18432K, 0% used [0x00000007b7860000,0x00000007b7860000,0x00000007b8a60000)
 ParOldGen       total 170368K, used 69637K [0x0000000706600000, 0x0000000710c60000, 0x00000007accb0000)
  object space 170368K, 40% used [0x0000000706600000,0x000000070aa014d8,0x0000000710c60000)
 PSPermGen       total 47936K, used 47298K [0x0000000701400000, 0x00000007042d0000, 0x0000000706600000)
  object space 47936K, 98% used [0x0000000701400000,0x0000000704230b60,0x00000007042d0000)
}
Event: 3215.186 GC heap before
{Heap before GC invocations=121 (full 51):
 PSYoungGen      total 168704K, used 168694K [0x00000007accb0000, 0x00000007b8a60000, 0x0000000800000000)
  eden space 157376K, 99% used [0x00000007accb0000,0x00000007b665dea0,0x00000007b6660000)
  from space 11328K, 99% used [0x00000007b6c10000,0x00000007b771fbb8,0x00000007b7720000)
  to   space 18432K, 0% used [0x00000007b7860000,0x00000007b7860000,0x00000007b8a60000)
 ParOldGen       total 170368K, used 69637K [0x0000000706600000, 0x0000000710c60000, 0x00000007accb0000)
  object space 170368K, 40% used [0x0000000706600000,0x000000070aa014d8,0x0000000710c60000)
 PSPermGen       total 47936K, used 47305K [0x0000000701400000, 0x00000007042d0000, 0x0000000706600000)
  object space 47936K, 98% used [0x0000000701400000,0x0000000704232530,0x00000007042d0000)
Event: 3215.189 GC heap after
Heap after GC invocations=121 (full 51):
 PSYoungGen      total 165184K, used 10390K [0x00000007accb0000, 0x00000007b8570000, 0x0000000800000000)
  eden space 151808K, 0% used [0x00000007accb0000,0x00000007accb0000,0x00000007b60f0000)
  from space 13376K, 77% used [0x00000007b7860000,0x00000007b8285be8,0x00000007b8570000)
  to   space 18688K, 0% used [0x00000007b60f0000,0x00000007b60f0000,0x00000007b7330000)
 ParOldGen       total 170368K, used 70197K [0x0000000706600000, 0x0000000710c60000, 0x00000007accb0000)
  object space 170368K, 41% used [0x0000000706600000,0x000000070aa8d4d8,0x0000000710c60000)
 PSPermGen       total 47936K, used 47305K [0x0000000701400000, 0x00000007042d0000, 0x0000000706600000)
  object space 47936K, 98% used [0x0000000701400000,0x0000000704232530,0x00000007042d0000)
}
Event: 3259.202 GC heap before
{Heap before GC invocations=122 (full 51):
 PSYoungGen      total 165184K, used 104167K [0x00000007accb0000, 0x00000007b8570000, 0x0000000800000000)
  eden space 151808K, 61% used [0x00000007accb0000,0x00000007b2844200,0x00000007b60f0000)
  from space 13376K, 77% used [0x00000007b7860000,0x00000007b8285be8,0x00000007b8570000)
  to   space 18688K, 0% used [0x00000007b60f0000,0x00000007b60f0000,0x00000007b7330000)
 ParOldGen       total 170368K, used 70197K [0x0000000706600000, 0x0000000710c60000, 0x00000007accb0000)
  object space 170368K, 41% used [0x0000000706600000,0x000000070aa8d4d8,0x0000000710c60000)
 PSPermGen       total 47936K, used 47348K [0x0000000701400000, 0x00000007042d0000, 0x0000000706600000)
  object space 47936K, 98% used [0x0000000701400000,0x000000070423d200,0x00000007042d0000)
Event: 3259.205 GC heap after
Heap after GC invocations=122 (full 51):
 PSYoungGen      total 152640K, used 817K [0x00000007accb0000, 0x00000007b8530000, 0x0000000800000000)
  eden space 151808K, 0% used [0x00000007accb0000,0x00000007accb0000,0x00000007b60f0000)
  from space 832K, 98% used [0x00000007b60f0000,0x00000007b61bc4e0,0x00000007b61c0000)
  to   space 18560K, 0% used [0x00000007b7310000,0x00000007b7310000,0x00000007b8530000)
 ParOldGen       total 170368K, used 80116K [0x0000000706600000, 0x0000000710c60000, 0x00000007accb0000)
  object space 170368K, 47% used [0x0000000706600000,0x000000070b43d2f0,0x0000000710c60000)
 PSPermGen       total 47936K, used 47348K [0x0000000701400000, 0x00000007042d0000, 0x0000000706600000)
  object space 47936K, 98% used [0x0000000701400000,0x000000070423d200,0x00000007042d0000)
}
Event: 3259.205 GC heap before
{Heap before GC invocations=123 (full 52):
 PSYoungGen      total 152640K, used 817K [0x00000007accb0000, 0x00000007b8530000, 0x0000000800000000)
  eden space 151808K, 0% used [0x00000007accb0000,0x00000007accb0000,0x00000007b60f0000)
  from space 832K, 98% used [0x00000007b60f0000,0x00000007b61bc4e0,0x00000007b61c0000)
  to   space 18560K, 0% used [0x00000007b7310000,0x00000007b7310000,0x00000007b8530000)
 ParOldGen       total 170368K, used 80116K [0x0000000706600000, 0x0000000710c60000, 0x00000007accb0000)
  object space 170368K, 47% used [0x0000000706600000,0x000000070b43d2f0,0x0000000710c60000)
 PSPermGen       total 47936K, used 47348K [0x0000000701400000, 0x00000007042d0000, 0x0000000706600000)
  object space 47936K, 98% used [0x0000000701400000,0x000000070423d200,0x00000007042d0000)
Event: 3259.285 GC heap after
Heap after GC invocations=123 (full 52):
 PSYoungGen      total 152640K, used 0K [0x00000007accb0000, 0x00000007b8530000, 0x0000000800000000)
  eden space 151808K, 0% used [0x00000007accb0000,0x00000007accb0000,0x00000007b60f0000)
  from space 832K, 0% used [0x00000007b60f0000,0x00000007b60f0000,0x00000007b61c0000)
  to   space 18560K, 0% used [0x00000007b7310000,0x00000007b7310000,0x00000007b8530000)
 ParOldGen       total 170368K, used 69682K [0x0000000706600000, 0x0000000710c60000, 0x00000007accb0000)
  object space 170368K, 40% used [0x0000000706600000,0x000000070aa0c898,0x0000000710c60000)
 PSPermGen       total 47744K, used 47347K [0x0000000701400000, 0x00000007042a0000, 0x0000000706600000)
  object space 47744K, 99% used [0x0000000701400000,0x000000070423cf40,0x00000007042a0000)
}

