# JRE version: 7.0_25-b17
# Java VM: Java HotSpot(TM) 64-Bit Server VM (23.25-b01 mixed mode windows-amd64 compressed oops)
Heap
 PSYoungGen      total 87872K, used 31629K [0x00000007ab800000, 0x00000007b2980000, 0x0000000800000000)
  eden space 87808K, 36% used [0x00000007ab800000,0x00000007ad6e3430,0x00000007b0dc0000)
  from space 64K, 0% used [0x00000007b0dc0000,0x00000007b0dc0000,0x00000007b0dd0000)
  to   space 14208K, 0% used [0x00000007b1ba0000,0x00000007b1ba0000,0x00000007b2980000)
 ParOldGen       total 184192K, used 88385K [0x0000000702800000, 0x000000070dbe0000, 0x00000007ab800000)
  object space 184192K, 47% used [0x0000000702800000,0x0000000707e50608,0x000000070dbe0000)
 PSPermGen       total 62848K, used 47417K [0x00000006fd600000, 0x0000000701360000, 0x0000000702800000)
  object space 62848K, 75% used [0x00000006fd600000,0x000000070044e460,0x0000000701360000)
GC Heap History (10 events):
Event: 764.678 GC heap before
{Heap before GC invocations=64 (full 12):
 PSYoungGen      total 98624K, used 82529K [0x00000007ab800000, 0x00000007b34a0000, 0x0000000800000000)
  eden space 81344K, 98% used [0x00000007ab800000,0x00000007b05e0740,0x00000007b0770000)
  from space 17280K, 16% used [0x00000007b0770000,0x00000007b0a27e20,0x00000007b1850000)
  to   space 16320K, 0% used [0x00000007b24b0000,0x00000007b24b0000,0x00000007b34a0000)
 ParOldGen       total 184192K, used 88478K [0x0000000702800000, 0x000000070dbe0000, 0x00000007ab800000)
  object space 184192K, 48% used [0x0000000702800000,0x0000000707e67818,0x000000070dbe0000)
 PSPermGen       total 65472K, used 47366K [0x00000006fd600000, 0x00000007015f0000, 0x0000000702800000)
  object space 65472K, 72% used [0x00000006fd600000,0x0000000700441968,0x00000007015f0000)
Event: 764.681 GC heap after
Heap after GC invocations=64 (full 12):
 PSYoungGen      total 106048K, used 5300K [0x00000007ab800000, 0x00000007b3140000, 0x0000000800000000)
  eden space 93184K, 0% used [0x00000007ab800000,0x00000007ab800000,0x00000007b1300000)
  from space 12864K, 41% used [0x00000007b24b0000,0x00000007b29dd150,0x00000007b3140000)
  to   space 15488K, 0% used [0x00000007b1300000,0x00000007b1300000,0x00000007b2220000)
 ParOldGen       total 184192K, used 91188K [0x0000000702800000, 0x000000070dbe0000, 0x00000007ab800000)
  object space 184192K, 49% used [0x0000000702800000,0x000000070810d380,0x000000070dbe0000)
 PSPermGen       total 65472K, used 47366K [0x00000006fd600000, 0x00000007015f0000, 0x0000000702800000)
  object space 65472K, 72% used [0x00000006fd600000,0x0000000700441968,0x00000007015f0000)
}
Event: 765.225 GC heap before
{Heap before GC invocations=65 (full 12):
 PSYoungGen      total 106048K, used 98484K [0x00000007ab800000, 0x00000007b3140000, 0x0000000800000000)
  eden space 93184K, 100% used [0x00000007ab800000,0x00000007b1300000,0x00000007b1300000)
  from space 12864K, 41% used [0x00000007b24b0000,0x00000007b29dd150,0x00000007b3140000)
  to   space 15488K, 0% used [0x00000007b1300000,0x00000007b1300000,0x00000007b2220000)
 ParOldGen       total 184192K, used 91188K [0x0000000702800000, 0x000000070dbe0000, 0x00000007ab800000)
  object space 184192K, 49% used [0x0000000702800000,0x000000070810d380,0x000000070dbe0000)
 PSPermGen       total 65472K, used 47366K [0x00000006fd600000, 0x00000007015f0000, 0x0000000702800000)
  object space 65472K, 72% used [0x00000006fd600000,0x0000000700441968,0x00000007015f0000)
Event: 765.228 GC heap after
Heap after GC invocations=65 (full 12):
 PSYoungGen      total 97600K, used 7106K [0x00000007ab800000, 0x00000007b2e50000, 0x0000000800000000)
  eden space 90432K, 0% used [0x00000007ab800000,0x00000007ab800000,0x00000007b1050000)
  from space 7168K, 99% used [0x00000007b1300000,0x00000007b19f0b10,0x00000007b1a00000)
  to   space 15360K, 0% used [0x00000007b1f50000,0x00000007b1f50000,0x00000007b2e50000)
 ParOldGen       total 184192K, used 96378K [0x0000000702800000, 0x000000070dbe0000, 0x00000007ab800000)
  object space 184192K, 52% used [0x0000000702800000,0x000000070861e950,0x000000070dbe0000)
 PSPermGen       total 65472K, used 47366K [0x00000006fd600000, 0x00000007015f0000, 0x0000000702800000)
  object space 65472K, 72% used [0x00000006fd600000,0x0000000700441968,0x00000007015f0000)
}
Event: 768.926 GC heap before
{Heap before GC invocations=66 (full 12):
 PSYoungGen      total 97600K, used 97538K [0x00000007ab800000, 0x00000007b2e50000, 0x0000000800000000)
  eden space 90432K, 100% used [0x00000007ab800000,0x00000007b1050000,0x00000007b1050000)
  from space 7168K, 99% used [0x00000007b1300000,0x00000007b19f0b10,0x00000007b1a00000)
  to   space 15360K, 0% used [0x00000007b1f50000,0x00000007b1f50000,0x00000007b2e50000)
 ParOldGen       total 184192K, used 96378K [0x0000000702800000, 0x000000070dbe0000, 0x00000007ab800000)
  object space 184192K, 52% used [0x0000000702800000,0x000000070861e950,0x000000070dbe0000)
 PSPermGen       total 65472K, used 47371K [0x00000006fd600000, 0x00000007015f0000, 0x0000000702800000)
  object space 65472K, 72% used [0x00000006fd600000,0x0000000700442d40,0x00000007015f0000)
Event: 768.928 GC heap after
Heap after GC invocations=66 (full 12):
 PSYoungGen      total 98624K, used 4230K [0x00000007ab800000, 0x00000007b29e0000, 0x0000000800000000)
  eden space 87808K, 0% used [0x00000007ab800000,0x00000007ab800000,0x00000007b0dc0000)
  from space 10816K, 39% used [0x00000007b1f50000,0x00000007b2371b88,0x00000007b29e0000)
  to   space 14400K, 0% used [0x00000007b0dc0000,0x00000007b0dc0000,0x00000007b1bd0000)
 ParOldGen       total 184192K, used 103379K [0x0000000702800000, 0x000000070dbe0000, 0x00000007ab800000)
  object space 184192K, 56% used [0x0000000702800000,0x0000000708cf4d30,0x000000070dbe0000)
 PSPermGen       total 65472K, used 47371K [0x00000006fd600000, 0x00000007015f0000, 0x0000000702800000)
  object space 65472K, 72% used [0x00000006fd600000,0x0000000700442d40,0x00000007015f0000)
}
Event: 771.135 GC heap before
{Heap before GC invocations=67 (full 12):
 PSYoungGen      total 98624K, used 20715K [0x00000007ab800000, 0x00000007b29e0000, 0x0000000800000000)
  eden space 87808K, 18% used [0x00000007ab800000,0x00000007ac8190a8,0x00000007b0dc0000)
  from space 10816K, 39% used [0x00000007b1f50000,0x00000007b2371b88,0x00000007b29e0000)
  to   space 14400K, 0% used [0x00000007b0dc0000,0x00000007b0dc0000,0x00000007b1bd0000)
 ParOldGen       total 184192K, used 103379K [0x0000000702800000, 0x000000070dbe0000, 0x00000007ab800000)
  object space 184192K, 56% used [0x0000000702800000,0x0000000708cf4d30,0x000000070dbe0000)
 PSPermGen       total 65472K, used 47371K [0x00000006fd600000, 0x00000007015f0000, 0x0000000702800000)
  object space 65472K, 72% used [0x00000006fd600000,0x0000000700442d40,0x00000007015f0000)
Event: 771.138 GC heap after
Heap after GC invocations=67 (full 12):
 PSYoungGen      total 87872K, used 32K [0x00000007ab800000, 0x00000007b2980000, 0x0000000800000000)
  eden space 87808K, 0% used [0x00000007ab800000,0x00000007ab800000,0x00000007b0dc0000)
  from space 64K, 50% used [0x00000007b0dc0000,0x00000007b0dc8000,0x00000007b0dd0000)
  to   space 14208K, 0% used [0x00000007b1ba0000,0x00000007b1ba0000,0x00000007b2980000)
 ParOldGen       total 184192K, used 107322K [0x0000000702800000, 0x000000070dbe0000, 0x00000007ab800000)
  object space 184192K, 58% used [0x0000000702800000,0x00000007090ce808,0x000000070dbe0000)
 PSPermGen       total 65472K, used 47371K [0x00000006fd600000, 0x00000007015f0000, 0x0000000702800000)
  object space 65472K, 72% used [0x00000006fd600000,0x0000000700442d40,0x00000007015f0000)
}
Event: 771.138 GC heap before
{Heap before GC invocations=68 (full 13):
 PSYoungGen      total 87872K, used 32K [0x00000007ab800000, 0x00000007b2980000, 0x0000000800000000)
  eden space 87808K, 0% used [0x00000007ab800000,0x00000007ab800000,0x00000007b0dc0000)
  from space 64K, 50% used [0x00000007b0dc0000,0x00000007b0dc8000,0x00000007b0dd0000)
  to   space 14208K, 0% used [0x00000007b1ba0000,0x00000007b1ba0000,0x00000007b2980000)
 ParOldGen       total 184192K, used 107322K [0x0000000702800000, 0x000000070dbe0000, 0x00000007ab800000)
  object space 184192K, 58% used [0x0000000702800000,0x00000007090ce808,0x000000070dbe0000)
 PSPermGen       total 65472K, used 47371K [0x00000006fd600000, 0x00000007015f0000, 0x0000000702800000)
  object space 65472K, 72% used [0x00000006fd600000,0x0000000700442d40,0x00000007015f0000)
Event: 771.261 GC heap after
Heap after GC invocations=68 (full 13):
 PSYoungGen      total 87872K, used 0K [0x00000007ab800000, 0x00000007b2980000, 0x0000000800000000)
  eden space 87808K, 0% used [0x00000007ab800000,0x00000007ab800000,0x00000007b0dc0000)
  from space 64K, 0% used [0x00000007b0dc0000,0x00000007b0dc0000,0x00000007b0dd0000)
  to   space 14208K, 0% used [0x00000007b1ba0000,0x00000007b1ba0000,0x00000007b2980000)
 ParOldGen       total 184192K, used 88385K [0x0000000702800000, 0x000000070dbe0000, 0x00000007ab800000)
  object space 184192K, 47% used [0x0000000702800000,0x0000000707e50608,0x000000070dbe0000)
 PSPermGen       total 62848K, used 47370K [0x00000006fd600000, 0x0000000701360000, 0x0000000702800000)
  object space 62848K, 75% used [0x00000006fd600000,0x0000000700442a00,0x0000000701360000)
}

