# JRE version: 7.0_25-b17
# Java VM: Java HotSpot(TM) 64-Bit Server VM (23.25-b01 mixed mode windows-amd64 compressed oops)
Heap
 PSYoungGen      total 1092544K, used 149071K [0x00000007ab800000, 0x00000007f1e00000, 0x0000000800000000)
  eden space 1039360K, 14% used [0x00000007ab800000,0x00000007b4993c80,0x00000007eaf00000)
  from space 53184K, 0% used [0x00000007eea10000,0x00000007eea10000,0x00000007f1e00000)
  to   space 56832K, 0% used [0x00000007eaf00000,0x00000007eaf00000,0x00000007ee680000)
 ParOldGen       total 173056K, used 87547K [0x0000000702800000, 0x000000070d100000, 0x00000007ab800000)
  object space 173056K, 50% used [0x0000000702800000,0x0000000707d7ecc8,0x000000070d100000)
 PSPermGen       total 72128K, used 47545K [0x00000006fd600000, 0x0000000701c70000, 0x0000000702800000)
  object space 72128K, 65% used [0x00000006fd600000,0x000000070046e678,0x0000000701c70000)
GC Heap History (10 events):
Event: 523.294 GC heap before
{Heap before GC invocations=24 (full 8):
 PSYoungGen      total 1100096K, used 404K [0x00000007ab800000, 0x00000007f2840000, 0x0000000800000000)
  eden space 1039360K, 0% used [0x00000007ab800000,0x00000007ab800000,0x00000007eaf00000)
  from space 60736K, 0% used [0x00000007eecf0000,0x00000007eed55190,0x00000007f2840000)
  to   space 62080K, 0% used [0x00000007eaf00000,0x00000007eaf00000,0x00000007eeba0000)
 ParOldGen       total 173056K, used 88823K [0x0000000702800000, 0x000000070d100000, 0x00000007ab800000)
  object space 173056K, 51% used [0x0000000702800000,0x0000000707ebdef0,0x000000070d100000)
 PSPermGen       total 47552K, used 47366K [0x00000006fd600000, 0x0000000700470000, 0x0000000702800000)
  object space 47552K, 99% used [0x00000006fd600000,0x00000007004418c0,0x0000000700470000)
Event: 523.466 GC heap after
Heap after GC invocations=24 (full 8):
 PSYoungGen      total 1100096K, used 0K [0x00000007ab800000, 0x00000007f2840000, 0x0000000800000000)
  eden space 1039360K, 0% used [0x00000007ab800000,0x00000007ab800000,0x00000007eaf00000)
  from space 60736K, 0% used [0x00000007eecf0000,0x00000007eecf0000,0x00000007f2840000)
  to   space 62080K, 0% used [0x00000007eaf00000,0x00000007eaf00000,0x00000007eeba0000)
 ParOldGen       total 173056K, used 88747K [0x0000000702800000, 0x000000070d100000, 0x00000007ab800000)
  object space 173056K, 51% used [0x0000000702800000,0x0000000707eaaea8,0x000000070d100000)
 PSPermGen       total 79936K, used 47366K [0x00000006fd600000, 0x0000000702410000, 0x0000000702800000)
  object space 79936K, 59% used [0x00000006fd600000,0x00000007004418c0,0x0000000702410000)
}
Event: 583.288 GC heap before
{Heap before GC invocations=25 (full 8):
 PSYoungGen      total 1100096K, used 28815K [0x00000007ab800000, 0x00000007f2840000, 0x0000000800000000)
  eden space 1039360K, 2% used [0x00000007ab800000,0x00000007ad423f58,0x00000007eaf00000)
  from space 60736K, 0% used [0x00000007eecf0000,0x00000007eecf0000,0x00000007f2840000)
  to   space 62080K, 0% used [0x00000007eaf00000,0x00000007eaf00000,0x00000007eeba0000)
 ParOldGen       total 173056K, used 88747K [0x0000000702800000, 0x000000070d100000, 0x00000007ab800000)
  object space 173056K, 51% used [0x0000000702800000,0x0000000707eaaea8,0x000000070d100000)
 PSPermGen       total 79936K, used 47366K [0x00000006fd600000, 0x0000000702410000, 0x0000000702800000)
  object space 79936K, 59% used [0x00000006fd600000,0x00000007004418c0,0x0000000702410000)
Event: 583.296 GC heap after
Heap after GC invocations=25 (full 8):
 PSYoungGen      total 1039552K, used 160K [0x00000007ab800000, 0x00000007f2520000, 0x0000000800000000)
  eden space 1039360K, 0% used [0x00000007ab800000,0x00000007ab800000,0x00000007eaf00000)
  from space 192K, 83% used [0x00000007eaf00000,0x00000007eaf28000,0x00000007eaf30000)
  to   space 60480K, 0% used [0x00000007eea10000,0x00000007eea10000,0x00000007f2520000)
 ParOldGen       total 173056K, used 88747K [0x0000000702800000, 0x000000070d100000, 0x00000007ab800000)
  object space 173056K, 51% used [0x0000000702800000,0x0000000707eaaea8,0x000000070d100000)
 PSPermGen       total 79936K, used 47366K [0x00000006fd600000, 0x0000000702410000, 0x0000000702800000)
  object space 79936K, 59% used [0x00000006fd600000,0x00000007004418c0,0x0000000702410000)
}
Event: 583.296 GC heap before
{Heap before GC invocations=26 (full 9):
 PSYoungGen      total 1039552K, used 160K [0x00000007ab800000, 0x00000007f2520000, 0x0000000800000000)
  eden space 1039360K, 0% used [0x00000007ab800000,0x00000007ab800000,0x00000007eaf00000)
  from space 192K, 83% used [0x00000007eaf00000,0x00000007eaf28000,0x00000007eaf30000)
  to   space 60480K, 0% used [0x00000007eea10000,0x00000007eea10000,0x00000007f2520000)
 ParOldGen       total 173056K, used 88747K [0x0000000702800000, 0x000000070d100000, 0x00000007ab800000)
  object space 173056K, 51% used [0x0000000702800000,0x0000000707eaaea8,0x000000070d100000)
 PSPermGen       total 79936K, used 47366K [0x00000006fd600000, 0x0000000702410000, 0x0000000702800000)
  object space 79936K, 59% used [0x00000006fd600000,0x00000007004418c0,0x0000000702410000)
Event: 583.418 GC heap after
Heap after GC invocations=26 (full 9):
 PSYoungGen      total 1039552K, used 0K [0x00000007ab800000, 0x00000007f2520000, 0x0000000800000000)
  eden space 1039360K, 0% used [0x00000007ab800000,0x00000007ab800000,0x00000007eaf00000)
  from space 192K, 0% used [0x00000007eaf00000,0x00000007eaf00000,0x00000007eaf30000)
  to   space 60480K, 0% used [0x00000007eea10000,0x00000007eea10000,0x00000007f2520000)
 ParOldGen       total 173056K, used 88745K [0x0000000702800000, 0x000000070d100000, 0x00000007ab800000)
  object space 173056K, 51% used [0x0000000702800000,0x0000000707eaa448,0x000000070d100000)
 PSPermGen       total 75840K, used 47366K [0x00000006fd600000, 0x0000000702010000, 0x0000000702800000)
  object space 75840K, 62% used [0x00000006fd600000,0x00000007004418c0,0x0000000702010000)
}
Event: 666.249 GC heap before
{Heap before GC invocations=27 (full 9):
 PSYoungGen      total 1039552K, used 880337K [0x00000007ab800000, 0x00000007f2520000, 0x0000000800000000)
  eden space 1039360K, 84% used [0x00000007ab800000,0x00000007e13b4680,0x00000007eaf00000)
  from space 192K, 0% used [0x00000007eaf00000,0x00000007eaf00000,0x00000007eaf30000)
  to   space 60480K, 0% used [0x00000007eea10000,0x00000007eea10000,0x00000007f2520000)
 ParOldGen       total 173056K, used 88745K [0x0000000702800000, 0x000000070d100000, 0x00000007ab800000)
  object space 173056K, 51% used [0x0000000702800000,0x0000000707eaa448,0x000000070d100000)
 PSPermGen       total 75840K, used 47489K [0x00000006fd600000, 0x0000000702010000, 0x0000000702800000)
  object space 75840K, 62% used [0x00000006fd600000,0x00000007004606e0,0x0000000702010000)
Event: 666.260 GC heap after
Heap after GC invocations=27 (full 9):
 PSYoungGen      total 1092544K, used 17747K [0x00000007ab800000, 0x00000007f1e00000, 0x0000000800000000)
  eden space 1039360K, 0% used [0x00000007ab800000,0x00000007ab800000,0x00000007eaf00000)
  from space 53184K, 33% used [0x00000007eea10000,0x00000007efb64de0,0x00000007f1e00000)
  to   space 56832K, 0% used [0x00000007eaf00000,0x00000007eaf00000,0x00000007ee680000)
 ParOldGen       total 173056K, used 88745K [0x0000000702800000, 0x000000070d100000, 0x00000007ab800000)
  object space 173056K, 51% used [0x0000000702800000,0x0000000707eaa448,0x000000070d100000)
 PSPermGen       total 75840K, used 47489K [0x00000006fd600000, 0x0000000702010000, 0x0000000702800000)
  object space 75840K, 62% used [0x00000006fd600000,0x00000007004606e0,0x0000000702010000)
}
Event: 666.260 GC heap before
{Heap before GC invocations=28 (full 10):
 PSYoungGen      total 1092544K, used 17747K [0x00000007ab800000, 0x00000007f1e00000, 0x0000000800000000)
  eden space 1039360K, 0% used [0x00000007ab800000,0x00000007ab800000,0x00000007eaf00000)
  from space 53184K, 33% used [0x00000007eea10000,0x00000007efb64de0,0x00000007f1e00000)
  to   space 56832K, 0% used [0x00000007eaf00000,0x00000007eaf00000,0x00000007ee680000)
 ParOldGen       total 173056K, used 88745K [0x0000000702800000, 0x000000070d100000, 0x00000007ab800000)
  object space 173056K, 51% used [0x0000000702800000,0x0000000707eaa448,0x000000070d100000)
 PSPermGen       total 75840K, used 47489K [0x00000006fd600000, 0x0000000702010000, 0x0000000702800000)
  object space 75840K, 62% used [0x00000006fd600000,0x00000007004606e0,0x0000000702010000)
Event: 666.401 GC heap after
Heap after GC invocations=28 (full 10):
 PSYoungGen      total 1092544K, used 0K [0x00000007ab800000, 0x00000007f1e00000, 0x0000000800000000)
  eden space 1039360K, 0% used [0x00000007ab800000,0x00000007ab800000,0x00000007eaf00000)
  from space 53184K, 0% used [0x00000007eea10000,0x00000007eea10000,0x00000007f1e00000)
  to   space 56832K, 0% used [0x00000007eaf00000,0x00000007eaf00000,0x00000007ee680000)
 ParOldGen       total 173056K, used 87547K [0x0000000702800000, 0x000000070d100000, 0x00000007ab800000)
  object space 173056K, 50% used [0x0000000702800000,0x0000000707d7ecc8,0x000000070d100000)
 PSPermGen       total 72128K, used 47489K [0x00000006fd600000, 0x0000000701c70000, 0x0000000702800000)
  object space 72128K, 65% used [0x00000006fd600000,0x0000000700460440,0x0000000701c70000)
}

