# JRE version: 7.0_25-b17
# Java VM: Java HotSpot(TM) 64-Bit Server VM (23.25-b01 mixed mode windows-amd64 compressed oops)
Heap
 PSYoungGen      total 744128K, used 500618K [0x00000007accb0000, 0x00000007daf40000, 0x0000000800000000)
  eden space 742592K, 67% used [0x00000007accb0000,0x00000007cb592b08,0x00000007da1e0000)
  from space 1536K, 0% used [0x00000007da1e0000,0x00000007da1e0000,0x00000007da360000)
  to   space 6848K, 0% used [0x00000007da890000,0x00000007da890000,0x00000007daf40000)
 ParOldGen       total 170368K, used 87748K [0x0000000706600000, 0x0000000710c60000, 0x00000007accb0000)
  object space 170368K, 51% used [0x0000000706600000,0x000000070bbb12b0,0x0000000710c60000)
 PSPermGen       total 48896K, used 48314K [0x0000000701400000, 0x00000007043c0000, 0x0000000706600000)
  object space 48896K, 98% used [0x0000000701400000,0x000000070432e8f0,0x00000007043c0000)
GC Heap History (10 events):
Event: 4510.449 GC heap before
{Heap before GC invocations=156 (full 73):
 PSYoungGen      total 742656K, used 64K [0x00000007accb0000, 0x00000007da4e0000, 0x0000000800000000)
  eden space 742592K, 0% used [0x00000007accb0000,0x00000007accb0000,0x00000007da1e0000)
  from space 64K, 100% used [0x00000007da1e0000,0x00000007da1f0000,0x00000007da1f0000)
  to   space 1536K, 0% used [0x00000007da360000,0x00000007da360000,0x00000007da4e0000)
 ParOldGen       total 170368K, used 88479K [0x0000000706600000, 0x0000000710c60000, 0x00000007accb0000)
  object space 170368K, 51% used [0x0000000706600000,0x000000070bc67f68,0x0000000710c60000)
 PSPermGen       total 48512K, used 48192K [0x0000000701400000, 0x0000000704360000, 0x0000000706600000)
  object space 48512K, 99% used [0x0000000701400000,0x00000007043101f8,0x0000000704360000)
Event: 4510.504 GC heap after
Heap after GC invocations=156 (full 73):
 PSYoungGen      total 742656K, used 0K [0x00000007accb0000, 0x00000007da4e0000, 0x0000000800000000)
  eden space 742592K, 0% used [0x00000007accb0000,0x00000007accb0000,0x00000007da1e0000)
  from space 64K, 0% used [0x00000007da1e0000,0x00000007da1e0000,0x00000007da1f0000)
  to   space 1536K, 0% used [0x00000007da360000,0x00000007da360000,0x00000007da4e0000)
 ParOldGen       total 170368K, used 88479K [0x0000000706600000, 0x0000000710c60000, 0x00000007accb0000)
  object space 170368K, 51% used [0x0000000706600000,0x000000070bc67f68,0x0000000710c60000)
 PSPermGen       total 48512K, used 48192K [0x0000000701400000, 0x0000000704360000, 0x0000000706600000)
  object space 48512K, 99% used [0x0000000701400000,0x00000007043101f8,0x0000000704360000)
}
Event: 4575.481 GC heap before
{Heap before GC invocations=157 (full 73):
 PSYoungGen      total 742656K, used 539150K [0x00000007accb0000, 0x00000007da4e0000, 0x0000000800000000)
  eden space 742592K, 72% used [0x00000007accb0000,0x00000007cdb33890,0x00000007da1e0000)
  from space 64K, 0% used [0x00000007da1e0000,0x00000007da1e0000,0x00000007da1f0000)
  to   space 1536K, 0% used [0x00000007da360000,0x00000007da360000,0x00000007da4e0000)
 ParOldGen       total 170368K, used 88479K [0x0000000706600000, 0x0000000710c60000, 0x00000007accb0000)
  object space 170368K, 51% used [0x0000000706600000,0x000000070bc67f68,0x0000000710c60000)
 PSPermGen       total 48512K, used 48259K [0x0000000701400000, 0x0000000704360000, 0x0000000706600000)
  object space 48512K, 99% used [0x0000000701400000,0x0000000704320c28,0x0000000704360000)
Event: 4575.483 GC heap after
Heap after GC invocations=157 (full 73):
 PSYoungGen      total 744128K, used 576K [0x00000007accb0000, 0x00000007da4e0000, 0x0000000800000000)
  eden space 742592K, 0% used [0x00000007accb0000,0x00000007accb0000,0x00000007da1e0000)
  from space 1536K, 37% used [0x00000007da360000,0x00000007da3f0000,0x00000007da4e0000)
  to   space 1536K, 0% used [0x00000007da1e0000,0x00000007da1e0000,0x00000007da360000)
 ParOldGen       total 170368K, used 88479K [0x0000000706600000, 0x0000000710c60000, 0x00000007accb0000)
  object space 170368K, 51% used [0x0000000706600000,0x000000070bc67f68,0x0000000710c60000)
 PSPermGen       total 48512K, used 48259K [0x0000000701400000, 0x0000000704360000, 0x0000000706600000)
  object space 48512K, 99% used [0x0000000701400000,0x0000000704320c28,0x0000000704360000)
}
Event: 4575.483 GC heap before
{Heap before GC invocations=158 (full 74):
 PSYoungGen      total 744128K, used 576K [0x00000007accb0000, 0x00000007da4e0000, 0x0000000800000000)
  eden space 742592K, 0% used [0x00000007accb0000,0x00000007accb0000,0x00000007da1e0000)
  from space 1536K, 37% used [0x00000007da360000,0x00000007da3f0000,0x00000007da4e0000)
  to   space 1536K, 0% used [0x00000007da1e0000,0x00000007da1e0000,0x00000007da360000)
 ParOldGen       total 170368K, used 88479K [0x0000000706600000, 0x0000000710c60000, 0x00000007accb0000)
  object space 170368K, 51% used [0x0000000706600000,0x000000070bc67f68,0x0000000710c60000)
 PSPermGen       total 48512K, used 48259K [0x0000000701400000, 0x0000000704360000, 0x0000000706600000)
  object space 48512K, 99% used [0x0000000701400000,0x0000000704320c28,0x0000000704360000)
Event: 4575.563 GC heap after
Heap after GC invocations=158 (full 74):
 PSYoungGen      total 744128K, used 0K [0x00000007accb0000, 0x00000007da4e0000, 0x0000000800000000)
  eden space 742592K, 0% used [0x00000007accb0000,0x00000007accb0000,0x00000007da1e0000)
  from space 1536K, 0% used [0x00000007da360000,0x00000007da360000,0x00000007da4e0000)
  to   space 1536K, 0% used [0x00000007da1e0000,0x00000007da1e0000,0x00000007da360000)
 ParOldGen       total 170368K, used 88333K [0x0000000706600000, 0x0000000710c60000, 0x00000007accb0000)
  object space 170368K, 51% used [0x0000000706600000,0x000000070bc43470,0x0000000710c60000)
 PSPermGen       total 48320K, used 48258K [0x0000000701400000, 0x0000000704330000, 0x0000000706600000)
  object space 48320K, 99% used [0x0000000701400000,0x0000000704320ae8,0x0000000704330000)
}
Event: 4660.344 GC heap before
{Heap before GC invocations=159 (full 74):
 PSYoungGen      total 744128K, used 475681K [0x00000007accb0000, 0x00000007da4e0000, 0x0000000800000000)
  eden space 742592K, 64% used [0x00000007accb0000,0x00000007c9d38498,0x00000007da1e0000)
  from space 1536K, 0% used [0x00000007da360000,0x00000007da360000,0x00000007da4e0000)
  to   space 1536K, 0% used [0x00000007da1e0000,0x00000007da1e0000,0x00000007da360000)
 ParOldGen       total 170368K, used 88333K [0x0000000706600000, 0x0000000710c60000, 0x00000007accb0000)
  object space 170368K, 51% used [0x0000000706600000,0x000000070bc43470,0x0000000710c60000)
 PSPermGen       total 48320K, used 48299K [0x0000000701400000, 0x0000000704330000, 0x0000000706600000)
  object space 48320K, 99% used [0x0000000701400000,0x000000070432afa0,0x0000000704330000)
Event: 4660.353 GC heap after
Heap after GC invocations=159 (full 74):
 PSYoungGen      total 744128K, used 1528K [0x00000007accb0000, 0x00000007daf40000, 0x0000000800000000)
  eden space 742592K, 0% used [0x00000007accb0000,0x00000007accb0000,0x00000007da1e0000)
  from space 1536K, 99% used [0x00000007da1e0000,0x00000007da35e270,0x00000007da360000)
  to   space 6848K, 0% used [0x00000007da890000,0x00000007da890000,0x00000007daf40000)
 ParOldGen       total 170368K, used 101724K [0x0000000706600000, 0x0000000710c60000, 0x00000007accb0000)
  object space 170368K, 59% used [0x0000000706600000,0x000000070c957138,0x0000000710c60000)
 PSPermGen       total 48320K, used 48299K [0x0000000701400000, 0x0000000704330000, 0x0000000706600000)
  object space 48320K, 99% used [0x0000000701400000,0x000000070432afa0,0x0000000704330000)
}
Event: 4660.353 GC heap before
{Heap before GC invocations=160 (full 75):
 PSYoungGen      total 744128K, used 1528K [0x00000007accb0000, 0x00000007daf40000, 0x0000000800000000)
  eden space 742592K, 0% used [0x00000007accb0000,0x00000007accb0000,0x00000007da1e0000)
  from space 1536K, 99% used [0x00000007da1e0000,0x00000007da35e270,0x00000007da360000)
  to   space 6848K, 0% used [0x00000007da890000,0x00000007da890000,0x00000007daf40000)
 ParOldGen       total 170368K, used 101724K [0x0000000706600000, 0x0000000710c60000, 0x00000007accb0000)
  object space 170368K, 59% used [0x0000000706600000,0x000000070c957138,0x0000000710c60000)
 PSPermGen       total 48320K, used 48299K [0x0000000701400000, 0x0000000704330000, 0x0000000706600000)
  object space 48320K, 99% used [0x0000000701400000,0x000000070432afa0,0x0000000704330000)
Event: 4660.491 GC heap after
Heap after GC invocations=160 (full 75):
 PSYoungGen      total 744128K, used 0K [0x00000007accb0000, 0x00000007daf40000, 0x0000000800000000)
  eden space 742592K, 0% used [0x00000007accb0000,0x00000007accb0000,0x00000007da1e0000)
  from space 1536K, 0% used [0x00000007da1e0000,0x00000007da1e0000,0x00000007da360000)
  to   space 6848K, 0% used [0x00000007da890000,0x00000007da890000,0x00000007daf40000)
 ParOldGen       total 170368K, used 87748K [0x0000000706600000, 0x0000000710c60000, 0x00000007accb0000)
  object space 170368K, 51% used [0x0000000706600000,0x000000070bbb12b0,0x0000000710c60000)
 PSPermGen       total 48896K, used 48298K [0x0000000701400000, 0x00000007043c0000, 0x0000000706600000)
  object space 48896K, 98% used [0x0000000701400000,0x000000070432aa40,0x00000007043c0000)
}

