# JRE version: 7.0_25-b17
# Java VM: Java HotSpot(TM) 64-Bit Server VM (23.25-b01 mixed mode windows-amd64 compressed oops)
Heap
 PSYoungGen      total 34048K, used 96K [0x00000007accb0000, 0x00000007af6f0000, 0x0000000800000000)
  eden space 25600K, 0% used [0x00000007accb0000,0x00000007accc81c0,0x00000007ae5b0000)
  from space 8448K, 0% used [0x00000007aeeb0000,0x00000007aeeb0000,0x00000007af6f0000)
  to   space 8832K, 0% used [0x00000007ae5b0000,0x00000007ae5b0000,0x00000007aee50000)
 ParOldGen       total 170368K, used 66656K [0x0000000706600000, 0x0000000710c60000, 0x00000007accb0000)
  object space 170368K, 39% used [0x0000000706600000,0x000000070a718140,0x0000000710c60000)
 PSPermGen       total 48704K, used 48518K [0x0000000701400000, 0x0000000704390000, 0x0000000706600000)
  object space 48704K, 99% used [0x0000000701400000,0x0000000704361a28,0x0000000704390000)
GC Heap History (10 events):
Event: 7644.049 GC heap before
{Heap before GC invocations=353 (full 102):
 PSYoungGen      total 26752K, used 506K [0x00000007accb0000, 0x00000007af9b0000, 0x0000000800000000)
  eden space 26240K, 0% used [0x00000007accb0000,0x00000007accb0000,0x00000007ae650000)
  from space 512K, 98% used [0x00000007ae650000,0x00000007ae6ceaf0,0x00000007ae6d0000)
  to   space 9920K, 0% used [0x00000007af000000,0x00000007af000000,0x00000007af9b0000)
 ParOldGen       total 170368K, used 99118K [0x0000000706600000, 0x0000000710c60000, 0x00000007accb0000)
  object space 170368K, 58% used [0x0000000706600000,0x000000070c6cb928,0x0000000710c60000)
 PSPermGen       total 48704K, used 48514K [0x0000000701400000, 0x0000000704390000, 0x0000000706600000)
  object space 48704K, 99% used [0x0000000701400000,0x0000000704360860,0x0000000704390000)
Event: 7644.148 GC heap after
Heap after GC invocations=353 (full 102):
 PSYoungGen      total 26752K, used 0K [0x00000007accb0000, 0x00000007af9b0000, 0x0000000800000000)
  eden space 26240K, 0% used [0x00000007accb0000,0x00000007accb0000,0x00000007ae650000)
  from space 512K, 0% used [0x00000007ae650000,0x00000007ae650000,0x00000007ae6d0000)
  to   space 9920K, 0% used [0x00000007af000000,0x00000007af000000,0x00000007af9b0000)
 ParOldGen       total 170368K, used 66654K [0x0000000706600000, 0x0000000710c60000, 0x00000007accb0000)
  object space 170368K, 39% used [0x0000000706600000,0x000000070a717848,0x0000000710c60000)
 PSPermGen       total 48704K, used 48514K [0x0000000701400000, 0x0000000704390000, 0x0000000706600000)
  object space 48704K, 99% used [0x0000000701400000,0x0000000704360800,0x0000000704390000)
}
Event: 7645.210 GC heap before
{Heap before GC invocations=354 (full 102):
 PSYoungGen      total 26752K, used 26240K [0x00000007accb0000, 0x00000007af9b0000, 0x0000000800000000)
  eden space 26240K, 100% used [0x00000007accb0000,0x00000007ae650000,0x00000007ae650000)
  from space 512K, 0% used [0x00000007ae650000,0x00000007ae650000,0x00000007ae6d0000)
  to   space 9920K, 0% used [0x00000007af000000,0x00000007af000000,0x00000007af9b0000)
 ParOldGen       total 170368K, used 66654K [0x0000000706600000, 0x0000000710c60000, 0x00000007accb0000)
  object space 170368K, 39% used [0x0000000706600000,0x000000070a717848,0x0000000710c60000)
 PSPermGen       total 48704K, used 48514K [0x0000000701400000, 0x0000000704390000, 0x0000000706600000)
  object space 48704K, 99% used [0x0000000701400000,0x0000000704360b28,0x0000000704390000)
Event: 7645.211 GC heap after
Heap after GC invocations=354 (full 102):
 PSYoungGen      total 34880K, used 594K [0x00000007accb0000, 0x00000007af8c0000, 0x0000000800000000)
  eden space 25920K, 0% used [0x00000007accb0000,0x00000007accb0000,0x00000007ae600000)
  from space 8960K, 6% used [0x00000007af000000,0x00000007af0949c0,0x00000007af8c0000)
  to   space 9600K, 0% used [0x00000007ae600000,0x00000007ae600000,0x00000007aef60000)
 ParOldGen       total 170368K, used 66654K [0x0000000706600000, 0x0000000710c60000, 0x00000007accb0000)
  object space 170368K, 39% used [0x0000000706600000,0x000000070a717848,0x0000000710c60000)
 PSPermGen       total 48704K, used 48514K [0x0000000701400000, 0x0000000704390000, 0x0000000706600000)
  object space 48704K, 99% used [0x0000000701400000,0x0000000704360b28,0x0000000704390000)
}
Event: 7646.277 GC heap before
{Heap before GC invocations=355 (full 102):
 PSYoungGen      total 34880K, used 26514K [0x00000007accb0000, 0x00000007af8c0000, 0x0000000800000000)
  eden space 25920K, 100% used [0x00000007accb0000,0x00000007ae600000,0x00000007ae600000)
  from space 8960K, 6% used [0x00000007af000000,0x00000007af0949c0,0x00000007af8c0000)
  to   space 9600K, 0% used [0x00000007ae600000,0x00000007ae600000,0x00000007aef60000)
 ParOldGen       total 170368K, used 66654K [0x0000000706600000, 0x0000000710c60000, 0x00000007accb0000)
  object space 170368K, 39% used [0x0000000706600000,0x000000070a717848,0x0000000710c60000)
 PSPermGen       total 48704K, used 48518K [0x0000000701400000, 0x0000000704390000, 0x0000000706600000)
  object space 48704K, 99% used [0x0000000701400000,0x0000000704361a08,0x0000000704390000)
Event: 7646.278 GC heap after
Heap after GC invocations=355 (full 102):
 PSYoungGen      total 26240K, used 627K [0x00000007accb0000, 0x00000007af7b0000, 0x0000000800000000)
  eden space 25600K, 0% used [0x00000007accb0000,0x00000007accb0000,0x00000007ae5b0000)
  from space 640K, 98% used [0x00000007ae600000,0x00000007ae69ce80,0x00000007ae6a0000)
  to   space 9216K, 0% used [0x00000007aeeb0000,0x00000007aeeb0000,0x00000007af7b0000)
 ParOldGen       total 170368K, used 66734K [0x0000000706600000, 0x0000000710c60000, 0x00000007accb0000)
  object space 170368K, 39% used [0x0000000706600000,0x000000070a72b848,0x0000000710c60000)
 PSPermGen       total 48704K, used 48518K [0x0000000701400000, 0x0000000704390000, 0x0000000706600000)
  object space 48704K, 99% used [0x0000000701400000,0x0000000704361a08,0x0000000704390000)
}
Event: 7704.061 GC heap before
{Heap before GC invocations=356 (full 102):
 PSYoungGen      total 26240K, used 4086K [0x00000007accb0000, 0x00000007af7b0000, 0x0000000800000000)
  eden space 25600K, 13% used [0x00000007accb0000,0x00000007ad010ce0,0x00000007ae5b0000)
  from space 640K, 98% used [0x00000007ae600000,0x00000007ae69ce80,0x00000007ae6a0000)
  to   space 9216K, 0% used [0x00000007aeeb0000,0x00000007aeeb0000,0x00000007af7b0000)
 ParOldGen       total 170368K, used 66734K [0x0000000706600000, 0x0000000710c60000, 0x00000007accb0000)
  object space 170368K, 39% used [0x0000000706600000,0x000000070a72b848,0x0000000710c60000)
 PSPermGen       total 48704K, used 48518K [0x0000000701400000, 0x0000000704390000, 0x0000000706600000)
  object space 48704K, 99% used [0x0000000701400000,0x0000000704361a88,0x0000000704390000)
Event: 7704.062 GC heap after
Heap after GC invocations=356 (full 102):
 PSYoungGen      total 34048K, used 434K [0x00000007accb0000, 0x00000007af6f0000, 0x0000000800000000)
  eden space 25600K, 0% used [0x00000007accb0000,0x00000007accb0000,0x00000007ae5b0000)
  from space 8448K, 5% used [0x00000007aeeb0000,0x00000007aef1c9c0,0x00000007af6f0000)
  to   space 8832K, 0% used [0x00000007ae5b0000,0x00000007ae5b0000,0x00000007aee50000)
 ParOldGen       total 170368K, used 66822K [0x0000000706600000, 0x0000000710c60000, 0x00000007accb0000)
  object space 170368K, 39% used [0x0000000706600000,0x000000070a741848,0x0000000710c60000)
 PSPermGen       total 48704K, used 48518K [0x0000000701400000, 0x0000000704390000, 0x0000000706600000)
  object space 48704K, 99% used [0x0000000701400000,0x0000000704361a88,0x0000000704390000)
}
Event: 7704.062 GC heap before
{Heap before GC invocations=357 (full 103):
 PSYoungGen      total 34048K, used 434K [0x00000007accb0000, 0x00000007af6f0000, 0x0000000800000000)
  eden space 25600K, 0% used [0x00000007accb0000,0x00000007accb0000,0x00000007ae5b0000)
  from space 8448K, 5% used [0x00000007aeeb0000,0x00000007aef1c9c0,0x00000007af6f0000)
  to   space 8832K, 0% used [0x00000007ae5b0000,0x00000007ae5b0000,0x00000007aee50000)
 ParOldGen       total 170368K, used 66822K [0x0000000706600000, 0x0000000710c60000, 0x00000007accb0000)
  object space 170368K, 39% used [0x0000000706600000,0x000000070a741848,0x0000000710c60000)
 PSPermGen       total 48704K, used 48518K [0x0000000701400000, 0x0000000704390000, 0x0000000706600000)
  object space 48704K, 99% used [0x0000000701400000,0x0000000704361a88,0x0000000704390000)
Event: 7704.127 GC heap after
Heap after GC invocations=357 (full 103):
 PSYoungGen      total 34048K, used 0K [0x00000007accb0000, 0x00000007af6f0000, 0x0000000800000000)
  eden space 25600K, 0% used [0x00000007accb0000,0x00000007accb0000,0x00000007ae5b0000)
  from space 8448K, 0% used [0x00000007aeeb0000,0x00000007aeeb0000,0x00000007af6f0000)
  to   space 8832K, 0% used [0x00000007ae5b0000,0x00000007ae5b0000,0x00000007aee50000)
 ParOldGen       total 170368K, used 66656K [0x0000000706600000, 0x0000000710c60000, 0x00000007accb0000)
  object space 170368K, 39% used [0x0000000706600000,0x000000070a718140,0x0000000710c60000)
 PSPermGen       total 48704K, used 48518K [0x0000000701400000, 0x0000000704390000, 0x0000000706600000)
  object space 48704K, 99% used [0x0000000701400000,0x0000000704361a28,0x0000000704390000)
}

