# JRE version: 7.0_25-b17
# Java VM: Java HotSpot(TM) 64-Bit Server VM (23.25-b01 mixed mode windows-amd64 compressed oops)
Heap
 PSYoungGen      total 48896K, used 4082K [0x00000007ab800000, 0x00000007b0480000, 0x0000000800000000)
  eden space 48256K, 8% used [0x00000007ab800000,0x00000007abbfc8e0,0x00000007ae720000)
  from space 640K, 0% used [0x00000007ae720000,0x00000007ae720000,0x00000007ae7c0000)
  to   space 15040K, 0% used [0x00000007af5d0000,0x00000007af5d0000,0x00000007b0480000)
 ParOldGen       total 173056K, used 85172K [0x0000000702800000, 0x000000070d100000, 0x00000007ab800000)
  object space 173056K, 49% used [0x0000000702800000,0x0000000707b2d390,0x000000070d100000)
 PSPermGen       total 47680K, used 47607K [0x00000006fd600000, 0x0000000700490000, 0x0000000702800000)
  object space 47680K, 99% used [0x00000006fd600000,0x000000070047dee0,0x0000000700490000)
GC Heap History (10 events):
Event: 4795.615 GC heap before
{Heap before GC invocations=197 (full 78):
 PSYoungGen      total 64064K, used 23379K [0x00000007ab800000, 0x00000007b0800000, 0x0000000800000000)
  eden space 49280K, 46% used [0x00000007ab800000,0x00000007ace30fe0,0x00000007ae820000)
  from space 14784K, 4% used [0x00000007af990000,0x00000007afa33c78,0x00000007b0800000)
  to   space 16320K, 0% used [0x00000007ae820000,0x00000007ae820000,0x00000007af810000)
 ParOldGen       total 173056K, used 79820K [0x0000000702800000, 0x000000070d100000, 0x00000007ab800000)
  object space 173056K, 46% used [0x0000000702800000,0x00000007075f3250,0x000000070d100000)
 PSPermGen       total 47680K, used 47585K [0x00000006fd600000, 0x0000000700490000, 0x0000000702800000)
  object space 47680K, 99% used [0x00000006fd600000,0x0000000700478690,0x0000000700490000)
Event: 4795.617 GC heap after
Heap after GC invocations=197 (full 78):
 PSYoungGen      total 49920K, used 614K [0x00000007ab800000, 0x00000007b0700000, 0x0000000800000000)
  eden space 49280K, 0% used [0x00000007ab800000,0x00000007ab800000,0x00000007ae820000)
  from space 640K, 95% used [0x00000007ae820000,0x00000007ae8b9900,0x00000007ae8c0000)
  to   space 15808K, 0% used [0x00000007af790000,0x00000007af790000,0x00000007b0700000)
 ParOldGen       total 173056K, used 80123K [0x0000000702800000, 0x000000070d100000, 0x00000007ab800000)
  object space 173056K, 46% used [0x0000000702800000,0x000000070763eec8,0x000000070d100000)
 PSPermGen       total 47680K, used 47585K [0x00000006fd600000, 0x0000000700490000, 0x0000000702800000)
  object space 47680K, 99% used [0x00000006fd600000,0x0000000700478690,0x0000000700490000)
}
Event: 4795.617 GC heap before
{Heap before GC invocations=198 (full 79):
 PSYoungGen      total 49920K, used 614K [0x00000007ab800000, 0x00000007b0700000, 0x0000000800000000)
  eden space 49280K, 0% used [0x00000007ab800000,0x00000007ab800000,0x00000007ae820000)
  from space 640K, 95% used [0x00000007ae820000,0x00000007ae8b9900,0x00000007ae8c0000)
  to   space 15808K, 0% used [0x00000007af790000,0x00000007af790000,0x00000007b0700000)
 ParOldGen       total 173056K, used 80123K [0x0000000702800000, 0x000000070d100000, 0x00000007ab800000)
  object space 173056K, 46% used [0x0000000702800000,0x000000070763eec8,0x000000070d100000)
 PSPermGen       total 47680K, used 47585K [0x00000006fd600000, 0x0000000700490000, 0x0000000702800000)
  object space 47680K, 99% used [0x00000006fd600000,0x0000000700478690,0x0000000700490000)
Event: 4795.730 GC heap after
Heap after GC invocations=198 (full 79):
 PSYoungGen      total 49920K, used 0K [0x00000007ab800000, 0x00000007b0700000, 0x0000000800000000)
  eden space 49280K, 0% used [0x00000007ab800000,0x00000007ab800000,0x00000007ae820000)
  from space 640K, 0% used [0x00000007ae820000,0x00000007ae820000,0x00000007ae8c0000)
  to   space 15808K, 0% used [0x00000007af790000,0x00000007af790000,0x00000007b0700000)
 ParOldGen       total 173056K, used 79408K [0x0000000702800000, 0x000000070d100000, 0x00000007ab800000)
  object space 173056K, 45% used [0x0000000702800000,0x000000070758c110,0x000000070d100000)
 PSPermGen       total 47680K, used 47585K [0x00000006fd600000, 0x0000000700490000, 0x0000000702800000)
  object space 47680K, 99% used [0x00000006fd600000,0x0000000700478550,0x0000000700490000)
}
Event: 4868.139 GC heap before
{Heap before GC invocations=199 (full 79):
 PSYoungGen      total 49920K, used 49280K [0x00000007ab800000, 0x00000007b0700000, 0x0000000800000000)
  eden space 49280K, 100% used [0x00000007ab800000,0x00000007ae820000,0x00000007ae820000)
  from space 640K, 0% used [0x00000007ae820000,0x00000007ae820000,0x00000007ae8c0000)
  to   space 15808K, 0% used [0x00000007af790000,0x00000007af790000,0x00000007b0700000)
 ParOldGen       total 173056K, used 79408K [0x0000000702800000, 0x000000070d100000, 0x00000007ab800000)
  object space 173056K, 45% used [0x0000000702800000,0x000000070758c110,0x000000070d100000)
 PSPermGen       total 47680K, used 47605K [0x00000006fd600000, 0x0000000700490000, 0x0000000702800000)
  object space 47680K, 99% used [0x00000006fd600000,0x000000070047d618,0x0000000700490000)
Event: 4868.145 GC heap after
Heap after GC invocations=199 (full 79):
 PSYoungGen      total 62400K, used 6497K [0x00000007ab800000, 0x00000007b0560000, 0x0000000800000000)
  eden space 48256K, 0% used [0x00000007ab800000,0x00000007ab800000,0x00000007ae720000)
  from space 14144K, 45% used [0x00000007af790000,0x00000007afde86c0,0x00000007b0560000)
  to   space 15488K, 0% used [0x00000007ae720000,0x00000007ae720000,0x00000007af640000)
 ParOldGen       total 173056K, used 79408K [0x0000000702800000, 0x000000070d100000, 0x00000007ab800000)
  object space 173056K, 45% used [0x0000000702800000,0x000000070758c110,0x000000070d100000)
 PSPermGen       total 47680K, used 47605K [0x00000006fd600000, 0x0000000700490000, 0x0000000702800000)
  object space 47680K, 99% used [0x00000006fd600000,0x000000070047d618,0x0000000700490000)
}
Event: 4868.650 GC heap before
{Heap before GC invocations=200 (full 79):
 PSYoungGen      total 62400K, used 10692K [0x00000007ab800000, 0x00000007b0560000, 0x0000000800000000)
  eden space 48256K, 8% used [0x00000007ab800000,0x00000007abc18aa8,0x00000007ae720000)
  from space 14144K, 45% used [0x00000007af790000,0x00000007afde86c0,0x00000007b0560000)
  to   space 15488K, 0% used [0x00000007ae720000,0x00000007ae720000,0x00000007af640000)
 ParOldGen       total 173056K, used 79408K [0x0000000702800000, 0x000000070d100000, 0x00000007ab800000)
  object space 173056K, 45% used [0x0000000702800000,0x000000070758c110,0x000000070d100000)
 PSPermGen       total 47680K, used 47607K [0x00000006fd600000, 0x0000000700490000, 0x0000000702800000)
  object space 47680K, 99% used [0x00000006fd600000,0x000000070047ddf8,0x0000000700490000)
Event: 4868.653 GC heap after
Heap after GC invocations=200 (full 79):
 PSYoungGen      total 48896K, used 640K [0x00000007ab800000, 0x00000007b0480000, 0x0000000800000000)
  eden space 48256K, 0% used [0x00000007ab800000,0x00000007ab800000,0x00000007ae720000)
  from space 640K, 100% used [0x00000007ae720000,0x00000007ae7c0000,0x00000007ae7c0000)
  to   space 15040K, 0% used [0x00000007af5d0000,0x00000007af5d0000,0x00000007b0480000)
 ParOldGen       total 173056K, used 85063K [0x0000000702800000, 0x000000070d100000, 0x00000007ab800000)
  object space 173056K, 49% used [0x0000000702800000,0x0000000707b11d58,0x000000070d100000)
 PSPermGen       total 47680K, used 47607K [0x00000006fd600000, 0x0000000700490000, 0x0000000702800000)
  object space 47680K, 99% used [0x00000006fd600000,0x000000070047ddf8,0x0000000700490000)
}
Event: 4868.653 GC heap before
{Heap before GC invocations=201 (full 80):
 PSYoungGen      total 48896K, used 640K [0x00000007ab800000, 0x00000007b0480000, 0x0000000800000000)
  eden space 48256K, 0% used [0x00000007ab800000,0x00000007ab800000,0x00000007ae720000)
  from space 640K, 100% used [0x00000007ae720000,0x00000007ae7c0000,0x00000007ae7c0000)
  to   space 15040K, 0% used [0x00000007af5d0000,0x00000007af5d0000,0x00000007b0480000)
 ParOldGen       total 173056K, used 85063K [0x0000000702800000, 0x000000070d100000, 0x00000007ab800000)
  object space 173056K, 49% used [0x0000000702800000,0x0000000707b11d58,0x000000070d100000)
 PSPermGen       total 47680K, used 47607K [0x00000006fd600000, 0x0000000700490000, 0x0000000702800000)
  object space 47680K, 99% used [0x00000006fd600000,0x000000070047ddf8,0x0000000700490000)
Event: 4868.777 GC heap after
Heap after GC invocations=201 (full 80):
 PSYoungGen      total 48896K, used 0K [0x00000007ab800000, 0x00000007b0480000, 0x0000000800000000)
  eden space 48256K, 0% used [0x00000007ab800000,0x00000007ab800000,0x00000007ae720000)
  from space 640K, 0% used [0x00000007ae720000,0x00000007ae720000,0x00000007ae7c0000)
  to   space 15040K, 0% used [0x00000007af5d0000,0x00000007af5d0000,0x00000007b0480000)
 ParOldGen       total 173056K, used 85172K [0x0000000702800000, 0x000000070d100000, 0x00000007ab800000)
  object space 173056K, 49% used [0x0000000702800000,0x0000000707b2d390,0x000000070d100000)
 PSPermGen       total 47680K, used 47607K [0x00000006fd600000, 0x0000000700490000, 0x0000000702800000)
  object space 47680K, 99% used [0x00000006fd600000,0x000000070047dd98,0x0000000700490000)
}

