# JRE version: 7.0_25-b17
# Java VM: Java HotSpot(TM) 64-Bit Server VM (23.25-b01 mixed mode windows-amd64 compressed oops)
Heap
 PSYoungGen      total 17792K, used 8087K [0x00000007ab800000, 0x00000007acb30000, 0x0000000800000000)
  eden space 16128K, 50% used [0x00000007ab800000,0x00000007abfe5d68,0x00000007ac7c0000)
  from space 1664K, 0% used [0x00000007ac970000,0x00000007ac970000,0x00000007acb10000)
  to   space 1728K, 0% used [0x00000007ac7c0000,0x00000007ac7c0000,0x00000007ac970000)
 ParOldGen       total 145344K, used 82115K [0x0000000702800000, 0x000000070b5f0000, 0x00000007ab800000)
  object space 145344K, 56% used [0x0000000702800000,0x0000000707830f90,0x000000070b5f0000)
 PSPermGen       total 47616K, used 47391K [0x00000006fd600000, 0x0000000700480000, 0x0000000702800000)
  object space 47616K, 99% used [0x00000006fd600000,0x0000000700447fc0,0x0000000700480000)
GC Heap History (10 events):
Event: 5804.743 GC heap before
{Heap before GC invocations=725 (full 44):
 PSYoungGen      total 18240K, used 17885K [0x00000007ab800000, 0x00000007acbb0000, 0x0000000800000000)
  eden space 16576K, 99% used [0x00000007ab800000,0x00000007ac82f5a0,0x00000007ac830000)
  from space 1664K, 78% used [0x00000007ac9f0000,0x00000007acb37f48,0x00000007acb90000)
  to   space 1792K, 0% used [0x00000007ac830000,0x00000007ac830000,0x00000007ac9f0000)
 ParOldGen       total 145344K, used 84867K [0x0000000702800000, 0x000000070b5f0000, 0x00000007ab800000)
  object space 145344K, 58% used [0x0000000702800000,0x0000000707ae0d88,0x000000070b5f0000)
 PSPermGen       total 47616K, used 47391K [0x00000006fd600000, 0x0000000700480000, 0x0000000702800000)
  object space 47616K, 99% used [0x00000006fd600000,0x0000000700447fc0,0x0000000700480000)
Event: 5804.745 GC heap after
Heap after GC invocations=725 (full 44):
 PSYoungGen      total 17664K, used 1164K [0x00000007ab800000, 0x00000007acb90000, 0x0000000800000000)
  eden space 16448K, 0% used [0x00000007ab800000,0x00000007ab800000,0x00000007ac810000)
  from space 1216K, 95% used [0x00000007ac830000,0x00000007ac9530e8,0x00000007ac960000)
  to   space 1792K, 0% used [0x00000007ac9d0000,0x00000007ac9d0000,0x00000007acb90000)
 ParOldGen       total 145344K, used 85022K [0x0000000702800000, 0x000000070b5f0000, 0x00000007ab800000)
  object space 145344K, 58% used [0x0000000702800000,0x0000000707b07bf8,0x000000070b5f0000)
 PSPermGen       total 47616K, used 47391K [0x00000006fd600000, 0x0000000700480000, 0x0000000702800000)
  object space 47616K, 99% used [0x00000006fd600000,0x0000000700447fc0,0x0000000700480000)
}
Event: 5804.940 GC heap before
{Heap before GC invocations=726 (full 44):
 PSYoungGen      total 17664K, used 17612K [0x00000007ab800000, 0x00000007acb90000, 0x0000000800000000)
  eden space 16448K, 100% used [0x00000007ab800000,0x00000007ac810000,0x00000007ac810000)
  from space 1216K, 95% used [0x00000007ac830000,0x00000007ac9530e8,0x00000007ac960000)
  to   space 1792K, 0% used [0x00000007ac9d0000,0x00000007ac9d0000,0x00000007acb90000)
 ParOldGen       total 145344K, used 85022K [0x0000000702800000, 0x000000070b5f0000, 0x00000007ab800000)
  object space 145344K, 58% used [0x0000000702800000,0x0000000707b07bf8,0x000000070b5f0000)
 PSPermGen       total 47616K, used 47391K [0x00000006fd600000, 0x0000000700480000, 0x0000000702800000)
  object space 47616K, 99% used [0x00000006fd600000,0x0000000700447fc0,0x0000000700480000)
Event: 5804.942 GC heap after
Heap after GC invocations=726 (full 44):
 PSYoungGen      total 17856K, used 1132K [0x00000007ab800000, 0x00000007acb50000, 0x0000000800000000)
  eden space 16320K, 0% used [0x00000007ab800000,0x00000007ab800000,0x00000007ac7f0000)
  from space 1536K, 73% used [0x00000007ac9d0000,0x00000007acaeb0e8,0x00000007acb50000)
  to   space 1728K, 0% used [0x00000007ac7f0000,0x00000007ac7f0000,0x00000007ac9a0000)
 ParOldGen       total 145344K, used 85152K [0x0000000702800000, 0x000000070b5f0000, 0x00000007ab800000)
  object space 145344K, 58% used [0x0000000702800000,0x0000000707b28120,0x000000070b5f0000)
 PSPermGen       total 47616K, used 47391K [0x00000006fd600000, 0x0000000700480000, 0x0000000702800000)
  object space 47616K, 99% used [0x00000006fd600000,0x0000000700447fc0,0x0000000700480000)
}
Event: 5805.212 GC heap before
{Heap before GC invocations=727 (full 44):
 PSYoungGen      total 17856K, used 17452K [0x00000007ab800000, 0x00000007acb50000, 0x0000000800000000)
  eden space 16320K, 100% used [0x00000007ab800000,0x00000007ac7f0000,0x00000007ac7f0000)
  from space 1536K, 73% used [0x00000007ac9d0000,0x00000007acaeb0e8,0x00000007acb50000)
  to   space 1728K, 0% used [0x00000007ac7f0000,0x00000007ac7f0000,0x00000007ac9a0000)
 ParOldGen       total 145344K, used 85152K [0x0000000702800000, 0x000000070b5f0000, 0x00000007ab800000)
  object space 145344K, 58% used [0x0000000702800000,0x0000000707b28120,0x000000070b5f0000)
 PSPermGen       total 47616K, used 47391K [0x00000006fd600000, 0x0000000700480000, 0x0000000702800000)
  object space 47616K, 99% used [0x00000006fd600000,0x0000000700447fc0,0x0000000700480000)
Event: 5805.214 GC heap after
Heap after GC invocations=727 (full 44):
 PSYoungGen      total 17152K, used 950K [0x00000007ab800000, 0x00000007acb10000, 0x0000000800000000)
  eden space 16192K, 0% used [0x00000007ab800000,0x00000007ab800000,0x00000007ac7d0000)
  from space 960K, 98% used [0x00000007ac7f0000,0x00000007ac8dd850,0x00000007ac8e0000)
  to   space 1664K, 0% used [0x00000007ac970000,0x00000007ac970000,0x00000007acb10000)
 ParOldGen       total 145344K, used 85259K [0x0000000702800000, 0x000000070b5f0000, 0x00000007ab800000)
  object space 145344K, 58% used [0x0000000702800000,0x0000000707b42f90,0x000000070b5f0000)
 PSPermGen       total 47616K, used 47391K [0x00000006fd600000, 0x0000000700480000, 0x0000000702800000)
  object space 47616K, 99% used [0x00000006fd600000,0x0000000700447fc0,0x0000000700480000)
}
Event: 5806.898 GC heap before
{Heap before GC invocations=728 (full 44):
 PSYoungGen      total 17152K, used 2536K [0x00000007ab800000, 0x00000007acb10000, 0x0000000800000000)
  eden space 16192K, 9% used [0x00000007ab800000,0x00000007ab98c7e0,0x00000007ac7d0000)
  from space 960K, 98% used [0x00000007ac7f0000,0x00000007ac8dd850,0x00000007ac8e0000)
  to   space 1664K, 0% used [0x00000007ac970000,0x00000007ac970000,0x00000007acb10000)
 ParOldGen       total 145344K, used 85259K [0x0000000702800000, 0x000000070b5f0000, 0x00000007ab800000)
  object space 145344K, 58% used [0x0000000702800000,0x0000000707b42f90,0x000000070b5f0000)
 PSPermGen       total 47616K, used 47391K [0x00000006fd600000, 0x0000000700480000, 0x0000000702800000)
  object space 47616K, 99% used [0x00000006fd600000,0x0000000700447fc0,0x0000000700480000)
Event: 5806.900 GC heap after
Heap after GC invocations=728 (full 44):
 PSYoungGen      total 17792K, used 224K [0x00000007ab800000, 0x00000007acb30000, 0x0000000800000000)
  eden space 16128K, 0% used [0x00000007ab800000,0x00000007ab800000,0x00000007ac7c0000)
  from space 1664K, 13% used [0x00000007ac970000,0x00000007ac9a8000,0x00000007acb10000)
  to   space 1728K, 0% used [0x00000007ac7c0000,0x00000007ac7c0000,0x00000007ac970000)
 ParOldGen       total 145344K, used 85595K [0x0000000702800000, 0x000000070b5f0000, 0x00000007ab800000)
  object space 145344K, 58% used [0x0000000702800000,0x0000000707b96f48,0x000000070b5f0000)
 PSPermGen       total 47616K, used 47391K [0x00000006fd600000, 0x0000000700480000, 0x0000000702800000)
  object space 47616K, 99% used [0x00000006fd600000,0x0000000700447fc0,0x0000000700480000)
}
Event: 5806.900 GC heap before
{Heap before GC invocations=729 (full 45):
 PSYoungGen      total 17792K, used 224K [0x00000007ab800000, 0x00000007acb30000, 0x0000000800000000)
  eden space 16128K, 0% used [0x00000007ab800000,0x00000007ab800000,0x00000007ac7c0000)
  from space 1664K, 13% used [0x00000007ac970000,0x00000007ac9a8000,0x00000007acb10000)
  to   space 1728K, 0% used [0x00000007ac7c0000,0x00000007ac7c0000,0x00000007ac970000)
 ParOldGen       total 145344K, used 85595K [0x0000000702800000, 0x000000070b5f0000, 0x00000007ab800000)
  object space 145344K, 58% used [0x0000000702800000,0x0000000707b96f48,0x000000070b5f0000)
 PSPermGen       total 47616K, used 47391K [0x00000006fd600000, 0x0000000700480000, 0x0000000702800000)
  object space 47616K, 99% used [0x00000006fd600000,0x0000000700447fc0,0x0000000700480000)
Event: 5806.972 GC heap after
Heap after GC invocations=729 (full 45):
 PSYoungGen      total 17792K, used 0K [0x00000007ab800000, 0x00000007acb30000, 0x0000000800000000)
  eden space 16128K, 0% used [0x00000007ab800000,0x00000007ab800000,0x00000007ac7c0000)
  from space 1664K, 0% used [0x00000007ac970000,0x00000007ac970000,0x00000007acb10000)
  to   space 1728K, 0% used [0x00000007ac7c0000,0x00000007ac7c0000,0x00000007ac970000)
 ParOldGen       total 145344K, used 82115K [0x0000000702800000, 0x000000070b5f0000, 0x00000007ab800000)
  object space 145344K, 56% used [0x0000000702800000,0x0000000707830f90,0x000000070b5f0000)
 PSPermGen       total 47616K, used 47391K [0x00000006fd600000, 0x0000000700480000, 0x0000000702800000)
  object space 47616K, 99% used [0x00000006fd600000,0x0000000700447fc0,0x0000000700480000)
}

