# JRE version: 7.0_25-b17
# Java VM: Java HotSpot(TM) 64-Bit Server VM (23.25-b01 mixed mode windows-amd64 compressed oops)
Heap
 PSYoungGen      total 202944K, used 162421K [0x00000007d5f60000, 0x00000007e4c00000, 0x0000000800000000)
  eden space 175872K, 80% used [0x00000007d5f60000,0x00000007de971318,0x00000007e0b20000)
  from space 27072K, 77% used [0x00000007e2720000,0x00000007e3bac120,0x00000007e4190000)
  to   space 28672K, 0% used [0x00000007e0b20000,0x00000007e0b20000,0x00000007e2720000)
 ParOldGen       total 177088K, used 78367K [0x0000000781e00000, 0x000000078caf0000, 0x00000007d5f60000)
  object space 177088K, 44% used [0x0000000781e00000,0x0000000786a87fb0,0x000000078caf0000)
 PSPermGen       total 47808K, used 47483K [0x000000077cc00000, 0x000000077fab0000, 0x0000000781e00000)
  object space 47808K, 99% used [0x000000077cc00000,0x000000077fa5ec68,0x000000077fab0000)
GC Heap History (10 events):
Event: 4846.588 GC heap before
{Heap before GC invocations=238 (full 77):
 PSYoungGen      total 211328K, used 90317K [0x00000007d5f60000, 0x00000007e4c20000, 0x0000000800000000)
  eden space 182400K, 39% used [0x00000007d5f60000,0x00000007da632970,0x00000007e1180000)
  from space 28928K, 61% used [0x00000007e2e50000,0x00000007e3fb0ba0,0x00000007e4a90000)
  to   space 29504K, 0% used [0x00000007e1180000,0x00000007e1180000,0x00000007e2e50000)
 ParOldGen       total 177088K, used 78241K [0x0000000781e00000, 0x000000078caf0000, 0x00000007d5f60000)
  object space 177088K, 44% used [0x0000000781e00000,0x0000000786a687b0,0x000000078caf0000)
 PSPermGen       total 47808K, used 47463K [0x000000077cc00000, 0x000000077fab0000, 0x0000000781e00000)
  object space 47808K, 99% used [0x000000077cc00000,0x000000077fa59d20,0x000000077fab0000)
Event: 4846.592 GC heap after
Heap after GC invocations=238 (full 77):
 PSYoungGen      total 211904K, used 15161K [0x00000007d5f60000, 0x00000007e4ac0000, 0x0000000800000000)
  eden space 182400K, 0% used [0x00000007d5f60000,0x00000007d5f60000,0x00000007e1180000)
  from space 29504K, 51% used [0x00000007e1180000,0x00000007e204e4b0,0x00000007e2e50000)
  to   space 28800K, 0% used [0x00000007e2ea0000,0x00000007e2ea0000,0x00000007e4ac0000)
 ParOldGen       total 177088K, used 78241K [0x0000000781e00000, 0x000000078caf0000, 0x00000007d5f60000)
  object space 177088K, 44% used [0x0000000781e00000,0x0000000786a687b0,0x000000078caf0000)
 PSPermGen       total 47808K, used 47463K [0x000000077cc00000, 0x000000077fab0000, 0x0000000781e00000)
  object space 47808K, 99% used [0x000000077cc00000,0x000000077fa59d20,0x000000077fab0000)
}
Event: 4846.592 GC heap before
{Heap before GC invocations=239 (full 78):
 PSYoungGen      total 211904K, used 15161K [0x00000007d5f60000, 0x00000007e4ac0000, 0x0000000800000000)
  eden space 182400K, 0% used [0x00000007d5f60000,0x00000007d5f60000,0x00000007e1180000)
  from space 29504K, 51% used [0x00000007e1180000,0x00000007e204e4b0,0x00000007e2e50000)
  to   space 28800K, 0% used [0x00000007e2ea0000,0x00000007e2ea0000,0x00000007e4ac0000)
 ParOldGen       total 177088K, used 78241K [0x0000000781e00000, 0x000000078caf0000, 0x00000007d5f60000)
  object space 177088K, 44% used [0x0000000781e00000,0x0000000786a687b0,0x000000078caf0000)
 PSPermGen       total 47808K, used 47463K [0x000000077cc00000, 0x000000077fab0000, 0x0000000781e00000)
  object space 47808K, 99% used [0x000000077cc00000,0x000000077fa59d20,0x000000077fab0000)
Event: 4846.655 GC heap after
Heap after GC invocations=239 (full 78):
 PSYoungGen      total 211904K, used 0K [0x00000007d5f60000, 0x00000007e4ac0000, 0x0000000800000000)
  eden space 182400K, 0% used [0x00000007d5f60000,0x00000007d5f60000,0x00000007e1180000)
  from space 29504K, 0% used [0x00000007e1180000,0x00000007e1180000,0x00000007e2e50000)
  to   space 28800K, 0% used [0x00000007e2ea0000,0x00000007e2ea0000,0x00000007e4ac0000)
 ParOldGen       total 177088K, used 78367K [0x0000000781e00000, 0x000000078caf0000, 0x00000007d5f60000)
  object space 177088K, 44% used [0x0000000781e00000,0x0000000786a87fb0,0x000000078caf0000)
 PSPermGen       total 47808K, used 47463K [0x000000077cc00000, 0x000000077fab0000, 0x0000000781e00000)
  object space 47808K, 99% used [0x000000077cc00000,0x000000077fa59c60,0x000000077fab0000)
}
Event: 4881.317 GC heap before
{Heap before GC invocations=240 (full 78):
 PSYoungGen      total 211904K, used 182400K [0x00000007d5f60000, 0x00000007e4ac0000, 0x0000000800000000)
  eden space 182400K, 100% used [0x00000007d5f60000,0x00000007e1180000,0x00000007e1180000)
  from space 29504K, 0% used [0x00000007e1180000,0x00000007e1180000,0x00000007e2e50000)
  to   space 28800K, 0% used [0x00000007e2ea0000,0x00000007e2ea0000,0x00000007e4ac0000)
 ParOldGen       total 177088K, used 78367K [0x0000000781e00000, 0x000000078caf0000, 0x00000007d5f60000)
  object space 177088K, 44% used [0x0000000781e00000,0x0000000786a87fb0,0x000000078caf0000)
 PSPermGen       total 47808K, used 47463K [0x000000077cc00000, 0x000000077fab0000, 0x0000000781e00000)
  object space 47808K, 99% used [0x000000077cc00000,0x000000077fa59ed0,0x000000077fab0000)
Event: 4881.322 GC heap after
Heap after GC invocations=240 (full 78):
 PSYoungGen      total 212608K, used 15825K [0x00000007d5f60000, 0x00000007e4eb0000, 0x0000000800000000)
  eden space 183808K, 0% used [0x00000007d5f60000,0x00000007d5f60000,0x00000007e12e0000)
  from space 28800K, 54% used [0x00000007e2ea0000,0x00000007e3e14468,0x00000007e4ac0000)
  to   space 28416K, 0% used [0x00000007e12e0000,0x00000007e12e0000,0x00000007e2ea0000)
 ParOldGen       total 177088K, used 78367K [0x0000000781e00000, 0x000000078caf0000, 0x00000007d5f60000)
  object space 177088K, 44% used [0x0000000781e00000,0x0000000786a87fb0,0x000000078caf0000)
 PSPermGen       total 47808K, used 47463K [0x000000077cc00000, 0x000000077fab0000, 0x0000000781e00000)
  object space 47808K, 99% used [0x000000077cc00000,0x000000077fa59ed0,0x000000077fab0000)
}
Event: 4889.779 GC heap before
{Heap before GC invocations=241 (full 78):
 PSYoungGen      total 212608K, used 199633K [0x00000007d5f60000, 0x00000007e4eb0000, 0x0000000800000000)
  eden space 183808K, 100% used [0x00000007d5f60000,0x00000007e12e0000,0x00000007e12e0000)
  from space 28800K, 54% used [0x00000007e2ea0000,0x00000007e3e14468,0x00000007e4ac0000)
  to   space 28416K, 0% used [0x00000007e12e0000,0x00000007e12e0000,0x00000007e2ea0000)
 ParOldGen       total 177088K, used 78367K [0x0000000781e00000, 0x000000078caf0000, 0x00000007d5f60000)
  object space 177088K, 44% used [0x0000000781e00000,0x0000000786a87fb0,0x000000078caf0000)
 PSPermGen       total 47808K, used 47483K [0x000000077cc00000, 0x000000077fab0000, 0x0000000781e00000)
  object space 47808K, 99% used [0x000000077cc00000,0x000000077fa5ec08,0x000000077fab0000)
Event: 4889.785 GC heap after
Heap after GC invocations=241 (full 78):
 PSYoungGen      total 190976K, used 13447K [0x00000007d5f60000, 0x00000007e4190000, 0x0000000800000000)
  eden space 177472K, 0% used [0x00000007d5f60000,0x00000007d5f60000,0x00000007e0cb0000)
  from space 13504K, 99% used [0x00000007e12e0000,0x00000007e2001fc0,0x00000007e2010000)
  to   space 27072K, 0% used [0x00000007e2720000,0x00000007e2720000,0x00000007e4190000)
 ParOldGen       total 177088K, used 78367K [0x0000000781e00000, 0x000000078caf0000, 0x00000007d5f60000)
  object space 177088K, 44% used [0x0000000781e00000,0x0000000786a87fb0,0x000000078caf0000)
 PSPermGen       total 47808K, used 47483K [0x000000077cc00000, 0x000000077fab0000, 0x0000000781e00000)
  object space 47808K, 99% used [0x000000077cc00000,0x000000077fa5ec08,0x000000077fab0000)
}
Event: 4891.059 GC heap before
{Heap before GC invocations=242 (full 78):
 PSYoungGen      total 190976K, used 190919K [0x00000007d5f60000, 0x00000007e4190000, 0x0000000800000000)
  eden space 177472K, 100% used [0x00000007d5f60000,0x00000007e0cb0000,0x00000007e0cb0000)
  from space 13504K, 99% used [0x00000007e12e0000,0x00000007e2001fc0,0x00000007e2010000)
  to   space 27072K, 0% used [0x00000007e2720000,0x00000007e2720000,0x00000007e4190000)
 ParOldGen       total 177088K, used 78367K [0x0000000781e00000, 0x000000078caf0000, 0x00000007d5f60000)
  object space 177088K, 44% used [0x0000000781e00000,0x0000000786a87fb0,0x000000078caf0000)
 PSPermGen       total 47808K, used 47483K [0x000000077cc00000, 0x000000077fab0000, 0x0000000781e00000)
  object space 47808K, 99% used [0x000000077cc00000,0x000000077fa5ec08,0x000000077fab0000)
Event: 4891.066 GC heap after
Heap after GC invocations=242 (full 78):
 PSYoungGen      total 202944K, used 21040K [0x00000007d5f60000, 0x00000007e4c00000, 0x0000000800000000)
  eden space 175872K, 0% used [0x00000007d5f60000,0x00000007d5f60000,0x00000007e0b20000)
  from space 27072K, 77% used [0x00000007e2720000,0x00000007e3bac120,0x00000007e4190000)
  to   space 28672K, 0% used [0x00000007e0b20000,0x00000007e0b20000,0x00000007e2720000)
 ParOldGen       total 177088K, used 78367K [0x0000000781e00000, 0x000000078caf0000, 0x00000007d5f60000)
  object space 177088K, 44% used [0x0000000781e00000,0x0000000786a87fb0,0x000000078caf0000)
 PSPermGen       total 47808K, used 47483K [0x000000077cc00000, 0x000000077fab0000, 0x0000000781e00000)
  object space 47808K, 99% used [0x000000077cc00000,0x000000077fa5ec08,0x000000077fab0000)
}

