# JRE version: 7.0_25-b17
# Java VM: Java HotSpot(TM) 64-Bit Server VM (23.25-b01 mixed mode windows-amd64 compressed oops)
Heap
 PSYoungGen      total 84224K, used 62312K [0x00000007accb0000, 0x00000007b30c0000, 0x0000000800000000)
  eden space 66496K, 93% used [0x00000007accb0000,0x00000007b098a308,0x00000007b0da0000)
  from space 17728K, 0% used [0x00000007b1f70000,0x00000007b1f70000,0x00000007b30c0000)
  to   space 17984K, 0% used [0x00000007b0da0000,0x00000007b0da0000,0x00000007b1f30000)
 ParOldGen       total 170368K, used 74442K [0x0000000706600000, 0x0000000710c60000, 0x00000007accb0000)
  object space 170368K, 43% used [0x0000000706600000,0x000000070aeb2998,0x0000000710c60000)
 PSPermGen       total 48320K, used 47956K [0x0000000701400000, 0x0000000704330000, 0x0000000706600000)
  object space 48320K, 99% used [0x0000000701400000,0x00000007042d5318,0x0000000704330000)
GC Heap History (10 events):
Event: 9873.048 GC heap before
{Heap before GC invocations=366 (full 161):
 PSYoungGen      total 87360K, used 78633K [0x00000007accb0000, 0x00000007b3600000, 0x0000000800000000)
  eden space 73152K, 100% used [0x00000007accb0000,0x00000007b1420000,0x00000007b1420000)
  from space 14208K, 38% used [0x00000007b2820000,0x00000007b2d7a418,0x00000007b3600000)
  to   space 17344K, 0% used [0x00000007b1420000,0x00000007b1420000,0x00000007b2510000)
 ParOldGen       total 170368K, used 86997K [0x0000000706600000, 0x0000000710c60000, 0x00000007accb0000)
  object space 170368K, 51% used [0x0000000706600000,0x000000070baf56f8,0x0000000710c60000)
 PSPermGen       total 48320K, used 47947K [0x0000000701400000, 0x0000000704330000, 0x0000000706600000)
  object space 48320K, 99% used [0x0000000701400000,0x00000007042d2ee0,0x0000000704330000)
Event: 9873.050 GC heap after
Heap after GC invocations=366 (full 161):
 PSYoungGen      total 77248K, used 5960K [0x00000007accb0000, 0x00000007b3260000, 0x0000000800000000)
  eden space 71232K, 0% used [0x00000007accb0000,0x00000007accb0000,0x00000007b1240000)
  from space 6016K, 99% used [0x00000007b1420000,0x00000007b19f2290,0x00000007b1a00000)
  to   space 16448K, 0% used [0x00000007b2250000,0x00000007b2250000,0x00000007b3260000)
 ParOldGen       total 170368K, used 90219K [0x0000000706600000, 0x0000000710c60000, 0x00000007accb0000)
  object space 170368K, 52% used [0x0000000706600000,0x000000070be1acf0,0x0000000710c60000)
 PSPermGen       total 48320K, used 47947K [0x0000000701400000, 0x0000000704330000, 0x0000000706600000)
  object space 48320K, 99% used [0x0000000701400000,0x00000007042d2ee0,0x0000000704330000)
}
Event: 9873.701 GC heap before
{Heap before GC invocations=367 (full 161):
 PSYoungGen      total 77248K, used 77192K [0x00000007accb0000, 0x00000007b3260000, 0x0000000800000000)
  eden space 71232K, 100% used [0x00000007accb0000,0x00000007b1240000,0x00000007b1240000)
  from space 6016K, 99% used [0x00000007b1420000,0x00000007b19f2290,0x00000007b1a00000)
  to   space 16448K, 0% used [0x00000007b2250000,0x00000007b2250000,0x00000007b3260000)
 ParOldGen       total 170368K, used 90219K [0x0000000706600000, 0x0000000710c60000, 0x00000007accb0000)
  object space 170368K, 52% used [0x0000000706600000,0x000000070be1acf0,0x0000000710c60000)
 PSPermGen       total 48320K, used 47947K [0x0000000701400000, 0x0000000704330000, 0x0000000706600000)
  object space 48320K, 99% used [0x0000000701400000,0x00000007042d2f00,0x0000000704330000)
Event: 9873.705 GC heap after
Heap after GC invocations=367 (full 161):
 PSYoungGen      total 84672K, used 16270K [0x00000007accb0000, 0x00000007b3670000, 0x0000000800000000)
  eden space 68224K, 0% used [0x00000007accb0000,0x00000007accb0000,0x00000007b0f50000)
  from space 16448K, 98% used [0x00000007b2250000,0x00000007b3233990,0x00000007b3260000)
  to   space 19456K, 0% used [0x00000007b0f50000,0x00000007b0f50000,0x00000007b2250000)
 ParOldGen       total 170368K, used 94372K [0x0000000706600000, 0x0000000710c60000, 0x00000007accb0000)
  object space 170368K, 55% used [0x0000000706600000,0x000000070c229188,0x0000000710c60000)
 PSPermGen       total 48320K, used 47947K [0x0000000701400000, 0x0000000704330000, 0x0000000706600000)
  object space 48320K, 99% used [0x0000000701400000,0x00000007042d2f00,0x0000000704330000)
}
Event: 9874.371 GC heap before
{Heap before GC invocations=368 (full 161):
 PSYoungGen      total 84672K, used 84494K [0x00000007accb0000, 0x00000007b3670000, 0x0000000800000000)
  eden space 68224K, 100% used [0x00000007accb0000,0x00000007b0f50000,0x00000007b0f50000)
  from space 16448K, 98% used [0x00000007b2250000,0x00000007b3233990,0x00000007b3260000)
  to   space 19456K, 0% used [0x00000007b0f50000,0x00000007b0f50000,0x00000007b2250000)
 ParOldGen       total 170368K, used 94372K [0x0000000706600000, 0x0000000710c60000, 0x00000007accb0000)
  object space 170368K, 55% used [0x0000000706600000,0x000000070c229188,0x0000000710c60000)
 PSPermGen       total 48320K, used 47947K [0x0000000701400000, 0x0000000704330000, 0x0000000706600000)
  object space 48320K, 99% used [0x0000000701400000,0x00000007042d2f00,0x0000000704330000)
Event: 9874.373 GC heap after
Heap after GC invocations=368 (full 161):
 PSYoungGen      total 71872K, used 5338K [0x00000007accb0000, 0x00000007b3140000, 0x0000000800000000)
  eden space 66496K, 0% used [0x00000007accb0000,0x00000007accb0000,0x00000007b0da0000)
  from space 5376K, 99% used [0x00000007b0f50000,0x00000007b1486930,0x00000007b1490000)
  to   space 18240K, 0% used [0x00000007b1f70000,0x00000007b1f70000,0x00000007b3140000)
 ParOldGen       total 170368K, used 100182K [0x0000000706600000, 0x0000000710c60000, 0x00000007accb0000)
  object space 170368K, 58% used [0x0000000706600000,0x000000070c7d5ac8,0x0000000710c60000)
 PSPermGen       total 48320K, used 47947K [0x0000000701400000, 0x0000000704330000, 0x0000000706600000)
  object space 48320K, 99% used [0x0000000701400000,0x00000007042d2f00,0x0000000704330000)
}
Event: 9896.146 GC heap before
{Heap before GC invocations=369 (full 161):
 PSYoungGen      total 71872K, used 40093K [0x00000007accb0000, 0x00000007b3140000, 0x0000000800000000)
  eden space 66496K, 52% used [0x00000007accb0000,0x00000007aeea0c58,0x00000007b0da0000)
  from space 5376K, 99% used [0x00000007b0f50000,0x00000007b1486930,0x00000007b1490000)
  to   space 18240K, 0% used [0x00000007b1f70000,0x00000007b1f70000,0x00000007b3140000)
 ParOldGen       total 170368K, used 100182K [0x0000000706600000, 0x0000000710c60000, 0x00000007accb0000)
  object space 170368K, 58% used [0x0000000706600000,0x000000070c7d5ac8,0x0000000710c60000)
 PSPermGen       total 48320K, used 47949K [0x0000000701400000, 0x0000000704330000, 0x0000000706600000)
  object space 48320K, 99% used [0x0000000701400000,0x00000007042d3680,0x0000000704330000)
Event: 9896.148 GC heap after
Heap after GC invocations=369 (full 161):
 PSYoungGen      total 84224K, used 554K [0x00000007accb0000, 0x00000007b30c0000, 0x0000000800000000)
  eden space 66496K, 0% used [0x00000007accb0000,0x00000007accb0000,0x00000007b0da0000)
  from space 17728K, 3% used [0x00000007b1f70000,0x00000007b1ffa9d0,0x00000007b30c0000)
  to   space 17984K, 0% used [0x00000007b0da0000,0x00000007b0da0000,0x00000007b1f30000)
 ParOldGen       total 170368K, used 105277K [0x0000000706600000, 0x0000000710c60000, 0x00000007accb0000)
  object space 170368K, 61% used [0x0000000706600000,0x000000070cccf5e0,0x0000000710c60000)
 PSPermGen       total 48320K, used 47949K [0x0000000701400000, 0x0000000704330000, 0x0000000706600000)
  object space 48320K, 99% used [0x0000000701400000,0x00000007042d3680,0x0000000704330000)
}
Event: 9896.148 GC heap before
{Heap before GC invocations=370 (full 162):
 PSYoungGen      total 84224K, used 554K [0x00000007accb0000, 0x00000007b30c0000, 0x0000000800000000)
  eden space 66496K, 0% used [0x00000007accb0000,0x00000007accb0000,0x00000007b0da0000)
  from space 17728K, 3% used [0x00000007b1f70000,0x00000007b1ffa9d0,0x00000007b30c0000)
  to   space 17984K, 0% used [0x00000007b0da0000,0x00000007b0da0000,0x00000007b1f30000)
 ParOldGen       total 170368K, used 105277K [0x0000000706600000, 0x0000000710c60000, 0x00000007accb0000)
  object space 170368K, 61% used [0x0000000706600000,0x000000070cccf5e0,0x0000000710c60000)
 PSPermGen       total 48320K, used 47949K [0x0000000701400000, 0x0000000704330000, 0x0000000706600000)
  object space 48320K, 99% used [0x0000000701400000,0x00000007042d3680,0x0000000704330000)
Event: 9896.270 GC heap after
Heap after GC invocations=370 (full 162):
 PSYoungGen      total 84224K, used 0K [0x00000007accb0000, 0x00000007b30c0000, 0x0000000800000000)
  eden space 66496K, 0% used [0x00000007accb0000,0x00000007accb0000,0x00000007b0da0000)
  from space 17728K, 0% used [0x00000007b1f70000,0x00000007b1f70000,0x00000007b30c0000)
  to   space 17984K, 0% used [0x00000007b0da0000,0x00000007b0da0000,0x00000007b1f30000)
 ParOldGen       total 170368K, used 74442K [0x0000000706600000, 0x0000000710c60000, 0x00000007accb0000)
  object space 170368K, 43% used [0x0000000706600000,0x000000070aeb2998,0x0000000710c60000)
 PSPermGen       total 48320K, used 47949K [0x0000000701400000, 0x0000000704330000, 0x0000000706600000)
  object space 48320K, 99% used [0x0000000701400000,0x00000007042d3600,0x0000000704330000)
}

