# JRE version: 7.0_25-b17
# Java VM: Java HotSpot(TM) 64-Bit Server VM (23.25-b01 mixed mode windows-amd64 compressed oops)
Heap
 PSYoungGen      total 427008K, used 30425K [0x00000007accb0000, 0x00000007c9c10000, 0x0000000800000000)
  eden space 426496K, 7% used [0x00000007accb0000,0x00000007aea66480,0x00000007c6d30000)
  from space 512K, 0% used [0x00000007c6d30000,0x00000007c6d30000,0x00000007c6db0000)
  to   space 24000K, 0% used [0x00000007c84a0000,0x00000007c84a0000,0x00000007c9c10000)
 ParOldGen       total 170368K, used 80202K [0x0000000706600000, 0x0000000710c60000, 0x00000007accb0000)
  object space 170368K, 47% used [0x0000000706600000,0x000000070b452bf0,0x0000000710c60000)
 PSPermGen       total 48256K, used 47934K [0x0000000701400000, 0x0000000704320000, 0x0000000706600000)
  object space 48256K, 99% used [0x0000000701400000,0x00000007042cf970,0x0000000704320000)
GC Heap History (10 events):
Event: 2492.156 GC heap before
{Heap before GC invocations=83 (full 36):
 PSYoungGen      total 426560K, used 64K [0x00000007accb0000, 0x00000007ca070000, 0x0000000800000000)
  eden space 426496K, 0% used [0x00000007accb0000,0x00000007accb0000,0x00000007c6d30000)
  from space 64K, 100% used [0x00000007c6d30000,0x00000007c6d40000,0x00000007c6d40000)
  to   space 26240K, 0% used [0x00000007c86d0000,0x00000007c86d0000,0x00000007ca070000)
 ParOldGen       total 170368K, used 80057K [0x0000000706600000, 0x0000000710c60000, 0x00000007accb0000)
  object space 170368K, 46% used [0x0000000706600000,0x000000070b42e490,0x0000000710c60000)
 PSPermGen       total 48448K, used 47810K [0x0000000701400000, 0x0000000704350000, 0x0000000706600000)
  object space 48448K, 98% used [0x0000000701400000,0x00000007042b0a08,0x0000000704350000)
Event: 2492.285 GC heap after
Heap after GC invocations=83 (full 36):
 PSYoungGen      total 426560K, used 0K [0x00000007accb0000, 0x00000007ca070000, 0x0000000800000000)
  eden space 426496K, 0% used [0x00000007accb0000,0x00000007accb0000,0x00000007c6d30000)
  from space 64K, 0% used [0x00000007c6d30000,0x00000007c6d30000,0x00000007c6d40000)
  to   space 26240K, 0% used [0x00000007c86d0000,0x00000007c86d0000,0x00000007ca070000)
 ParOldGen       total 170368K, used 80057K [0x0000000706600000, 0x0000000710c60000, 0x00000007accb0000)
  object space 170368K, 46% used [0x0000000706600000,0x000000070b42e490,0x0000000710c60000)
 PSPermGen       total 48384K, used 47810K [0x0000000701400000, 0x0000000704340000, 0x0000000706600000)
  object space 48384K, 98% used [0x0000000701400000,0x00000007042b0a08,0x0000000704340000)
}
Event: 2589.255 GC heap before
{Heap before GC invocations=84 (full 36):
 PSYoungGen      total 426560K, used 52723K [0x00000007accb0000, 0x00000007ca070000, 0x0000000800000000)
  eden space 426496K, 12% used [0x00000007accb0000,0x00000007b002cf18,0x00000007c6d30000)
  from space 64K, 0% used [0x00000007c6d30000,0x00000007c6d30000,0x00000007c6d40000)
  to   space 26240K, 0% used [0x00000007c86d0000,0x00000007c86d0000,0x00000007ca070000)
 ParOldGen       total 170368K, used 80057K [0x0000000706600000, 0x0000000710c60000, 0x00000007accb0000)
  object space 170368K, 46% used [0x0000000706600000,0x000000070b42e490,0x0000000710c60000)
 PSPermGen       total 48384K, used 47917K [0x0000000701400000, 0x0000000704340000, 0x0000000706600000)
  object space 48384K, 99% used [0x0000000701400000,0x00000007042cb508,0x0000000704340000)
Event: 2589.260 GC heap after
Heap after GC invocations=84 (full 36):
 PSYoungGen      total 450560K, used 416K [0x00000007accb0000, 0x00000007c9e50000, 0x0000000800000000)
  eden space 426496K, 0% used [0x00000007accb0000,0x00000007accb0000,0x00000007c6d30000)
  from space 24064K, 1% used [0x00000007c86d0000,0x00000007c8738000,0x00000007c9e50000)
  to   space 25152K, 0% used [0x00000007c6d30000,0x00000007c6d30000,0x00000007c85c0000)
 ParOldGen       total 170368K, used 80057K [0x0000000706600000, 0x0000000710c60000, 0x00000007accb0000)
  object space 170368K, 46% used [0x0000000706600000,0x000000070b42e490,0x0000000710c60000)
 PSPermGen       total 48384K, used 47917K [0x0000000701400000, 0x0000000704340000, 0x0000000706600000)
  object space 48384K, 99% used [0x0000000701400000,0x00000007042cb508,0x0000000704340000)
}
Event: 2589.260 GC heap before
{Heap before GC invocations=85 (full 37):
 PSYoungGen      total 450560K, used 416K [0x00000007accb0000, 0x00000007c9e50000, 0x0000000800000000)
  eden space 426496K, 0% used [0x00000007accb0000,0x00000007accb0000,0x00000007c6d30000)
  from space 24064K, 1% used [0x00000007c86d0000,0x00000007c8738000,0x00000007c9e50000)
  to   space 25152K, 0% used [0x00000007c6d30000,0x00000007c6d30000,0x00000007c85c0000)
 ParOldGen       total 170368K, used 80057K [0x0000000706600000, 0x0000000710c60000, 0x00000007accb0000)
  object space 170368K, 46% used [0x0000000706600000,0x000000070b42e490,0x0000000710c60000)
 PSPermGen       total 48384K, used 47917K [0x0000000701400000, 0x0000000704340000, 0x0000000706600000)
  object space 48384K, 99% used [0x0000000701400000,0x00000007042cb508,0x0000000704340000)
Event: 2589.467 GC heap after
Heap after GC invocations=85 (full 37):
 PSYoungGen      total 450560K, used 0K [0x00000007accb0000, 0x00000007c9e50000, 0x0000000800000000)
  eden space 426496K, 0% used [0x00000007accb0000,0x00000007accb0000,0x00000007c6d30000)
  from space 24064K, 0% used [0x00000007c86d0000,0x00000007c86d0000,0x00000007c9e50000)
  to   space 25152K, 0% used [0x00000007c6d30000,0x00000007c6d30000,0x00000007c85c0000)
 ParOldGen       total 170368K, used 80150K [0x0000000706600000, 0x0000000710c60000, 0x00000007accb0000)
  object space 170368K, 47% used [0x0000000706600000,0x000000070b445910,0x0000000710c60000)
 PSPermGen       total 48256K, used 47917K [0x0000000701400000, 0x0000000704320000, 0x0000000706600000)
  object space 48256K, 99% used [0x0000000701400000,0x00000007042cb408,0x0000000704320000)
}
Event: 2662.086 GC heap before
{Heap before GC invocations=86 (full 37):
 PSYoungGen      total 450560K, used 59992K [0x00000007accb0000, 0x00000007c9e50000, 0x0000000800000000)
  eden space 426496K, 14% used [0x00000007accb0000,0x00000007b0746370,0x00000007c6d30000)
  from space 24064K, 0% used [0x00000007c86d0000,0x00000007c86d0000,0x00000007c9e50000)
  to   space 25152K, 0% used [0x00000007c6d30000,0x00000007c6d30000,0x00000007c85c0000)
 ParOldGen       total 170368K, used 80150K [0x0000000706600000, 0x0000000710c60000, 0x00000007accb0000)
  object space 170368K, 47% used [0x0000000706600000,0x000000070b445910,0x0000000710c60000)
 PSPermGen       total 48256K, used 47934K [0x0000000701400000, 0x0000000704320000, 0x0000000706600000)
  object space 48256K, 99% used [0x0000000701400000,0x00000007042cfa30,0x0000000704320000)
Event: 2662.095 GC heap after
Heap after GC invocations=86 (full 37):
 PSYoungGen      total 427008K, used 512K [0x00000007accb0000, 0x00000007c9c10000, 0x0000000800000000)
  eden space 426496K, 0% used [0x00000007accb0000,0x00000007accb0000,0x00000007c6d30000)
  from space 512K, 100% used [0x00000007c6d30000,0x00000007c6db0000,0x00000007c6db0000)
  to   space 24000K, 0% used [0x00000007c84a0000,0x00000007c84a0000,0x00000007c9c10000)
 ParOldGen       total 170368K, used 80150K [0x0000000706600000, 0x0000000710c60000, 0x00000007accb0000)
  object space 170368K, 47% used [0x0000000706600000,0x000000070b445910,0x0000000710c60000)
 PSPermGen       total 48256K, used 47934K [0x0000000701400000, 0x0000000704320000, 0x0000000706600000)
  object space 48256K, 99% used [0x0000000701400000,0x00000007042cfa30,0x0000000704320000)
}
Event: 2662.095 GC heap before
{Heap before GC invocations=87 (full 38):
 PSYoungGen      total 427008K, used 512K [0x00000007accb0000, 0x00000007c9c10000, 0x0000000800000000)
  eden space 426496K, 0% used [0x00000007accb0000,0x00000007accb0000,0x00000007c6d30000)
  from space 512K, 100% used [0x00000007c6d30000,0x00000007c6db0000,0x00000007c6db0000)
  to   space 24000K, 0% used [0x00000007c84a0000,0x00000007c84a0000,0x00000007c9c10000)
 ParOldGen       total 170368K, used 80150K [0x0000000706600000, 0x0000000710c60000, 0x00000007accb0000)
  object space 170368K, 47% used [0x0000000706600000,0x000000070b445910,0x0000000710c60000)
 PSPermGen       total 48256K, used 47934K [0x0000000701400000, 0x0000000704320000, 0x0000000706600000)
  object space 48256K, 99% used [0x0000000701400000,0x00000007042cfa30,0x0000000704320000)
Event: 2662.594 GC heap after
Heap after GC invocations=87 (full 38):
 PSYoungGen      total 427008K, used 0K [0x00000007accb0000, 0x00000007c9c10000, 0x0000000800000000)
  eden space 426496K, 0% used [0x00000007accb0000,0x00000007accb0000,0x00000007c6d30000)
  from space 512K, 0% used [0x00000007c6d30000,0x00000007c6d30000,0x00000007c6db0000)
  to   space 24000K, 0% used [0x00000007c84a0000,0x00000007c84a0000,0x00000007c9c10000)
 ParOldGen       total 170368K, used 80202K [0x0000000706600000, 0x0000000710c60000, 0x00000007accb0000)
  object space 170368K, 47% used [0x0000000706600000,0x000000070b452bf0,0x0000000710c60000)
 PSPermGen       total 48256K, used 47934K [0x0000000701400000, 0x0000000704320000, 0x0000000706600000)
  object space 48256K, 99% used [0x0000000701400000,0x00000007042cf970,0x0000000704320000)
}

