# JRE version: 7.0_25-b17
# Java VM: Java HotSpot(TM) 64-Bit Server VM (23.25-b01 mixed mode windows-amd64 compressed oops)
Heap
 PSYoungGen      total 38080K, used 11554K [0x00000007ab800000, 0x00000007ae0e0000, 0x0000000800000000)
  eden space 37120K, 28% used [0x00000007ab800000,0x00000007ac25f310,0x00000007adc40000)
  from space 960K, 97% used [0x00000007add50000,0x00000007ade39820,0x00000007ade40000)
  to   space 2368K, 0% used [0x00000007ade90000,0x00000007ade90000,0x00000007ae0e0000)
 ParOldGen       total 196160K, used 128204K [0x0000000702800000, 0x000000070e790000, 0x00000007ab800000)
  object space 196160K, 65% used [0x0000000702800000,0x000000070a533050,0x000000070e790000)
 PSPermGen       total 79040K, used 46944K [0x00000006fd600000, 0x0000000702330000, 0x0000000702800000)
  object space 79040K, 59% used [0x00000006fd600000,0x00000007003d82d8,0x0000000702330000)
GC Heap History (10 events):
Event: 556.602 GC heap before
{Heap before GC invocations=181 (full 8):
 PSYoungGen      total 42944K, used 42083K [0x00000007ab800000, 0x00000007ae460000, 0x0000000800000000)
  eden space 40704K, 99% used [0x00000007ab800000,0x00000007adfbf400,0x00000007adfc0000)
  from space 2240K, 61% used [0x00000007ae230000,0x00000007ae389810,0x00000007ae460000)
  to   space 2368K, 0% used [0x00000007adfc0000,0x00000007adfc0000,0x00000007ae210000)
 ParOldGen       total 196160K, used 127908K [0x0000000702800000, 0x000000070e790000, 0x00000007ab800000)
  object space 196160K, 65% used [0x0000000702800000,0x000000070a4e9050,0x000000070e790000)
 PSPermGen       total 79040K, used 46940K [0x00000006fd600000, 0x0000000702330000, 0x0000000702800000)
  object space 79040K, 59% used [0x00000006fd600000,0x00000007003d7298,0x0000000702330000)
Event: 556.604 GC heap after
Heap after GC invocations=181 (full 8):
 PSYoungGen      total 41728K, used 1764K [0x00000007ab800000, 0x00000007ae3a0000, 0x0000000800000000)
  eden space 39936K, 0% used [0x00000007ab800000,0x00000007ab800000,0x00000007adf00000)
  from space 1792K, 98% used [0x00000007adfc0000,0x00000007ae1793a8,0x00000007ae180000)
  to   space 2176K, 0% used [0x00000007ae180000,0x00000007ae180000,0x00000007ae3a0000)
 ParOldGen       total 196160K, used 127972K [0x0000000702800000, 0x000000070e790000, 0x00000007ab800000)
  object space 196160K, 65% used [0x0000000702800000,0x000000070a4f9050,0x000000070e790000)
 PSPermGen       total 79040K, used 46940K [0x00000006fd600000, 0x0000000702330000, 0x0000000702800000)
  object space 79040K, 59% used [0x00000006fd600000,0x00000007003d7298,0x0000000702330000)
}
Event: 557.357 GC heap before
{Heap before GC invocations=182 (full 8):
 PSYoungGen      total 41728K, used 41689K [0x00000007ab800000, 0x00000007ae3a0000, 0x0000000800000000)
  eden space 39936K, 99% used [0x00000007ab800000,0x00000007adefd440,0x00000007adf00000)
  from space 1792K, 98% used [0x00000007adfc0000,0x00000007ae1793a8,0x00000007ae180000)
  to   space 2176K, 0% used [0x00000007ae180000,0x00000007ae180000,0x00000007ae3a0000)
 ParOldGen       total 196160K, used 127972K [0x0000000702800000, 0x000000070e790000, 0x00000007ab800000)
  object space 196160K, 65% used [0x0000000702800000,0x000000070a4f9050,0x000000070e790000)
 PSPermGen       total 79040K, used 46940K [0x00000006fd600000, 0x0000000702330000, 0x0000000702800000)
  object space 79040K, 59% used [0x00000006fd600000,0x00000007003d72b8,0x0000000702330000)
Event: 557.359 GC heap after
Heap after GC invocations=182 (full 8):
 PSYoungGen      total 40896K, used 1708K [0x00000007ab800000, 0x00000007ae330000, 0x0000000800000000)
  eden space 39168K, 0% used [0x00000007ab800000,0x00000007ab800000,0x00000007ade40000)
  from space 1728K, 98% used [0x00000007ae180000,0x00000007ae32b100,0x00000007ae330000)
  to   space 2368K, 0% used [0x00000007ade90000,0x00000007ade90000,0x00000007ae0e0000)
 ParOldGen       total 196160K, used 128036K [0x0000000702800000, 0x000000070e790000, 0x00000007ab800000)
  object space 196160K, 65% used [0x0000000702800000,0x000000070a509050,0x000000070e790000)
 PSPermGen       total 79040K, used 46940K [0x00000006fd600000, 0x0000000702330000, 0x0000000702800000)
  object space 79040K, 59% used [0x00000006fd600000,0x00000007003d72b8,0x0000000702330000)
}
Event: 558.342 GC heap before
{Heap before GC invocations=183 (full 8):
 PSYoungGen      total 40896K, used 40876K [0x00000007ab800000, 0x00000007ae330000, 0x0000000800000000)
  eden space 39168K, 100% used [0x00000007ab800000,0x00000007ade40000,0x00000007ade40000)
  from space 1728K, 98% used [0x00000007ae180000,0x00000007ae32b100,0x00000007ae330000)
  to   space 2368K, 0% used [0x00000007ade90000,0x00000007ade90000,0x00000007ae0e0000)
 ParOldGen       total 196160K, used 128036K [0x0000000702800000, 0x000000070e790000, 0x00000007ab800000)
  object space 196160K, 65% used [0x0000000702800000,0x000000070a509050,0x000000070e790000)
 PSPermGen       total 79040K, used 46940K [0x00000006fd600000, 0x0000000702330000, 0x0000000702800000)
  object space 79040K, 59% used [0x00000006fd600000,0x00000007003d72d8,0x0000000702330000)
Event: 558.344 GC heap after
Heap after GC invocations=183 (full 8):
 PSYoungGen      total 40256K, used 1734K [0x00000007ab800000, 0x00000007ae250000, 0x0000000800000000)
  eden space 38464K, 0% used [0x00000007ab800000,0x00000007ab800000,0x00000007add90000)
  from space 1792K, 96% used [0x00000007ade90000,0x00000007ae041820,0x00000007ae050000)
  to   space 2048K, 0% used [0x00000007ae050000,0x00000007ae050000,0x00000007ae250000)
 ParOldGen       total 196160K, used 128092K [0x0000000702800000, 0x000000070e790000, 0x00000007ab800000)
  object space 196160K, 65% used [0x0000000702800000,0x000000070a517050,0x000000070e790000)
 PSPermGen       total 79040K, used 46940K [0x00000006fd600000, 0x0000000702330000, 0x0000000702800000)
  object space 79040K, 59% used [0x00000006fd600000,0x00000007003d72d8,0x0000000702330000)
}
Event: 559.274 GC heap before
{Heap before GC invocations=184 (full 8):
 PSYoungGen      total 40256K, used 40198K [0x00000007ab800000, 0x00000007ae250000, 0x0000000800000000)
  eden space 38464K, 100% used [0x00000007ab800000,0x00000007add90000,0x00000007add90000)
  from space 1792K, 96% used [0x00000007ade90000,0x00000007ae041820,0x00000007ae050000)
  to   space 2048K, 0% used [0x00000007ae050000,0x00000007ae050000,0x00000007ae250000)
 ParOldGen       total 196160K, used 128092K [0x0000000702800000, 0x000000070e790000, 0x00000007ab800000)
  object space 196160K, 65% used [0x0000000702800000,0x000000070a517050,0x000000070e790000)
 PSPermGen       total 79040K, used 46940K [0x00000006fd600000, 0x0000000702330000, 0x0000000702800000)
  object space 79040K, 59% used [0x00000006fd600000,0x00000007003d72d8,0x0000000702330000)
Event: 559.276 GC heap after
Heap after GC invocations=184 (full 8):
 PSYoungGen      total 39424K, used 1612K [0x00000007ab800000, 0x00000007ae1f0000, 0x0000000800000000)
  eden space 37760K, 0% used [0x00000007ab800000,0x00000007ab800000,0x00000007adce0000)
  from space 1664K, 96% used [0x00000007ae050000,0x00000007ae1e30e8,0x00000007ae1f0000)
  to   space 2368K, 0% used [0x00000007add50000,0x00000007add50000,0x00000007adfa0000)
 ParOldGen       total 196160K, used 128156K [0x0000000702800000, 0x000000070e790000, 0x00000007ab800000)
  object space 196160K, 65% used [0x0000000702800000,0x000000070a527050,0x000000070e790000)
 PSPermGen       total 79040K, used 46940K [0x00000006fd600000, 0x0000000702330000, 0x0000000702800000)
  object space 79040K, 59% used [0x00000006fd600000,0x00000007003d72d8,0x0000000702330000)
}
Event: 560.304 GC heap before
{Heap before GC invocations=185 (full 8):
 PSYoungGen      total 39424K, used 39360K [0x00000007ab800000, 0x00000007ae1f0000, 0x0000000800000000)
  eden space 37760K, 99% used [0x00000007ab800000,0x00000007adcdcf30,0x00000007adce0000)
  from space 1664K, 96% used [0x00000007ae050000,0x00000007ae1e30e8,0x00000007ae1f0000)
  to   space 2368K, 0% used [0x00000007add50000,0x00000007add50000,0x00000007adfa0000)
 ParOldGen       total 196160K, used 128156K [0x0000000702800000, 0x000000070e790000, 0x00000007ab800000)
  object space 196160K, 65% used [0x0000000702800000,0x000000070a527050,0x000000070e790000)
 PSPermGen       total 79040K, used 46940K [0x00000006fd600000, 0x0000000702330000, 0x0000000702800000)
  object space 79040K, 59% used [0x00000006fd600000,0x00000007003d72d8,0x0000000702330000)
Event: 560.308 GC heap after
Heap after GC invocations=185 (full 8):
 PSYoungGen      total 38080K, used 934K [0x00000007ab800000, 0x00000007ae0e0000, 0x0000000800000000)
  eden space 37120K, 0% used [0x00000007ab800000,0x00000007ab800000,0x00000007adc40000)
  from space 960K, 97% used [0x00000007add50000,0x00000007ade39820,0x00000007ade40000)
  to   space 2368K, 0% used [0x00000007ade90000,0x00000007ade90000,0x00000007ae0e0000)
 ParOldGen       total 196160K, used 128204K [0x0000000702800000, 0x000000070e790000, 0x00000007ab800000)
  object space 196160K, 65% used [0x0000000702800000,0x000000070a533050,0x000000070e790000)
 PSPermGen       total 79040K, used 46940K [0x00000006fd600000, 0x0000000702330000, 0x0000000702800000)
  object space 79040K, 59% used [0x00000006fd600000,0x00000007003d72d8,0x0000000702330000)
}

