# JRE version: 7.0_25-b17
# Java VM: Java HotSpot(TM) 64-Bit Server VM (23.25-b01 mixed mode windows-amd64 compressed oops)
Heap
 PSYoungGen      total 77568K, used 35146K [0x00000007ab800000, 0x00000007b1ad0000, 0x0000000800000000)
  eden space 55232K, 63% used [0x00000007ab800000,0x00000007ada52850,0x00000007aedf0000)
  from space 22336K, 0% used [0x00000007b0500000,0x00000007b0500000,0x00000007b1ad0000)
  to   space 22976K, 0% used [0x00000007aedf0000,0x00000007aedf0000,0x00000007b0460000)
 ParOldGen       total 173056K, used 87239K [0x0000000702800000, 0x000000070d100000, 0x00000007ab800000)
  object space 173056K, 50% used [0x0000000702800000,0x0000000707d31fc0,0x000000070d100000)
 PSPermGen       total 83968K, used 47557K [0x00000006fd600000, 0x0000000702800000, 0x0000000702800000)
  object space 83968K, 56% used [0x00000006fd600000,0x0000000700471588,0x0000000702800000)
GC Heap History (10 events):
Event: 1766.810 GC heap before
{Heap before GC invocations=45 (full 3):
 PSYoungGen      total 79040K, used 128K [0x00000007ab800000, 0x00000007b1d10000, 0x0000000800000000)
  eden space 55232K, 0% used [0x00000007ab800000,0x00000007ab800000,0x00000007aedf0000)
  from space 23808K, 0% used [0x00000007b05d0000,0x00000007b05f0000,0x00000007b1d10000)
  to   space 24128K, 0% used [0x00000007aedf0000,0x00000007aedf0000,0x00000007b0580000)
 ParOldGen       total 173056K, used 123421K [0x0000000702800000, 0x000000070d100000, 0x00000007ab800000)
  object space 173056K, 71% used [0x0000000702800000,0x000000070a087708,0x000000070d100000)
 PSPermGen       total 83968K, used 46817K [0x00000006fd600000, 0x0000000702800000, 0x0000000702800000)
  object space 83968K, 55% used [0x00000006fd600000,0x00000007003b87b0,0x0000000702800000)
Event: 1766.900 GC heap after
Heap after GC invocations=45 (full 3):
 PSYoungGen      total 79040K, used 0K [0x00000007ab800000, 0x00000007b1d10000, 0x0000000800000000)
  eden space 55232K, 0% used [0x00000007ab800000,0x00000007ab800000,0x00000007aedf0000)
  from space 23808K, 0% used [0x00000007b05d0000,0x00000007b05d0000,0x00000007b1d10000)
  to   space 24128K, 0% used [0x00000007aedf0000,0x00000007aedf0000,0x00000007b0580000)
 ParOldGen       total 173056K, used 87237K [0x0000000702800000, 0x000000070d100000, 0x00000007ab800000)
  object space 173056K, 50% used [0x0000000702800000,0x0000000707d315f8,0x000000070d100000)
 PSPermGen       total 83968K, used 46816K [0x00000006fd600000, 0x0000000702800000, 0x0000000702800000)
  object space 83968K, 55% used [0x00000006fd600000,0x00000007003b82f0,0x0000000702800000)
}
Event: 1826.810 GC heap before
{Heap before GC invocations=46 (full 3):
 PSYoungGen      total 79040K, used 7357K [0x00000007ab800000, 0x00000007b1d10000, 0x0000000800000000)
  eden space 55232K, 13% used [0x00000007ab800000,0x00000007abf2f578,0x00000007aedf0000)
  from space 23808K, 0% used [0x00000007b05d0000,0x00000007b05d0000,0x00000007b1d10000)
  to   space 24128K, 0% used [0x00000007aedf0000,0x00000007aedf0000,0x00000007b0580000)
 ParOldGen       total 173056K, used 87237K [0x0000000702800000, 0x000000070d100000, 0x00000007ab800000)
  object space 173056K, 50% used [0x0000000702800000,0x0000000707d315f8,0x000000070d100000)
 PSPermGen       total 83968K, used 46820K [0x00000006fd600000, 0x0000000702800000, 0x0000000702800000)
  object space 83968K, 55% used [0x00000006fd600000,0x00000007003b92c8,0x0000000702800000)
Event: 1826.813 GC heap after
Heap after GC invocations=46 (full 3):
 PSYoungGen      total 55424K, used 192K [0x00000007ab800000, 0x00000007b1c10000, 0x0000000800000000)
  eden space 55232K, 0% used [0x00000007ab800000,0x00000007ab800000,0x00000007aedf0000)
  from space 192K, 100% used [0x00000007aedf0000,0x00000007aee20000,0x00000007aee20000)
  to   space 23616K, 0% used [0x00000007b0500000,0x00000007b0500000,0x00000007b1c10000)
 ParOldGen       total 173056K, used 87237K [0x0000000702800000, 0x000000070d100000, 0x00000007ab800000)
  object space 173056K, 50% used [0x0000000702800000,0x0000000707d315f8,0x000000070d100000)
 PSPermGen       total 83968K, used 46820K [0x00000006fd600000, 0x0000000702800000, 0x0000000702800000)
  object space 83968K, 55% used [0x00000006fd600000,0x00000007003b92c8,0x0000000702800000)
}
Event: 1826.813 GC heap before
{Heap before GC invocations=47 (full 4):
 PSYoungGen      total 55424K, used 192K [0x00000007ab800000, 0x00000007b1c10000, 0x0000000800000000)
  eden space 55232K, 0% used [0x00000007ab800000,0x00000007ab800000,0x00000007aedf0000)
  from space 192K, 100% used [0x00000007aedf0000,0x00000007aee20000,0x00000007aee20000)
  to   space 23616K, 0% used [0x00000007b0500000,0x00000007b0500000,0x00000007b1c10000)
 ParOldGen       total 173056K, used 87237K [0x0000000702800000, 0x000000070d100000, 0x00000007ab800000)
  object space 173056K, 50% used [0x0000000702800000,0x0000000707d315f8,0x000000070d100000)
 PSPermGen       total 83968K, used 46820K [0x00000006fd600000, 0x0000000702800000, 0x0000000702800000)
  object space 83968K, 55% used [0x00000006fd600000,0x00000007003b92c8,0x0000000702800000)
Event: 1826.931 GC heap after
Heap after GC invocations=47 (full 4):
 PSYoungGen      total 55424K, used 0K [0x00000007ab800000, 0x00000007b1c10000, 0x0000000800000000)
  eden space 55232K, 0% used [0x00000007ab800000,0x00000007ab800000,0x00000007aedf0000)
  from space 192K, 0% used [0x00000007aedf0000,0x00000007aedf0000,0x00000007aee20000)
  to   space 23616K, 0% used [0x00000007b0500000,0x00000007b0500000,0x00000007b1c10000)
 ParOldGen       total 173056K, used 87239K [0x0000000702800000, 0x000000070d100000, 0x00000007ab800000)
  object space 173056K, 50% used [0x0000000702800000,0x0000000707d31fc0,0x000000070d100000)
 PSPermGen       total 83968K, used 46820K [0x00000006fd600000, 0x0000000702800000, 0x0000000702800000)
  object space 83968K, 55% used [0x00000006fd600000,0x00000007003b9288,0x0000000702800000)
}
Event: 1886.819 GC heap before
{Heap before GC invocations=48 (full 4):
 PSYoungGen      total 55424K, used 1357K [0x00000007ab800000, 0x00000007b1c10000, 0x0000000800000000)
  eden space 55232K, 2% used [0x00000007ab800000,0x00000007ab9535a8,0x00000007aedf0000)
  from space 192K, 0% used [0x00000007aedf0000,0x00000007aedf0000,0x00000007aee20000)
  to   space 23616K, 0% used [0x00000007b0500000,0x00000007b0500000,0x00000007b1c10000)
 ParOldGen       total 173056K, used 87239K [0x0000000702800000, 0x000000070d100000, 0x00000007ab800000)
  object space 173056K, 50% used [0x0000000702800000,0x0000000707d31fc0,0x000000070d100000)
 PSPermGen       total 83968K, used 46820K [0x00000006fd600000, 0x0000000702800000, 0x0000000702800000)
  object space 83968K, 55% used [0x00000006fd600000,0x00000007003b9288,0x0000000702800000)
Event: 1886.822 GC heap after
Heap after GC invocations=48 (full 4):
 PSYoungGen      total 77568K, used 96K [0x00000007ab800000, 0x00000007b1ad0000, 0x0000000800000000)
  eden space 55232K, 0% used [0x00000007ab800000,0x00000007ab800000,0x00000007aedf0000)
  from space 22336K, 0% used [0x00000007b0500000,0x00000007b0518000,0x00000007b1ad0000)
  to   space 22976K, 0% used [0x00000007aedf0000,0x00000007aedf0000,0x00000007b0460000)
 ParOldGen       total 173056K, used 87239K [0x0000000702800000, 0x000000070d100000, 0x00000007ab800000)
  object space 173056K, 50% used [0x0000000702800000,0x0000000707d31fc0,0x000000070d100000)
 PSPermGen       total 83968K, used 46820K [0x00000006fd600000, 0x0000000702800000, 0x0000000702800000)
  object space 83968K, 55% used [0x00000006fd600000,0x00000007003b9288,0x0000000702800000)
}
Event: 1886.822 GC heap before
{Heap before GC invocations=49 (full 5):
 PSYoungGen      total 77568K, used 96K [0x00000007ab800000, 0x00000007b1ad0000, 0x0000000800000000)
  eden space 55232K, 0% used [0x00000007ab800000,0x00000007ab800000,0x00000007aedf0000)
  from space 22336K, 0% used [0x00000007b0500000,0x00000007b0518000,0x00000007b1ad0000)
  to   space 22976K, 0% used [0x00000007aedf0000,0x00000007aedf0000,0x00000007b0460000)
 ParOldGen       total 173056K, used 87239K [0x0000000702800000, 0x000000070d100000, 0x00000007ab800000)
  object space 173056K, 50% used [0x0000000702800000,0x0000000707d31fc0,0x000000070d100000)
 PSPermGen       total 83968K, used 46820K [0x00000006fd600000, 0x0000000702800000, 0x0000000702800000)
  object space 83968K, 55% used [0x00000006fd600000,0x00000007003b9288,0x0000000702800000)
Event: 1886.883 GC heap after
Heap after GC invocations=49 (full 5):
 PSYoungGen      total 77568K, used 0K [0x00000007ab800000, 0x00000007b1ad0000, 0x0000000800000000)
  eden space 55232K, 0% used [0x00000007ab800000,0x00000007ab800000,0x00000007aedf0000)
  from space 22336K, 0% used [0x00000007b0500000,0x00000007b0500000,0x00000007b1ad0000)
  to   space 22976K, 0% used [0x00000007aedf0000,0x00000007aedf0000,0x00000007b0460000)
 ParOldGen       total 173056K, used 87239K [0x0000000702800000, 0x000000070d100000, 0x00000007ab800000)
  object space 173056K, 50% used [0x0000000702800000,0x0000000707d31fc0,0x000000070d100000)
 PSPermGen       total 83968K, used 46820K [0x00000006fd600000, 0x0000000702800000, 0x0000000702800000)
  object space 83968K, 55% used [0x00000006fd600000,0x00000007003b9268,0x0000000702800000)
}

