# JRE version: 7.0_25-b17
# Java VM: Java HotSpot(TM) 64-Bit Server VM (23.25-b01 mixed mode windows-amd64 compressed oops)
Heap
 PSYoungGen      total 130624K, used 3864K [0x00000007ab800000, 0x00000007b5360000, 0x0000000800000000)
  eden space 104960K, 3% used [0x00000007ab800000,0x00000007abbc6100,0x00000007b1e80000)
  from space 25664K, 0% used [0x00000007b1e80000,0x00000007b1e80000,0x00000007b3790000)
  to   space 27072K, 0% used [0x00000007b38f0000,0x00000007b38f0000,0x00000007b5360000)
 ParOldGen       total 193856K, used 84767K [0x0000000702800000, 0x000000070e550000, 0x00000007ab800000)
  object space 193856K, 43% used [0x0000000702800000,0x0000000707ac7c90,0x000000070e550000)
 PSPermGen       total 48768K, used 48412K [0x00000006fd600000, 0x00000007005a0000, 0x0000000702800000)
  object space 48768K, 99% used [0x00000006fd600000,0x0000000700547080,0x00000007005a0000)
GC Heap History (10 events):
Event: 6554.765 GC heap before
{Heap before GC invocations=180 (full 76):
 PSYoungGen      total 130624K, used 130609K [0x00000007ab800000, 0x00000007b4c50000, 0x0000000800000000)
  eden space 115520K, 100% used [0x00000007ab800000,0x00000007b28d0000,0x00000007b28d0000)
  from space 15104K, 99% used [0x00000007b2c90000,0x00000007b3b4c5f0,0x00000007b3b50000)
  to   space 17408K, 0% used [0x00000007b3b50000,0x00000007b3b50000,0x00000007b4c50000)
 ParOldGen       total 193856K, used 83373K [0x0000000702800000, 0x000000070e550000, 0x00000007ab800000)
  object space 193856K, 43% used [0x0000000702800000,0x000000070796b738,0x000000070e550000)
 PSPermGen       total 48704K, used 48392K [0x00000006fd600000, 0x0000000700590000, 0x0000000702800000)
  object space 48704K, 99% used [0x00000006fd600000,0x00000007005423f0,0x0000000700590000)
Event: 6554.769 GC heap after
Heap after GC invocations=180 (full 76):
 PSYoungGen      total 129280K, used 17385K [0x00000007ab800000, 0x00000007b4fe0000, 0x0000000800000000)
  eden space 111872K, 0% used [0x00000007ab800000,0x00000007ab800000,0x00000007b2540000)
  from space 17408K, 99% used [0x00000007b3b50000,0x00000007b4c4a4f8,0x00000007b4c50000)
  to   space 21824K, 0% used [0x00000007b2540000,0x00000007b2540000,0x00000007b3a90000)
 ParOldGen       total 193856K, used 84373K [0x0000000702800000, 0x000000070e550000, 0x00000007ab800000)
  object space 193856K, 43% used [0x0000000702800000,0x0000000707a65738,0x000000070e550000)
 PSPermGen       total 48704K, used 48392K [0x00000006fd600000, 0x0000000700590000, 0x0000000702800000)
  object space 48704K, 99% used [0x00000006fd600000,0x00000007005423f0,0x0000000700590000)
}
Event: 6555.931 GC heap before
{Heap before GC invocations=181 (full 76):
 PSYoungGen      total 129280K, used 129257K [0x00000007ab800000, 0x00000007b4fe0000, 0x0000000800000000)
  eden space 111872K, 100% used [0x00000007ab800000,0x00000007b2540000,0x00000007b2540000)
  from space 17408K, 99% used [0x00000007b3b50000,0x00000007b4c4a4f8,0x00000007b4c50000)
  to   space 21824K, 0% used [0x00000007b2540000,0x00000007b2540000,0x00000007b3a90000)
 ParOldGen       total 193856K, used 84373K [0x0000000702800000, 0x000000070e550000, 0x00000007ab800000)
  object space 193856K, 43% used [0x0000000702800000,0x0000000707a65738,0x000000070e550000)
 PSPermGen       total 48704K, used 48393K [0x00000006fd600000, 0x0000000700590000, 0x0000000702800000)
  object space 48704K, 99% used [0x00000006fd600000,0x0000000700542660,0x0000000700590000)
Event: 6555.934 GC heap after
Heap after GC invocations=181 (full 76):
 PSYoungGen      total 124288K, used 15935K [0x00000007ab800000, 0x00000007b5050000, 0x0000000800000000)
  eden space 108352K, 0% used [0x00000007ab800000,0x00000007ab800000,0x00000007b21d0000)
  from space 15936K, 99% used [0x00000007b2540000,0x00000007b34cfcd0,0x00000007b34d0000)
  to   space 23808K, 0% used [0x00000007b3910000,0x00000007b3910000,0x00000007b5050000)
 ParOldGen       total 193856K, used 84373K [0x0000000702800000, 0x000000070e550000, 0x00000007ab800000)
  object space 193856K, 43% used [0x0000000702800000,0x0000000707a65738,0x000000070e550000)
 PSPermGen       total 48704K, used 48393K [0x00000006fd600000, 0x0000000700590000, 0x0000000702800000)
  object space 48704K, 99% used [0x00000006fd600000,0x0000000700542660,0x0000000700590000)
}
Event: 6607.754 GC heap before
{Heap before GC invocations=182 (full 76):
 PSYoungGen      total 124288K, used 124287K [0x00000007ab800000, 0x00000007b5050000, 0x0000000800000000)
  eden space 108352K, 100% used [0x00000007ab800000,0x00000007b21d0000,0x00000007b21d0000)
  from space 15936K, 99% used [0x00000007b2540000,0x00000007b34cfcd0,0x00000007b34d0000)
  to   space 23808K, 0% used [0x00000007b3910000,0x00000007b3910000,0x00000007b5050000)
 ParOldGen       total 193856K, used 84373K [0x0000000702800000, 0x000000070e550000, 0x00000007ab800000)
  object space 193856K, 43% used [0x0000000702800000,0x0000000707a65738,0x000000070e550000)
 PSPermGen       total 48704K, used 48407K [0x00000006fd600000, 0x0000000700590000, 0x0000000702800000)
  object space 48704K, 99% used [0x00000006fd600000,0x0000000700545e50,0x0000000700590000)
Event: 6607.757 GC heap after
Heap after GC invocations=182 (full 76):
 PSYoungGen      total 128768K, used 16713K [0x00000007ab800000, 0x00000007b50a0000, 0x0000000800000000)
  eden space 104960K, 0% used [0x00000007ab800000,0x00000007ab800000,0x00000007b1e80000)
  from space 23808K, 70% used [0x00000007b3910000,0x00000007b4962650,0x00000007b5050000)
  to   space 25664K, 0% used [0x00000007b1e80000,0x00000007b1e80000,0x00000007b3790000)
 ParOldGen       total 193856K, used 84373K [0x0000000702800000, 0x000000070e550000, 0x00000007ab800000)
  object space 193856K, 43% used [0x0000000702800000,0x0000000707a65738,0x000000070e550000)
 PSPermGen       total 48704K, used 48407K [0x00000006fd600000, 0x0000000700590000, 0x0000000702800000)
  object space 48704K, 99% used [0x00000006fd600000,0x0000000700545e50,0x0000000700590000)
}
Event: 6610.703 GC heap before
{Heap before GC invocations=183 (full 76):
 PSYoungGen      total 128768K, used 21939K [0x00000007ab800000, 0x00000007b50a0000, 0x0000000800000000)
  eden space 104960K, 4% used [0x00000007ab800000,0x00000007abd1a828,0x00000007b1e80000)
  from space 23808K, 70% used [0x00000007b3910000,0x00000007b4962650,0x00000007b5050000)
  to   space 25664K, 0% used [0x00000007b1e80000,0x00000007b1e80000,0x00000007b3790000)
 ParOldGen       total 193856K, used 84373K [0x0000000702800000, 0x000000070e550000, 0x00000007ab800000)
  object space 193856K, 43% used [0x0000000702800000,0x0000000707a65738,0x000000070e550000)
 PSPermGen       total 48704K, used 48410K [0x00000006fd600000, 0x0000000700590000, 0x0000000702800000)
  object space 48704K, 99% used [0x00000006fd600000,0x0000000700546938,0x0000000700590000)
Event: 6610.706 GC heap after
Heap after GC invocations=183 (full 76):
 PSYoungGen      total 130624K, used 16744K [0x00000007ab800000, 0x00000007b5360000, 0x0000000800000000)
  eden space 104960K, 0% used [0x00000007ab800000,0x00000007ab800000,0x00000007b1e80000)
  from space 25664K, 65% used [0x00000007b1e80000,0x00000007b2eda258,0x00000007b3790000)
  to   space 27072K, 0% used [0x00000007b38f0000,0x00000007b38f0000,0x00000007b5360000)
 ParOldGen       total 193856K, used 84373K [0x0000000702800000, 0x000000070e550000, 0x00000007ab800000)
  object space 193856K, 43% used [0x0000000702800000,0x0000000707a65738,0x000000070e550000)
 PSPermGen       total 48704K, used 48410K [0x00000006fd600000, 0x0000000700590000, 0x0000000702800000)
  object space 48704K, 99% used [0x00000006fd600000,0x0000000700546938,0x0000000700590000)
}
Event: 6610.706 GC heap before
{Heap before GC invocations=184 (full 77):
 PSYoungGen      total 130624K, used 16744K [0x00000007ab800000, 0x00000007b5360000, 0x0000000800000000)
  eden space 104960K, 0% used [0x00000007ab800000,0x00000007ab800000,0x00000007b1e80000)
  from space 25664K, 65% used [0x00000007b1e80000,0x00000007b2eda258,0x00000007b3790000)
  to   space 27072K, 0% used [0x00000007b38f0000,0x00000007b38f0000,0x00000007b5360000)
 ParOldGen       total 193856K, used 84373K [0x0000000702800000, 0x000000070e550000, 0x00000007ab800000)
  object space 193856K, 43% used [0x0000000702800000,0x0000000707a65738,0x000000070e550000)
 PSPermGen       total 48704K, used 48410K [0x00000006fd600000, 0x0000000700590000, 0x0000000702800000)
  object space 48704K, 99% used [0x00000006fd600000,0x0000000700546938,0x0000000700590000)
Event: 6610.802 GC heap after
Heap after GC invocations=184 (full 77):
 PSYoungGen      total 130624K, used 0K [0x00000007ab800000, 0x00000007b5360000, 0x0000000800000000)
  eden space 104960K, 0% used [0x00000007ab800000,0x00000007ab800000,0x00000007b1e80000)
  from space 25664K, 0% used [0x00000007b1e80000,0x00000007b1e80000,0x00000007b3790000)
  to   space 27072K, 0% used [0x00000007b38f0000,0x00000007b38f0000,0x00000007b5360000)
 ParOldGen       total 193856K, used 84767K [0x0000000702800000, 0x000000070e550000, 0x00000007ab800000)
  object space 193856K, 43% used [0x0000000702800000,0x0000000707ac7c90,0x000000070e550000)
 PSPermGen       total 48768K, used 48410K [0x00000006fd600000, 0x00000007005a0000, 0x0000000702800000)
  object space 48768K, 99% used [0x00000006fd600000,0x0000000700546858,0x00000007005a0000)
}

