# JRE version: 7.0_25-b17
# Java VM: Java HotSpot(TM) 64-Bit Server VM (23.25-b01 mixed mode windows-amd64 compressed oops)
Heap
 PSYoungGen      total 98048K, used 47348K [0x00000007ab800000, 0x00000007b30c0000, 0x0000000800000000)
  eden space 73728K, 64% used [0x00000007ab800000,0x00000007ae63d028,0x00000007b0000000)
  from space 24320K, 0% used [0x00000007b1900000,0x00000007b1900000,0x00000007b30c0000)
  to   space 24960K, 0% used [0x00000007b0000000,0x00000007b0000000,0x00000007b1860000)
 ParOldGen       total 185152K, used 87050K [0x0000000702800000, 0x000000070dcd0000, 0x00000007ab800000)
  object space 185152K, 47% used [0x0000000702800000,0x0000000707d02bc0,0x000000070dcd0000)
 PSPermGen       total 48128K, used 47405K [0x00000006fd600000, 0x0000000700500000, 0x0000000702800000)
  object space 48128K, 98% used [0x00000006fd600000,0x000000070044b4e8,0x0000000700500000)
GC Heap History (10 events):
Event: 1856.416 GC heap before
{Heap before GC invocations=123 (full 30):
 PSYoungGen      total 82368K, used 63337K [0x00000007ab800000, 0x00000007b2340000, 0x0000000800000000)
  eden space 58112K, 100% used [0x00000007ab800000,0x00000007af0c0000,0x00000007af0c0000)
  from space 24256K, 21% used [0x00000007b0b90000,0x00000007b10aa778,0x00000007b2340000)
  to   space 25856K, 0% used [0x00000007af0c0000,0x00000007af0c0000,0x00000007b0a00000)
 ParOldGen       total 185152K, used 149710K [0x0000000702800000, 0x000000070dcd0000, 0x00000007ab800000)
  object space 185152K, 80% used [0x0000000702800000,0x000000070ba33b18,0x000000070dcd0000)
 PSPermGen       total 48192K, used 47280K [0x00000006fd600000, 0x0000000700510000, 0x0000000702800000)
  object space 48192K, 98% used [0x00000006fd600000,0x000000070042c2f0,0x0000000700510000)
Event: 1856.419 GC heap after
Heap after GC invocations=123 (full 30):
 PSYoungGen      total 83968K, used 3085K [0x00000007ab800000, 0x00000007b29c0000, 0x0000000800000000)
  eden space 58112K, 0% used [0x00000007ab800000,0x00000007ab800000,0x00000007af0c0000)
  from space 25856K, 11% used [0x00000007af0c0000,0x00000007af3c34d8,0x00000007b0a00000)
  to   space 25088K, 0% used [0x00000007b1140000,0x00000007b1140000,0x00000007b29c0000)
 ParOldGen       total 185152K, used 154770K [0x0000000702800000, 0x000000070dcd0000, 0x00000007ab800000)
  object space 185152K, 83% used [0x0000000702800000,0x000000070bf249c8,0x000000070dcd0000)
 PSPermGen       total 48192K, used 47280K [0x00000006fd600000, 0x0000000700510000, 0x0000000702800000)
  object space 48192K, 98% used [0x00000006fd600000,0x000000070042c2f0,0x0000000700510000)
}
Event: 1856.849 GC heap before
{Heap before GC invocations=124 (full 30):
 PSYoungGen      total 83968K, used 61197K [0x00000007ab800000, 0x00000007b29c0000, 0x0000000800000000)
  eden space 58112K, 100% used [0x00000007ab800000,0x00000007af0c0000,0x00000007af0c0000)
  from space 25856K, 11% used [0x00000007af0c0000,0x00000007af3c34d8,0x00000007b0a00000)
  to   space 25088K, 0% used [0x00000007b1140000,0x00000007b1140000,0x00000007b29c0000)
 ParOldGen       total 185152K, used 154770K [0x0000000702800000, 0x000000070dcd0000, 0x00000007ab800000)
  object space 185152K, 83% used [0x0000000702800000,0x000000070bf249c8,0x000000070dcd0000)
 PSPermGen       total 48192K, used 47280K [0x00000006fd600000, 0x0000000700510000, 0x0000000702800000)
  object space 48192K, 98% used [0x00000006fd600000,0x000000070042c2f0,0x0000000700510000)
Event: 1856.855 GC heap after
Heap after GC invocations=124 (full 30):
 PSYoungGen      total 89728K, used 17186K [0x00000007ab800000, 0x00000007b2d50000, 0x0000000800000000)
  eden space 64640K, 0% used [0x00000007ab800000,0x00000007ab800000,0x00000007af720000)
  from space 25088K, 68% used [0x00000007b1140000,0x00000007b2208978,0x00000007b29c0000)
  to   space 26752K, 0% used [0x00000007af720000,0x00000007af720000,0x00000007b1140000)
 ParOldGen       total 185152K, used 157419K [0x0000000702800000, 0x000000070dcd0000, 0x00000007ab800000)
  object space 185152K, 85% used [0x0000000702800000,0x000000070c1bae20,0x000000070dcd0000)
 PSPermGen       total 48192K, used 47280K [0x00000006fd600000, 0x0000000700510000, 0x0000000702800000)
  object space 48192K, 98% used [0x00000006fd600000,0x000000070042c2f0,0x0000000700510000)
}
Event: 1857.346 GC heap before
{Heap before GC invocations=125 (full 30):
 PSYoungGen      total 89728K, used 81826K [0x00000007ab800000, 0x00000007b2d50000, 0x0000000800000000)
  eden space 64640K, 100% used [0x00000007ab800000,0x00000007af720000,0x00000007af720000)
  from space 25088K, 68% used [0x00000007b1140000,0x00000007b2208978,0x00000007b29c0000)
  to   space 26752K, 0% used [0x00000007af720000,0x00000007af720000,0x00000007b1140000)
 ParOldGen       total 185152K, used 157419K [0x0000000702800000, 0x000000070dcd0000, 0x00000007ab800000)
  object space 185152K, 85% used [0x0000000702800000,0x000000070c1bae20,0x000000070dcd0000)
 PSPermGen       total 48192K, used 47280K [0x00000006fd600000, 0x0000000700510000, 0x0000000702800000)
  object space 48192K, 98% used [0x00000006fd600000,0x000000070042c2f0,0x0000000700510000)
Event: 1857.349 GC heap after
Heap after GC invocations=125 (full 30):
 PSYoungGen      total 91392K, used 5476K [0x00000007ab800000, 0x00000007b3200000, 0x0000000800000000)
  eden space 64640K, 0% used [0x00000007ab800000,0x00000007ab800000,0x00000007af720000)
  from space 26752K, 20% used [0x00000007af720000,0x00000007afc79348,0x00000007b1140000)
  to   space 25600K, 0% used [0x00000007b1900000,0x00000007b1900000,0x00000007b3200000)
 ParOldGen       total 185152K, used 161824K [0x0000000702800000, 0x000000070dcd0000, 0x00000007ab800000)
  object space 185152K, 87% used [0x0000000702800000,0x000000070c608220,0x000000070dcd0000)
 PSPermGen       total 48192K, used 47280K [0x00000006fd600000, 0x0000000700510000, 0x0000000702800000)
  object space 48192K, 98% used [0x00000006fd600000,0x000000070042c2f0,0x0000000700510000)
}
Event: 1874.198 GC heap before
{Heap before GC invocations=126 (full 30):
 PSYoungGen      total 91392K, used 62431K [0x00000007ab800000, 0x00000007b3200000, 0x0000000800000000)
  eden space 64640K, 88% used [0x00000007ab800000,0x00000007aef9e8f0,0x00000007af720000)
  from space 26752K, 20% used [0x00000007af720000,0x00000007afc79348,0x00000007b1140000)
  to   space 25600K, 0% used [0x00000007b1900000,0x00000007b1900000,0x00000007b3200000)
 ParOldGen       total 185152K, used 161824K [0x0000000702800000, 0x000000070dcd0000, 0x00000007ab800000)
  object space 185152K, 87% used [0x0000000702800000,0x000000070c608220,0x000000070dcd0000)
 PSPermGen       total 48192K, used 47289K [0x00000006fd600000, 0x0000000700510000, 0x0000000702800000)
  object space 48192K, 98% used [0x00000006fd600000,0x000000070042e668,0x0000000700510000)
Event: 1874.201 GC heap after
Heap after GC invocations=126 (full 30):
 PSYoungGen      total 98048K, used 2515K [0x00000007ab800000, 0x00000007b30c0000, 0x0000000800000000)
  eden space 73728K, 0% used [0x00000007ab800000,0x00000007ab800000,0x00000007b0000000)
  from space 24320K, 10% used [0x00000007b1900000,0x00000007b1b74da8,0x00000007b30c0000)
  to   space 24960K, 0% used [0x00000007b0000000,0x00000007b0000000,0x00000007b1860000)
 ParOldGen       total 185152K, used 167096K [0x0000000702800000, 0x000000070dcd0000, 0x00000007ab800000)
  object space 185152K, 90% used [0x0000000702800000,0x000000070cb2e100,0x000000070dcd0000)
 PSPermGen       total 48192K, used 47289K [0x00000006fd600000, 0x0000000700510000, 0x0000000702800000)
  object space 48192K, 98% used [0x00000006fd600000,0x000000070042e668,0x0000000700510000)
}
Event: 1874.201 GC heap before
{Heap before GC invocations=127 (full 31):
 PSYoungGen      total 98048K, used 2515K [0x00000007ab800000, 0x00000007b30c0000, 0x0000000800000000)
  eden space 73728K, 0% used [0x00000007ab800000,0x00000007ab800000,0x00000007b0000000)
  from space 24320K, 10% used [0x00000007b1900000,0x00000007b1b74da8,0x00000007b30c0000)
  to   space 24960K, 0% used [0x00000007b0000000,0x00000007b0000000,0x00000007b1860000)
 ParOldGen       total 185152K, used 167096K [0x0000000702800000, 0x000000070dcd0000, 0x00000007ab800000)
  object space 185152K, 90% used [0x0000000702800000,0x000000070cb2e100,0x000000070dcd0000)
 PSPermGen       total 48192K, used 47289K [0x00000006fd600000, 0x0000000700510000, 0x0000000702800000)
  object space 48192K, 98% used [0x00000006fd600000,0x000000070042e668,0x0000000700510000)
Event: 1874.301 GC heap after
Heap after GC invocations=127 (full 31):
 PSYoungGen      total 98048K, used 0K [0x00000007ab800000, 0x00000007b30c0000, 0x0000000800000000)
  eden space 73728K, 0% used [0x00000007ab800000,0x00000007ab800000,0x00000007b0000000)
  from space 24320K, 0% used [0x00000007b1900000,0x00000007b1900000,0x00000007b30c0000)
  to   space 24960K, 0% used [0x00000007b0000000,0x00000007b0000000,0x00000007b1860000)
 ParOldGen       total 185152K, used 87050K [0x0000000702800000, 0x000000070dcd0000, 0x00000007ab800000)
  object space 185152K, 47% used [0x0000000702800000,0x0000000707d02bc0,0x000000070dcd0000)
 PSPermGen       total 48128K, used 47289K [0x00000006fd600000, 0x0000000700500000, 0x0000000702800000)
  object space 48128K, 98% used [0x00000006fd600000,0x000000070042e568,0x0000000700500000)
}

