# JRE version: 7.0_25-b17
# Java VM: Java HotSpot(TM) 64-Bit Server VM (23.25-b01 mixed mode windows-amd64 compressed oops)
Heap
 PSYoungGen      total 59520K, used 41534K [0x00000007accb0000, 0x00000007b1fc0000, 0x0000000800000000)
  eden space 46784K, 61% used [0x00000007accb0000,0x00000007ae8d4048,0x00000007afa60000)
  from space 12736K, 99% used [0x00000007afb50000,0x00000007b07bba88,0x00000007b07c0000)
  to   space 19136K, 0% used [0x00000007b0d10000,0x00000007b0d10000,0x00000007b1fc0000)
 ParOldGen       total 170368K, used 96395K [0x0000000706600000, 0x0000000710c60000, 0x00000007accb0000)
  object space 170368K, 56% used [0x0000000706600000,0x000000070c422d28,0x0000000710c60000)
 PSPermGen       total 49024K, used 47985K [0x0000000701400000, 0x00000007043e0000, 0x0000000706600000)
  object space 49024K, 97% used [0x0000000701400000,0x00000007042dc4c8,0x00000007043e0000)
GC Heap History (10 events):
Event: 2011.758 GC heap before
{Heap before GC invocations=153 (full 30):
 PSYoungGen      total 64768K, used 56322K [0x00000007accb0000, 0x00000007b1cd0000, 0x0000000800000000)
  eden space 52096K, 100% used [0x00000007accb0000,0x00000007aff90000,0x00000007aff90000)
  from space 12672K, 33% used [0x00000007b1070000,0x00000007b1490b58,0x00000007b1cd0000)
  to   space 14976K, 0% used [0x00000007aff90000,0x00000007aff90000,0x00000007b0e30000)
 ParOldGen       total 170368K, used 72199K [0x0000000706600000, 0x0000000710c60000, 0x00000007accb0000)
  object space 170368K, 42% used [0x0000000706600000,0x000000070ac81e58,0x0000000710c60000)
 PSPermGen       total 49024K, used 47985K [0x0000000701400000, 0x00000007043e0000, 0x0000000706600000)
  object space 49024K, 97% used [0x0000000701400000,0x00000007042dc4a8,0x00000007043e0000)
Event: 2011.761 GC heap after
Heap after GC invocations=153 (full 30):
 PSYoungGen      total 58304K, used 7320K [0x00000007accb0000, 0x00000007b1bf0000, 0x0000000800000000)
  eden space 50944K, 0% used [0x00000007accb0000,0x00000007accb0000,0x00000007afe70000)
  from space 7360K, 99% used [0x00000007aff90000,0x00000007b06b6370,0x00000007b06c0000)
  to   space 15104K, 0% used [0x00000007b0d30000,0x00000007b0d30000,0x00000007b1bf0000)
 ParOldGen       total 170368K, used 75193K [0x0000000706600000, 0x0000000710c60000, 0x00000007accb0000)
  object space 170368K, 44% used [0x0000000706600000,0x000000070af6e510,0x0000000710c60000)
 PSPermGen       total 49024K, used 47985K [0x0000000701400000, 0x00000007043e0000, 0x0000000706600000)
  object space 49024K, 97% used [0x0000000701400000,0x00000007042dc4a8,0x00000007043e0000)
}
Event: 2012.252 GC heap before
{Heap before GC invocations=154 (full 30):
 PSYoungGen      total 58304K, used 58264K [0x00000007accb0000, 0x00000007b1bf0000, 0x0000000800000000)
  eden space 50944K, 100% used [0x00000007accb0000,0x00000007afe70000,0x00000007afe70000)
  from space 7360K, 99% used [0x00000007aff90000,0x00000007b06b6370,0x00000007b06c0000)
  to   space 15104K, 0% used [0x00000007b0d30000,0x00000007b0d30000,0x00000007b1bf0000)
 ParOldGen       total 170368K, used 75193K [0x0000000706600000, 0x0000000710c60000, 0x00000007accb0000)
  object space 170368K, 44% used [0x0000000706600000,0x000000070af6e510,0x0000000710c60000)
 PSPermGen       total 49024K, used 47985K [0x0000000701400000, 0x00000007043e0000, 0x0000000706600000)
  object space 49024K, 97% used [0x0000000701400000,0x00000007042dc4a8,0x00000007043e0000)
Event: 2012.254 GC heap after
Heap after GC invocations=154 (full 30):
 PSYoungGen      total 62208K, used 2935K [0x00000007accb0000, 0x00000007b1940000, 0x0000000800000000)
  eden space 49856K, 0% used [0x00000007accb0000,0x00000007accb0000,0x00000007afd60000)
  from space 12352K, 23% used [0x00000007b0d30000,0x00000007b100dcf8,0x00000007b1940000)
  to   space 14272K, 0% used [0x00000007afd60000,0x00000007afd60000,0x00000007b0b50000)
 ParOldGen       total 170368K, used 80615K [0x0000000706600000, 0x0000000710c60000, 0x00000007accb0000)
  object space 170368K, 47% used [0x0000000706600000,0x000000070b4b9c88,0x0000000710c60000)
 PSPermGen       total 49024K, used 47985K [0x0000000701400000, 0x00000007043e0000, 0x0000000706600000)
  object space 49024K, 97% used [0x0000000701400000,0x00000007042dc4a8,0x00000007043e0000)
}
Event: 2013.739 GC heap before
{Heap before GC invocations=155 (full 30):
 PSYoungGen      total 62208K, used 52791K [0x00000007accb0000, 0x00000007b1940000, 0x0000000800000000)
  eden space 49856K, 100% used [0x00000007accb0000,0x00000007afd60000,0x00000007afd60000)
  from space 12352K, 23% used [0x00000007b0d30000,0x00000007b100dcf8,0x00000007b1940000)
  to   space 14272K, 0% used [0x00000007afd60000,0x00000007afd60000,0x00000007b0b50000)
 ParOldGen       total 170368K, used 80615K [0x0000000706600000, 0x0000000710c60000, 0x00000007accb0000)
  object space 170368K, 47% used [0x0000000706600000,0x000000070b4b9c88,0x0000000710c60000)
 PSPermGen       total 49024K, used 47985K [0x0000000701400000, 0x00000007043e0000, 0x0000000706600000)
  object space 49024K, 97% used [0x0000000701400000,0x00000007042dc4c8,0x00000007043e0000)
Event: 2013.742 GC heap after
Heap after GC invocations=155 (full 30):
 PSYoungGen      total 51520K, used 2724K [0x00000007accb0000, 0x00000007b16d0000, 0x0000000800000000)
  eden space 48768K, 0% used [0x00000007accb0000,0x00000007accb0000,0x00000007afc50000)
  from space 2752K, 99% used [0x00000007afd60000,0x00000007b0009340,0x00000007b0010000)
  to   space 13568K, 0% used [0x00000007b0990000,0x00000007b0990000,0x00000007b16d0000)
 ParOldGen       total 170368K, used 83414K [0x0000000706600000, 0x0000000710c60000, 0x00000007accb0000)
  object space 170368K, 48% used [0x0000000706600000,0x000000070b775980,0x0000000710c60000)
 PSPermGen       total 49024K, used 47985K [0x0000000701400000, 0x00000007043e0000, 0x0000000706600000)
  object space 49024K, 97% used [0x0000000701400000,0x00000007042dc4c8,0x00000007043e0000)
}
Event: 2014.107 GC heap before
{Heap before GC invocations=156 (full 30):
 PSYoungGen      total 51520K, used 51492K [0x00000007accb0000, 0x00000007b16d0000, 0x0000000800000000)
  eden space 48768K, 100% used [0x00000007accb0000,0x00000007afc50000,0x00000007afc50000)
  from space 2752K, 99% used [0x00000007afd60000,0x00000007b0009340,0x00000007b0010000)
  to   space 13568K, 0% used [0x00000007b0990000,0x00000007b0990000,0x00000007b16d0000)
 ParOldGen       total 170368K, used 83414K [0x0000000706600000, 0x0000000710c60000, 0x00000007accb0000)
  object space 170368K, 48% used [0x0000000706600000,0x000000070b775980,0x0000000710c60000)
 PSPermGen       total 49024K, used 47985K [0x0000000701400000, 0x00000007043e0000, 0x0000000706600000)
  object space 49024K, 97% used [0x0000000701400000,0x00000007042dc4c8,0x00000007043e0000)
Event: 2014.110 GC heap after
Heap after GC invocations=156 (full 30):
 PSYoungGen      total 58624K, used 4420K [0x00000007accb0000, 0x00000007b1430000, 0x0000000800000000)
  eden space 47744K, 0% used [0x00000007accb0000,0x00000007accb0000,0x00000007afb50000)
  from space 10880K, 40% used [0x00000007b0990000,0x00000007b0de1358,0x00000007b1430000)
  to   space 12736K, 0% used [0x00000007afb50000,0x00000007afb50000,0x00000007b07c0000)
 ParOldGen       total 170368K, used 85363K [0x0000000706600000, 0x0000000710c60000, 0x00000007accb0000)
  object space 170368K, 50% used [0x0000000706600000,0x000000070b95cc58,0x0000000710c60000)
 PSPermGen       total 49024K, used 47985K [0x0000000701400000, 0x00000007043e0000, 0x0000000706600000)
  object space 49024K, 97% used [0x0000000701400000,0x00000007042dc4c8,0x00000007043e0000)
}
Event: 2014.429 GC heap before
{Heap before GC invocations=157 (full 30):
 PSYoungGen      total 58624K, used 52164K [0x00000007accb0000, 0x00000007b1430000, 0x0000000800000000)
  eden space 47744K, 100% used [0x00000007accb0000,0x00000007afb50000,0x00000007afb50000)
  from space 10880K, 40% used [0x00000007b0990000,0x00000007b0de1358,0x00000007b1430000)
  to   space 12736K, 0% used [0x00000007afb50000,0x00000007afb50000,0x00000007b07c0000)
 ParOldGen       total 170368K, used 85363K [0x0000000706600000, 0x0000000710c60000, 0x00000007accb0000)
  object space 170368K, 50% used [0x0000000706600000,0x000000070b95cc58,0x0000000710c60000)
 PSPermGen       total 49024K, used 47985K [0x0000000701400000, 0x00000007043e0000, 0x0000000706600000)
  object space 49024K, 97% used [0x0000000701400000,0x00000007042dc4c8,0x00000007043e0000)
Event: 2014.435 GC heap after
Heap after GC invocations=157 (full 30):
 PSYoungGen      total 59520K, used 12718K [0x00000007accb0000, 0x00000007b1fc0000, 0x0000000800000000)
  eden space 46784K, 0% used [0x00000007accb0000,0x00000007accb0000,0x00000007afa60000)
  from space 12736K, 99% used [0x00000007afb50000,0x00000007b07bba88,0x00000007b07c0000)
  to   space 19136K, 0% used [0x00000007b0d10000,0x00000007b0d10000,0x00000007b1fc0000)
 ParOldGen       total 170368K, used 96395K [0x0000000706600000, 0x0000000710c60000, 0x00000007accb0000)
  object space 170368K, 56% used [0x0000000706600000,0x000000070c422d28,0x0000000710c60000)
 PSPermGen       total 49024K, used 47985K [0x0000000701400000, 0x00000007043e0000, 0x0000000706600000)
  object space 49024K, 97% used [0x0000000701400000,0x00000007042dc4c8,0x00000007043e0000)
}

