# JRE version: 7.0_25-b17
# Java VM: Java HotSpot(TM) 64-Bit Server VM (23.25-b01 mixed mode windows-amd64 compressed oops)
Heap
 PSYoungGen      total 80896K, used 160K [0x00000007ab800000, 0x00000007b11e0000, 0x0000000800000000)
  eden space 70912K, 0% used [0x00000007ab800000,0x00000007ab8280f0,0x00000007afd40000)
  from space 9984K, 0% used [0x00000007b0820000,0x00000007b0820000,0x00000007b11e0000)
  to   space 10560K, 0% used [0x00000007afd40000,0x00000007afd40000,0x00000007b0790000)
 ParOldGen       total 181568K, used 84103K [0x0000000702800000, 0x000000070d950000, 0x00000007ab800000)
  object space 181568K, 46% used [0x0000000702800000,0x0000000707a21f28,0x000000070d950000)
 PSPermGen       total 48576K, used 47574K [0x00000006fd600000, 0x0000000700570000, 0x0000000702800000)
  object space 48576K, 97% used [0x00000006fd600000,0x0000000700475b50,0x0000000700570000)
GC Heap History (10 events):
Event: 1718.973 GC heap before
{Heap before GC invocations=99 (full 29):
 PSYoungGen      total 81984K, used 416K [0x00000007ab800000, 0x00000007b1400000, 0x0000000800000000)
  eden space 70912K, 0% used [0x00000007ab800000,0x00000007ab800000,0x00000007afd40000)
  from space 11072K, 3% used [0x00000007b0930000,0x00000007b0998000,0x00000007b1400000)
  to   space 11648K, 0% used [0x00000007afd40000,0x00000007afd40000,0x00000007b08a0000)
 ParOldGen       total 181568K, used 84162K [0x0000000702800000, 0x000000070d950000, 0x00000007ab800000)
  object space 181568K, 46% used [0x0000000702800000,0x0000000707a30858,0x000000070d950000)
 PSPermGen       total 49024K, used 47574K [0x00000006fd600000, 0x00000007005e0000, 0x0000000702800000)
  object space 49024K, 97% used [0x00000006fd600000,0x0000000700475b50,0x00000007005e0000)
Event: 1719.109 GC heap after
Heap after GC invocations=99 (full 29):
 PSYoungGen      total 81984K, used 0K [0x00000007ab800000, 0x00000007b1400000, 0x0000000800000000)
  eden space 70912K, 0% used [0x00000007ab800000,0x00000007ab800000,0x00000007afd40000)
  from space 11072K, 0% used [0x00000007b0930000,0x00000007b0930000,0x00000007b1400000)
  to   space 11648K, 0% used [0x00000007afd40000,0x00000007afd40000,0x00000007b08a0000)
 ParOldGen       total 181568K, used 84104K [0x0000000702800000, 0x000000070d950000, 0x00000007ab800000)
  object space 181568K, 46% used [0x0000000702800000,0x0000000707a223c8,0x000000070d950000)
 PSPermGen       total 48832K, used 47574K [0x00000006fd600000, 0x00000007005b0000, 0x0000000702800000)
  object space 48832K, 97% used [0x00000006fd600000,0x0000000700475b50,0x00000007005b0000)
}
Event: 1778.985 GC heap before
{Heap before GC invocations=100 (full 29):
 PSYoungGen      total 81984K, used 1334K [0x00000007ab800000, 0x00000007b1400000, 0x0000000800000000)
  eden space 70912K, 1% used [0x00000007ab800000,0x00000007ab94d980,0x00000007afd40000)
  from space 11072K, 0% used [0x00000007b0930000,0x00000007b0930000,0x00000007b1400000)
  to   space 11648K, 0% used [0x00000007afd40000,0x00000007afd40000,0x00000007b08a0000)
 ParOldGen       total 181568K, used 84104K [0x0000000702800000, 0x000000070d950000, 0x00000007ab800000)
  object space 181568K, 46% used [0x0000000702800000,0x0000000707a223c8,0x000000070d950000)
 PSPermGen       total 48832K, used 47574K [0x00000006fd600000, 0x00000007005b0000, 0x0000000702800000)
  object space 48832K, 97% used [0x00000006fd600000,0x0000000700475b50,0x00000007005b0000)
Event: 1778.987 GC heap after
Heap after GC invocations=100 (full 29):
 PSYoungGen      total 71040K, used 96K [0x00000007ab800000, 0x00000007b1300000, 0x0000000800000000)
  eden space 70912K, 0% used [0x00000007ab800000,0x00000007ab800000,0x00000007afd40000)
  from space 128K, 75% used [0x00000007afd40000,0x00000007afd58000,0x00000007afd60000)
  to   space 11136K, 0% used [0x00000007b0820000,0x00000007b0820000,0x00000007b1300000)
 ParOldGen       total 181568K, used 84104K [0x0000000702800000, 0x000000070d950000, 0x00000007ab800000)
  object space 181568K, 46% used [0x0000000702800000,0x0000000707a223c8,0x000000070d950000)
 PSPermGen       total 48832K, used 47574K [0x00000006fd600000, 0x00000007005b0000, 0x0000000702800000)
  object space 48832K, 97% used [0x00000006fd600000,0x0000000700475b50,0x00000007005b0000)
}
Event: 1778.987 GC heap before
{Heap before GC invocations=101 (full 30):
 PSYoungGen      total 71040K, used 96K [0x00000007ab800000, 0x00000007b1300000, 0x0000000800000000)
  eden space 70912K, 0% used [0x00000007ab800000,0x00000007ab800000,0x00000007afd40000)
  from space 128K, 75% used [0x00000007afd40000,0x00000007afd58000,0x00000007afd60000)
  to   space 11136K, 0% used [0x00000007b0820000,0x00000007b0820000,0x00000007b1300000)
 ParOldGen       total 181568K, used 84104K [0x0000000702800000, 0x000000070d950000, 0x00000007ab800000)
  object space 181568K, 46% used [0x0000000702800000,0x0000000707a223c8,0x000000070d950000)
 PSPermGen       total 48832K, used 47574K [0x00000006fd600000, 0x00000007005b0000, 0x0000000702800000)
  object space 48832K, 97% used [0x00000006fd600000,0x0000000700475b50,0x00000007005b0000)
Event: 1779.048 GC heap after
Heap after GC invocations=101 (full 30):
 PSYoungGen      total 71040K, used 0K [0x00000007ab800000, 0x00000007b1300000, 0x0000000800000000)
  eden space 70912K, 0% used [0x00000007ab800000,0x00000007ab800000,0x00000007afd40000)
  from space 128K, 0% used [0x00000007afd40000,0x00000007afd40000,0x00000007afd60000)
  to   space 11136K, 0% used [0x00000007b0820000,0x00000007b0820000,0x00000007b1300000)
 ParOldGen       total 181568K, used 84104K [0x0000000702800000, 0x000000070d950000, 0x00000007ab800000)
  object space 181568K, 46% used [0x0000000702800000,0x0000000707a223c8,0x000000070d950000)
 PSPermGen       total 48704K, used 47574K [0x00000006fd600000, 0x0000000700590000, 0x0000000702800000)
  object space 48704K, 97% used [0x00000006fd600000,0x0000000700475b50,0x0000000700590000)
}
Event: 1839.000 GC heap before
{Heap before GC invocations=102 (full 30):
 PSYoungGen      total 71040K, used 2746K [0x00000007ab800000, 0x00000007b1300000, 0x0000000800000000)
  eden space 70912K, 3% used [0x00000007ab800000,0x00000007abaaeaa8,0x00000007afd40000)
  from space 128K, 0% used [0x00000007afd40000,0x00000007afd40000,0x00000007afd60000)
  to   space 11136K, 0% used [0x00000007b0820000,0x00000007b0820000,0x00000007b1300000)
 ParOldGen       total 181568K, used 84104K [0x0000000702800000, 0x000000070d950000, 0x00000007ab800000)
  object space 181568K, 46% used [0x0000000702800000,0x0000000707a223c8,0x000000070d950000)
 PSPermGen       total 48704K, used 47574K [0x00000006fd600000, 0x0000000700590000, 0x0000000702800000)
  object space 48704K, 97% used [0x00000006fd600000,0x0000000700475b50,0x0000000700590000)
Event: 1839.002 GC heap after
Heap after GC invocations=102 (full 30):
 PSYoungGen      total 80896K, used 64K [0x00000007ab800000, 0x00000007b11e0000, 0x0000000800000000)
  eden space 70912K, 0% used [0x00000007ab800000,0x00000007ab800000,0x00000007afd40000)
  from space 9984K, 0% used [0x00000007b0820000,0x00000007b0830000,0x00000007b11e0000)
  to   space 10560K, 0% used [0x00000007afd40000,0x00000007afd40000,0x00000007b0790000)
 ParOldGen       total 181568K, used 84104K [0x0000000702800000, 0x000000070d950000, 0x00000007ab800000)
  object space 181568K, 46% used [0x0000000702800000,0x0000000707a223c8,0x000000070d950000)
 PSPermGen       total 48704K, used 47574K [0x00000006fd600000, 0x0000000700590000, 0x0000000702800000)
  object space 48704K, 97% used [0x00000006fd600000,0x0000000700475b50,0x0000000700590000)
}
Event: 1839.002 GC heap before
{Heap before GC invocations=103 (full 31):
 PSYoungGen      total 80896K, used 64K [0x00000007ab800000, 0x00000007b11e0000, 0x0000000800000000)
  eden space 70912K, 0% used [0x00000007ab800000,0x00000007ab800000,0x00000007afd40000)
  from space 9984K, 0% used [0x00000007b0820000,0x00000007b0830000,0x00000007b11e0000)
  to   space 10560K, 0% used [0x00000007afd40000,0x00000007afd40000,0x00000007b0790000)
 ParOldGen       total 181568K, used 84104K [0x0000000702800000, 0x000000070d950000, 0x00000007ab800000)
  object space 181568K, 46% used [0x0000000702800000,0x0000000707a223c8,0x000000070d950000)
 PSPermGen       total 48704K, used 47574K [0x00000006fd600000, 0x0000000700590000, 0x0000000702800000)
  object space 48704K, 97% used [0x00000006fd600000,0x0000000700475b50,0x0000000700590000)
Event: 1839.059 GC heap after
Heap after GC invocations=103 (full 31):
 PSYoungGen      total 80896K, used 0K [0x00000007ab800000, 0x00000007b11e0000, 0x0000000800000000)
  eden space 70912K, 0% used [0x00000007ab800000,0x00000007ab800000,0x00000007afd40000)
  from space 9984K, 0% used [0x00000007b0820000,0x00000007b0820000,0x00000007b11e0000)
  to   space 10560K, 0% used [0x00000007afd40000,0x00000007afd40000,0x00000007b0790000)
 ParOldGen       total 181568K, used 84103K [0x0000000702800000, 0x000000070d950000, 0x00000007ab800000)
  object space 181568K, 46% used [0x0000000702800000,0x0000000707a21f28,0x000000070d950000)
 PSPermGen       total 48576K, used 47574K [0x00000006fd600000, 0x0000000700570000, 0x0000000702800000)
  object space 48576K, 97% used [0x00000006fd600000,0x0000000700475b50,0x0000000700570000)
}

